[Sat Aug 12 20:35:46 2023 UTC] new advisory (001) for ep072023 detected
[Sat Aug 12 20:35:47 2023 UTC] new best track for ep072023 detected
[Sat Aug 12 20:35:47 2023 UTC] new RSS (index.xml) detected
[Sun Aug 13 02:32:50 2023 UTC] new advisory (002) for ep072023 detected
[Sun Aug 13 02:32:50 2023 UTC] new best track for ep072023 detected
[Sun Aug 13 02:32:50 2023 UTC] new RSS (index.xml) detected
[Sun Aug 13 08:40:54 2023 UTC] new advisory (003) for ep072023 detected
[Sun Aug 13 08:40:55 2023 UTC] new best track for ep072023 detected
[Sun Aug 13 08:40:55 2023 UTC] new RSS (index.xml) detected
[Sun Aug 13 14:44:10 2023 UTC] new advisory (004) for ep072023 detected
[Sun Aug 13 14:44:11 2023 UTC] new best track for ep072023 detected
[Sun Aug 13 14:44:11 2023 UTC] new RSS (index.xml) detected
[Sun Aug 13 20:39:04 2023 UTC] new advisory (005) for ep072023 detected
[Sun Aug 13 20:39:05 2023 UTC] new best track for ep072023 detected
[Sun Aug 13 20:39:05 2023 UTC] new RSS (index.xml) detected
[Mon Aug 14 02:45:26 2023 UTC] new advisory (006) for ep072023 detected
[Mon Aug 14 02:45:26 2023 UTC] new best track for ep072023 detected
[Mon Aug 14 02:45:26 2023 UTC] new RSS (index.xml) detected
[Mon Aug 14 08:47:27 2023 UTC] new advisory (007) for ep072023 detected
[Mon Aug 14 08:47:27 2023 UTC] new best track for ep072023 detected
[Mon Aug 14 08:47:27 2023 UTC] new RSS (index.xml) detected
[Mon Aug 14 14:40:54 2023 UTC] new advisory (008) for ep072023 detected
[Mon Aug 14 14:40:54 2023 UTC] new best track for ep072023 detected
[Mon Aug 14 14:40:54 2023 UTC] new RSS (index.xml) detected
[Mon Aug 14 20:37:12 2023 UTC] new advisory (009) for ep072023 detected
[Mon Aug 14 20:37:13 2023 UTC] new best track for ep072023 detected
[Mon Aug 14 20:37:13 2023 UTC] new RSS (index.xml) detected
[Tue Aug 15 02:34:14 2023 UTC] new advisory (010) for ep072023 detected
[Tue Aug 15 02:34:14 2023 UTC] new best track for ep072023 detected
[Tue Aug 15 02:34:15 2023 UTC] new RSS (index.xml) detected
[Tue Aug 15 08:37:36 2023 UTC] new advisory (011) for ep072023 detected
[Tue Aug 15 08:37:36 2023 UTC] new best track for ep072023 detected
[Tue Aug 15 08:37:36 2023 UTC] new RSS (index.xml) detected
[Tue Aug 15 14:41:40 2023 UTC] new advisory (012) for ep072023 detected
[Tue Aug 15 14:41:40 2023 UTC] new best track for ep072023 detected
[Tue Aug 15 14:41:41 2023 UTC] new RSS (index.xml) detected
[Tue Aug 15 20:44:09 2023 UTC] new advisory (013) for ep072023 detected
[Tue Aug 15 20:44:09 2023 UTC] new best track for ep072023 detected
[Tue Aug 15 20:44:10 2023 UTC] new RSS (index.xml) detected
