[Sun Jul 27 08:35:32 2025 UTC] new advisory (001) for cp012025 detected
[Sun Jul 27 09:01:06 2025 UTC] new best track for cp012025 detected
[Sun Jul 27 09:01:06 2025 UTC] new RSS (index.xml) detected
[Sun Jul 27 14:50:33 2025 UTC] new advisory (002) for cp012025 detected
[Sun Jul 27 14:50:33 2025 UTC] new best track for cp012025 detected
[Sun Jul 27 14:50:33 2025 UTC] new RSS (index.xml) detected
[Sun Jul 27 20:51:27 2025 UTC] new advisory (003) for cp012025 detected
[Sun Jul 27 20:51:27 2025 UTC] new best track for cp012025 detected
[Sun Jul 27 20:51:27 2025 UTC] new RSS (index.xml) detected
[Mon Jul 28 02:35:31 2025 UTC] new advisory (004) for cp012025 detected
[Mon Jul 28 02:35:31 2025 UTC] new best track for cp012025 detected
[Mon Jul 28 02:35:31 2025 UTC] new RSS (index.xml) detected
[Mon Jul 28 09:06:24 2025 UTC] new advisory (005) for cp012025 detected
[Mon Jul 28 09:06:24 2025 UTC] new best track for cp012025 detected
[Mon Jul 28 09:06:24 2025 UTC] new RSS (index.xml) detected
[Mon Jul 28 14:50:23 2025 UTC] new advisory (006) for cp012025 detected
[Mon Jul 28 14:50:23 2025 UTC] new best track for cp012025 detected
[Mon Jul 28 14:50:23 2025 UTC] new RSS (index.xml) detected
[Mon Jul 28 20:51:12 2025 UTC] new advisory (007) for cp012025 detected
[Mon Jul 28 20:51:12 2025 UTC] new best track for cp012025 detected
[Mon Jul 28 20:51:12 2025 UTC] new RSS (index.xml) detected
