[Mon Aug 14 02:45:25 2023 UTC] new advisory (001) for ep082023 detected
[Mon Aug 14 02:45:26 2023 UTC] new best track for ep082023 detected
[Mon Aug 14 02:45:26 2023 UTC] new RSS (index.xml) detected
[Mon Aug 14 08:57:53 2023 UTC] new advisory (002) for ep082023 detected
[Mon Aug 14 08:57:53 2023 UTC] new best track for ep082023 detected
[Mon Aug 14 08:57:53 2023 UTC] new RSS (index.xml) detected
[Mon Aug 14 14:34:37 2023 UTC] new advisory (003) for ep082023 detected
[Mon Aug 14 14:34:37 2023 UTC] new best track for ep082023 detected
[Mon Aug 14 14:34:37 2023 UTC] new RSS (index.xml) detected
[Mon Aug 14 20:35:07 2023 UTC] new advisory (004) for ep082023 detected
[Mon Aug 14 20:35:07 2023 UTC] new best track for ep082023 detected
[Mon Aug 14 20:35:07 2023 UTC] new RSS (index.xml) detected
[Tue Aug 15 02:38:31 2023 UTC] new advisory (005) for ep082023 detected
[Tue Aug 15 02:38:32 2023 UTC] new best track for ep082023 detected
[Tue Aug 15 02:38:32 2023 UTC] new RSS (index.xml) detected
[Tue Aug 15 08:55:27 2023 UTC] new advisory (006) for ep082023 detected
[Tue Aug 15 08:55:27 2023 UTC] new best track for ep082023 detected
[Tue Aug 15 08:55:27 2023 UTC] new RSS (index.xml) detected
[Tue Aug 15 14:48:15 2023 UTC] new advisory (007) for ep082023 detected
[Tue Aug 15 14:48:15 2023 UTC] new best track for ep082023 detected
[Tue Aug 15 14:48:16 2023 UTC] new RSS (index.xml) detected
[Tue Aug 15 20:44:11 2023 UTC] new advisory (008) for ep082023 detected
[Tue Aug 15 20:44:11 2023 UTC] new best track for ep082023 detected
[Tue Aug 15 20:44:12 2023 UTC] new RSS (index.xml) detected
[Wed Aug 16 02:43:56 2023 UTC] new advisory (009) for ep082023 detected
[Wed Aug 16 02:43:56 2023 UTC] new best track for ep082023 detected
[Wed Aug 16 02:43:57 2023 UTC] new RSS (index.xml) detected
[Wed Aug 16 08:35:22 2023 UTC] new advisory (010) for ep082023 detected
[Wed Aug 16 08:35:22 2023 UTC] new best track for ep082023 detected
[Wed Aug 16 08:35:22 2023 UTC] new RSS (index.xml) detected
[Wed Aug 16 14:33:48 2023 UTC] new advisory (011) for ep082023 detected
[Wed Aug 16 14:33:48 2023 UTC] new best track for ep082023 detected
[Wed Aug 16 14:33:49 2023 UTC] new RSS (index.xml) detected
[Wed Aug 16 20:40:33 2023 UTC] new advisory (012) for ep082023 detected
[Wed Aug 16 20:40:33 2023 UTC] new best track for ep082023 detected
[Wed Aug 16 20:40:33 2023 UTC] new RSS (index.xml) detected
[Thu Aug 17 02:39:34 2023 UTC] new advisory (013) for ep082023 detected
[Thu Aug 17 02:39:35 2023 UTC] new best track for ep082023 detected
[Thu Aug 17 02:39:35 2023 UTC] new RSS (index.xml) detected
[Thu Aug 17 08:32:19 2023 UTC] new advisory (014) for ep082023 detected
[Thu Aug 17 08:32:19 2023 UTC] new best track for ep082023 detected
[Thu Aug 17 08:32:20 2023 UTC] new RSS (index.xml) detected
[Thu Aug 17 14:38:07 2023 UTC] new advisory (015) for ep082023 detected
[Thu Aug 17 14:38:08 2023 UTC] new best track for ep082023 detected
[Thu Aug 17 14:38:09 2023 UTC] new RSS (index.xml) detected
[Thu Aug 17 20:40:22 2023 UTC] new advisory (016) for ep082023 detected
[Thu Aug 17 20:40:22 2023 UTC] new best track for ep082023 detected
[Thu Aug 17 20:40:23 2023 UTC] new RSS (index.xml) detected
[Fri Aug 18 02:39:06 2023 UTC] new advisory (017) for ep082023 detected
[Fri Aug 18 02:39:06 2023 UTC] new best track for ep082023 detected
[Fri Aug 18 02:39:07 2023 UTC] new RSS (index.xml) detected
