[Fri Oct 18 20:40:04 2024 UTC] new advisory (001) for al152024 detected
[Fri Oct 18 21:01:32 2024 UTC] new best track for al152024 detected
[Fri Oct 18 21:01:32 2024 UTC] new RSS (index.xml) detected
[Fri Oct 18 23:46:57 2024 UTC] new advisory (001A) for al152024 detected
[Fri Oct 18 23:46:58 2024 UTC] new best track for al152024 detected
[Fri Oct 18 23:46:58 2024 UTC] new RSS (index.xml) detected
[Sat Oct 19 02:38:25 2024 UTC] new advisory (002) for al152024 detected
[Sat Oct 19 02:38:26 2024 UTC] new best track for al152024 detected
[Sat Oct 19 02:38:26 2024 UTC] new RSS (index.xml) detected
[Sat Oct 19 05:39:01 2024 UTC] new advisory (002A) for al152024 detected
[Sat Oct 19 05:39:01 2024 UTC] new best track for al152024 detected
[Sat Oct 19 05:39:01 2024 UTC] new RSS (index.xml) detected
[Sat Oct 19 08:43:51 2024 UTC] new advisory (003) for al152024 detected
[Sat Oct 19 08:43:52 2024 UTC] new best track for al152024 detected
[Sat Oct 19 08:43:52 2024 UTC] new RSS (index.xml) detected
[Sat Oct 19 11:54:59 2024 UTC] new advisory (003A) for al152024 detected
[Sat Oct 19 11:54:59 2024 UTC] new best track for al152024 detected
[Sat Oct 19 11:54:59 2024 UTC] new RSS (index.xml) detected
[Sat Oct 19 14:58:43 2024 UTC] new advisory (004) for al152024 detected
[Sat Oct 19 14:58:43 2024 UTC] new best track for al152024 detected
[Sat Oct 19 14:58:43 2024 UTC] new RSS (index.xml) detected
