[Tue Sep  2 02:45:16 2025 UTC] new advisory (001) for ep122025 detected
[Tue Sep  2 03:01:39 2025 UTC] new best track for ep122025 detected
[Tue Sep  2 03:01:39 2025 UTC] new RSS (index.xml) detected
[Tue Sep  2 08:51:25 2025 UTC] new advisory (002) for ep122025 detected
[Tue Sep  2 08:51:25 2025 UTC] new best track for ep122025 detected
[Tue Sep  2 08:51:25 2025 UTC] new RSS (index.xml) detected
[Tue Sep  2 14:58:38 2025 UTC] new advisory (003) for ep122025 detected
[Tue Sep  2 14:58:39 2025 UTC] new best track for ep122025 detected
[Tue Sep  2 14:58:39 2025 UTC] new RSS (index.xml) detected
[Tue Sep  2 21:03:05 2025 UTC] new advisory (004) for ep122025 detected
[Tue Sep  2 21:03:05 2025 UTC] new best track for ep122025 detected
[Tue Sep  2 21:03:05 2025 UTC] new RSS (index.xml) detected
[Tue Sep  2 23:43:49 2025 UTC] new advisory (004a) for ep122025 detected
[Tue Sep  2 23:43:49 2025 UTC] new best track for ep122025 detected
[Tue Sep  2 23:43:49 2025 UTC] new RSS (index.xml) detected
[Wed Sep  3 02:44:28 2025 UTC] new advisory (005) for ep122025 detected
[Wed Sep  3 02:44:28 2025 UTC] new best track for ep122025 detected
[Wed Sep  3 02:44:28 2025 UTC] new RSS (index.xml) detected
[Wed Sep  3 05:33:22 2025 UTC] new advisory (005a) for ep122025 detected
[Wed Sep  3 05:33:22 2025 UTC] new best track for ep122025 detected
[Wed Sep  3 05:33:22 2025 UTC] new RSS (index.xml) detected
[Wed Sep  3 08:55:05 2025 UTC] new advisory (006) for ep122025 detected
[Wed Sep  3 08:55:05 2025 UTC] new best track for ep122025 detected
[Wed Sep  3 08:55:05 2025 UTC] new RSS (index.xml) detected
[Wed Sep  3 11:57:14 2025 UTC] new advisory (006a) for ep122025 detected
[Wed Sep  3 11:57:14 2025 UTC] new best track for ep122025 detected
[Wed Sep  3 11:57:14 2025 UTC] new RSS (index.xml) detected
