[Sun Sep  5 07:26:00 2021 UTC] new advisory (018) for al122021 detected
[Sun Sep  5 07:26:00 2021 UTC] new best track for al122021 detected
[Sun Sep  5 07:26:00 2021 UTC] new RSS (index.xml) detected
[Sun Sep  5 08:54:02 2021 UTC] new advisory (019) for al122021 detected
[Sun Sep  5 08:54:02 2021 UTC] new best track for al122021 detected
[Sun Sep  5 08:54:03 2021 UTC] new RSS (index.xml) detected
[Sun Sep  5 14:46:23 2021 UTC] new advisory (020) for al122021 detected
[Sun Sep  5 14:46:23 2021 UTC] new best track for al122021 detected
[Sun Sep  5 14:46:23 2021 UTC] new RSS (index.xml) detected
[Sun Sep  5 20:51:45 2021 UTC] new advisory (021) for al122021 detected
[Sun Sep  5 20:51:46 2021 UTC] new best track for al122021 detected
[Sun Sep  5 20:51:46 2021 UTC] new RSS (index.xml) detected
[Mon Sep  6 02:51:16 2021 UTC] new advisory (022) for al122021 detected
[Mon Sep  6 02:51:16 2021 UTC] new best track for al122021 detected
[Mon Sep  6 02:51:16 2021 UTC] new RSS (index.xml) detected
[Mon Sep  6 08:52:30 2021 UTC] new advisory (023) for al122021 detected
[Mon Sep  6 08:52:30 2021 UTC] new best track for al122021 detected
[Mon Sep  6 08:52:30 2021 UTC] new RSS (index.xml) detected
[Mon Sep  6 14:57:07 2021 UTC] new advisory (024) for al122021 detected
[Mon Sep  6 14:57:07 2021 UTC] new best track for al122021 detected
[Mon Sep  6 14:57:08 2021 UTC] new RSS (index.xml) detected
[Mon Sep  6 20:49:14 2021 UTC] new advisory (025) for al122021 detected
[Mon Sep  6 20:49:15 2021 UTC] new best track for al122021 detected
[Mon Sep  6 20:49:15 2021 UTC] new RSS (index.xml) detected
[Tue Sep  7 02:51:42 2021 UTC] new advisory (026) for al122021 detected
[Tue Sep  7 02:51:42 2021 UTC] new best track for al122021 detected
[Tue Sep  7 02:51:43 2021 UTC] new RSS (index.xml) detected
[Tue Sep  7 15:55:29 2021 UTC] new advisory (028) for al122021 detected
[Tue Sep  7 15:55:29 2021 UTC] new best track for al122021 detected
[Tue Sep  7 15:55:29 2021 UTC] new RSS (index.xml) detected
[Tue Sep  7 17:52:08 2021 UTC] new advisory (028A) for al122021 detected
[Tue Sep  7 17:52:08 2021 UTC] new best track for al122021 detected
[Tue Sep  7 17:52:08 2021 UTC] new RSS (index.xml) detected
[Tue Sep  7 20:56:58 2021 UTC] new advisory (029) for al122021 detected
[Tue Sep  7 20:56:58 2021 UTC] new best track for al122021 detected
[Tue Sep  7 20:56:58 2021 UTC] new RSS (index.xml) detected
[Tue Sep  7 23:58:03 2021 UTC] new advisory (029A) for al122021 detected
[Tue Sep  7 23:58:04 2021 UTC] new best track for al122021 detected
[Tue Sep  7 23:58:04 2021 UTC] new RSS (index.xml) detected
[Wed Sep  8 02:49:22 2021 UTC] new advisory (030) for al122021 detected
[Wed Sep  8 02:49:22 2021 UTC] new best track for al122021 detected
[Wed Sep  8 02:49:22 2021 UTC] new RSS (index.xml) detected
[Wed Sep  8 05:49:38 2021 UTC] new advisory (030A) for al122021 detected
[Wed Sep  8 05:49:39 2021 UTC] new best track for al122021 detected
[Wed Sep  8 05:49:39 2021 UTC] new RSS (index.xml) detected
[Wed Sep  8 08:50:46 2021 UTC] new advisory (031) for al122021 detected
[Wed Sep  8 08:50:46 2021 UTC] new best track for al122021 detected
[Wed Sep  8 08:50:46 2021 UTC] new RSS (index.xml) detected
[Wed Sep  8 12:00:00 2021 UTC] new advisory (031A) for al122021 detected
[Wed Sep  8 12:00:01 2021 UTC] new best track for al122021 detected
[Wed Sep  8 12:00:01 2021 UTC] new RSS (index.xml) detected
[Wed Sep  8 14:55:56 2021 UTC] new advisory (032) for al122021 detected
[Wed Sep  8 14:55:56 2021 UTC] new best track for al122021 detected
[Wed Sep  8 14:55:56 2021 UTC] new RSS (index.xml) detected
[Wed Sep  8 17:46:53 2021 UTC] new advisory (032A) for al122021 detected
[Wed Sep  8 17:46:54 2021 UTC] new best track for al122021 detected
[Wed Sep  8 17:46:54 2021 UTC] new RSS (index.xml) detected
[Wed Sep  8 20:47:06 2021 UTC] new advisory (033) for al122021 detected
[Wed Sep  8 20:47:06 2021 UTC] new best track for al122021 detected
[Wed Sep  8 20:47:06 2021 UTC] new RSS (index.xml) detected
[Wed Sep  8 23:59:13 2021 UTC] new advisory (033A) for al122021 detected
[Wed Sep  8 23:59:13 2021 UTC] new best track for al122021 detected
[Wed Sep  8 23:59:13 2021 UTC] new RSS (index.xml) detected
[Thu Sep  9 02:56:06 2021 UTC] new advisory (034) for al122021 detected
[Thu Sep  9 02:56:07 2021 UTC] new best track for al122021 detected
[Thu Sep  9 02:56:07 2021 UTC] new RSS (index.xml) detected
[Thu Sep  9 06:06:45 2021 UTC] new advisory (034A) for al122021 detected
[Thu Sep  9 06:06:46 2021 UTC] new best track for al122021 detected
[Thu Sep  9 06:06:46 2021 UTC] new RSS (index.xml) detected
[Thu Sep  9 08:50:36 2021 UTC] new advisory (035) for al122021 detected
[Thu Sep  9 08:50:37 2021 UTC] new best track for al122021 detected
[Thu Sep  9 08:50:37 2021 UTC] new RSS (index.xml) detected
[Thu Sep  9 11:59:54 2021 UTC] new advisory (035A) for al122021 detected
[Thu Sep  9 11:59:54 2021 UTC] new best track for al122021 detected
[Thu Sep  9 11:59:54 2021 UTC] new RSS (index.xml) detected
[Thu Sep  9 14:55:48 2021 UTC] new advisory (036) for al122021 detected
[Thu Sep  9 14:55:48 2021 UTC] new best track for al122021 detected
[Thu Sep  9 14:55:48 2021 UTC] new RSS (index.xml) detected
[Thu Sep  9 18:05:53 2021 UTC] new advisory (036A) for al122021 detected
[Thu Sep  9 18:05:53 2021 UTC] new best track for al122021 detected
[Thu Sep  9 18:05:54 2021 UTC] new RSS (index.xml) detected
[Thu Sep  9 21:02:53 2021 UTC] new advisory (037) for al122021 detected
[Thu Sep  9 21:02:54 2021 UTC] new best track for al122021 detected
[Thu Sep  9 21:02:54 2021 UTC] new RSS (index.xml) detected
[Thu Sep  9 23:55:58 2021 UTC] new advisory (037A) for al122021 detected
[Thu Sep  9 23:55:58 2021 UTC] new best track for al122021 detected
[Thu Sep  9 23:55:58 2021 UTC] new RSS (index.xml) detected
[Fri Sep 10 02:45:52 2021 UTC] new advisory (038) for al122021 detected
[Fri Sep 10 02:45:52 2021 UTC] new best track for al122021 detected
[Fri Sep 10 02:45:52 2021 UTC] new RSS (index.xml) detected
[Fri Sep 10 05:53:58 2021 UTC] new advisory (038A) for al122021 detected
[Fri Sep 10 05:53:58 2021 UTC] new best track for al122021 detected
[Fri Sep 10 05:53:58 2021 UTC] new RSS (index.xml) detected
[Fri Sep 10 08:52:00 2021 UTC] new advisory (039) for al122021 detected
[Fri Sep 10 08:52:00 2021 UTC] new best track for al122021 detected
[Fri Sep 10 08:52:00 2021 UTC] new RSS (index.xml) detected
[Fri Sep 10 11:53:04 2021 UTC] new advisory (039A) for al122021 detected
[Fri Sep 10 11:53:04 2021 UTC] new best track for al122021 detected
[Fri Sep 10 11:53:04 2021 UTC] new RSS (index.xml) detected
[Fri Sep 10 14:49:09 2021 UTC] new advisory (040) for al122021 detected
[Fri Sep 10 14:49:09 2021 UTC] new best track for al122021 detected
[Fri Sep 10 14:49:09 2021 UTC] new RSS (index.xml) detected
[Fri Sep 10 17:56:27 2021 UTC] new advisory (040A) for al122021 detected
[Fri Sep 10 17:56:27 2021 UTC] new best track for al122021 detected
[Fri Sep 10 17:56:27 2021 UTC] new RSS (index.xml) detected
[Fri Sep 10 20:46:31 2021 UTC] new advisory (041) for al122021 detected
[Fri Sep 10 20:46:31 2021 UTC] new best track for al122021 detected
[Fri Sep 10 20:46:31 2021 UTC] new RSS (index.xml) detected
[Fri Sep 10 23:44:36 2021 UTC] new advisory (041A) for al122021 detected
[Fri Sep 10 23:44:37 2021 UTC] new best track for al122021 detected
[Fri Sep 10 23:44:37 2021 UTC] new RSS (index.xml) detected
[Sat Sep 11 02:53:45 2021 UTC] new advisory (042) for al122021 detected
[Sat Sep 11 02:53:46 2021 UTC] new best track for al122021 detected
[Sat Sep 11 02:53:46 2021 UTC] new RSS (index.xml) detected
[Sat Sep 11 05:47:09 2021 UTC] new advisory (042A) for al122021 detected
[Sat Sep 11 05:47:09 2021 UTC] new best track for al122021 detected
[Sat Sep 11 05:47:09 2021 UTC] new RSS (index.xml) detected
[Sat Sep 11 08:34:18 2021 UTC] new advisory (043) for al122021 detected
[Sat Sep 11 08:34:18 2021 UTC] new best track for al122021 detected
[Sat Sep 11 08:34:18 2021 UTC] new RSS (index.xml) detected
[Sat Sep 11 14:40:51 2021 UTC] new advisory (044) for al122021 detected
[Sat Sep 11 14:40:51 2021 UTC] new best track for al122021 detected
[Sat Sep 11 14:40:51 2021 UTC] new RSS (index.xml) detected
