[Fri Sep 27 14:37:02 2024 UTC] new advisory (001) for al112024 detected
[Fri Sep 27 15:00:55 2024 UTC] new best track for al112024 detected
[Fri Sep 27 15:00:55 2024 UTC] new RSS (index.xml) detected
[Fri Sep 27 20:36:47 2024 UTC] new advisory (002) for al112024 detected
[Fri Sep 27 20:36:47 2024 UTC] new best track for al112024 detected
[Fri Sep 27 20:36:47 2024 UTC] new RSS (index.xml) detected
[Sat Sep 28 02:34:37 2024 UTC] new advisory (003) for al112024 detected
[Sat Sep 28 02:34:37 2024 UTC] new best track for al112024 detected
[Sat Sep 28 02:34:37 2024 UTC] new RSS (index.xml) detected
[Sat Sep 28 08:35:00 2024 UTC] new advisory (004) for al112024 detected
[Sat Sep 28 08:35:01 2024 UTC] new best track for al112024 detected
[Sat Sep 28 08:35:01 2024 UTC] new RSS (index.xml) detected
[Sat Sep 28 14:40:36 2024 UTC] new advisory (005) for al112024 detected
[Sat Sep 28 14:40:36 2024 UTC] new best track for al112024 detected
[Sat Sep 28 14:40:36 2024 UTC] new RSS (index.xml) detected
[Sat Sep 28 20:43:07 2024 UTC] new advisory (006) for al112024 detected
[Sat Sep 28 20:43:07 2024 UTC] new best track for al112024 detected
[Sat Sep 28 20:43:07 2024 UTC] new RSS (index.xml) detected
[Sun Sep 29 02:35:22 2024 UTC] new advisory (007) for al112024 detected
[Sun Sep 29 02:35:22 2024 UTC] new best track for al112024 detected
[Sun Sep 29 02:35:22 2024 UTC] new RSS (index.xml) detected
[Sun Sep 29 08:41:09 2024 UTC] new advisory (008) for al112024 detected
[Sun Sep 29 08:41:09 2024 UTC] new best track for al112024 detected
[Sun Sep 29 08:41:09 2024 UTC] new RSS (index.xml) detected
[Sun Sep 29 14:39:27 2024 UTC] new advisory (009) for al112024 detected
[Sun Sep 29 14:39:27 2024 UTC] new best track for al112024 detected
[Sun Sep 29 14:39:27 2024 UTC] new RSS (index.xml) detected
[Sun Sep 29 20:42:38 2024 UTC] new advisory (010) for al112024 detected
[Sun Sep 29 20:42:38 2024 UTC] new best track for al112024 detected
[Sun Sep 29 20:42:38 2024 UTC] new RSS (index.xml) detected
[Mon Sep 30 02:36:54 2024 UTC] new advisory (011) for al112024 detected
[Mon Sep 30 02:36:54 2024 UTC] new best track for al112024 detected
[Mon Sep 30 02:36:54 2024 UTC] new RSS (index.xml) detected
[Mon Sep 30 08:38:28 2024 UTC] new advisory (012) for al112024 detected
[Mon Sep 30 08:38:28 2024 UTC] new best track for al112024 detected
[Mon Sep 30 08:38:28 2024 UTC] new RSS (index.xml) detected
[Mon Sep 30 14:38:07 2024 UTC] new advisory (013) for al112024 detected
[Mon Sep 30 14:38:07 2024 UTC] new best track for al112024 detected
[Mon Sep 30 14:38:07 2024 UTC] new RSS (index.xml) detected
[Mon Sep 30 20:43:02 2024 UTC] new advisory (014) for al112024 detected
[Mon Sep 30 20:43:02 2024 UTC] new best track for al112024 detected
[Mon Sep 30 20:43:02 2024 UTC] new RSS (index.xml) detected
[Tue Oct  1 02:33:06 2024 UTC] new advisory (015) for al112024 detected
[Tue Oct  1 02:33:07 2024 UTC] new best track for al112024 detected
[Tue Oct  1 02:33:07 2024 UTC] new RSS (index.xml) detected
