[Fri Jul 14 08:32:55 2023 UTC] new advisory (001) for al052023 detected
[Fri Jul 14 09:00:59 2023 UTC] new best track for al052023 detected
[Fri Jul 14 09:00:59 2023 UTC] new RSS (index.xml) detected
[Fri Jul 14 14:56:51 2023 UTC] new advisory (002) for al052023 detected
[Fri Jul 14 14:56:51 2023 UTC] new best track for al052023 detected
[Fri Jul 14 14:56:52 2023 UTC] new RSS (index.xml) detected
[Fri Jul 14 20:46:51 2023 UTC] new advisory (003) for al052023 detected
[Fri Jul 14 20:46:51 2023 UTC] new best track for al052023 detected
[Fri Jul 14 20:46:51 2023 UTC] new RSS (index.xml) detected
[Sat Jul 15 02:38:54 2023 UTC] new advisory (004) for al052023 detected
[Sat Jul 15 02:38:55 2023 UTC] new best track for al052023 detected
[Sat Jul 15 02:38:55 2023 UTC] new RSS (index.xml) detected
[Sat Jul 15 08:35:21 2023 UTC] new advisory (005) for al052023 detected
[Sat Jul 15 08:35:21 2023 UTC] new best track for al052023 detected
[Sat Jul 15 08:35:21 2023 UTC] new RSS (index.xml) detected
[Sat Jul 15 14:52:07 2023 UTC] new advisory (006) for al052023 detected
[Sat Jul 15 14:52:08 2023 UTC] new best track for al052023 detected
[Sat Jul 15 14:52:08 2023 UTC] new RSS (index.xml) detected
[Sat Jul 15 20:43:53 2023 UTC] new advisory (007) for al052023 detected
[Sat Jul 15 20:43:53 2023 UTC] new best track for al052023 detected
[Sat Jul 15 20:43:53 2023 UTC] new RSS (index.xml) detected
[Sun Jul 16 02:39:32 2023 UTC] new advisory (008) for al052023 detected
[Sun Jul 16 02:39:33 2023 UTC] new best track for al052023 detected
[Sun Jul 16 02:39:33 2023 UTC] new RSS (index.xml) detected
[Sun Jul 16 08:37:17 2023 UTC] new advisory (009) for al052023 detected
[Sun Jul 16 08:37:17 2023 UTC] new best track for al052023 detected
[Sun Jul 16 08:37:17 2023 UTC] new RSS (index.xml) detected
[Sun Jul 16 14:51:48 2023 UTC] new advisory (010) for al052023 detected
[Sun Jul 16 14:51:48 2023 UTC] new best track for al052023 detected
[Sun Jul 16 14:51:48 2023 UTC] new RSS (index.xml) detected
[Sun Jul 16 20:39:21 2023 UTC] new advisory (011) for al052023 detected
[Sun Jul 16 20:39:22 2023 UTC] new best track for al052023 detected
[Sun Jul 16 20:39:22 2023 UTC] new RSS (index.xml) detected
[Mon Jul 17 02:39:37 2023 UTC] new advisory (012) for al052023 detected
[Mon Jul 17 02:39:37 2023 UTC] new best track for al052023 detected
[Mon Jul 17 02:39:37 2023 UTC] new RSS (index.xml) detected
[Mon Jul 17 08:33:46 2023 UTC] new advisory (013) for al052023 detected
[Mon Jul 17 08:33:46 2023 UTC] new best track for al052023 detected
[Mon Jul 17 08:33:47 2023 UTC] new RSS (index.xml) detected
[Mon Jul 17 14:55:18 2023 UTC] new advisory (014) for al052023 detected
[Mon Jul 17 14:55:18 2023 UTC] new best track for al052023 detected
[Mon Jul 17 14:55:18 2023 UTC] new RSS (index.xml) detected
[Mon Jul 17 20:41:36 2023 UTC] new advisory (015) for al052023 detected
[Mon Jul 17 20:41:37 2023 UTC] new best track for al052023 detected
[Mon Jul 17 20:41:37 2023 UTC] new RSS (index.xml) detected
[Tue Jul 18 02:40:12 2023 UTC] new advisory (016) for al052023 detected
[Tue Jul 18 02:40:13 2023 UTC] new best track for al052023 detected
[Tue Jul 18 02:40:13 2023 UTC] new RSS (index.xml) detected
[Tue Jul 18 08:43:16 2023 UTC] new advisory (017) for al052023 detected
[Tue Jul 18 08:43:16 2023 UTC] new best track for al052023 detected
[Tue Jul 18 08:43:16 2023 UTC] new RSS (index.xml) detected
[Tue Jul 18 14:47:02 2023 UTC] new advisory (018) for al052023 detected
[Tue Jul 18 14:47:03 2023 UTC] new best track for al052023 detected
[Tue Jul 18 14:47:03 2023 UTC] new RSS (index.xml) detected
[Tue Jul 18 20:34:39 2023 UTC] new advisory (019) for al052023 detected
[Tue Jul 18 20:34:39 2023 UTC] new best track for al052023 detected
[Tue Jul 18 20:34:39 2023 UTC] new RSS (index.xml) detected
[Wed Jul 19 02:41:25 2023 UTC] new advisory (020) for al052023 detected
[Wed Jul 19 02:41:26 2023 UTC] new best track for al052023 detected
[Wed Jul 19 02:41:26 2023 UTC] new RSS (index.xml) detected
[Wed Jul 19 08:37:58 2023 UTC] new advisory (021) for al052023 detected
[Wed Jul 19 08:37:59 2023 UTC] new best track for al052023 detected
[Wed Jul 19 08:37:59 2023 UTC] new RSS (index.xml) detected
[Wed Jul 19 14:55:30 2023 UTC] new advisory (022) for al052023 detected
[Wed Jul 19 14:55:31 2023 UTC] new best track for al052023 detected
[Wed Jul 19 14:55:31 2023 UTC] new RSS (index.xml) detected
[Wed Jul 19 20:46:06 2023 UTC] new advisory (023) for al052023 detected
[Wed Jul 19 20:46:07 2023 UTC] new best track for al052023 detected
[Wed Jul 19 20:46:07 2023 UTC] new RSS (index.xml) detected
[Thu Jul 20 02:46:53 2023 UTC] new advisory (024) for al052023 detected
[Thu Jul 20 02:46:53 2023 UTC] new best track for al052023 detected
[Thu Jul 20 02:46:53 2023 UTC] new RSS (index.xml) detected
[Thu Jul 20 08:39:25 2023 UTC] new advisory (025) for al052023 detected
[Thu Jul 20 08:39:26 2023 UTC] new best track for al052023 detected
[Thu Jul 20 08:39:26 2023 UTC] new RSS (index.xml) detected
[Thu Jul 20 14:45:32 2023 UTC] new advisory (026) for al052023 detected
[Thu Jul 20 14:45:32 2023 UTC] new best track for al052023 detected
[Thu Jul 20 14:45:32 2023 UTC] new RSS (index.xml) detected
[Thu Jul 20 20:35:12 2023 UTC] new advisory (027) for al052023 detected
[Thu Jul 20 20:35:13 2023 UTC] new best track for al052023 detected
[Thu Jul 20 20:35:13 2023 UTC] new RSS (index.xml) detected
[Fri Jul 21 02:35:03 2023 UTC] new advisory (028) for al052023 detected
[Fri Jul 21 02:35:04 2023 UTC] new best track for al052023 detected
[Fri Jul 21 02:35:04 2023 UTC] new RSS (index.xml) detected
[Fri Jul 21 08:46:22 2023 UTC] new advisory (029) for al052023 detected
[Fri Jul 21 08:46:22 2023 UTC] new best track for al052023 detected
[Fri Jul 21 08:46:22 2023 UTC] new RSS (index.xml) detected
[Fri Jul 21 14:47:48 2023 UTC] new advisory (030) for al052023 detected
[Fri Jul 21 14:47:48 2023 UTC] new best track for al052023 detected
[Fri Jul 21 14:47:48 2023 UTC] new RSS (index.xml) detected
