[Sat Sep 23 14:50:13 2023 UTC] new advisory (001) for al172023 detected
[Sat Sep 23 15:00:42 2023 UTC] new best track for al172023 detected
[Sat Sep 23 15:00:42 2023 UTC] new RSS (index.xml) detected
[Sat Sep 23 20:42:02 2023 UTC] new advisory (002) for al172023 detected
[Sat Sep 23 20:42:03 2023 UTC] new best track for al172023 detected
[Sat Sep 23 20:42:03 2023 UTC] new RSS (index.xml) detected
[Sun Sep 24 02:51:10 2023 UTC] new advisory (003) for al172023 detected
[Sun Sep 24 02:51:10 2023 UTC] new best track for al172023 detected
[Sun Sep 24 02:51:10 2023 UTC] new RSS (index.xml) detected
[Sun Sep 24 08:39:24 2023 UTC] new advisory (004) for al172023 detected
[Sun Sep 24 08:39:25 2023 UTC] new best track for al172023 detected
[Sun Sep 24 08:39:25 2023 UTC] new RSS (index.xml) detected
[Sun Sep 24 14:41:05 2023 UTC] new advisory (005) for al172023 detected
[Sun Sep 24 14:41:05 2023 UTC] new best track for al172023 detected
[Sun Sep 24 14:41:05 2023 UTC] new RSS (index.xml) detected
[Sun Sep 24 20:40:45 2023 UTC] new advisory (006) for al172023 detected
[Sun Sep 24 20:40:45 2023 UTC] new best track for al172023 detected
[Sun Sep 24 20:40:45 2023 UTC] new RSS (index.xml) detected
[Mon Sep 25 02:37:23 2023 UTC] new advisory (007) for al172023 detected
[Mon Sep 25 02:37:24 2023 UTC] new best track for al172023 detected
[Mon Sep 25 02:37:24 2023 UTC] new RSS (index.xml) detected
