[Sun Aug 18 14:35:12 2024 UTC] new advisory (001) for ep072024 detected
[Sun Aug 18 15:00:52 2024 UTC] new best track for ep072024 detected
[Sun Aug 18 15:00:52 2024 UTC] new RSS (index.xml) detected
[Sun Aug 18 20:42:57 2024 UTC] new advisory (002) for ep072024 detected
[Sun Aug 18 20:42:57 2024 UTC] new best track for ep072024 detected
[Sun Aug 18 20:42:57 2024 UTC] new RSS (index.xml) detected
[Mon Aug 19 02:44:36 2024 UTC] new advisory (003) for ep072024 detected
[Mon Aug 19 02:44:36 2024 UTC] new best track for ep072024 detected
[Mon Aug 19 02:44:36 2024 UTC] new RSS (index.xml) detected
[Mon Aug 19 08:43:04 2024 UTC] new advisory (004) for ep072024 detected
[Mon Aug 19 08:43:04 2024 UTC] new best track for ep072024 detected
[Mon Aug 19 08:43:04 2024 UTC] new RSS (index.xml) detected
[Mon Aug 19 14:45:12 2024 UTC] new advisory (005) for ep072024 detected
[Mon Aug 19 14:45:12 2024 UTC] new best track for ep072024 detected
[Mon Aug 19 14:45:12 2024 UTC] new RSS (index.xml) detected
[Mon Aug 19 20:40:27 2024 UTC] new advisory (006) for ep072024 detected
[Mon Aug 19 20:40:27 2024 UTC] new best track for ep072024 detected
[Mon Aug 19 20:40:27 2024 UTC] new RSS (index.xml) detected
[Tue Aug 20 02:36:53 2024 UTC] new advisory (007) for ep072024 detected
[Tue Aug 20 02:36:53 2024 UTC] new best track for ep072024 detected
[Tue Aug 20 02:36:53 2024 UTC] new RSS (index.xml) detected
[Tue Aug 20 08:40:34 2024 UTC] new advisory (008) for ep072024 detected
[Tue Aug 20 08:40:34 2024 UTC] new best track for ep072024 detected
[Tue Aug 20 08:40:34 2024 UTC] new RSS (index.xml) detected
[Tue Aug 20 14:34:14 2024 UTC] new advisory (009) for ep072024 detected
[Tue Aug 20 14:34:14 2024 UTC] new best track for ep072024 detected
[Tue Aug 20 14:34:14 2024 UTC] new RSS (index.xml) detected
[Tue Aug 20 20:58:44 2024 UTC] new advisory (010) for ep072024 detected
[Tue Aug 20 20:58:44 2024 UTC] new best track for ep072024 detected
[Tue Aug 20 20:58:44 2024 UTC] new RSS (index.xml) detected
[Wed Aug 21 02:34:35 2024 UTC] new advisory (011) for ep072024 detected
[Wed Aug 21 02:34:35 2024 UTC] new best track for ep072024 detected
[Wed Aug 21 02:34:35 2024 UTC] new RSS (index.xml) detected
[Wed Aug 21 08:48:59 2024 UTC] new advisory (012) for ep072024 detected
[Wed Aug 21 08:48:59 2024 UTC] new best track for ep072024 detected
[Wed Aug 21 08:48:59 2024 UTC] new RSS (index.xml) detected
[Wed Aug 21 14:42:49 2024 UTC] new advisory (013) for ep072024 detected
[Wed Aug 21 14:42:49 2024 UTC] new best track for ep072024 detected
[Wed Aug 21 14:42:49 2024 UTC] new RSS (index.xml) detected
[Wed Aug 21 20:40:28 2024 UTC] new advisory (014) for ep072024 detected
[Wed Aug 21 20:40:28 2024 UTC] new best track for ep072024 detected
[Wed Aug 21 20:40:28 2024 UTC] new RSS (index.xml) detected
[Thu Aug 22 02:32:36 2024 UTC] new advisory (015) for ep072024 detected
[Thu Aug 22 02:32:36 2024 UTC] new best track for ep072024 detected
[Thu Aug 22 02:32:36 2024 UTC] new RSS (index.xml) detected
[Thu Aug 22 08:39:20 2024 UTC] new advisory (016) for ep072024 detected
[Thu Aug 22 08:39:20 2024 UTC] new best track for ep072024 detected
[Thu Aug 22 08:39:20 2024 UTC] new RSS (index.xml) detected
[Thu Aug 22 14:52:24 2024 UTC] new advisory (017) for ep072024 detected
[Thu Aug 22 14:52:24 2024 UTC] new best track for ep072024 detected
[Thu Aug 22 14:52:24 2024 UTC] new RSS (index.xml) detected
[Thu Aug 22 20:36:54 2024 UTC] new advisory (018) for ep072024 detected
[Thu Aug 22 20:36:54 2024 UTC] new best track for ep072024 detected
[Thu Aug 22 20:36:54 2024 UTC] new RSS (index.xml) detected
[Fri Aug 23 02:34:44 2024 UTC] new advisory (019) for ep072024 detected
[Fri Aug 23 02:34:44 2024 UTC] new best track for ep072024 detected
[Fri Aug 23 02:34:44 2024 UTC] new RSS (index.xml) detected
[Fri Aug 23 08:34:27 2024 UTC] new advisory (020) for ep072024 detected
[Fri Aug 23 08:34:27 2024 UTC] new best track for ep072024 detected
[Fri Aug 23 08:34:27 2024 UTC] new RSS (index.xml) detected
[Fri Aug 23 14:35:23 2024 UTC] new advisory (021) for ep072024 detected
[Fri Aug 23 14:35:23 2024 UTC] new best track for ep072024 detected
[Fri Aug 23 14:35:23 2024 UTC] new RSS (index.xml) detected
[Fri Aug 23 20:37:15 2024 UTC] new advisory (022) for ep072024 detected
[Fri Aug 23 20:37:15 2024 UTC] new best track for ep072024 detected
[Fri Aug 23 20:37:15 2024 UTC] new RSS (index.xml) detected
[Sat Aug 24 02:33:09 2024 UTC] new advisory (023) for ep072024 detected
[Sat Aug 24 02:33:09 2024 UTC] new best track for ep072024 detected
[Sat Aug 24 02:33:09 2024 UTC] new RSS (index.xml) detected
[Sat Aug 24 08:34:29 2024 UTC] new advisory (024) for ep072024 detected
[Sat Aug 24 08:34:29 2024 UTC] new best track for ep072024 detected
[Sat Aug 24 08:34:29 2024 UTC] new RSS (index.xml) detected
[Sat Aug 24 14:33:40 2024 UTC] new advisory (025) for ep072024 detected
[Sat Aug 24 14:33:40 2024 UTC] new best track for ep072024 detected
[Sat Aug 24 14:33:41 2024 UTC] new RSS (index.xml) detected
[Sat Aug 24 20:37:10 2024 UTC] new advisory (026) for ep072024 detected
[Sat Aug 24 20:37:10 2024 UTC] new best track for ep072024 detected
[Sat Aug 24 20:37:10 2024 UTC] new RSS (index.xml) detected
[Sun Aug 25 00:00:34 2024 UTC] new advisory (027) for ep072024 detected
[Sun Aug 25 00:00:35 2024 UTC] new best track for ep072024 detected
[Sun Aug 25 00:00:35 2024 UTC] new RSS (index.xml) detected
