[Tue Sep 20 14:39:11 2022 UTC] new advisory (001) for al082022 detected
[Tue Sep 20 15:01:35 2022 UTC] new best track for al082022 detected
[Tue Sep 20 15:01:35 2022 UTC] new RSS (index.xml) detected
[Tue Sep 20 20:44:23 2022 UTC] new advisory (002) for al082022 detected
[Tue Sep 20 20:44:23 2022 UTC] new best track for al082022 detected
[Tue Sep 20 20:44:23 2022 UTC] new RSS (index.xml) detected
[Wed Sep 21 02:58:23 2022 UTC] new advisory (003) for al082022 detected
[Wed Sep 21 02:58:24 2022 UTC] new best track for al082022 detected
[Wed Sep 21 02:58:24 2022 UTC] new RSS (index.xml) detected
[Wed Sep 21 10:08:16 2022 UTC] new advisory (004) for al082022 detected
[Wed Sep 21 10:08:16 2022 UTC] new best track for al082022 detected
[Wed Sep 21 10:08:17 2022 UTC] new RSS (index.xml) detected
[Wed Sep 21 14:41:12 2022 UTC] new advisory (005) for al082022 detected
[Wed Sep 21 14:41:12 2022 UTC] new best track for al082022 detected
[Wed Sep 21 14:41:13 2022 UTC] new RSS (index.xml) detected
[Wed Sep 21 20:33:30 2022 UTC] new advisory (006) for al082022 detected
[Wed Sep 21 20:33:31 2022 UTC] new best track for al082022 detected
[Wed Sep 21 20:33:31 2022 UTC] new RSS (index.xml) detected
[Thu Sep 22 02:39:26 2022 UTC] new advisory (007) for al082022 detected
[Thu Sep 22 02:39:26 2022 UTC] new best track for al082022 detected
[Thu Sep 22 02:39:27 2022 UTC] new RSS (index.xml) detected
[Thu Sep 22 08:46:00 2022 UTC] new advisory (008) for al082022 detected
[Thu Sep 22 08:46:01 2022 UTC] new best track for al082022 detected
[Thu Sep 22 08:46:01 2022 UTC] new RSS (index.xml) detected
[Thu Sep 22 11:38:36 2022 UTC] new advisory (008A) for al082022 detected
[Thu Sep 22 11:38:36 2022 UTC] new best track for al082022 detected
[Thu Sep 22 11:38:37 2022 UTC] new RSS (index.xml) detected
[Thu Sep 22 14:50:31 2022 UTC] new advisory (009) for al082022 detected
[Thu Sep 22 14:50:31 2022 UTC] new best track for al082022 detected
[Thu Sep 22 14:50:31 2022 UTC] new RSS (index.xml) detected
[Thu Sep 22 17:40:06 2022 UTC] new advisory (009A) for al082022 detected
[Thu Sep 22 17:40:06 2022 UTC] new best track for al082022 detected
[Thu Sep 22 17:40:07 2022 UTC] new RSS (index.xml) detected
[Thu Sep 22 20:58:13 2022 UTC] new advisory (010) for al082022 detected
[Thu Sep 22 20:58:14 2022 UTC] new best track for al082022 detected
[Thu Sep 22 20:58:14 2022 UTC] new RSS (index.xml) detected
[Thu Sep 22 23:53:59 2022 UTC] new advisory (010A) for al082022 detected
[Thu Sep 22 23:53:59 2022 UTC] new best track for al082022 detected
[Thu Sep 22 23:53:59 2022 UTC] new RSS (index.xml) detected
[Fri Sep 23 02:42:53 2022 UTC] new advisory (011) for al082022 detected
[Fri Sep 23 02:42:53 2022 UTC] new best track for al082022 detected
[Fri Sep 23 02:42:53 2022 UTC] new RSS (index.xml) detected
[Fri Sep 23 05:51:08 2022 UTC] new advisory (011A) for al082022 detected
[Fri Sep 23 05:51:08 2022 UTC] new best track for al082022 detected
[Fri Sep 23 05:51:09 2022 UTC] new RSS (index.xml) detected
[Fri Sep 23 08:57:59 2022 UTC] new advisory (012) for al082022 detected
[Fri Sep 23 08:58:00 2022 UTC] new best track for al082022 detected
[Fri Sep 23 08:58:00 2022 UTC] new RSS (index.xml) detected
[Fri Sep 23 11:58:40 2022 UTC] new advisory (012A) for al082022 detected
[Fri Sep 23 11:58:40 2022 UTC] new best track for al082022 detected
[Fri Sep 23 11:58:41 2022 UTC] new RSS (index.xml) detected
[Fri Sep 23 15:00:24 2022 UTC] new advisory (013) for al082022 detected
[Fri Sep 23 15:00:24 2022 UTC] new best track for al082022 detected
[Fri Sep 23 15:00:25 2022 UTC] new RSS (index.xml) detected
[Fri Sep 23 17:54:57 2022 UTC] new advisory (013A) for al082022 detected
[Fri Sep 23 17:54:58 2022 UTC] new best track for al082022 detected
[Fri Sep 23 17:54:58 2022 UTC] new RSS (index.xml) detected
[Fri Sep 23 20:48:28 2022 UTC] new advisory (014) for al082022 detected
[Fri Sep 23 20:48:29 2022 UTC] new best track for al082022 detected
[Fri Sep 23 20:48:29 2022 UTC] new RSS (index.xml) detected
[Fri Sep 23 23:55:18 2022 UTC] new advisory (014A) for al082022 detected
[Fri Sep 23 23:55:18 2022 UTC] new best track for al082022 detected
[Fri Sep 23 23:55:19 2022 UTC] new RSS (index.xml) detected
[Sat Sep 24 02:41:41 2022 UTC] new advisory (015) for al082022 detected
[Sat Sep 24 02:41:41 2022 UTC] new best track for al082022 detected
[Sat Sep 24 02:41:41 2022 UTC] new RSS (index.xml) detected
[Sat Sep 24 05:59:46 2022 UTC] new advisory (015A) for al082022 detected
[Sat Sep 24 05:59:46 2022 UTC] new best track for al082022 detected
[Sat Sep 24 05:59:46 2022 UTC] new RSS (index.xml) detected
[Sat Sep 24 08:52:22 2022 UTC] new advisory (016) for al082022 detected
[Sat Sep 24 08:52:22 2022 UTC] new best track for al082022 detected
[Sat Sep 24 08:52:23 2022 UTC] new RSS (index.xml) detected
[Sat Sep 24 11:59:10 2022 UTC] new advisory (016A) for al082022 detected
[Sat Sep 24 11:59:10 2022 UTC] new best track for al082022 detected
[Sat Sep 24 11:59:11 2022 UTC] new RSS (index.xml) detected
[Sat Sep 24 14:58:55 2022 UTC] new advisory (017) for al082022 detected
[Sat Sep 24 14:58:55 2022 UTC] new best track for al082022 detected
[Sat Sep 24 14:58:56 2022 UTC] new RSS (index.xml) detected
[Sat Sep 24 18:02:39 2022 UTC] new advisory (017A) for al082022 detected
[Sat Sep 24 18:02:40 2022 UTC] new best track for al082022 detected
[Sat Sep 24 18:02:40 2022 UTC] new RSS (index.xml) detected
[Sat Sep 24 20:57:31 2022 UTC] new advisory (018) for al082022 detected
[Sat Sep 24 20:57:32 2022 UTC] new best track for al082022 detected
[Sat Sep 24 20:57:32 2022 UTC] new RSS (index.xml) detected
[Sat Sep 24 23:43:33 2022 UTC] new advisory (018A) for al082022 detected
[Sat Sep 24 23:43:34 2022 UTC] new best track for al082022 detected
[Sat Sep 24 23:43:34 2022 UTC] new RSS (index.xml) detected
[Sun Sep 25 02:38:04 2022 UTC] new advisory (019) for al082022 detected
[Sun Sep 25 02:38:05 2022 UTC] new best track for al082022 detected
[Sun Sep 25 02:38:05 2022 UTC] new RSS (index.xml) detected
[Sun Sep 25 05:36:16 2022 UTC] new advisory (019A) for al082022 detected
[Sun Sep 25 05:36:16 2022 UTC] new best track for al082022 detected
[Sun Sep 25 05:36:17 2022 UTC] new RSS (index.xml) detected
[Sun Sep 25 08:45:01 2022 UTC] new advisory (020) for al082022 detected
[Sun Sep 25 08:45:01 2022 UTC] new best track for al082022 detected
[Sun Sep 25 08:45:02 2022 UTC] new RSS (index.xml) detected
[Sun Sep 25 11:53:45 2022 UTC] new advisory (020A) for al082022 detected
[Sun Sep 25 11:53:45 2022 UTC] new best track for al082022 detected
[Sun Sep 25 11:53:45 2022 UTC] new RSS (index.xml) detected
[Sun Sep 25 14:41:06 2022 UTC] new advisory (021) for al082022 detected
[Sun Sep 25 14:41:06 2022 UTC] new best track for al082022 detected
[Sun Sep 25 14:41:07 2022 UTC] new RSS (index.xml) detected
[Sun Sep 25 20:38:39 2022 UTC] new advisory (022) for al082022 detected
[Sun Sep 25 20:38:40 2022 UTC] new best track for al082022 detected
[Sun Sep 25 20:38:40 2022 UTC] new RSS (index.xml) detected
[Mon Sep 26 02:42:00 2022 UTC] new advisory (023) for al082022 detected
[Mon Sep 26 02:42:01 2022 UTC] new best track for al082022 detected
[Mon Sep 26 02:42:01 2022 UTC] new RSS (index.xml) detected
