[Wed Sep 24 20:37:48 2025 UTC] new advisory (001) for al082025 detected
[Wed Sep 24 21:01:25 2025 UTC] new best track for al082025 detected
[Wed Sep 24 21:01:25 2025 UTC] new RSS (index.xml) detected
[Thu Sep 25 02:52:27 2025 UTC] new advisory (002) for al082025 detected
[Thu Sep 25 02:52:28 2025 UTC] new best track for al082025 detected
[Thu Sep 25 02:52:28 2025 UTC] new RSS (index.xml) detected
[Thu Sep 25 08:40:40 2025 UTC] new advisory (003) for al082025 detected
[Thu Sep 25 08:40:40 2025 UTC] new best track for al082025 detected
[Thu Sep 25 08:40:40 2025 UTC] new RSS (index.xml) detected
[Thu Sep 25 14:39:08 2025 UTC] new advisory (004) for al082025 detected
[Thu Sep 25 14:39:08 2025 UTC] new best track for al082025 detected
[Thu Sep 25 14:39:08 2025 UTC] new RSS (index.xml) detected
[Thu Sep 25 20:38:40 2025 UTC] new advisory (005) for al082025 detected
[Thu Sep 25 20:38:40 2025 UTC] new best track for al082025 detected
[Thu Sep 25 20:38:40 2025 UTC] new RSS (index.xml) detected
[Fri Sep 26 02:42:16 2025 UTC] new advisory (006) for al082025 detected
[Fri Sep 26 02:42:16 2025 UTC] new best track for al082025 detected
[Fri Sep 26 02:42:16 2025 UTC] new RSS (index.xml) detected
[Fri Sep 26 08:43:54 2025 UTC] new advisory (007) for al082025 detected
[Fri Sep 26 08:43:54 2025 UTC] new best track for al082025 detected
[Fri Sep 26 08:43:54 2025 UTC] new RSS (index.xml) detected
[Fri Sep 26 14:46:47 2025 UTC] new advisory (008) for al082025 detected
[Fri Sep 26 14:46:48 2025 UTC] new best track for al082025 detected
[Fri Sep 26 14:46:48 2025 UTC] new RSS (index.xml) detected
[Fri Sep 26 20:37:18 2025 UTC] new advisory (009) for al082025 detected
[Fri Sep 26 20:37:18 2025 UTC] new best track for al082025 detected
[Fri Sep 26 20:37:18 2025 UTC] new RSS (index.xml) detected
[Sat Sep 27 02:38:46 2025 UTC] new advisory (010) for al082025 detected
[Sat Sep 27 02:38:46 2025 UTC] new best track for al082025 detected
[Sat Sep 27 02:38:46 2025 UTC] new RSS (index.xml) detected
[Sat Sep 27 08:46:48 2025 UTC] new advisory (011) for al082025 detected
[Sat Sep 27 08:46:48 2025 UTC] new best track for al082025 detected
[Sat Sep 27 08:46:48 2025 UTC] new RSS (index.xml) detected
[Sat Sep 27 14:40:30 2025 UTC] new advisory (012) for al082025 detected
[Sat Sep 27 14:40:31 2025 UTC] new best track for al082025 detected
[Sat Sep 27 14:40:31 2025 UTC] new RSS (index.xml) detected
[Sat Sep 27 20:45:24 2025 UTC] new advisory (013) for al082025 detected
[Sat Sep 27 20:45:24 2025 UTC] new best track for al082025 detected
[Sat Sep 27 20:45:24 2025 UTC] new RSS (index.xml) detected
[Sun Sep 28 02:34:50 2025 UTC] new advisory (014) for al082025 detected
[Sun Sep 28 02:34:50 2025 UTC] new best track for al082025 detected
[Sun Sep 28 02:34:50 2025 UTC] new RSS (index.xml) detected
[Sun Sep 28 08:57:11 2025 UTC] new advisory (015) for al082025 detected
[Sun Sep 28 08:57:11 2025 UTC] new best track for al082025 detected
[Sun Sep 28 08:57:11 2025 UTC] new RSS (index.xml) detected
[Sun Sep 28 14:38:24 2025 UTC] new advisory (016) for al082025 detected
[Sun Sep 28 14:38:24 2025 UTC] new best track for al082025 detected
[Sun Sep 28 14:38:24 2025 UTC] new RSS (index.xml) detected
[Sun Sep 28 20:41:21 2025 UTC] new advisory (017) for al082025 detected
[Sun Sep 28 20:41:21 2025 UTC] new best track for al082025 detected
[Sun Sep 28 20:41:21 2025 UTC] new RSS (index.xml) detected
