[Fri Sep 26 20:42:26 2025 UTC] new advisory (001) for al092025 detected
[Fri Sep 26 21:01:01 2025 UTC] new best track for al092025 detected
[Fri Sep 26 21:01:01 2025 UTC] new RSS (index.xml) detected
[Fri Sep 26 23:49:09 2025 UTC] new advisory (001a) for al092025 detected
[Fri Sep 26 23:49:09 2025 UTC] new best track for al092025 detected
[Fri Sep 26 23:49:09 2025 UTC] new RSS (index.xml) detected
[Sat Sep 27 02:38:46 2025 UTC] new advisory (002) for al092025 detected
[Sat Sep 27 02:38:46 2025 UTC] new best track for al092025 detected
[Sat Sep 27 02:38:46 2025 UTC] new RSS (index.xml) detected
[Sat Sep 27 05:32:26 2025 UTC] new advisory (002a) for al092025 detected
[Sat Sep 27 05:32:26 2025 UTC] new best track for al092025 detected
[Sat Sep 27 05:32:26 2025 UTC] new RSS (index.xml) detected
[Sat Sep 27 08:44:44 2025 UTC] new advisory (003) for al092025 detected
[Sat Sep 27 08:44:44 2025 UTC] new best track for al092025 detected
[Sat Sep 27 08:44:44 2025 UTC] new RSS (index.xml) detected
[Sat Sep 27 11:50:53 2025 UTC] new advisory (003a) for al092025 detected
[Sat Sep 27 11:50:53 2025 UTC] new best track for al092025 detected
[Sat Sep 27 11:50:53 2025 UTC] new RSS (index.xml) detected
[Sat Sep 27 14:50:47 2025 UTC] new advisory (004) for al092025 detected
[Sat Sep 27 14:50:47 2025 UTC] new best track for al092025 detected
[Sat Sep 27 14:50:47 2025 UTC] new RSS (index.xml) detected
[Sat Sep 27 17:48:39 2025 UTC] new advisory (004a) for al092025 detected
[Sat Sep 27 17:48:39 2025 UTC] new best track for al092025 detected
[Sat Sep 27 17:48:39 2025 UTC] new RSS (index.xml) detected
[Sat Sep 27 20:45:24 2025 UTC] new advisory (005) for al092025 detected
[Sat Sep 27 20:45:24 2025 UTC] new best track for al092025 detected
[Sat Sep 27 20:45:24 2025 UTC] new RSS (index.xml) detected
[Sat Sep 27 23:47:18 2025 UTC] new advisory (005a) for al092025 detected
[Sat Sep 27 23:47:18 2025 UTC] new best track for al092025 detected
[Sat Sep 27 23:47:18 2025 UTC] new RSS (index.xml) detected
[Sun Sep 28 02:53:20 2025 UTC] new advisory (006) for al092025 detected
[Sun Sep 28 02:53:20 2025 UTC] new best track for al092025 detected
[Sun Sep 28 02:53:20 2025 UTC] new RSS (index.xml) detected
[Sun Sep 28 05:51:10 2025 UTC] new advisory (006a) for al092025 detected
[Sun Sep 28 05:51:10 2025 UTC] new best track for al092025 detected
[Sun Sep 28 05:51:10 2025 UTC] new RSS (index.xml) detected
[Sun Sep 28 08:57:12 2025 UTC] new advisory (007) for al092025 detected
[Sun Sep 28 08:57:12 2025 UTC] new best track for al092025 detected
[Sun Sep 28 08:57:12 2025 UTC] new RSS (index.xml) detected
[Sun Sep 28 11:54:55 2025 UTC] new advisory (007a) for al092025 detected
[Sun Sep 28 11:54:55 2025 UTC] new best track for al092025 detected
[Sun Sep 28 11:54:55 2025 UTC] new RSS (index.xml) detected
[Sun Sep 28 14:50:44 2025 UTC] new advisory (008) for al092025 detected
[Sun Sep 28 14:50:44 2025 UTC] new best track for al092025 detected
[Sun Sep 28 14:50:44 2025 UTC] new RSS (index.xml) detected
[Sun Sep 28 17:50:40 2025 UTC] new advisory (008a) for al092025 detected
[Sun Sep 28 17:50:40 2025 UTC] new best track for al092025 detected
[Sun Sep 28 17:50:40 2025 UTC] new RSS (index.xml) detected
[Sun Sep 28 20:50:36 2025 UTC] new advisory (009) for al092025 detected
[Sun Sep 28 20:50:36 2025 UTC] new best track for al092025 detected
[Sun Sep 28 20:50:36 2025 UTC] new RSS (index.xml) detected
[Sun Sep 28 23:54:41 2025 UTC] new advisory (009a) for al092025 detected
[Sun Sep 28 23:54:41 2025 UTC] new best track for al092025 detected
[Sun Sep 28 23:54:41 2025 UTC] new RSS (index.xml) detected
[Mon Sep 29 02:38:14 2025 UTC] new advisory (010) for al092025 detected
[Mon Sep 29 02:38:14 2025 UTC] new best track for al092025 detected
[Mon Sep 29 02:38:14 2025 UTC] new RSS (index.xml) detected
[Mon Sep 29 05:52:38 2025 UTC] new advisory (010a) for al092025 detected
[Mon Sep 29 05:52:38 2025 UTC] new best track for al092025 detected
[Mon Sep 29 05:52:38 2025 UTC] new RSS (index.xml) detected
[Mon Sep 29 08:54:49 2025 UTC] new advisory (011) for al092025 detected
[Mon Sep 29 08:54:49 2025 UTC] new best track for al092025 detected
[Mon Sep 29 08:54:49 2025 UTC] new RSS (index.xml) detected
[Mon Sep 29 12:01:52 2025 UTC] new advisory (011a) for al092025 detected
[Mon Sep 29 12:01:52 2025 UTC] new best track for al092025 detected
[Mon Sep 29 12:01:52 2025 UTC] new RSS (index.xml) detected
[Mon Sep 29 14:57:19 2025 UTC] new advisory (012) for al092025 detected
[Mon Sep 29 14:57:19 2025 UTC] new best track for al092025 detected
[Mon Sep 29 14:57:19 2025 UTC] new RSS (index.xml) detected
[Mon Sep 29 17:44:34 2025 UTC] new advisory (012a) for al092025 detected
[Mon Sep 29 17:44:34 2025 UTC] new best track for al092025 detected
[Mon Sep 29 17:44:34 2025 UTC] new RSS (index.xml) detected
[Mon Sep 29 20:51:17 2025 UTC] new advisory (013) for al092025 detected
[Mon Sep 29 20:51:17 2025 UTC] new best track for al092025 detected
[Mon Sep 29 20:51:17 2025 UTC] new RSS (index.xml) detected
[Mon Sep 29 23:52:52 2025 UTC] new advisory (013a) for al092025 detected
[Mon Sep 29 23:52:52 2025 UTC] new best track for al092025 detected
[Mon Sep 29 23:52:52 2025 UTC] new RSS (index.xml) detected
[Tue Sep 30 02:45:10 2025 UTC] new advisory (014) for al092025 detected
[Tue Sep 30 02:45:10 2025 UTC] new best track for al092025 detected
[Tue Sep 30 02:45:10 2025 UTC] new RSS (index.xml) detected
[Tue Sep 30 05:48:52 2025 UTC] new advisory (014a) for al092025 detected
[Tue Sep 30 05:48:52 2025 UTC] new best track for al092025 detected
[Tue Sep 30 05:48:52 2025 UTC] new RSS (index.xml) detected
[Tue Sep 30 09:01:07 2025 UTC] new advisory (015) for al092025 detected
[Tue Sep 30 09:01:07 2025 UTC] new best track for al092025 detected
[Tue Sep 30 09:01:07 2025 UTC] new RSS (index.xml) detected
[Tue Sep 30 11:58:42 2025 UTC] new advisory (015a) for al092025 detected
[Tue Sep 30 11:58:42 2025 UTC] new best track for al092025 detected
[Tue Sep 30 11:58:42 2025 UTC] new RSS (index.xml) detected
[Tue Sep 30 14:55:11 2025 UTC] new advisory (016) for al092025 detected
[Tue Sep 30 14:55:12 2025 UTC] new best track for al092025 detected
[Tue Sep 30 14:55:12 2025 UTC] new RSS (index.xml) detected
[Tue Sep 30 17:35:14 2025 UTC] new advisory (016a) for al092025 detected
[Tue Sep 30 17:35:15 2025 UTC] new best track for al092025 detected
[Tue Sep 30 17:35:15 2025 UTC] new RSS (index.xml) detected
[Tue Sep 30 20:40:29 2025 UTC] new advisory (017) for al092025 detected
[Tue Sep 30 20:40:29 2025 UTC] new best track for al092025 detected
[Tue Sep 30 20:40:29 2025 UTC] new RSS (index.xml) detected
[Tue Sep 30 23:49:23 2025 UTC] new advisory (017a) for al092025 detected
[Tue Sep 30 23:49:23 2025 UTC] new best track for al092025 detected
[Tue Sep 30 23:49:23 2025 UTC] new RSS (index.xml) detected
[Wed Oct  1 02:42:30 2025 UTC] new advisory (018) for al092025 detected
[Wed Oct  1 02:42:31 2025 UTC] new best track for al092025 detected
[Wed Oct  1 02:42:31 2025 UTC] new RSS (index.xml) detected
[Wed Oct  1 05:46:48 2025 UTC] new advisory (018a) for al092025 detected
[Wed Oct  1 05:46:48 2025 UTC] new best track for al092025 detected
[Wed Oct  1 05:46:48 2025 UTC] new RSS (index.xml) detected
[Wed Oct  1 08:55:08 2025 UTC] new advisory (019) for al092025 detected
[Wed Oct  1 08:55:08 2025 UTC] new best track for al092025 detected
[Wed Oct  1 08:55:08 2025 UTC] new RSS (index.xml) detected
[Wed Oct  1 11:56:26 2025 UTC] new advisory (019a) for al092025 detected
[Wed Oct  1 11:56:26 2025 UTC] new best track for al092025 detected
[Wed Oct  1 11:56:26 2025 UTC] new RSS (index.xml) detected
[Wed Oct  1 14:54:43 2025 UTC] new advisory (020) for al092025 detected
[Wed Oct  1 14:54:43 2025 UTC] new best track for al092025 detected
[Wed Oct  1 14:54:43 2025 UTC] new RSS (index.xml) detected
[Wed Oct  1 17:46:53 2025 UTC] new advisory (020a) for al092025 detected
[Wed Oct  1 17:46:53 2025 UTC] new best track for al092025 detected
[Wed Oct  1 17:46:53 2025 UTC] new RSS (index.xml) detected
[Wed Oct  1 20:46:13 2025 UTC] new advisory (021) for al092025 detected
[Wed Oct  1 20:46:13 2025 UTC] new best track for al092025 detected
[Wed Oct  1 20:46:13 2025 UTC] new RSS (index.xml) detected
[Wed Oct  1 23:51:31 2025 UTC] new advisory (021a) for al092025 detected
[Wed Oct  1 23:51:31 2025 UTC] new best track for al092025 detected
[Wed Oct  1 23:51:31 2025 UTC] new RSS (index.xml) detected
[Thu Oct  2 02:53:12 2025 UTC] new advisory (022) for al092025 detected
[Thu Oct  2 02:53:12 2025 UTC] new best track for al092025 detected
[Thu Oct  2 02:53:12 2025 UTC] new RSS (index.xml) detected
