[Fri Aug 19 20:53:06 2022 UTC] new advisory (001) for al042022 detected
[Fri Aug 19 21:01:14 2022 UTC] new best track for al042022 detected
[Fri Aug 19 21:01:14 2022 UTC] new RSS (index.xml) detected
[Fri Aug 19 23:34:09 2022 UTC] new advisory (001A) for al042022 detected
[Fri Aug 19 23:34:09 2022 UTC] new best track for al042022 detected
[Fri Aug 19 23:34:10 2022 UTC] new RSS (index.xml) detected
[Sat Aug 20 02:33:30 2022 UTC] new advisory (002) for al042022 detected
[Sat Aug 20 02:33:31 2022 UTC] new best track for al042022 detected
[Sat Aug 20 02:33:31 2022 UTC] new RSS (index.xml) detected
[Sat Aug 20 05:34:56 2022 UTC] new advisory (002A) for al042022 detected
[Sat Aug 20 05:34:56 2022 UTC] new best track for al042022 detected
[Sat Aug 20 05:34:56 2022 UTC] new RSS (index.xml) detected
[Sat Aug 20 08:32:07 2022 UTC] new advisory (003) for al042022 detected
[Sat Aug 20 08:32:08 2022 UTC] new best track for al042022 detected
[Sat Aug 20 08:32:08 2022 UTC] new RSS (index.xml) detected
[Sat Aug 20 11:37:27 2022 UTC] new advisory (003A) for al042022 detected
[Sat Aug 20 11:37:28 2022 UTC] new best track for al042022 detected
[Sat Aug 20 11:37:28 2022 UTC] new RSS (index.xml) detected
[Sat Aug 20 14:32:37 2022 UTC] new advisory (004) for al042022 detected
[Sat Aug 20 14:32:38 2022 UTC] new best track for al042022 detected
[Sat Aug 20 14:32:38 2022 UTC] new RSS (index.xml) detected
[Sat Aug 20 17:40:05 2022 UTC] new advisory (004A) for al042022 detected
[Sat Aug 20 17:40:05 2022 UTC] new best track for al042022 detected
[Sat Aug 20 17:40:06 2022 UTC] new RSS (index.xml) detected
[Sat Aug 20 20:33:23 2022 UTC] new advisory (005) for al042022 detected
[Sat Aug 20 20:33:24 2022 UTC] new best track for al042022 detected
[Sat Aug 20 20:33:24 2022 UTC] new RSS (index.xml) detected
[Sat Aug 20 23:34:50 2022 UTC] new advisory (005A) for al042022 detected
[Sat Aug 20 23:34:50 2022 UTC] new best track for al042022 detected
[Sat Aug 20 23:34:50 2022 UTC] new RSS (index.xml) detected
