[Thu Sep 11 20:32:39 2025 UTC] new advisory (001) for ep132025 detected
[Thu Sep 11 21:01:08 2025 UTC] new best track for ep132025 detected
[Thu Sep 11 21:01:08 2025 UTC] new RSS (index.xml) detected
[Fri Sep 12 02:45:02 2025 UTC] new advisory (002) for ep132025 detected
[Fri Sep 12 02:45:03 2025 UTC] new best track for ep132025 detected
[Fri Sep 12 02:45:03 2025 UTC] new RSS (index.xml) detected
[Fri Sep 12 08:37:04 2025 UTC] new advisory (003) for ep132025 detected
[Fri Sep 12 08:37:04 2025 UTC] new best track for ep132025 detected
[Fri Sep 12 08:37:04 2025 UTC] new RSS (index.xml) detected
[Fri Sep 12 14:47:34 2025 UTC] new advisory (004) for ep132025 detected
[Fri Sep 12 14:47:34 2025 UTC] new best track for ep132025 detected
[Fri Sep 12 14:47:34 2025 UTC] new RSS (index.xml) detected
[Fri Sep 12 17:54:56 2025 UTC] new advisory (004a) for ep132025 detected
[Fri Sep 12 17:54:56 2025 UTC] new best track for ep132025 detected
[Fri Sep 12 17:54:56 2025 UTC] new RSS (index.xml) detected
[Fri Sep 12 20:34:47 2025 UTC] new advisory (005) for ep132025 detected
[Fri Sep 12 20:34:47 2025 UTC] new best track for ep132025 detected
[Fri Sep 12 20:34:47 2025 UTC] new RSS (index.xml) detected
[Fri Sep 12 23:32:54 2025 UTC] new advisory (005a) for ep132025 detected
[Fri Sep 12 23:32:54 2025 UTC] new best track for ep132025 detected
[Fri Sep 12 23:32:54 2025 UTC] new RSS (index.xml) detected
