[Thu Sep 28 14:54:17 2023 UTC] new advisory (001) for al182023 detected
[Thu Sep 28 15:01:50 2023 UTC] new best track for al182023 detected
[Thu Sep 28 15:01:51 2023 UTC] new RSS (index.xml) detected
[Thu Sep 28 20:47:40 2023 UTC] new advisory (002) for al182023 detected
[Thu Sep 28 20:47:41 2023 UTC] new best track for al182023 detected
[Thu Sep 28 20:47:42 2023 UTC] new RSS (index.xml) detected
[Fri Sep 29 02:48:26 2023 UTC] new advisory (003) for al182023 detected
[Fri Sep 29 02:48:26 2023 UTC] new best track for al182023 detected
[Fri Sep 29 02:48:27 2023 UTC] new RSS (index.xml) detected
[Fri Sep 29 08:40:04 2023 UTC] new advisory (004) for al182023 detected
[Fri Sep 29 08:40:04 2023 UTC] new best track for al182023 detected
[Fri Sep 29 08:40:05 2023 UTC] new RSS (index.xml) detected
[Fri Sep 29 14:52:06 2023 UTC] new advisory (005) for al182023 detected
[Fri Sep 29 14:52:06 2023 UTC] new best track for al182023 detected
[Fri Sep 29 14:52:07 2023 UTC] new RSS (index.xml) detected
[Fri Sep 29 20:36:29 2023 UTC] new advisory (006) for al182023 detected
[Fri Sep 29 20:36:30 2023 UTC] new best track for al182023 detected
[Fri Sep 29 20:36:30 2023 UTC] new RSS (index.xml) detected
[Sat Sep 30 02:39:13 2023 UTC] new advisory (007) for al182023 detected
[Sat Sep 30 02:39:13 2023 UTC] new best track for al182023 detected
[Sat Sep 30 02:39:14 2023 UTC] new RSS (index.xml) detected
[Sat Sep 30 08:37:33 2023 UTC] new advisory (008) for al182023 detected
[Sat Sep 30 08:37:33 2023 UTC] new best track for al182023 detected
[Sat Sep 30 08:37:34 2023 UTC] new RSS (index.xml) detected
[Sat Sep 30 14:54:57 2023 UTC] new advisory (009) for al182023 detected
[Sat Sep 30 14:54:58 2023 UTC] new best track for al182023 detected
[Sat Sep 30 14:54:58 2023 UTC] new RSS (index.xml) detected
[Sat Sep 30 20:47:35 2023 UTC] new advisory (010) for al182023 detected
[Sat Sep 30 20:47:36 2023 UTC] new best track for al182023 detected
[Sat Sep 30 20:47:36 2023 UTC] new RSS (index.xml) detected
[Sun Oct  1 02:45:13 2023 UTC] new advisory (011) for al182023 detected
[Sun Oct  1 02:45:14 2023 UTC] new best track for al182023 detected
[Sun Oct  1 02:45:14 2023 UTC] new RSS (index.xml) detected
[Sun Oct  1 08:38:21 2023 UTC] new advisory (012) for al182023 detected
[Sun Oct  1 08:38:21 2023 UTC] new best track for al182023 detected
[Sun Oct  1 08:38:22 2023 UTC] new RSS (index.xml) detected
