[Sat Nov  2 08:57:18 2024 UTC] new advisory (001) for al172024 detected
[Sat Nov  2 09:00:22 2024 UTC] new best track for al172024 detected
[Sat Nov  2 09:00:22 2024 UTC] new RSS (index.xml) detected
[Sat Nov  2 14:36:43 2024 UTC] new advisory (002) for al172024 detected
[Sat Nov  2 14:36:43 2024 UTC] new best track for al172024 detected
[Sat Nov  2 14:36:43 2024 UTC] new RSS (index.xml) detected
[Sat Nov  2 17:40:55 2024 UTC] new advisory (002A) for al172024 detected
[Sat Nov  2 17:40:55 2024 UTC] new best track for al172024 detected
[Sat Nov  2 17:40:55 2024 UTC] new RSS (index.xml) detected
[Sat Nov  2 20:33:15 2024 UTC] new advisory (003) for al172024 detected
[Sat Nov  2 20:33:15 2024 UTC] new best track for al172024 detected
[Sat Nov  2 20:33:15 2024 UTC] new RSS (index.xml) detected
[Sat Nov  2 23:37:40 2024 UTC] new advisory (003A) for al172024 detected
[Sat Nov  2 23:37:40 2024 UTC] new best track for al172024 detected
[Sat Nov  2 23:37:40 2024 UTC] new RSS (index.xml) detected
[Sun Nov  3 02:33:20 2024 UTC] new advisory (004) for al172024 detected
[Sun Nov  3 02:33:20 2024 UTC] new best track for al172024 detected
[Sun Nov  3 02:33:20 2024 UTC] new RSS (index.xml) detected
[Sun Nov  3 05:44:26 2024 UTC] new advisory (004A) for al172024 detected
[Sun Nov  3 05:44:26 2024 UTC] new best track for al172024 detected
[Sun Nov  3 05:44:26 2024 UTC] new RSS (index.xml) detected
[Sun Nov  3 08:41:14 2024 UTC] new advisory (005) for al172024 detected
[Sun Nov  3 08:41:14 2024 UTC] new best track for al172024 detected
[Sun Nov  3 08:41:14 2024 UTC] new RSS (index.xml) detected
[Sun Nov  3 11:45:04 2024 UTC] new advisory (005A) for al172024 detected
[Sun Nov  3 11:45:04 2024 UTC] new best track for al172024 detected
[Sun Nov  3 11:45:04 2024 UTC] new RSS (index.xml) detected
[Sun Nov  3 14:35:45 2024 UTC] new advisory (006) for al172024 detected
[Sun Nov  3 14:35:46 2024 UTC] new best track for al172024 detected
[Sun Nov  3 14:35:46 2024 UTC] new RSS (index.xml) detected
[Sun Nov  3 17:48:42 2024 UTC] new advisory (006A) for al172024 detected
[Sun Nov  3 17:48:42 2024 UTC] new best track for al172024 detected
[Sun Nov  3 17:48:42 2024 UTC] new RSS (index.xml) detected
