[Tue Jul 11 20:35:59 2023 UTC] new advisory (001) for ep032023 detected
[Tue Jul 11 21:01:43 2023 UTC] new best track for ep032023 detected
[Tue Jul 11 21:01:44 2023 UTC] new RSS (index.xml) detected
[Wed Jul 12 02:34:31 2023 UTC] new advisory (002) for ep032023 detected
[Wed Jul 12 02:34:31 2023 UTC] new best track for ep032023 detected
[Wed Jul 12 02:34:31 2023 UTC] new RSS (index.xml) detected
[Wed Jul 12 08:39:29 2023 UTC] new advisory (003) for ep032023 detected
[Wed Jul 12 08:39:29 2023 UTC] new best track for ep032023 detected
[Wed Jul 12 08:39:29 2023 UTC] new RSS (index.xml) detected
[Wed Jul 12 14:34:09 2023 UTC] new advisory (004) for ep032023 detected
[Wed Jul 12 14:34:09 2023 UTC] new best track for ep032023 detected
[Wed Jul 12 14:34:09 2023 UTC] new RSS (index.xml) detected
[Wed Jul 12 20:37:08 2023 UTC] new advisory (005) for ep032023 detected
[Wed Jul 12 20:37:08 2023 UTC] new best track for ep032023 detected
[Wed Jul 12 20:37:08 2023 UTC] new RSS (index.xml) detected
[Thu Jul 13 02:42:04 2023 UTC] new advisory (006) for ep032023 detected
[Thu Jul 13 02:42:04 2023 UTC] new best track for ep032023 detected
[Thu Jul 13 02:42:05 2023 UTC] new RSS (index.xml) detected
[Thu Jul 13 08:41:02 2023 UTC] new advisory (007) for ep032023 detected
[Thu Jul 13 08:41:02 2023 UTC] new best track for ep032023 detected
[Thu Jul 13 08:41:02 2023 UTC] new RSS (index.xml) detected
[Thu Jul 13 14:37:57 2023 UTC] new advisory (008) for ep032023 detected
[Thu Jul 13 14:37:57 2023 UTC] new best track for ep032023 detected
[Thu Jul 13 14:37:57 2023 UTC] new RSS (index.xml) detected
[Thu Jul 13 20:32:48 2023 UTC] new advisory (009) for ep032023 detected
[Thu Jul 13 20:32:49 2023 UTC] new best track for ep032023 detected
[Thu Jul 13 20:32:49 2023 UTC] new RSS (index.xml) detected
[Fri Jul 14 02:44:06 2023 UTC] new advisory (010) for ep032023 detected
[Fri Jul 14 02:44:06 2023 UTC] new best track for ep032023 detected
[Fri Jul 14 02:44:06 2023 UTC] new RSS (index.xml) detected
[Fri Jul 14 08:35:00 2023 UTC] new advisory (011) for ep032023 detected
[Fri Jul 14 08:35:00 2023 UTC] new best track for ep032023 detected
[Fri Jul 14 08:35:00 2023 UTC] new RSS (index.xml) detected
[Fri Jul 14 14:50:35 2023 UTC] new advisory (012) for ep032023 detected
[Fri Jul 14 14:50:35 2023 UTC] new best track for ep032023 detected
[Fri Jul 14 14:50:36 2023 UTC] new RSS (index.xml) detected
[Fri Jul 14 20:48:56 2023 UTC] new advisory (013) for ep032023 detected
[Fri Jul 14 20:48:57 2023 UTC] new best track for ep032023 detected
[Fri Jul 14 20:48:57 2023 UTC] new RSS (index.xml) detected
[Sat Jul 15 02:36:48 2023 UTC] new advisory (014) for ep032023 detected
[Sat Jul 15 02:36:49 2023 UTC] new best track for ep032023 detected
[Sat Jul 15 02:36:49 2023 UTC] new RSS (index.xml) detected
[Sat Jul 15 08:33:15 2023 UTC] new advisory (015) for ep032023 detected
[Sat Jul 15 08:33:16 2023 UTC] new best track for ep032023 detected
[Sat Jul 15 08:33:16 2023 UTC] new RSS (index.xml) detected
[Sat Jul 15 14:50:01 2023 UTC] new advisory (016) for ep032023 detected
[Sat Jul 15 14:50:02 2023 UTC] new best track for ep032023 detected
[Sat Jul 15 14:50:02 2023 UTC] new RSS (index.xml) detected
[Sat Jul 15 20:35:33 2023 UTC] new advisory (017) for ep032023 detected
[Sat Jul 15 20:35:33 2023 UTC] new best track for ep032023 detected
[Sat Jul 15 20:35:33 2023 UTC] new RSS (index.xml) detected
[Sun Jul 16 02:39:32 2023 UTC] new advisory (018) for ep032023 detected
[Sun Jul 16 02:39:32 2023 UTC] new best track for ep032023 detected
[Sun Jul 16 02:39:32 2023 UTC] new RSS (index.xml) detected
[Sun Jul 16 08:39:22 2023 UTC] new advisory (019) for ep032023 detected
[Sun Jul 16 08:39:23 2023 UTC] new best track for ep032023 detected
[Sun Jul 16 08:39:23 2023 UTC] new RSS (index.xml) detected
