[Fri Nov  1 20:32:19 2024 UTC] new advisory (001) for ep132024 detected
[Fri Nov  1 21:01:45 2024 UTC] new best track for ep132024 detected
[Fri Nov  1 21:01:45 2024 UTC] new RSS (index.xml) detected
[Sat Nov  2 02:35:21 2024 UTC] new advisory (002) for ep132024 detected
[Sat Nov  2 02:35:21 2024 UTC] new best track for ep132024 detected
[Sat Nov  2 02:35:21 2024 UTC] new RSS (index.xml) detected
[Sat Nov  2 08:43:04 2024 UTC] new advisory (003) for ep132024 detected
[Sat Nov  2 08:43:04 2024 UTC] new best track for ep132024 detected
[Sat Nov  2 08:43:04 2024 UTC] new RSS (index.xml) detected
[Sat Nov  2 14:36:43 2024 UTC] new advisory (004) for ep132024 detected
[Sat Nov  2 14:36:43 2024 UTC] new best track for ep132024 detected
[Sat Nov  2 14:36:43 2024 UTC] new RSS (index.xml) detected
[Sat Nov  2 20:37:20 2024 UTC] new advisory (005) for ep132024 detected
[Sat Nov  2 20:37:20 2024 UTC] new best track for ep132024 detected
[Sat Nov  2 20:37:20 2024 UTC] new RSS (index.xml) detected
[Sun Nov  3 02:40:28 2024 UTC] new advisory (006) for ep132024 detected
[Sun Nov  3 02:40:28 2024 UTC] new best track for ep132024 detected
[Sun Nov  3 02:40:28 2024 UTC] new RSS (index.xml) detected
[Sun Nov  3 08:35:06 2024 UTC] new advisory (007) for ep132024 detected
[Sun Nov  3 08:35:07 2024 UTC] new best track for ep132024 detected
[Sun Nov  3 08:35:07 2024 UTC] new RSS (index.xml) detected
[Sun Nov  3 14:52:07 2024 UTC] new advisory (008) for ep132024 detected
[Sun Nov  3 14:52:07 2024 UTC] new best track for ep132024 detected
[Sun Nov  3 14:52:07 2024 UTC] new RSS (index.xml) detected
