[Tue Oct  7 14:36:38 2025 UTC] new advisory (001) for al102025 detected
[Tue Oct  7 15:01:16 2025 UTC] new best track for al102025 detected
[Tue Oct  7 15:01:16 2025 UTC] new RSS (index.xml) detected
[Tue Oct  7 20:35:07 2025 UTC] new advisory (002) for al102025 detected
[Tue Oct  7 20:35:07 2025 UTC] new best track for al102025 detected
[Tue Oct  7 20:35:07 2025 UTC] new RSS (index.xml) detected
[Tue Oct  7 23:37:15 2025 UTC] new advisory (002a) for al102025 detected
[Tue Oct  7 23:37:15 2025 UTC] new best track for al102025 detected
[Tue Oct  7 23:37:15 2025 UTC] new RSS (index.xml) detected
[Wed Oct  8 02:35:18 2025 UTC] new advisory (003) for al102025 detected
[Wed Oct  8 02:35:18 2025 UTC] new best track for al102025 detected
[Wed Oct  8 02:35:18 2025 UTC] new RSS (index.xml) detected
[Wed Oct  8 05:42:34 2025 UTC] new advisory (003a) for al102025 detected
[Wed Oct  8 05:42:34 2025 UTC] new best track for al102025 detected
[Wed Oct  8 05:42:34 2025 UTC] new RSS (index.xml) detected
[Wed Oct  8 08:46:47 2025 UTC] new advisory (004) for al102025 detected
[Wed Oct  8 08:46:47 2025 UTC] new best track for al102025 detected
[Wed Oct  8 08:46:47 2025 UTC] new RSS (index.xml) detected
[Wed Oct  8 11:45:57 2025 UTC] new advisory (004a) for al102025 detected
[Wed Oct  8 11:45:57 2025 UTC] new best track for al102025 detected
[Wed Oct  8 11:45:57 2025 UTC] new RSS (index.xml) detected
[Wed Oct  8 14:52:20 2025 UTC] new advisory (005) for al102025 detected
[Wed Oct  8 14:52:20 2025 UTC] new best track for al102025 detected
[Wed Oct  8 14:52:20 2025 UTC] new RSS (index.xml) detected
[Wed Oct  8 17:43:16 2025 UTC] new advisory (005a) for al102025 detected
[Wed Oct  8 17:43:16 2025 UTC] new best track for al102025 detected
[Wed Oct  8 17:43:16 2025 UTC] new RSS (index.xml) detected
[Wed Oct  8 20:35:18 2025 UTC] new advisory (006) for al102025 detected
[Wed Oct  8 20:35:18 2025 UTC] new best track for al102025 detected
[Wed Oct  8 20:35:18 2025 UTC] new RSS (index.xml) detected
[Wed Oct  8 23:56:58 2025 UTC] new advisory (006a) for al102025 detected
[Wed Oct  8 23:56:58 2025 UTC] new best track for al102025 detected
[Wed Oct  8 23:56:58 2025 UTC] new RSS (index.xml) detected
[Thu Oct  9 02:58:12 2025 UTC] new advisory (007) for al102025 detected
[Thu Oct  9 02:58:12 2025 UTC] new best track for al102025 detected
[Thu Oct  9 02:58:12 2025 UTC] new RSS (index.xml) detected
[Thu Oct  9 05:45:01 2025 UTC] new advisory (007a) for al102025 detected
[Thu Oct  9 05:45:01 2025 UTC] new best track for al102025 detected
[Thu Oct  9 05:45:01 2025 UTC] new RSS (index.xml) detected
[Thu Oct  9 08:47:23 2025 UTC] new advisory (008) for al102025 detected
[Thu Oct  9 08:47:23 2025 UTC] new best track for al102025 detected
[Thu Oct  9 08:47:23 2025 UTC] new RSS (index.xml) detected
[Thu Oct  9 11:52:50 2025 UTC] new advisory (008a) for al102025 detected
[Thu Oct  9 11:52:50 2025 UTC] new best track for al102025 detected
[Thu Oct  9 11:52:50 2025 UTC] new RSS (index.xml) detected
[Thu Oct  9 14:42:25 2025 UTC] new advisory (009) for al102025 detected
[Thu Oct  9 14:42:25 2025 UTC] new best track for al102025 detected
[Thu Oct  9 14:42:25 2025 UTC] new RSS (index.xml) detected
[Thu Oct  9 17:45:46 2025 UTC] new advisory (009a) for al102025 detected
[Thu Oct  9 17:45:46 2025 UTC] new best track for al102025 detected
[Thu Oct  9 17:45:46 2025 UTC] new RSS (index.xml) detected
[Thu Oct  9 20:36:31 2025 UTC] new advisory (010) for al102025 detected
[Thu Oct  9 20:36:32 2025 UTC] new best track for al102025 detected
[Thu Oct  9 20:36:32 2025 UTC] new RSS (index.xml) detected
[Thu Oct  9 23:57:02 2025 UTC] new advisory (010a) for al102025 detected
[Thu Oct  9 23:57:02 2025 UTC] new best track for al102025 detected
[Thu Oct  9 23:57:02 2025 UTC] new RSS (index.xml) detected
[Fri Oct 10 02:54:42 2025 UTC] new advisory (011) for al102025 detected
[Fri Oct 10 02:54:42 2025 UTC] new best track for al102025 detected
[Fri Oct 10 02:54:42 2025 UTC] new RSS (index.xml) detected
[Fri Oct 10 05:48:30 2025 UTC] new advisory (011a) for al102025 detected
[Fri Oct 10 05:48:30 2025 UTC] new best track for al102025 detected
[Fri Oct 10 05:48:30 2025 UTC] new RSS (index.xml) detected
[Fri Oct 10 08:54:45 2025 UTC] new advisory (012) for al102025 detected
[Fri Oct 10 08:54:45 2025 UTC] new best track for al102025 detected
[Fri Oct 10 08:54:45 2025 UTC] new RSS (index.xml) detected
[Fri Oct 10 11:48:40 2025 UTC] new advisory (012a) for al102025 detected
[Fri Oct 10 11:48:40 2025 UTC] new best track for al102025 detected
[Fri Oct 10 11:48:40 2025 UTC] new RSS (index.xml) detected
[Fri Oct 10 14:42:36 2025 UTC] new advisory (013) for al102025 detected
[Fri Oct 10 14:42:36 2025 UTC] new best track for al102025 detected
[Fri Oct 10 14:42:36 2025 UTC] new RSS (index.xml) detected
[Fri Oct 10 20:36:31 2025 UTC] new advisory (014) for al102025 detected
[Fri Oct 10 20:36:31 2025 UTC] new best track for al102025 detected
[Fri Oct 10 20:36:31 2025 UTC] new RSS (index.xml) detected
[Sat Oct 11 02:40:50 2025 UTC] new advisory (015) for al102025 detected
[Sat Oct 11 02:40:50 2025 UTC] new best track for al102025 detected
[Sat Oct 11 02:40:50 2025 UTC] new RSS (index.xml) detected
