[Fri Oct 24 20:38:05 2025 UTC] new advisory (001) for ep182025 detected
[Fri Oct 24 20:38:05 2025 UTC] new best track for ep182025 detected
[Fri Oct 24 20:38:05 2025 UTC] new RSS (index.xml) detected
[Sat Oct 25 02:38:02 2025 UTC] new advisory (002) for ep182025 detected
[Sat Oct 25 02:38:02 2025 UTC] new best track for ep182025 detected
[Sat Oct 25 02:38:02 2025 UTC] new RSS (index.xml) detected
[Sat Oct 25 08:34:20 2025 UTC] new advisory (003) for ep182025 detected
[Sat Oct 25 08:34:20 2025 UTC] new best track for ep182025 detected
[Sat Oct 25 08:34:20 2025 UTC] new RSS (index.xml) detected
[Sat Oct 25 14:53:32 2025 UTC] new advisory (004) for ep182025 detected
[Sat Oct 25 14:53:33 2025 UTC] new best track for ep182025 detected
[Sat Oct 25 14:53:33 2025 UTC] new RSS (index.xml) detected
[Sat Oct 25 20:43:52 2025 UTC] new advisory (005) for ep182025 detected
[Sat Oct 25 20:43:52 2025 UTC] new best track for ep182025 detected
[Sat Oct 25 20:43:53 2025 UTC] new RSS (index.xml) detected
[Sun Oct 26 02:36:24 2025 UTC] new advisory (006) for ep182025 detected
[Sun Oct 26 02:36:24 2025 UTC] new best track for ep182025 detected
[Sun Oct 26 02:36:24 2025 UTC] new RSS (index.xml) detected
[Sun Oct 26 08:49:42 2025 UTC] new advisory (007) for ep182025 detected
[Sun Oct 26 08:49:43 2025 UTC] new best track for ep182025 detected
[Sun Oct 26 08:49:43 2025 UTC] new RSS (index.xml) detected
[Sun Oct 26 14:49:55 2025 UTC] new advisory (008) for ep182025 detected
[Sun Oct 26 14:49:55 2025 UTC] new best track for ep182025 detected
[Sun Oct 26 14:49:56 2025 UTC] new RSS (index.xml) detected
