[Thu Sep 29 02:43:36 2022 UTC] new advisory (001) for ep162022 detected
[Thu Sep 29 03:01:57 2022 UTC] new best track for ep162022 detected
[Thu Sep 29 03:01:57 2022 UTC] new RSS (index.xml) detected
[Thu Sep 29 08:36:35 2022 UTC] new advisory (002) for ep162022 detected
[Thu Sep 29 08:36:35 2022 UTC] new best track for ep162022 detected
[Thu Sep 29 08:36:35 2022 UTC] new RSS (index.xml) detected
[Thu Sep 29 14:45:18 2022 UTC] new advisory (003) for ep162022 detected
[Thu Sep 29 14:45:19 2022 UTC] new best track for ep162022 detected
[Thu Sep 29 14:45:19 2022 UTC] new RSS (index.xml) detected
[Thu Sep 29 20:44:36 2022 UTC] new advisory (004) for ep162022 detected
[Thu Sep 29 20:44:37 2022 UTC] new best track for ep162022 detected
[Thu Sep 29 20:44:37 2022 UTC] new RSS (index.xml) detected
[Fri Sep 30 02:34:24 2022 UTC] new advisory (005) for ep162022 detected
[Fri Sep 30 02:34:24 2022 UTC] new best track for ep162022 detected
[Fri Sep 30 02:34:25 2022 UTC] new RSS (index.xml) detected
[Fri Sep 30 08:35:39 2022 UTC] new advisory (006) for ep162022 detected
[Fri Sep 30 08:35:39 2022 UTC] new best track for ep162022 detected
[Fri Sep 30 08:35:40 2022 UTC] new RSS (index.xml) detected
[Fri Sep 30 14:39:14 2022 UTC] new advisory (007) for ep162022 detected
[Fri Sep 30 14:39:14 2022 UTC] new best track for ep162022 detected
[Fri Sep 30 14:39:14 2022 UTC] new RSS (index.xml) detected
[Fri Sep 30 20:33:36 2022 UTC] new advisory (008) for ep162022 detected
[Fri Sep 30 20:33:37 2022 UTC] new best track for ep162022 detected
[Fri Sep 30 20:33:37 2022 UTC] new RSS (index.xml) detected
[Fri Sep 30 23:55:52 2022 UTC] new advisory (008A) for ep162022 detected
[Fri Sep 30 23:55:52 2022 UTC] new best track for ep162022 detected
[Fri Sep 30 23:55:53 2022 UTC] new RSS (index.xml) detected
[Sat Oct  1 03:01:43 2022 UTC] new advisory (009) for ep162022 detected
[Sat Oct  1 03:01:44 2022 UTC] new best track for ep162022 detected
[Sat Oct  1 03:01:44 2022 UTC] new RSS (index.xml) detected
[Sat Oct  1 05:52:23 2022 UTC] new advisory (009A) for ep162022 detected
[Sat Oct  1 05:52:23 2022 UTC] new best track for ep162022 detected
[Sat Oct  1 05:52:23 2022 UTC] new RSS (index.xml) detected
[Sat Oct  1 08:34:46 2022 UTC] new advisory (010) for ep162022 detected
[Sat Oct  1 08:34:47 2022 UTC] new best track for ep162022 detected
[Sat Oct  1 08:34:47 2022 UTC] new RSS (index.xml) detected
[Sat Oct  1 11:36:32 2022 UTC] new advisory (010A) for ep162022 detected
[Sat Oct  1 11:36:33 2022 UTC] new best track for ep162022 detected
[Sat Oct  1 11:36:33 2022 UTC] new RSS (index.xml) detected
[Sat Oct  1 14:51:37 2022 UTC] new advisory (011) for ep162022 detected
[Sat Oct  1 14:51:38 2022 UTC] new best track for ep162022 detected
[Sat Oct  1 14:51:38 2022 UTC] new RSS (index.xml) detected
[Sat Oct  1 17:51:21 2022 UTC] new advisory (011A) for ep162022 detected
[Sat Oct  1 17:51:21 2022 UTC] new best track for ep162022 detected
[Sat Oct  1 17:51:21 2022 UTC] new RSS (index.xml) detected
[Sat Oct  1 20:34:41 2022 UTC] new advisory (012) for ep162022 detected
[Sat Oct  1 20:34:42 2022 UTC] new best track for ep162022 detected
[Sat Oct  1 20:34:42 2022 UTC] new RSS (index.xml) detected
[Sat Oct  1 23:59:55 2022 UTC] new advisory (013) for ep162022 detected
[Sat Oct  1 23:59:55 2022 UTC] new best track for ep162022 detected
[Sat Oct  1 23:59:55 2022 UTC] new RSS (index.xml) detected
[Sun Oct  2 02:57:37 2022 UTC] new advisory (014) for ep162022 detected
[Sun Oct  2 02:57:38 2022 UTC] new best track for ep162022 detected
[Sun Oct  2 02:57:38 2022 UTC] new RSS (index.xml) detected
[Sun Oct  2 05:51:18 2022 UTC] new advisory (014A) for ep162022 detected
[Sun Oct  2 05:51:19 2022 UTC] new best track for ep162022 detected
[Sun Oct  2 05:51:19 2022 UTC] new RSS (index.xml) detected
[Sun Oct  2 08:54:07 2022 UTC] new advisory (015) for ep162022 detected
[Sun Oct  2 08:54:08 2022 UTC] new best track for ep162022 detected
[Sun Oct  2 08:54:08 2022 UTC] new RSS (index.xml) detected
[Sun Oct  2 11:49:57 2022 UTC] new advisory (015A) for ep162022 detected
[Sun Oct  2 11:49:57 2022 UTC] new best track for ep162022 detected
[Sun Oct  2 11:49:57 2022 UTC] new RSS (index.xml) detected
[Sun Oct  2 14:47:56 2022 UTC] new advisory (016) for ep162022 detected
[Sun Oct  2 14:47:56 2022 UTC] new best track for ep162022 detected
[Sun Oct  2 14:47:57 2022 UTC] new RSS (index.xml) detected
[Sun Oct  2 17:49:03 2022 UTC] new advisory (016A) for ep162022 detected
[Sun Oct  2 17:49:03 2022 UTC] new best track for ep162022 detected
[Sun Oct  2 17:49:04 2022 UTC] new RSS (index.xml) detected
[Sun Oct  2 20:36:52 2022 UTC] new advisory (017) for ep162022 detected
[Sun Oct  2 20:36:53 2022 UTC] new best track for ep162022 detected
[Sun Oct  2 20:36:53 2022 UTC] new RSS (index.xml) detected
[Sun Oct  2 23:51:17 2022 UTC] new advisory (017A) for ep162022 detected
[Sun Oct  2 23:51:17 2022 UTC] new best track for ep162022 detected
[Sun Oct  2 23:51:17 2022 UTC] new RSS (index.xml) detected
[Mon Oct  3 02:49:49 2022 UTC] new advisory (018) for ep162022 detected
[Mon Oct  3 02:49:49 2022 UTC] new best track for ep162022 detected
[Mon Oct  3 02:49:50 2022 UTC] new RSS (index.xml) detected
[Mon Oct  3 05:57:03 2022 UTC] new advisory (018A) for ep162022 detected
[Mon Oct  3 05:57:04 2022 UTC] new best track for ep162022 detected
[Mon Oct  3 05:57:04 2022 UTC] new RSS (index.xml) detected
[Mon Oct  3 08:46:52 2022 UTC] new advisory (019) for ep162022 detected
[Mon Oct  3 08:46:53 2022 UTC] new best track for ep162022 detected
[Mon Oct  3 08:46:53 2022 UTC] new RSS (index.xml) detected
[Mon Oct  3 11:59:08 2022 UTC] new advisory (019A) for ep162022 detected
[Mon Oct  3 11:59:08 2022 UTC] new best track for ep162022 detected
[Mon Oct  3 11:59:09 2022 UTC] new RSS (index.xml) detected
[Mon Oct  3 14:48:59 2022 UTC] new advisory (020) for ep162022 detected
[Mon Oct  3 14:48:59 2022 UTC] new best track for ep162022 detected
[Mon Oct  3 14:48:59 2022 UTC] new RSS (index.xml) detected
[Mon Oct  3 17:55:36 2022 UTC] new advisory (020A) for ep162022 detected
[Mon Oct  3 17:55:37 2022 UTC] new best track for ep162022 detected
[Mon Oct  3 17:55:37 2022 UTC] new RSS (index.xml) detected
[Mon Oct  3 20:36:15 2022 UTC] new advisory (021) for ep162022 detected
[Mon Oct  3 20:36:15 2022 UTC] new best track for ep162022 detected
[Mon Oct  3 20:36:15 2022 UTC] new RSS (index.xml) detected
[Tue Oct  4 02:37:30 2022 UTC] new advisory (022) for ep162022 detected
[Tue Oct  4 02:37:30 2022 UTC] new best track for ep162022 detected
[Tue Oct  4 02:37:30 2022 UTC] new RSS (index.xml) detected
