[Wed Sep 14 15:01:45 2022 UTC] new advisory (001) for al072022 detected
[Wed Sep 14 15:01:46 2022 UTC] new best track for al072022 detected
[Wed Sep 14 15:01:46 2022 UTC] new RSS (index.xml) detected
[Wed Sep 14 20:43:31 2022 UTC] new advisory (002) for al072022 detected
[Wed Sep 14 20:43:31 2022 UTC] new best track for al072022 detected
[Wed Sep 14 20:43:32 2022 UTC] new RSS (index.xml) detected
[Thu Sep 15 02:43:59 2022 UTC] new advisory (003) for al072022 detected
[Thu Sep 15 02:43:59 2022 UTC] new best track for al072022 detected
[Thu Sep 15 02:43:59 2022 UTC] new RSS (index.xml) detected
[Thu Sep 15 05:44:07 2022 UTC] new advisory (003A) for al072022 detected
[Thu Sep 15 05:44:08 2022 UTC] new best track for al072022 detected
[Thu Sep 15 05:44:08 2022 UTC] new RSS (index.xml) detected
[Thu Sep 15 08:57:31 2022 UTC] new advisory (004) for al072022 detected
[Thu Sep 15 08:57:32 2022 UTC] new best track for al072022 detected
[Thu Sep 15 08:57:32 2022 UTC] new RSS (index.xml) detected
[Thu Sep 15 11:38:10 2022 UTC] new advisory (004A) for al072022 detected
[Thu Sep 15 11:38:11 2022 UTC] new best track for al072022 detected
[Thu Sep 15 11:38:11 2022 UTC] new RSS (index.xml) detected
[Thu Sep 15 14:53:36 2022 UTC] new advisory (005) for al072022 detected
[Thu Sep 15 14:53:37 2022 UTC] new best track for al072022 detected
[Thu Sep 15 14:53:37 2022 UTC] new RSS (index.xml) detected
[Thu Sep 15 17:37:22 2022 UTC] new advisory (005A) for al072022 detected
[Thu Sep 15 17:37:23 2022 UTC] new best track for al072022 detected
[Thu Sep 15 17:37:23 2022 UTC] new RSS (index.xml) detected
[Thu Sep 15 20:51:48 2022 UTC] new advisory (006) for al072022 detected
[Thu Sep 15 20:51:49 2022 UTC] new best track for al072022 detected
[Thu Sep 15 20:51:49 2022 UTC] new RSS (index.xml) detected
[Thu Sep 15 23:35:11 2022 UTC] new advisory (006A) for al072022 detected
[Thu Sep 15 23:35:12 2022 UTC] new best track for al072022 detected
[Thu Sep 15 23:35:12 2022 UTC] new RSS (index.xml) detected
[Fri Sep 16 02:41:21 2022 UTC] new advisory (007) for al072022 detected
[Fri Sep 16 02:41:22 2022 UTC] new best track for al072022 detected
[Fri Sep 16 02:41:22 2022 UTC] new RSS (index.xml) detected
[Fri Sep 16 05:55:28 2022 UTC] new advisory (007A) for al072022 detected
[Fri Sep 16 05:55:28 2022 UTC] new best track for al072022 detected
[Fri Sep 16 05:55:29 2022 UTC] new RSS (index.xml) detected
[Fri Sep 16 08:59:19 2022 UTC] new advisory (008) for al072022 detected
[Fri Sep 16 08:59:19 2022 UTC] new best track for al072022 detected
[Fri Sep 16 08:59:19 2022 UTC] new RSS (index.xml) detected
[Fri Sep 16 11:51:56 2022 UTC] new advisory (008A) for al072022 detected
[Fri Sep 16 11:51:57 2022 UTC] new best track for al072022 detected
[Fri Sep 16 11:51:57 2022 UTC] new RSS (index.xml) detected
[Fri Sep 16 14:53:44 2022 UTC] new advisory (009) for al072022 detected
[Fri Sep 16 14:53:45 2022 UTC] new best track for al072022 detected
[Fri Sep 16 14:53:45 2022 UTC] new RSS (index.xml) detected
[Fri Sep 16 17:54:28 2022 UTC] new advisory (009A) for al072022 detected
[Fri Sep 16 17:54:29 2022 UTC] new best track for al072022 detected
[Fri Sep 16 17:54:29 2022 UTC] new RSS (index.xml) detected
[Fri Sep 16 20:53:08 2022 UTC] new advisory (010) for al072022 detected
[Fri Sep 16 20:53:08 2022 UTC] new best track for al072022 detected
[Fri Sep 16 20:53:09 2022 UTC] new RSS (index.xml) detected
[Fri Sep 16 23:43:39 2022 UTC] new advisory (010A) for al072022 detected
[Fri Sep 16 23:43:40 2022 UTC] new best track for al072022 detected
[Fri Sep 16 23:43:40 2022 UTC] new RSS (index.xml) detected
[Sat Sep 17 02:48:27 2022 UTC] new advisory (011) for al072022 detected
[Sat Sep 17 02:48:28 2022 UTC] new best track for al072022 detected
[Sat Sep 17 02:48:28 2022 UTC] new RSS (index.xml) detected
[Sat Sep 17 05:51:12 2022 UTC] new advisory (011A) for al072022 detected
[Sat Sep 17 05:51:13 2022 UTC] new best track for al072022 detected
[Sat Sep 17 05:51:13 2022 UTC] new RSS (index.xml) detected
[Sat Sep 17 09:01:07 2022 UTC] new advisory (012) for al072022 detected
[Sat Sep 17 09:01:08 2022 UTC] new best track for al072022 detected
[Sat Sep 17 09:01:08 2022 UTC] new RSS (index.xml) detected
[Sat Sep 17 11:56:44 2022 UTC] new advisory (012A) for al072022 detected
[Sat Sep 17 11:56:45 2022 UTC] new best track for al072022 detected
[Sat Sep 17 11:56:45 2022 UTC] new RSS (index.xml) detected
[Sat Sep 17 14:57:30 2022 UTC] new advisory (013) for al072022 detected
[Sat Sep 17 14:57:30 2022 UTC] new best track for al072022 detected
[Sat Sep 17 14:57:31 2022 UTC] new RSS (index.xml) detected
[Sat Sep 17 17:56:11 2022 UTC] new advisory (013A) for al072022 detected
[Sat Sep 17 17:56:12 2022 UTC] new best track for al072022 detected
[Sat Sep 17 17:56:12 2022 UTC] new RSS (index.xml) detected
[Sat Sep 17 21:01:16 2022 UTC] new advisory (014) for al072022 detected
[Sat Sep 17 21:01:16 2022 UTC] new best track for al072022 detected
[Sat Sep 17 21:01:16 2022 UTC] new RSS (index.xml) detected
[Sun Sep 18 00:03:53 2022 UTC] new advisory (014A) for al072022 detected
[Sun Sep 18 00:03:53 2022 UTC] new best track for al072022 detected
[Sun Sep 18 00:03:54 2022 UTC] new RSS (index.xml) detected
[Sun Sep 18 02:58:20 2022 UTC] new advisory (015) for al072022 detected
[Sun Sep 18 02:58:20 2022 UTC] new best track for al072022 detected
[Sun Sep 18 02:58:20 2022 UTC] new RSS (index.xml) detected
[Sun Sep 18 05:54:55 2022 UTC] new advisory (015A) for al072022 detected
[Sun Sep 18 05:54:55 2022 UTC] new best track for al072022 detected
[Sun Sep 18 05:54:55 2022 UTC] new RSS (index.xml) detected
[Sun Sep 18 08:58:44 2022 UTC] new advisory (016) for al072022 detected
[Sun Sep 18 08:58:45 2022 UTC] new best track for al072022 detected
[Sun Sep 18 08:58:45 2022 UTC] new RSS (index.xml) detected
[Sun Sep 18 11:57:25 2022 UTC] new advisory (016A) for al072022 detected
[Sun Sep 18 11:57:25 2022 UTC] new best track for al072022 detected
[Sun Sep 18 11:57:25 2022 UTC] new RSS (index.xml) detected
[Sun Sep 18 14:56:08 2022 UTC] new advisory (017) for al072022 detected
[Sun Sep 18 14:56:08 2022 UTC] new best track for al072022 detected
[Sun Sep 18 14:56:08 2022 UTC] new RSS (index.xml) detected
[Sun Sep 18 17:57:55 2022 UTC] new advisory (017A) for al072022 detected
[Sun Sep 18 17:57:55 2022 UTC] new best track for al072022 detected
[Sun Sep 18 17:57:56 2022 UTC] new RSS (index.xml) detected
[Sun Sep 18 21:00:41 2022 UTC] new advisory (018) for al072022 detected
[Sun Sep 18 21:00:42 2022 UTC] new best track for al072022 detected
[Sun Sep 18 21:00:42 2022 UTC] new RSS (index.xml) detected
[Sun Sep 18 23:54:15 2022 UTC] new advisory (018A) for al072022 detected
[Sun Sep 18 23:54:15 2022 UTC] new best track for al072022 detected
[Sun Sep 18 23:54:15 2022 UTC] new RSS (index.xml) detected
[Mon Sep 19 02:59:03 2022 UTC] new advisory (019) for al072022 detected
[Mon Sep 19 02:59:03 2022 UTC] new best track for al072022 detected
[Mon Sep 19 02:59:03 2022 UTC] new RSS (index.xml) detected
[Mon Sep 19 05:52:36 2022 UTC] new advisory (019A) for al072022 detected
[Mon Sep 19 05:52:37 2022 UTC] new best track for al072022 detected
[Mon Sep 19 05:52:37 2022 UTC] new RSS (index.xml) detected
[Mon Sep 19 08:59:27 2022 UTC] new advisory (020) for al072022 detected
[Mon Sep 19 08:59:27 2022 UTC] new best track for al072022 detected
[Mon Sep 19 08:59:28 2022 UTC] new RSS (index.xml) detected
[Mon Sep 19 11:59:09 2022 UTC] new advisory (020A) for al072022 detected
[Mon Sep 19 11:59:10 2022 UTC] new best track for al072022 detected
[Mon Sep 19 11:59:10 2022 UTC] new RSS (index.xml) detected
[Mon Sep 19 15:02:57 2022 UTC] new advisory (021) for al072022 detected
[Mon Sep 19 15:02:57 2022 UTC] new best track for al072022 detected
[Mon Sep 19 15:02:58 2022 UTC] new RSS (index.xml) detected
[Mon Sep 19 17:52:27 2022 UTC] new advisory (021A) for al072022 detected
[Mon Sep 19 17:52:27 2022 UTC] new best track for al072022 detected
[Mon Sep 19 17:52:28 2022 UTC] new RSS (index.xml) detected
[Mon Sep 19 21:00:18 2022 UTC] new advisory (022) for al072022 detected
[Mon Sep 19 21:00:19 2022 UTC] new best track for al072022 detected
[Mon Sep 19 21:00:19 2022 UTC] new RSS (index.xml) detected
[Tue Sep 20 00:02:03 2022 UTC] new advisory (022A) for al072022 detected
[Tue Sep 20 00:02:03 2022 UTC] new best track for al072022 detected
[Tue Sep 20 00:02:03 2022 UTC] new RSS (index.xml) detected
[Tue Sep 20 02:53:34 2022 UTC] new advisory (023) for al072022 detected
[Tue Sep 20 02:53:35 2022 UTC] new best track for al072022 detected
[Tue Sep 20 02:53:35 2022 UTC] new RSS (index.xml) detected
[Tue Sep 20 05:47:11 2022 UTC] new advisory (023A) for al072022 detected
[Tue Sep 20 05:47:11 2022 UTC] new best track for al072022 detected
[Tue Sep 20 05:47:11 2022 UTC] new RSS (index.xml) detected
[Tue Sep 20 08:55:03 2022 UTC] new advisory (024) for al072022 detected
[Tue Sep 20 08:55:03 2022 UTC] new best track for al072022 detected
[Tue Sep 20 08:55:04 2022 UTC] new RSS (index.xml) detected
[Tue Sep 20 11:59:52 2022 UTC] new advisory (024A) for al072022 detected
[Tue Sep 20 11:59:52 2022 UTC] new best track for al072022 detected
[Tue Sep 20 11:59:52 2022 UTC] new RSS (index.xml) detected
[Tue Sep 20 14:54:27 2022 UTC] new advisory (025) for al072022 detected
[Tue Sep 20 14:54:27 2022 UTC] new best track for al072022 detected
[Tue Sep 20 14:54:28 2022 UTC] new RSS (index.xml) detected
[Tue Sep 20 18:00:07 2022 UTC] new advisory (025A) for al072022 detected
[Tue Sep 20 18:00:08 2022 UTC] new best track for al072022 detected
[Tue Sep 20 18:00:08 2022 UTC] new RSS (index.xml) detected
[Tue Sep 20 20:55:36 2022 UTC] new advisory (026) for al072022 detected
[Tue Sep 20 20:55:36 2022 UTC] new best track for al072022 detected
[Tue Sep 20 20:55:37 2022 UTC] new RSS (index.xml) detected
[Wed Sep 21 00:02:18 2022 UTC] new advisory (026A) for al072022 detected
[Wed Sep 21 00:02:18 2022 UTC] new best track for al072022 detected
[Wed Sep 21 00:02:19 2022 UTC] new RSS (index.xml) detected
[Wed Sep 21 02:50:45 2022 UTC] new advisory (027) for al072022 detected
[Wed Sep 21 02:50:45 2022 UTC] new best track for al072022 detected
[Wed Sep 21 02:50:46 2022 UTC] new RSS (index.xml) detected
[Wed Sep 21 05:52:35 2022 UTC] new advisory (027A) for al072022 detected
[Wed Sep 21 05:52:35 2022 UTC] new best track for al072022 detected
[Wed Sep 21 05:52:35 2022 UTC] new RSS (index.xml) detected
[Wed Sep 21 10:09:17 2022 UTC] new advisory (028) for al072022 detected
[Wed Sep 21 10:09:17 2022 UTC] new best track for al072022 detected
[Wed Sep 21 10:09:18 2022 UTC] new RSS (index.xml) detected
[Wed Sep 21 11:49:35 2022 UTC] new advisory (028A) for al072022 detected
[Wed Sep 21 11:49:35 2022 UTC] new best track for al072022 detected
[Wed Sep 21 11:49:35 2022 UTC] new RSS (index.xml) detected
[Wed Sep 21 14:57:32 2022 UTC] new advisory (029) for al072022 detected
[Wed Sep 21 14:57:33 2022 UTC] new best track for al072022 detected
[Wed Sep 21 14:57:33 2022 UTC] new RSS (index.xml) detected
[Wed Sep 21 17:45:02 2022 UTC] new advisory (029A) for al072022 detected
[Wed Sep 21 17:45:02 2022 UTC] new best track for al072022 detected
[Wed Sep 21 17:45:02 2022 UTC] new RSS (index.xml) detected
[Wed Sep 21 20:40:39 2022 UTC] new advisory (030) for al072022 detected
[Wed Sep 21 20:40:40 2022 UTC] new best track for al072022 detected
[Wed Sep 21 20:40:40 2022 UTC] new RSS (index.xml) detected
[Wed Sep 21 23:48:29 2022 UTC] new advisory (030A) for al072022 detected
[Wed Sep 21 23:48:29 2022 UTC] new best track for al072022 detected
[Wed Sep 21 23:48:29 2022 UTC] new RSS (index.xml) detected
[Thu Sep 22 02:52:41 2022 UTC] new advisory (031) for al072022 detected
[Thu Sep 22 02:52:42 2022 UTC] new best track for al072022 detected
[Thu Sep 22 02:52:42 2022 UTC] new RSS (index.xml) detected
[Thu Sep 22 05:41:09 2022 UTC] new advisory (031A) for al072022 detected
[Thu Sep 22 05:41:10 2022 UTC] new best track for al072022 detected
[Thu Sep 22 05:41:10 2022 UTC] new RSS (index.xml) detected
[Thu Sep 22 08:53:09 2022 UTC] new advisory (032) for al072022 detected
[Thu Sep 22 08:53:10 2022 UTC] new best track for al072022 detected
[Thu Sep 22 08:53:10 2022 UTC] new RSS (index.xml) detected
[Thu Sep 22 12:03:07 2022 UTC] new advisory (032A) for al072022 detected
[Thu Sep 22 12:03:07 2022 UTC] new best track for al072022 detected
[Thu Sep 22 12:03:08 2022 UTC] new RSS (index.xml) detected
[Thu Sep 22 14:55:37 2022 UTC] new advisory (033) for al072022 detected
[Thu Sep 22 14:55:38 2022 UTC] new best track for al072022 detected
[Thu Sep 22 14:55:38 2022 UTC] new RSS (index.xml) detected
[Thu Sep 22 17:54:23 2022 UTC] new advisory (033A) for al072022 detected
[Thu Sep 22 17:54:24 2022 UTC] new best track for al072022 detected
[Thu Sep 22 17:54:24 2022 UTC] new RSS (index.xml) detected
[Thu Sep 22 20:45:58 2022 UTC] new advisory (034) for al072022 detected
[Thu Sep 22 20:45:59 2022 UTC] new best track for al072022 detected
[Thu Sep 22 20:45:59 2022 UTC] new RSS (index.xml) detected
[Thu Sep 22 23:47:51 2022 UTC] new advisory (034A) for al072022 detected
[Thu Sep 22 23:47:52 2022 UTC] new best track for al072022 detected
[Thu Sep 22 23:47:52 2022 UTC] new RSS (index.xml) detected
[Fri Sep 23 03:02:17 2022 UTC] new advisory (035) for al072022 detected
[Fri Sep 23 03:02:17 2022 UTC] new best track for al072022 detected
[Fri Sep 23 03:02:17 2022 UTC] new RSS (index.xml) detected
[Fri Sep 23 05:42:58 2022 UTC] new advisory (035A) for al072022 detected
[Fri Sep 23 05:42:58 2022 UTC] new best track for al072022 detected
[Fri Sep 23 05:42:59 2022 UTC] new RSS (index.xml) detected
[Fri Sep 23 08:51:52 2022 UTC] new advisory (036) for al072022 detected
[Fri Sep 23 08:51:52 2022 UTC] new best track for al072022 detected
[Fri Sep 23 08:51:53 2022 UTC] new RSS (index.xml) detected
[Fri Sep 23 11:55:36 2022 UTC] new advisory (036A) for al072022 detected
[Fri Sep 23 11:55:37 2022 UTC] new best track for al072022 detected
[Fri Sep 23 11:55:37 2022 UTC] new RSS (index.xml) detected
[Fri Sep 23 14:47:09 2022 UTC] new advisory (037) for al072022 detected
[Fri Sep 23 14:47:10 2022 UTC] new best track for al072022 detected
[Fri Sep 23 14:47:10 2022 UTC] new RSS (index.xml) detected
[Fri Sep 23 18:02:07 2022 UTC] new advisory (037A) for al072022 detected
[Fri Sep 23 18:02:07 2022 UTC] new best track for al072022 detected
[Fri Sep 23 18:02:07 2022 UTC] new RSS (index.xml) detected
[Fri Sep 23 21:01:45 2022 UTC] new advisory (038) for al072022 detected
[Fri Sep 23 21:01:45 2022 UTC] new best track for al072022 detected
[Fri Sep 23 21:01:46 2022 UTC] new RSS (index.xml) detected
[Sat Sep 24 00:05:30 2022 UTC] new advisory (038A) for al072022 detected
[Sat Sep 24 00:05:31 2022 UTC] new best track for al072022 detected
[Sat Sep 24 00:05:31 2022 UTC] new RSS (index.xml) detected
[Sat Sep 24 02:59:02 2022 UTC] new advisory (039) for al072022 detected
[Sat Sep 24 02:59:02 2022 UTC] new best track for al072022 detected
[Sat Sep 24 02:59:03 2022 UTC] new RSS (index.xml) detected
[Sat Sep 24 05:55:41 2022 UTC] new advisory (039A) for al072022 detected
[Sat Sep 24 05:55:41 2022 UTC] new best track for al072022 detected
[Sat Sep 24 05:55:41 2022 UTC] new RSS (index.xml) detected
[Sat Sep 24 08:53:23 2022 UTC] new advisory (040) for al072022 detected
[Sat Sep 24 08:53:23 2022 UTC] new best track for al072022 detected
[Sat Sep 24 08:53:24 2022 UTC] new RSS (index.xml) detected
[Sat Sep 24 11:53:02 2022 UTC] new advisory (040A) for al072022 detected
[Sat Sep 24 11:53:03 2022 UTC] new best track for al072022 detected
[Sat Sep 24 11:53:03 2022 UTC] new RSS (index.xml) detected
[Sat Sep 24 14:38:30 2022 UTC] new advisory (041) for al072022 detected
[Sat Sep 24 14:38:31 2022 UTC] new best track for al072022 detected
[Sat Sep 24 14:38:31 2022 UTC] new RSS (index.xml) detected
[Sat Sep 24 17:51:26 2022 UTC] new advisory (041A) for al072022 detected
[Sat Sep 24 17:51:26 2022 UTC] new best track for al072022 detected
[Sat Sep 24 17:51:26 2022 UTC] new RSS (index.xml) detected
[Sat Sep 24 20:49:22 2022 UTC] new advisory (042) for al072022 detected
[Sat Sep 24 20:49:22 2022 UTC] new best track for al072022 detected
[Sat Sep 24 20:49:22 2022 UTC] new RSS (index.xml) detected
