[Wed Sep 17 08:37:23 2025 UTC] new advisory (001) for al072025 detected
[Wed Sep 17 09:00:55 2025 UTC] new best track for al072025 detected
[Wed Sep 17 09:00:55 2025 UTC] new RSS (index.xml) detected
[Wed Sep 17 14:58:29 2025 UTC] new advisory (002) for al072025 detected
[Wed Sep 17 14:58:30 2025 UTC] new best track for al072025 detected
[Wed Sep 17 14:58:30 2025 UTC] new RSS (index.xml) detected
[Wed Sep 17 20:45:33 2025 UTC] new advisory (003) for al072025 detected
[Wed Sep 17 20:45:33 2025 UTC] new best track for al072025 detected
[Wed Sep 17 20:45:33 2025 UTC] new RSS (index.xml) detected
[Thu Sep 18 02:51:59 2025 UTC] new advisory (004) for al072025 detected
[Thu Sep 18 02:51:59 2025 UTC] new best track for al072025 detected
[Thu Sep 18 02:51:59 2025 UTC] new RSS (index.xml) detected
[Thu Sep 18 08:34:58 2025 UTC] new advisory (005) for al072025 detected
[Thu Sep 18 08:34:59 2025 UTC] new best track for al072025 detected
[Thu Sep 18 08:34:59 2025 UTC] new RSS (index.xml) detected
[Thu Sep 18 14:44:29 2025 UTC] new advisory (006) for al072025 detected
[Thu Sep 18 14:44:29 2025 UTC] new best track for al072025 detected
[Thu Sep 18 14:44:29 2025 UTC] new RSS (index.xml) detected
[Thu Sep 18 20:52:55 2025 UTC] new advisory (007) for al072025 detected
[Thu Sep 18 20:52:55 2025 UTC] new best track for al072025 detected
[Thu Sep 18 20:52:55 2025 UTC] new RSS (index.xml) detected
[Fri Sep 19 02:41:06 2025 UTC] new advisory (008) for al072025 detected
[Fri Sep 19 02:41:06 2025 UTC] new best track for al072025 detected
[Fri Sep 19 02:41:07 2025 UTC] new RSS (index.xml) detected
[Fri Sep 19 08:48:27 2025 UTC] new advisory (009) for al072025 detected
[Fri Sep 19 08:48:27 2025 UTC] new best track for al072025 detected
[Fri Sep 19 08:48:27 2025 UTC] new RSS (index.xml) detected
[Fri Sep 19 14:25:16 2025 UTC] new advisory (010) for al072025 detected
[Fri Sep 19 14:25:16 2025 UTC] new best track for al072025 detected
[Fri Sep 19 14:25:16 2025 UTC] new RSS (index.xml) detected
[Fri Sep 19 20:42:49 2025 UTC] new advisory (011) for al072025 detected
[Fri Sep 19 20:42:49 2025 UTC] new best track for al072025 detected
[Fri Sep 19 20:42:49 2025 UTC] new RSS (index.xml) detected
[Sat Sep 20 02:47:50 2025 UTC] new advisory (012) for al072025 detected
[Sat Sep 20 02:47:50 2025 UTC] new best track for al072025 detected
[Sat Sep 20 02:47:50 2025 UTC] new RSS (index.xml) detected
[Sat Sep 20 08:38:37 2025 UTC] new advisory (013) for al072025 detected
[Sat Sep 20 08:38:37 2025 UTC] new best track for al072025 detected
[Sat Sep 20 08:38:37 2025 UTC] new RSS (index.xml) detected
