[Mon Aug  5 14:50:48 2024 UTC] new advisory (001) for ep062024 detected
[Mon Aug  5 15:01:08 2024 UTC] new best track for ep062024 detected
[Mon Aug  5 15:01:08 2024 UTC] new RSS (index.xml) detected
[Mon Aug  5 20:35:16 2024 UTC] new advisory (002) for ep062024 detected
[Mon Aug  5 20:35:16 2024 UTC] new best track for ep062024 detected
[Mon Aug  5 20:35:16 2024 UTC] new RSS (index.xml) detected
[Tue Aug  6 02:45:59 2024 UTC] new advisory (003) for ep062024 detected
[Tue Aug  6 02:45:59 2024 UTC] new best track for ep062024 detected
[Tue Aug  6 02:45:59 2024 UTC] new RSS (index.xml) detected
[Tue Aug  6 08:47:19 2024 UTC] new advisory (004) for ep062024 detected
[Tue Aug  6 08:47:19 2024 UTC] new best track for ep062024 detected
[Tue Aug  6 08:47:19 2024 UTC] new RSS (index.xml) detected
[Tue Aug  6 14:49:00 2024 UTC] new advisory (005) for ep062024 detected
[Tue Aug  6 14:49:00 2024 UTC] new best track for ep062024 detected
[Tue Aug  6 14:49:00 2024 UTC] new RSS (index.xml) detected
[Tue Aug  6 20:53:06 2024 UTC] new advisory (006) for ep062024 detected
[Tue Aug  6 20:53:06 2024 UTC] new best track for ep062024 detected
[Tue Aug  6 20:53:06 2024 UTC] new RSS (index.xml) detected
[Wed Aug  7 02:49:08 2024 UTC] new advisory (007) for ep062024 detected
[Wed Aug  7 02:49:08 2024 UTC] new best track for ep062024 detected
[Wed Aug  7 02:49:08 2024 UTC] new RSS (index.xml) detected
[Wed Aug  7 08:51:05 2024 UTC] new advisory (008) for ep062024 detected
[Wed Aug  7 08:51:06 2024 UTC] new best track for ep062024 detected
[Wed Aug  7 08:51:06 2024 UTC] new RSS (index.xml) detected
