[Sun Sep 22 20:52:52 2024 UTC] new advisory (001) for ep102024 detected
[Sun Sep 22 21:01:01 2024 UTC] new best track for ep102024 detected
[Sun Sep 22 21:01:01 2024 UTC] new RSS (index.xml) detected
[Sun Sep 22 23:32:25 2024 UTC] new advisory (001A) for ep102024 detected
[Sun Sep 22 23:32:25 2024 UTC] new best track for ep102024 detected
[Sun Sep 22 23:32:25 2024 UTC] new RSS (index.xml) detected
[Mon Sep 23 02:34:26 2024 UTC] new advisory (002) for ep102024 detected
[Mon Sep 23 02:34:27 2024 UTC] new best track for ep102024 detected
[Mon Sep 23 02:34:27 2024 UTC] new RSS (index.xml) detected
[Mon Sep 23 05:34:24 2024 UTC] new advisory (002A) for ep102024 detected
[Mon Sep 23 05:34:24 2024 UTC] new best track for ep102024 detected
[Mon Sep 23 05:34:24 2024 UTC] new RSS (index.xml) detected
[Mon Sep 23 08:53:42 2024 UTC] new advisory (003) for ep102024 detected
[Mon Sep 23 08:53:43 2024 UTC] new best track for ep102024 detected
[Mon Sep 23 08:53:43 2024 UTC] new RSS (index.xml) detected
[Mon Sep 23 11:56:42 2024 UTC] new advisory (003A) for ep102024 detected
[Mon Sep 23 11:56:42 2024 UTC] new best track for ep102024 detected
[Mon Sep 23 11:56:42 2024 UTC] new RSS (index.xml) detected
[Mon Sep 23 14:48:33 2024 UTC] new advisory (004) for ep102024 detected
[Mon Sep 23 14:48:34 2024 UTC] new best track for ep102024 detected
[Mon Sep 23 14:48:34 2024 UTC] new RSS (index.xml) detected
