[Sat Sep 17 20:35:28 2022 UTC] new advisory (001) for ep142022 detected
[Sat Sep 17 21:03:18 2022 UTC] new best track for ep142022 detected
[Sat Sep 17 21:03:19 2022 UTC] new RSS (index.xml) detected
[Sun Sep 18 02:41:00 2022 UTC] new advisory (002) for ep142022 detected
[Sun Sep 18 02:41:00 2022 UTC] new best track for ep142022 detected
[Sun Sep 18 02:41:00 2022 UTC] new RSS (index.xml) detected
[Sun Sep 18 08:59:45 2022 UTC] new advisory (003) for ep142022 detected
[Sun Sep 18 08:59:46 2022 UTC] new best track for ep142022 detected
[Sun Sep 18 08:59:46 2022 UTC] new RSS (index.xml) detected
[Sun Sep 18 11:48:13 2022 UTC] new advisory (003A) for ep142022 detected
[Sun Sep 18 11:48:14 2022 UTC] new best track for ep142022 detected
[Sun Sep 18 11:48:14 2022 UTC] new RSS (index.xml) detected
[Sun Sep 18 14:38:46 2022 UTC] new advisory (004) for ep142022 detected
[Sun Sep 18 14:38:46 2022 UTC] new best track for ep142022 detected
[Sun Sep 18 14:38:47 2022 UTC] new RSS (index.xml) detected
[Sun Sep 18 17:40:33 2022 UTC] new advisory (004A) for ep142022 detected
[Sun Sep 18 17:40:33 2022 UTC] new best track for ep142022 detected
[Sun Sep 18 17:40:34 2022 UTC] new RSS (index.xml) detected
[Sun Sep 18 20:39:15 2022 UTC] new advisory (005) for ep142022 detected
[Sun Sep 18 20:39:16 2022 UTC] new best track for ep142022 detected
[Sun Sep 18 20:39:16 2022 UTC] new RSS (index.xml) detected
[Sun Sep 18 23:48:07 2022 UTC] new advisory (005A) for ep142022 detected
[Sun Sep 18 23:48:07 2022 UTC] new best track for ep142022 detected
[Sun Sep 18 23:48:08 2022 UTC] new RSS (index.xml) detected
[Mon Sep 19 02:41:41 2022 UTC] new advisory (006) for ep142022 detected
[Mon Sep 19 02:41:41 2022 UTC] new best track for ep142022 detected
[Mon Sep 19 02:41:42 2022 UTC] new RSS (index.xml) detected
[Mon Sep 19 08:58:26 2022 UTC] new advisory (007) for ep142022 detected
[Mon Sep 19 08:58:26 2022 UTC] new best track for ep142022 detected
[Mon Sep 19 08:58:27 2022 UTC] new RSS (index.xml) detected
[Mon Sep 19 15:03:58 2022 UTC] new advisory (008) for ep142022 detected
[Mon Sep 19 15:03:59 2022 UTC] new best track for ep142022 detected
[Mon Sep 19 15:03:59 2022 UTC] new RSS (index.xml) detected
[Mon Sep 19 20:34:47 2022 UTC] new advisory (009) for ep142022 detected
[Mon Sep 19 20:34:48 2022 UTC] new best track for ep142022 detected
[Mon Sep 19 20:34:48 2022 UTC] new RSS (index.xml) detected
[Tue Sep 20 02:44:23 2022 UTC] new advisory (010) for ep142022 detected
[Tue Sep 20 02:44:23 2022 UTC] new best track for ep142022 detected
[Tue Sep 20 02:44:24 2022 UTC] new RSS (index.xml) detected
[Tue Sep 20 08:47:54 2022 UTC] new advisory (011) for ep142022 detected
[Tue Sep 20 08:47:55 2022 UTC] new best track for ep142022 detected
[Tue Sep 20 08:47:55 2022 UTC] new RSS (index.xml) detected
[Tue Sep 20 14:47:19 2022 UTC] new advisory (012) for ep142022 detected
[Tue Sep 20 14:47:20 2022 UTC] new best track for ep142022 detected
[Tue Sep 20 14:47:20 2022 UTC] new RSS (index.xml) detected
[Tue Sep 20 20:43:22 2022 UTC] new advisory (013) for ep142022 detected
[Tue Sep 20 20:43:22 2022 UTC] new best track for ep142022 detected
[Tue Sep 20 20:43:22 2022 UTC] new RSS (index.xml) detected
