[Wed Oct 11 02:40:51 2023 UTC] new advisory (001) for al192023 detected
[Wed Oct 11 03:01:30 2023 UTC] new best track for al192023 detected
[Wed Oct 11 03:01:31 2023 UTC] new RSS (index.xml) detected
[Wed Oct 11 08:37:06 2023 UTC] new advisory (002) for al192023 detected
[Wed Oct 11 08:37:06 2023 UTC] new best track for al192023 detected
[Wed Oct 11 08:37:07 2023 UTC] new RSS (index.xml) detected
[Wed Oct 11 14:51:21 2023 UTC] new advisory (003) for al192023 detected
[Wed Oct 11 14:51:22 2023 UTC] new best track for al192023 detected
[Wed Oct 11 14:51:22 2023 UTC] new RSS (index.xml) detected
[Wed Oct 11 20:37:14 2023 UTC] new advisory (004) for al192023 detected
[Wed Oct 11 20:37:14 2023 UTC] new best track for al192023 detected
[Wed Oct 11 20:37:15 2023 UTC] new RSS (index.xml) detected
[Thu Oct 12 02:32:43 2023 UTC] new advisory (005) for al192023 detected
[Thu Oct 12 02:32:44 2023 UTC] new best track for al192023 detected
[Thu Oct 12 02:32:45 2023 UTC] new RSS (index.xml) detected
[Thu Oct 12 08:35:45 2023 UTC] new advisory (006) for al192023 detected
[Thu Oct 12 08:35:46 2023 UTC] new best track for al192023 detected
[Thu Oct 12 08:35:46 2023 UTC] new RSS (index.xml) detected
[Thu Oct 12 14:37:43 2023 UTC] new advisory (007) for al192023 detected
[Thu Oct 12 14:37:44 2023 UTC] new best track for al192023 detected
[Thu Oct 12 14:37:44 2023 UTC] new RSS (index.xml) detected
[Thu Oct 12 20:34:42 2023 UTC] new advisory (008) for al192023 detected
[Thu Oct 12 20:34:42 2023 UTC] new best track for al192023 detected
[Thu Oct 12 20:34:43 2023 UTC] new RSS (index.xml) detected
[Fri Oct 13 02:34:28 2023 UTC] new advisory (009) for al192023 detected
[Fri Oct 13 02:34:28 2023 UTC] new best track for al192023 detected
[Fri Oct 13 02:34:29 2023 UTC] new RSS (index.xml) detected
[Fri Oct 13 08:35:20 2023 UTC] new advisory (010) for al192023 detected
[Fri Oct 13 08:35:20 2023 UTC] new best track for al192023 detected
[Fri Oct 13 08:35:20 2023 UTC] new RSS (index.xml) detected
[Fri Oct 13 14:43:17 2023 UTC] new advisory (011) for al192023 detected
[Fri Oct 13 14:43:17 2023 UTC] new best track for al192023 detected
[Fri Oct 13 14:43:17 2023 UTC] new RSS (index.xml) detected
[Fri Oct 13 20:38:53 2023 UTC] new advisory (012) for al192023 detected
[Fri Oct 13 20:38:54 2023 UTC] new best track for al192023 detected
[Fri Oct 13 20:38:54 2023 UTC] new RSS (index.xml) detected
[Sat Oct 14 02:38:33 2023 UTC] new advisory (013) for al192023 detected
[Sat Oct 14 02:38:33 2023 UTC] new best track for al192023 detected
[Sat Oct 14 02:38:33 2023 UTC] new RSS (index.xml) detected
[Sat Oct 14 08:38:09 2023 UTC] new advisory (014) for al192023 detected
[Sat Oct 14 08:38:10 2023 UTC] new best track for al192023 detected
[Sat Oct 14 08:38:10 2023 UTC] new RSS (index.xml) detected
[Sat Oct 14 14:45:55 2023 UTC] new advisory (015) for al192023 detected
[Sat Oct 14 14:45:56 2023 UTC] new best track for al192023 detected
[Sat Oct 14 14:45:56 2023 UTC] new RSS (index.xml) detected
[Sat Oct 14 20:37:35 2023 UTC] new advisory (016) for al192023 detected
[Sat Oct 14 20:37:36 2023 UTC] new best track for al192023 detected
[Sat Oct 14 20:37:36 2023 UTC] new RSS (index.xml) detected
[Sun Oct 15 02:32:25 2023 UTC] new advisory (017) for al192023 detected
[Sun Oct 15 02:32:25 2023 UTC] new best track for al192023 detected
[Sun Oct 15 02:32:26 2023 UTC] new RSS (index.xml) detected
[Sun Oct 15 08:38:40 2023 UTC] new advisory (018) for al192023 detected
[Sun Oct 15 08:38:41 2023 UTC] new best track for al192023 detected
[Sun Oct 15 08:38:41 2023 UTC] new RSS (index.xml) detected
