[Tue Aug 29 14:48:21 2023 UTC] new advisory (001) for al112023 detected
[Tue Aug 29 15:01:14 2023 UTC] new best track for al112023 detected
[Tue Aug 29 15:01:14 2023 UTC] new RSS (index.xml) detected
[Tue Aug 29 20:40:23 2023 UTC] new advisory (002) for al112023 detected
[Tue Aug 29 20:40:23 2023 UTC] new best track for al112023 detected
[Tue Aug 29 20:40:23 2023 UTC] new RSS (index.xml) detected
[Wed Aug 30 02:47:48 2023 UTC] new advisory (003) for al112023 detected
[Wed Aug 30 02:47:48 2023 UTC] new best track for al112023 detected
[Wed Aug 30 02:47:48 2023 UTC] new RSS (index.xml) detected
[Wed Aug 30 08:39:55 2023 UTC] new advisory (004) for al112023 detected
[Wed Aug 30 08:39:55 2023 UTC] new best track for al112023 detected
[Wed Aug 30 08:39:55 2023 UTC] new RSS (index.xml) detected
[Wed Aug 30 14:45:39 2023 UTC] new advisory (005) for al112023 detected
[Wed Aug 30 14:45:39 2023 UTC] new best track for al112023 detected
[Wed Aug 30 14:45:39 2023 UTC] new RSS (index.xml) detected
[Wed Aug 30 20:35:02 2023 UTC] new advisory (006) for al112023 detected
[Wed Aug 30 20:35:03 2023 UTC] new best track for al112023 detected
[Wed Aug 30 20:35:03 2023 UTC] new RSS (index.xml) detected
[Thu Aug 31 02:46:38 2023 UTC] new advisory (007) for al112023 detected
[Thu Aug 31 02:46:39 2023 UTC] new best track for al112023 detected
[Thu Aug 31 02:46:39 2023 UTC] new RSS (index.xml) detected
[Thu Aug 31 08:51:17 2023 UTC] new advisory (008) for al112023 detected
[Thu Aug 31 08:51:17 2023 UTC] new best track for al112023 detected
[Thu Aug 31 08:51:17 2023 UTC] new RSS (index.xml) detected
[Thu Aug 31 14:54:40 2023 UTC] new advisory (009) for al112023 detected
[Thu Aug 31 14:54:40 2023 UTC] new best track for al112023 detected
[Thu Aug 31 14:54:40 2023 UTC] new RSS (index.xml) detected
[Thu Aug 31 20:38:12 2023 UTC] new advisory (010) for al112023 detected
[Thu Aug 31 20:38:13 2023 UTC] new best track for al112023 detected
[Thu Aug 31 20:38:13 2023 UTC] new RSS (index.xml) detected
