[Wed Jul  1 09:07:04 2026 UTC] new advisory (001) for ep042026 detected
[Wed Jul  1 09:07:04 2026 UTC] new best track for ep042026 detected
[Wed Jul  1 09:07:04 2026 UTC] new RSS (index.xml) detected
[Wed Jul  1 15:05:51 2026 UTC] new advisory (002) for ep042026 detected
[Wed Jul  1 15:05:51 2026 UTC] new best track for ep042026 detected
[Wed Jul  1 15:05:51 2026 UTC] new RSS (index.xml) detected
[Wed Jul  1 20:39:16 2026 UTC] new advisory (003) for ep042026 detected
[Wed Jul  1 20:39:16 2026 UTC] new best track for ep042026 detected
[Wed Jul  1 20:39:16 2026 UTC] new RSS (index.xml) detected
[Thu Jul  2 02:32:56 2026 UTC] new advisory (004) for ep042026 detected
[Thu Jul  2 02:32:56 2026 UTC] new best track for ep042026 detected
[Thu Jul  2 02:32:56 2026 UTC] new RSS (index.xml) detected
[Thu Jul  2 08:50:24 2026 UTC] new advisory (005) for ep042026 detected
[Thu Jul  2 08:50:24 2026 UTC] new best track for ep042026 detected
[Thu Jul  2 08:50:24 2026 UTC] new RSS (index.xml) detected
[Thu Jul  2 14:37:16 2026 UTC] new advisory (006) for ep042026 detected
[Thu Jul  2 14:37:17 2026 UTC] new best track for ep042026 detected
[Thu Jul  2 14:37:17 2026 UTC] new RSS (index.xml) detected
[Thu Jul  2 20:33:08 2026 UTC] new advisory (007) for ep042026 detected
[Thu Jul  2 20:33:08 2026 UTC] new best track for ep042026 detected
[Thu Jul  2 20:33:08 2026 UTC] new RSS (index.xml) detected
[Fri Jul  3 02:32:57 2026 UTC] new advisory (008) for ep042026 detected
[Fri Jul  3 02:32:57 2026 UTC] new best track for ep042026 detected
[Fri Jul  3 02:32:57 2026 UTC] new RSS (index.xml) detected
