[Sun Sep 15 20:59:08 2024 UTC] new advisory (001) for al082024 detected
[Sun Sep 15 21:01:13 2024 UTC] new best track for al082024 detected
[Sun Sep 15 21:01:13 2024 UTC] new RSS (index.xml) detected
[Sun Sep 15 23:41:20 2024 UTC] new advisory (001A) for al082024 detected
[Sun Sep 15 23:41:20 2024 UTC] new best track for al082024 detected
[Sun Sep 15 23:41:20 2024 UTC] new RSS (index.xml) detected
[Mon Sep 16 02:40:40 2024 UTC] new advisory (002) for al082024 detected
[Mon Sep 16 02:40:40 2024 UTC] new best track for al082024 detected
[Mon Sep 16 02:40:40 2024 UTC] new RSS (index.xml) detected
[Mon Sep 16 05:51:18 2024 UTC] new advisory (002A) for al082024 detected
[Mon Sep 16 05:51:19 2024 UTC] new best track for al082024 detected
[Mon Sep 16 05:51:19 2024 UTC] new RSS (index.xml) detected
[Mon Sep 16 08:47:09 2024 UTC] new advisory (003) for al082024 detected
[Mon Sep 16 08:47:09 2024 UTC] new best track for al082024 detected
[Mon Sep 16 08:47:09 2024 UTC] new RSS (index.xml) detected
[Mon Sep 16 11:59:40 2024 UTC] new advisory (003A) for al082024 detected
[Mon Sep 16 11:59:40 2024 UTC] new best track for al082024 detected
[Mon Sep 16 11:59:40 2024 UTC] new RSS (index.xml) detected
[Mon Sep 16 14:52:52 2024 UTC] new advisory (004) for al082024 detected
[Mon Sep 16 14:52:52 2024 UTC] new best track for al082024 detected
[Mon Sep 16 14:52:52 2024 UTC] new RSS (index.xml) detected
