[Sun Jun 29 08:35:15 2025 UTC] new advisory (001) for ep062025 detected
[Sun Jun 29 09:01:03 2025 UTC] new best track for ep062025 detected
[Sun Jun 29 09:01:03 2025 UTC] new RSS (index.xml) detected
[Sun Jun 29 11:41:03 2025 UTC] new advisory (001A) for ep062025 detected
[Sun Jun 29 11:41:03 2025 UTC] new best track for ep062025 detected
[Sun Jun 29 11:41:03 2025 UTC] new RSS (index.xml) detected
[Sun Jun 29 14:42:50 2025 UTC] new advisory (002) for ep062025 detected
[Sun Jun 29 14:42:50 2025 UTC] new best track for ep062025 detected
[Sun Jun 29 14:42:50 2025 UTC] new RSS (index.xml) detected
[Sun Jun 29 17:41:05 2025 UTC] new advisory (002A) for ep062025 detected
[Sun Jun 29 17:41:05 2025 UTC] new best track for ep062025 detected
[Sun Jun 29 17:41:05 2025 UTC] new RSS (index.xml) detected
[Sun Jun 29 20:38:17 2025 UTC] new advisory (003) for ep062025 detected
[Sun Jun 29 20:38:17 2025 UTC] new best track for ep062025 detected
[Sun Jun 29 20:38:17 2025 UTC] new RSS (index.xml) detected
[Sun Jun 29 23:50:46 2025 UTC] new advisory (003A) for ep062025 detected
[Sun Jun 29 23:50:46 2025 UTC] new best track for ep062025 detected
[Sun Jun 29 23:50:47 2025 UTC] new RSS (index.xml) detected
[Mon Jun 30 02:36:40 2025 UTC] new advisory (004) for ep062025 detected
[Mon Jun 30 02:36:40 2025 UTC] new best track for ep062025 detected
[Mon Jun 30 02:36:40 2025 UTC] new RSS (index.xml) detected
[Mon Jun 30 06:06:30 2025 UTC] new advisory (004A) for ep062025 detected
[Mon Jun 30 06:06:30 2025 UTC] new best track for ep062025 detected
[Mon Jun 30 06:06:30 2025 UTC] new RSS (index.xml) detected
[Mon Jun 30 08:51:23 2025 UTC] new advisory (005) for ep062025 detected
[Mon Jun 30 08:51:23 2025 UTC] new best track for ep062025 detected
[Mon Jun 30 08:51:23 2025 UTC] new RSS (index.xml) detected
[Mon Jun 30 11:51:34 2025 UTC] new advisory (005A) for ep062025 detected
[Mon Jun 30 11:51:35 2025 UTC] new best track for ep062025 detected
[Mon Jun 30 11:51:35 2025 UTC] new RSS (index.xml) detected
[Mon Jun 30 14:50:47 2025 UTC] new advisory (006) for ep062025 detected
[Mon Jun 30 14:50:47 2025 UTC] new best track for ep062025 detected
[Mon Jun 30 14:50:48 2025 UTC] new RSS (index.xml) detected
[Mon Jun 30 17:50:53 2025 UTC] new advisory (006A) for ep062025 detected
[Mon Jun 30 17:50:53 2025 UTC] new best track for ep062025 detected
[Mon Jun 30 17:50:54 2025 UTC] new RSS (index.xml) detected
[Mon Jun 30 20:50:40 2025 UTC] new advisory (007) for ep062025 detected
[Mon Jun 30 20:50:40 2025 UTC] new best track for ep062025 detected
[Mon Jun 30 20:50:40 2025 UTC] new RSS (index.xml) detected
[Tue Jul  1 00:06:42 2025 UTC] new advisory (007A) for ep062025 detected
[Tue Jul  1 00:06:42 2025 UTC] new best track for ep062025 detected
[Tue Jul  1 00:06:42 2025 UTC] new RSS (index.xml) detected
[Tue Jul  1 03:06:23 2025 UTC] new advisory (008) for ep062025 detected
[Tue Jul  1 03:06:24 2025 UTC] new best track for ep062025 detected
[Tue Jul  1 03:06:24 2025 UTC] new RSS (index.xml) detected
[Tue Jul  1 05:50:42 2025 UTC] new advisory (008A) for ep062025 detected
[Tue Jul  1 05:50:42 2025 UTC] new best track for ep062025 detected
[Tue Jul  1 05:50:42 2025 UTC] new RSS (index.xml) detected
[Tue Jul  1 08:51:21 2025 UTC] new advisory (009) for ep062025 detected
[Tue Jul  1 08:51:21 2025 UTC] new best track for ep062025 detected
[Tue Jul  1 08:51:21 2025 UTC] new RSS (index.xml) detected
[Tue Jul  1 11:36:37 2025 UTC] new advisory (009A) for ep062025 detected
[Tue Jul  1 11:36:37 2025 UTC] new best track for ep062025 detected
[Tue Jul  1 11:36:37 2025 UTC] new RSS (index.xml) detected
[Tue Jul  1 14:51:34 2025 UTC] new advisory (010) for ep062025 detected
[Tue Jul  1 14:51:34 2025 UTC] new best track for ep062025 detected
[Tue Jul  1 14:51:35 2025 UTC] new RSS (index.xml) detected
[Tue Jul  1 17:51:18 2025 UTC] new advisory (010A) for ep062025 detected
[Tue Jul  1 17:51:18 2025 UTC] new best track for ep062025 detected
[Tue Jul  1 17:51:18 2025 UTC] new RSS (index.xml) detected
