[Sat Aug  5 14:34:40 2023 UTC] new advisory (001) for ep062023 detected
[Sat Aug  5 15:00:45 2023 UTC] new best track for ep062023 detected
[Sat Aug  5 15:00:45 2023 UTC] new RSS (index.xml) detected
[Sat Aug  5 20:38:23 2023 UTC] new advisory (002) for ep062023 detected
[Sat Aug  5 20:38:23 2023 UTC] new best track for ep062023 detected
[Sat Aug  5 20:38:23 2023 UTC] new RSS (index.xml) detected
[Sun Aug  6 02:43:35 2023 UTC] new advisory (003) for ep062023 detected
[Sun Aug  6 02:43:35 2023 UTC] new best track for ep062023 detected
[Sun Aug  6 02:43:35 2023 UTC] new RSS (index.xml) detected
[Sun Aug  6 08:42:31 2023 UTC] new advisory (004) for ep062023 detected
[Sun Aug  6 08:42:31 2023 UTC] new best track for ep062023 detected
[Sun Aug  6 08:42:31 2023 UTC] new RSS (index.xml) detected
[Sun Aug  6 14:46:41 2023 UTC] new advisory (005) for ep062023 detected
[Sun Aug  6 14:46:41 2023 UTC] new best track for ep062023 detected
[Sun Aug  6 14:46:41 2023 UTC] new RSS (index.xml) detected
[Sun Aug  6 20:33:27 2023 UTC] new advisory (006) for ep062023 detected
[Sun Aug  6 20:33:28 2023 UTC] new best track for ep062023 detected
[Sun Aug  6 20:33:28 2023 UTC] new RSS (index.xml) detected
[Mon Aug  7 02:35:06 2023 UTC] new advisory (007) for ep062023 detected
[Mon Aug  7 02:35:06 2023 UTC] new best track for ep062023 detected
[Mon Aug  7 02:35:06 2023 UTC] new RSS (index.xml) detected
[Mon Aug  7 08:32:39 2023 UTC] new advisory (008) for ep062023 detected
[Mon Aug  7 08:32:40 2023 UTC] new best track for ep062023 detected
[Mon Aug  7 08:32:40 2023 UTC] new RSS (index.xml) detected
[Mon Aug  7 14:33:31 2023 UTC] new advisory (009) for ep062023 detected
[Mon Aug  7 14:33:32 2023 UTC] new best track for ep062023 detected
[Mon Aug  7 14:33:32 2023 UTC] new RSS (index.xml) detected
[Mon Aug  7 20:36:26 2023 UTC] new advisory (010) for ep062023 detected
[Mon Aug  7 20:36:26 2023 UTC] new best track for ep062023 detected
[Mon Aug  7 20:36:26 2023 UTC] new RSS (index.xml) detected
