[Sun Oct  8 02:43:28 2023 UTC] new advisory (001) for ep162023 detected
[Sun Oct  8 03:01:59 2023 UTC] new best track for ep162023 detected
[Sun Oct  8 03:02:00 2023 UTC] new RSS (index.xml) detected
[Sun Oct  8 05:44:34 2023 UTC] new advisory (001A) for ep162023 detected
[Sun Oct  8 05:44:35 2023 UTC] new best track for ep162023 detected
[Sun Oct  8 05:44:36 2023 UTC] new RSS (index.xml) detected
[Sun Oct  8 08:33:50 2023 UTC] new advisory (002) for ep162023 detected
[Sun Oct  8 08:33:50 2023 UTC] new best track for ep162023 detected
[Sun Oct  8 08:33:51 2023 UTC] new RSS (index.xml) detected
[Sun Oct  8 11:42:40 2023 UTC] new advisory (002A) for ep162023 detected
[Sun Oct  8 11:42:40 2023 UTC] new best track for ep162023 detected
[Sun Oct  8 11:42:41 2023 UTC] new RSS (index.xml) detected
[Sun Oct  8 14:40:38 2023 UTC] new advisory (003) for ep162023 detected
[Sun Oct  8 14:40:38 2023 UTC] new best track for ep162023 detected
[Sun Oct  8 14:40:39 2023 UTC] new RSS (index.xml) detected
[Sun Oct  8 17:47:14 2023 UTC] new advisory (003A) for ep162023 detected
[Sun Oct  8 17:47:14 2023 UTC] new best track for ep162023 detected
[Sun Oct  8 17:47:15 2023 UTC] new RSS (index.xml) detected
[Sun Oct  8 20:40:46 2023 UTC] new advisory (004) for ep162023 detected
[Sun Oct  8 20:40:46 2023 UTC] new best track for ep162023 detected
[Sun Oct  8 20:40:47 2023 UTC] new RSS (index.xml) detected
[Sun Oct  8 23:58:26 2023 UTC] new advisory (004A) for ep162023 detected
[Sun Oct  8 23:58:26 2023 UTC] new best track for ep162023 detected
[Sun Oct  8 23:58:27 2023 UTC] new RSS (index.xml) detected
[Mon Oct  9 02:47:35 2023 UTC] new advisory (005) for ep162023 detected
[Mon Oct  9 02:47:35 2023 UTC] new best track for ep162023 detected
[Mon Oct  9 02:47:36 2023 UTC] new RSS (index.xml) detected
[Mon Oct  9 05:56:58 2023 UTC] new advisory (005A) for ep162023 detected
[Mon Oct  9 05:56:58 2023 UTC] new best track for ep162023 detected
[Mon Oct  9 05:56:59 2023 UTC] new RSS (index.xml) detected
[Mon Oct  9 08:46:07 2023 UTC] new advisory (006) for ep162023 detected
[Mon Oct  9 08:46:07 2023 UTC] new best track for ep162023 detected
[Mon Oct  9 08:46:08 2023 UTC] new RSS (index.xml) detected
[Mon Oct  9 11:52:52 2023 UTC] new advisory (006A) for ep162023 detected
[Mon Oct  9 11:52:52 2023 UTC] new best track for ep162023 detected
[Mon Oct  9 11:52:53 2023 UTC] new RSS (index.xml) detected
