[Sun Aug 31 08:34:07 2025 UTC] new advisory (001) for ep112025 detected
[Sun Aug 31 09:00:35 2025 UTC] new best track for ep112025 detected
[Sun Aug 31 09:00:35 2025 UTC] new RSS (index.xml) detected
[Sun Aug 31 14:34:34 2025 UTC] new advisory (002) for ep112025 detected
[Sun Aug 31 14:34:34 2025 UTC] new best track for ep112025 detected
[Sun Aug 31 14:34:34 2025 UTC] new RSS (index.xml) detected
[Sun Aug 31 20:35:07 2025 UTC] new advisory (003) for ep112025 detected
[Sun Aug 31 20:35:08 2025 UTC] new best track for ep112025 detected
[Sun Aug 31 20:35:08 2025 UTC] new RSS (index.xml) detected
[Mon Sep  1 02:34:39 2025 UTC] new advisory (004) for ep112025 detected
[Mon Sep  1 02:34:39 2025 UTC] new best track for ep112025 detected
[Mon Sep  1 02:34:40 2025 UTC] new RSS (index.xml) detected
[Mon Sep  1 08:38:20 2025 UTC] new advisory (005) for ep112025 detected
[Mon Sep  1 08:38:20 2025 UTC] new best track for ep112025 detected
[Mon Sep  1 08:38:20 2025 UTC] new RSS (index.xml) detected
[Mon Sep  1 14:38:59 2025 UTC] new advisory (006) for ep112025 detected
[Mon Sep  1 14:38:59 2025 UTC] new best track for ep112025 detected
[Mon Sep  1 14:38:59 2025 UTC] new RSS (index.xml) detected
[Mon Sep  1 20:40:33 2025 UTC] new advisory (007) for ep112025 detected
[Mon Sep  1 20:40:33 2025 UTC] new best track for ep112025 detected
[Mon Sep  1 20:40:33 2025 UTC] new RSS (index.xml) detected
[Tue Sep  2 02:51:25 2025 UTC] new advisory (008) for ep112025 detected
[Tue Sep  2 02:51:25 2025 UTC] new best track for ep112025 detected
[Tue Sep  2 02:51:25 2025 UTC] new RSS (index.xml) detected
[Tue Sep  2 08:53:28 2025 UTC] new advisory (009) for ep112025 detected
[Tue Sep  2 08:53:28 2025 UTC] new best track for ep112025 detected
[Tue Sep  2 08:53:28 2025 UTC] new RSS (index.xml) detected
[Tue Sep  2 14:38:11 2025 UTC] new advisory (010) for ep112025 detected
[Tue Sep  2 14:38:11 2025 UTC] new best track for ep112025 detected
[Tue Sep  2 14:38:11 2025 UTC] new RSS (index.xml) detected
