[Tue Jun  2 20:39:02 2026 UTC] new advisory (001) for ep012026 detected
[Tue Jun  2 21:01:21 2026 UTC] new best track for ep012026 detected
[Tue Jun  2 21:01:21 2026 UTC] new RSS (index.xml) detected
[Wed Jun  3 02:32:48 2026 UTC] new advisory (002) for ep012026 detected
[Wed Jun  3 02:32:48 2026 UTC] new best track for ep012026 detected
[Wed Jun  3 02:32:48 2026 UTC] new RSS (index.xml) detected
[Wed Jun  3 08:38:48 2026 UTC] new advisory (003) for ep012026 detected
[Wed Jun  3 08:38:48 2026 UTC] new best track for ep012026 detected
[Wed Jun  3 08:38:48 2026 UTC] new RSS (index.xml) detected
[Wed Jun  3 15:51:03 2026 UTC] new advisory (004) for ep012026 detected
[Wed Jun  3 15:51:03 2026 UTC] new best track for ep012026 detected
[Wed Jun  3 15:51:03 2026 UTC] new RSS (index.xml) detected
[Wed Jun  3 20:35:08 2026 UTC] new advisory (005) for ep012026 detected
[Wed Jun  3 20:35:09 2026 UTC] new best track for ep012026 detected
[Wed Jun  3 20:35:09 2026 UTC] new RSS (index.xml) detected
[Thu Jun  4 02:33:02 2026 UTC] new advisory (006) for ep012026 detected
[Thu Jun  4 02:33:02 2026 UTC] new best track for ep012026 detected
[Thu Jun  4 02:33:02 2026 UTC] new RSS (index.xml) detected
[Thu Jun  4 08:35:01 2026 UTC] new advisory (007) for ep012026 detected
[Thu Jun  4 08:35:01 2026 UTC] new best track for ep012026 detected
[Thu Jun  4 08:35:01 2026 UTC] new RSS (index.xml) detected
[Thu Jun  4 14:40:21 2026 UTC] new advisory (008) for ep012026 detected
[Thu Jun  4 14:40:21 2026 UTC] new best track for ep012026 detected
[Thu Jun  4 14:40:21 2026 UTC] new RSS (index.xml) detected
[Thu Jun  4 20:35:24 2026 UTC] new advisory (009) for ep012026 detected
[Thu Jun  4 20:35:24 2026 UTC] new best track for ep012026 detected
[Thu Jun  4 20:35:24 2026 UTC] new RSS (index.xml) detected
[Fri Jun  5 02:45:46 2026 UTC] new advisory (010) for ep012026 detected
[Fri Jun  5 02:45:46 2026 UTC] new best track for ep012026 detected
[Fri Jun  5 02:45:46 2026 UTC] new RSS (index.xml) detected
[Fri Jun  5 09:07:14 2026 UTC] new advisory (011) for ep012026 detected
[Fri Jun  5 09:07:14 2026 UTC] new best track for ep012026 detected
[Fri Jun  5 09:07:14 2026 UTC] new RSS (index.xml) detected
[Fri Jun  5 14:49:02 2026 UTC] new advisory (012) for ep012026 detected
[Fri Jun  5 14:49:02 2026 UTC] new best track for ep012026 detected
[Fri Jun  5 14:49:02 2026 UTC] new RSS (index.xml) detected
[Fri Jun  5 20:38:02 2026 UTC] new advisory (013) for ep012026 detected
[Fri Jun  5 20:38:02 2026 UTC] new best track for ep012026 detected
[Fri Jun  5 20:38:02 2026 UTC] new RSS (index.xml) detected
[Sat Jun  6 02:36:01 2026 UTC] new advisory (014) for ep012026 detected
[Sat Jun  6 02:36:01 2026 UTC] new best track for ep012026 detected
[Sat Jun  6 02:36:01 2026 UTC] new RSS (index.xml) detected
[Sat Jun  6 08:36:02 2026 UTC] new advisory (015) for ep012026 detected
[Sat Jun  6 08:36:02 2026 UTC] new best track for ep012026 detected
[Sat Jun  6 08:36:02 2026 UTC] new RSS (index.xml) detected
[Sat Jun  6 14:36:56 2026 UTC] new advisory (016) for ep012026 detected
[Sat Jun  6 14:36:56 2026 UTC] new best track for ep012026 detected
[Sat Jun  6 14:36:56 2026 UTC] new RSS (index.xml) detected
[Sat Jun  6 20:34:55 2026 UTC] new advisory (017) for ep012026 detected
[Sat Jun  6 20:34:56 2026 UTC] new best track for ep012026 detected
[Sat Jun  6 20:34:56 2026 UTC] new RSS (index.xml) detected
[Sun Jun  7 02:36:55 2026 UTC] new advisory (018) for ep012026 detected
[Sun Jun  7 02:36:55 2026 UTC] new best track for ep012026 detected
[Sun Jun  7 02:36:55 2026 UTC] new RSS (index.xml) detected
[Sun Jun  7 08:37:00 2026 UTC] new advisory (019) for ep012026 detected
[Sun Jun  7 08:37:00 2026 UTC] new best track for ep012026 detected
[Sun Jun  7 08:37:00 2026 UTC] new RSS (index.xml) detected
[Sun Jun  7 14:47:06 2026 UTC] new advisory (020) for ep012026 detected
[Sun Jun  7 14:47:06 2026 UTC] new best track for ep012026 detected
[Sun Jun  7 14:47:06 2026 UTC] new RSS (index.xml) detected
[Sun Jun  7 20:38:12 2026 UTC] new advisory (021) for ep012026 detected
[Sun Jun  7 20:38:12 2026 UTC] new best track for ep012026 detected
[Sun Jun  7 20:38:12 2026 UTC] new RSS (index.xml) detected
[Mon Jun  8 02:36:32 2026 UTC] new advisory (022) for ep012026 detected
[Mon Jun  8 02:36:32 2026 UTC] new best track for ep012026 detected
[Mon Jun  8 02:36:33 2026 UTC] new RSS (index.xml) detected
