[Fri Sep 23 14:50:13 2022 UTC] new advisory (001) for al102022 detected
[Fri Sep 23 15:05:31 2022 UTC] new best track for al102022 detected
[Fri Sep 23 15:05:31 2022 UTC] new RSS (index.xml) detected
[Fri Sep 23 20:40:19 2022 UTC] new advisory (002) for al102022 detected
[Fri Sep 23 20:40:19 2022 UTC] new best track for al102022 detected
[Fri Sep 23 20:40:20 2022 UTC] new RSS (index.xml) detected
[Sat Sep 24 02:46:47 2022 UTC] new advisory (003) for al102022 detected
[Sat Sep 24 02:46:47 2022 UTC] new best track for al102022 detected
[Sat Sep 24 02:46:48 2022 UTC] new RSS (index.xml) detected
[Sat Sep 24 08:50:19 2022 UTC] new advisory (004) for al102022 detected
[Sat Sep 24 08:50:20 2022 UTC] new best track for al102022 detected
[Sat Sep 24 08:50:20 2022 UTC] new RSS (index.xml) detected
[Sat Sep 24 14:41:34 2022 UTC] new advisory (005) for al102022 detected
[Sat Sep 24 14:41:34 2022 UTC] new best track for al102022 detected
[Sat Sep 24 14:41:35 2022 UTC] new RSS (index.xml) detected
[Sat Sep 24 20:47:19 2022 UTC] new advisory (006) for al102022 detected
[Sat Sep 24 20:47:20 2022 UTC] new best track for al102022 detected
[Sat Sep 24 20:47:20 2022 UTC] new RSS (index.xml) detected
[Sun Sep 25 02:40:07 2022 UTC] new advisory (007) for al102022 detected
[Sun Sep 25 02:40:07 2022 UTC] new best track for al102022 detected
[Sun Sep 25 02:40:07 2022 UTC] new RSS (index.xml) detected
[Sun Sep 25 08:42:59 2022 UTC] new advisory (008) for al102022 detected
[Sun Sep 25 08:42:59 2022 UTC] new best track for al102022 detected
[Sun Sep 25 08:43:00 2022 UTC] new RSS (index.xml) detected
