[Sat Oct  5 15:02:35 2024 UTC] new advisory (001) for al142024 detected
[Sat Oct  5 15:02:35 2024 UTC] new best track for al142024 detected
[Sat Oct  5 15:02:35 2024 UTC] new RSS (index.xml) detected
[Sat Oct  5 20:47:13 2024 UTC] new advisory (002) for al142024 detected
[Sat Oct  5 20:47:13 2024 UTC] new best track for al142024 detected
[Sat Oct  5 20:47:13 2024 UTC] new RSS (index.xml) detected
[Sun Oct  6 02:33:09 2024 UTC] new advisory (003) for al142024 detected
[Sun Oct  6 02:33:09 2024 UTC] new best track for al142024 detected
[Sun Oct  6 02:33:09 2024 UTC] new RSS (index.xml) detected
[Sun Oct  6 05:34:45 2024 UTC] new advisory (003A) for al142024 detected
[Sun Oct  6 05:34:45 2024 UTC] new best track for al142024 detected
[Sun Oct  6 05:34:45 2024 UTC] new RSS (index.xml) detected
[Sun Oct  6 08:46:32 2024 UTC] new advisory (004) for al142024 detected
[Sun Oct  6 08:46:32 2024 UTC] new best track for al142024 detected
[Sun Oct  6 08:46:32 2024 UTC] new RSS (index.xml) detected
[Sun Oct  6 11:50:58 2024 UTC] new advisory (004A) for al142024 detected
[Sun Oct  6 11:50:58 2024 UTC] new best track for al142024 detected
[Sun Oct  6 11:50:58 2024 UTC] new RSS (index.xml) detected
[Sun Oct  6 14:57:08 2024 UTC] new advisory (005) for al142024 detected
[Sun Oct  6 14:57:08 2024 UTC] new best track for al142024 detected
[Sun Oct  6 14:57:08 2024 UTC] new RSS (index.xml) detected
[Sun Oct  6 17:48:47 2024 UTC] new advisory (005A) for al142024 detected
[Sun Oct  6 17:48:47 2024 UTC] new best track for al142024 detected
[Sun Oct  6 17:48:47 2024 UTC] new RSS (index.xml) detected
[Sun Oct  6 20:55:09 2024 UTC] new advisory (006) for al142024 detected
[Sun Oct  6 20:55:09 2024 UTC] new best track for al142024 detected
[Sun Oct  6 20:55:09 2024 UTC] new RSS (index.xml) detected
[Sun Oct  6 23:56:28 2024 UTC] new advisory (006A) for al142024 detected
[Sun Oct  6 23:56:29 2024 UTC] new best track for al142024 detected
[Sun Oct  6 23:56:29 2024 UTC] new RSS (index.xml) detected
[Mon Oct  7 02:42:44 2024 UTC] new advisory (007) for al142024 detected
[Mon Oct  7 02:42:44 2024 UTC] new best track for al142024 detected
[Mon Oct  7 02:42:44 2024 UTC] new RSS (index.xml) detected
[Mon Oct  7 05:32:42 2024 UTC] new advisory (007A) for al142024 detected
[Mon Oct  7 05:32:42 2024 UTC] new best track for al142024 detected
[Mon Oct  7 05:32:42 2024 UTC] new RSS (index.xml) detected
[Mon Oct  7 08:58:41 2024 UTC] new advisory (008) for al142024 detected
[Mon Oct  7 08:58:41 2024 UTC] new best track for al142024 detected
[Mon Oct  7 08:58:41 2024 UTC] new RSS (index.xml) detected
[Mon Oct  7 11:48:25 2024 UTC] new advisory (009) for al142024 detected
[Mon Oct  7 11:48:25 2024 UTC] new best track for al142024 detected
[Mon Oct  7 11:48:25 2024 UTC] new RSS (index.xml) detected
[Mon Oct  7 14:55:20 2024 UTC] new advisory (010) for al142024 detected
[Mon Oct  7 14:55:20 2024 UTC] new best track for al142024 detected
[Mon Oct  7 14:55:20 2024 UTC] new RSS (index.xml) detected
[Mon Oct  7 17:36:29 2024 UTC] new advisory (010A) for al142024 detected
[Mon Oct  7 17:36:29 2024 UTC] new best track for al142024 detected
[Mon Oct  7 17:36:29 2024 UTC] new RSS (index.xml) detected
[Mon Oct  7 20:58:57 2024 UTC] new advisory (011) for al142024 detected
[Mon Oct  7 20:58:57 2024 UTC] new best track for al142024 detected
[Mon Oct  7 20:58:57 2024 UTC] new RSS (index.xml) detected
[Mon Oct  7 23:57:13 2024 UTC] new advisory (011A) for al142024 detected
[Mon Oct  7 23:57:14 2024 UTC] new best track for al142024 detected
[Mon Oct  7 23:57:14 2024 UTC] new RSS (index.xml) detected
[Tue Oct  8 02:40:47 2024 UTC] new advisory (012) for al142024 detected
[Tue Oct  8 02:40:48 2024 UTC] new best track for al142024 detected
[Tue Oct  8 02:40:48 2024 UTC] new RSS (index.xml) detected
[Tue Oct  8 05:42:31 2024 UTC] new advisory (012A) for al142024 detected
[Tue Oct  8 05:42:31 2024 UTC] new best track for al142024 detected
[Tue Oct  8 05:42:31 2024 UTC] new RSS (index.xml) detected
[Tue Oct  8 08:32:38 2024 UTC] new advisory (013) for al142024 detected
[Tue Oct  8 08:32:39 2024 UTC] new best track for al142024 detected
[Tue Oct  8 08:32:39 2024 UTC] new RSS (index.xml) detected
[Tue Oct  8 11:56:23 2024 UTC] new advisory (013A) for al142024 detected
[Tue Oct  8 11:56:23 2024 UTC] new best track for al142024 detected
[Tue Oct  8 11:56:23 2024 UTC] new RSS (index.xml) detected
[Tue Oct  8 14:56:47 2024 UTC] new advisory (014) for al142024 detected
[Tue Oct  8 14:56:47 2024 UTC] new best track for al142024 detected
[Tue Oct  8 14:56:47 2024 UTC] new RSS (index.xml) detected
[Tue Oct  8 17:43:01 2024 UTC] new advisory (014A) for al142024 detected
[Tue Oct  8 17:43:01 2024 UTC] new best track for al142024 detected
[Tue Oct  8 17:43:01 2024 UTC] new RSS (index.xml) detected
