[Mon Aug 11 14:51:14 2025 UTC] new advisory (001) for al052025 detected
[Mon Aug 11 15:00:30 2025 UTC] new best track for al052025 detected
[Mon Aug 11 15:00:30 2025 UTC] new RSS (index.xml) detected
[Mon Aug 11 21:06:27 2025 UTC] new advisory (002) for al052025 detected
[Mon Aug 11 21:06:27 2025 UTC] new best track for al052025 detected
[Mon Aug 11 21:06:27 2025 UTC] new RSS (index.xml) detected
[Tue Aug 12 02:36:43 2025 UTC] new advisory (003) for al052025 detected
[Tue Aug 12 02:36:43 2025 UTC] new best track for al052025 detected
[Tue Aug 12 02:36:43 2025 UTC] new RSS (index.xml) detected
[Tue Aug 12 09:06:50 2025 UTC] new advisory (004) for al052025 detected
[Tue Aug 12 09:06:50 2025 UTC] new best track for al052025 detected
[Tue Aug 12 09:06:50 2025 UTC] new RSS (index.xml) detected
[Tue Aug 12 14:51:12 2025 UTC] new advisory (005) for al052025 detected
[Tue Aug 12 14:51:12 2025 UTC] new best track for al052025 detected
[Tue Aug 12 14:51:12 2025 UTC] new RSS (index.xml) detected
[Tue Aug 12 20:34:38 2025 UTC] new advisory (006) for al052025 detected
[Tue Aug 12 20:34:38 2025 UTC] new best track for al052025 detected
[Tue Aug 12 20:34:38 2025 UTC] new RSS (index.xml) detected
[Wed Aug 13 02:38:39 2025 UTC] new advisory (007) for al052025 detected
[Wed Aug 13 02:38:40 2025 UTC] new best track for al052025 detected
[Wed Aug 13 02:38:40 2025 UTC] new RSS (index.xml) detected
[Wed Aug 13 08:45:17 2025 UTC] new advisory (008) for al052025 detected
[Wed Aug 13 08:45:17 2025 UTC] new best track for al052025 detected
[Wed Aug 13 08:45:17 2025 UTC] new RSS (index.xml) detected
[Wed Aug 13 14:36:51 2025 UTC] new advisory (009) for al052025 detected
[Wed Aug 13 14:36:51 2025 UTC] new best track for al052025 detected
[Wed Aug 13 14:36:51 2025 UTC] new RSS (index.xml) detected
[Wed Aug 13 20:36:41 2025 UTC] new advisory (010) for al052025 detected
[Wed Aug 13 20:36:41 2025 UTC] new best track for al052025 detected
[Wed Aug 13 20:36:41 2025 UTC] new RSS (index.xml) detected
[Thu Aug 14 02:38:49 2025 UTC] new advisory (011) for al052025 detected
[Thu Aug 14 02:38:49 2025 UTC] new best track for al052025 detected
[Thu Aug 14 02:38:49 2025 UTC] new RSS (index.xml) detected
[Thu Aug 14 08:46:50 2025 UTC] new advisory (012) for al052025 detected
[Thu Aug 14 08:46:51 2025 UTC] new best track for al052025 detected
[Thu Aug 14 08:46:51 2025 UTC] new RSS (index.xml) detected
[Thu Aug 14 14:36:36 2025 UTC] new advisory (013) for al052025 detected
[Thu Aug 14 14:36:36 2025 UTC] new best track for al052025 detected
[Thu Aug 14 14:36:36 2025 UTC] new RSS (index.xml) detected
[Thu Aug 14 20:44:54 2025 UTC] new advisory (014) for al052025 detected
[Thu Aug 14 20:44:54 2025 UTC] new best track for al052025 detected
[Thu Aug 14 20:44:54 2025 UTC] new RSS (index.xml) detected
[Thu Aug 14 23:55:04 2025 UTC] new advisory (014a) for al052025 detected
[Thu Aug 14 23:55:04 2025 UTC] new best track for al052025 detected
[Thu Aug 14 23:55:04 2025 UTC] new RSS (index.xml) detected
[Fri Aug 15 02:48:54 2025 UTC] new advisory (015) for al052025 detected
[Fri Aug 15 02:48:54 2025 UTC] new best track for al052025 detected
[Fri Aug 15 02:48:54 2025 UTC] new RSS (index.xml) detected
[Fri Aug 15 05:53:54 2025 UTC] new advisory (015a) for al052025 detected
[Fri Aug 15 05:53:54 2025 UTC] new best track for al052025 detected
[Fri Aug 15 05:53:54 2025 UTC] new RSS (index.xml) detected
