[Sun Jun  8 14:35:24 2025 UTC] new advisory (001) for ep032025 detected
[Sun Jun  8 15:00:54 2025 UTC] new best track for ep032025 detected
[Sun Jun  8 15:00:54 2025 UTC] new RSS (index.xml) detected
[Sun Jun  8 20:32:26 2025 UTC] new advisory (002) for ep032025 detected
[Sun Jun  8 20:32:26 2025 UTC] new best track for ep032025 detected
[Sun Jun  8 20:32:26 2025 UTC] new RSS (index.xml) detected
[Mon Jun  9 02:37:46 2025 UTC] new advisory (003) for ep032025 detected
[Mon Jun  9 02:37:46 2025 UTC] new best track for ep032025 detected
[Mon Jun  9 02:37:46 2025 UTC] new RSS (index.xml) detected
[Mon Jun  9 08:47:02 2025 UTC] new advisory (004) for ep032025 detected
[Mon Jun  9 08:47:02 2025 UTC] new best track for ep032025 detected
[Mon Jun  9 08:47:02 2025 UTC] new RSS (index.xml) detected
[Mon Jun  9 14:39:01 2025 UTC] new advisory (005) for ep032025 detected
[Mon Jun  9 14:39:01 2025 UTC] new best track for ep032025 detected
[Mon Jun  9 14:39:01 2025 UTC] new RSS (index.xml) detected
[Mon Jun  9 20:33:08 2025 UTC] new advisory (006) for ep032025 detected
[Mon Jun  9 20:33:09 2025 UTC] new best track for ep032025 detected
[Mon Jun  9 20:33:09 2025 UTC] new RSS (index.xml) detected
[Tue Jun 10 02:32:30 2025 UTC] new advisory (007) for ep032025 detected
[Tue Jun 10 02:32:30 2025 UTC] new best track for ep032025 detected
[Tue Jun 10 02:32:30 2025 UTC] new RSS (index.xml) detected
[Tue Jun 10 08:51:22 2025 UTC] new advisory (008) for ep032025 detected
[Tue Jun 10 08:51:22 2025 UTC] new best track for ep032025 detected
[Tue Jun 10 08:51:22 2025 UTC] new RSS (index.xml) detected
