[Sun Oct  9 20:38:44 2022 UTC] new advisory (014) for ep182022 detected
[Sun Oct  9 20:38:44 2022 UTC] new best track for ep182022 detected
[Sun Oct  9 20:38:44 2022 UTC] new RSS (index.xml) detected
[Sun Oct  9 23:52:40 2022 UTC] new advisory (014A) for ep182022 detected
[Sun Oct  9 23:52:40 2022 UTC] new best track for ep182022 detected
[Sun Oct  9 23:52:41 2022 UTC] new RSS (index.xml) detected
[Mon Oct 10 02:42:33 2022 UTC] new advisory (015) for ep182022 detected
[Mon Oct 10 02:42:33 2022 UTC] new best track for ep182022 detected
[Mon Oct 10 02:42:34 2022 UTC] new RSS (index.xml) detected
[Mon Oct 10 05:44:02 2022 UTC] new advisory (015A) for ep182022 detected
[Mon Oct 10 05:44:02 2022 UTC] new best track for ep182022 detected
[Mon Oct 10 05:44:02 2022 UTC] new RSS (index.xml) detected
[Mon Oct 10 08:51:27 2022 UTC] new advisory (016) for ep182022 detected
[Mon Oct 10 08:51:28 2022 UTC] new best track for ep182022 detected
[Mon Oct 10 08:51:28 2022 UTC] new RSS (index.xml) detected
[Mon Oct 10 11:41:20 2022 UTC] new advisory (016A) for ep182022 detected
[Mon Oct 10 11:41:20 2022 UTC] new best track for ep182022 detected
[Mon Oct 10 11:41:20 2022 UTC] new RSS (index.xml) detected
[Mon Oct 10 14:46:52 2022 UTC] new advisory (017) for ep182022 detected
[Mon Oct 10 14:46:52 2022 UTC] new best track for ep182022 detected
[Mon Oct 10 14:46:52 2022 UTC] new RSS (index.xml) detected
[Mon Oct 10 20:35:05 2022 UTC] new advisory (018) for ep182022 detected
[Mon Oct 10 20:35:05 2022 UTC] new best track for ep182022 detected
[Mon Oct 10 20:35:05 2022 UTC] new RSS (index.xml) detected
