[Tue Sep 30 08:33:15 2025 UTC] new advisory (001) for ep152025 detected
[Tue Sep 30 09:01:07 2025 UTC] new best track for ep152025 detected
[Tue Sep 30 09:01:07 2025 UTC] new RSS (index.xml) detected
[Tue Sep 30 14:44:51 2025 UTC] new advisory (002) for ep152025 detected
[Tue Sep 30 14:44:51 2025 UTC] new best track for ep152025 detected
[Tue Sep 30 14:44:51 2025 UTC] new RSS (index.xml) detected
[Tue Sep 30 20:44:38 2025 UTC] new advisory (003) for ep152025 detected
[Tue Sep 30 20:44:38 2025 UTC] new best track for ep152025 detected
[Tue Sep 30 20:44:38 2025 UTC] new RSS (index.xml) detected
[Wed Oct  1 02:57:01 2025 UTC] new advisory (004) for ep152025 detected
[Wed Oct  1 02:57:01 2025 UTC] new best track for ep152025 detected
[Wed Oct  1 02:57:01 2025 UTC] new RSS (index.xml) detected
[Wed Oct  1 08:55:08 2025 UTC] new advisory (005) for ep152025 detected
[Wed Oct  1 08:55:08 2025 UTC] new best track for ep152025 detected
[Wed Oct  1 08:55:08 2025 UTC] new RSS (index.xml) detected
[Wed Oct  1 14:52:39 2025 UTC] new advisory (006) for ep152025 detected
[Wed Oct  1 14:52:40 2025 UTC] new best track for ep152025 detected
[Wed Oct  1 14:52:40 2025 UTC] new RSS (index.xml) detected
[Wed Oct  1 20:42:06 2025 UTC] new advisory (007) for ep152025 detected
[Wed Oct  1 20:42:07 2025 UTC] new best track for ep152025 detected
[Wed Oct  1 20:42:07 2025 UTC] new RSS (index.xml) detected
