[Sun Sep  8 20:58:21 2024 UTC] new advisory (001) for al062024 detected
[Sun Sep  8 21:01:26 2024 UTC] new best track for al062024 detected
[Sun Sep  8 21:01:26 2024 UTC] new RSS (index.xml) detected
[Sun Sep  8 23:38:57 2024 UTC] new advisory (001A) for al062024 detected
[Sun Sep  8 23:38:57 2024 UTC] new best track for al062024 detected
[Sun Sep  8 23:38:57 2024 UTC] new RSS (index.xml) detected
[Mon Sep  9 02:33:14 2024 UTC] new advisory (002) for al062024 detected
[Mon Sep  9 02:33:15 2024 UTC] new best track for al062024 detected
[Mon Sep  9 02:33:15 2024 UTC] new RSS (index.xml) detected
[Mon Sep  9 05:42:55 2024 UTC] new advisory (002A) for al062024 detected
[Mon Sep  9 05:42:55 2024 UTC] new best track for al062024 detected
[Mon Sep  9 05:42:55 2024 UTC] new RSS (index.xml) detected
[Mon Sep  9 09:00:51 2024 UTC] new advisory (003) for al062024 detected
[Mon Sep  9 09:00:52 2024 UTC] new best track for al062024 detected
[Mon Sep  9 09:00:52 2024 UTC] new RSS (index.xml) detected
[Mon Sep  9 11:38:48 2024 UTC] new advisory (003A) for al062024 detected
[Mon Sep  9 11:38:48 2024 UTC] new best track for al062024 detected
[Mon Sep  9 11:38:48 2024 UTC] new RSS (index.xml) detected
[Mon Sep  9 14:56:30 2024 UTC] new advisory (004) for al062024 detected
[Mon Sep  9 14:56:30 2024 UTC] new best track for al062024 detected
[Mon Sep  9 14:56:30 2024 UTC] new RSS (index.xml) detected
[Mon Sep  9 17:46:42 2024 UTC] new advisory (004A) for al062024 detected
[Mon Sep  9 17:46:42 2024 UTC] new best track for al062024 detected
[Mon Sep  9 17:46:42 2024 UTC] new RSS (index.xml) detected
[Mon Sep  9 20:55:16 2024 UTC] new advisory (005) for al062024 detected
[Mon Sep  9 20:55:16 2024 UTC] new best track for al062024 detected
[Mon Sep  9 20:55:16 2024 UTC] new RSS (index.xml) detected
