[Wed Sep 22 20:55:42 2021 UTC] new advisory (001) for al182021 detected
[Wed Sep 22 21:03:48 2021 UTC] new best track for al182021 detected
[Wed Sep 22 21:03:48 2021 UTC] new RSS (index.xml) detected
[Thu Sep 23 02:43:06 2021 UTC] new advisory (002) for al182021 detected
[Thu Sep 23 02:43:08 2021 UTC] new best track for al182021 detected
[Thu Sep 23 02:43:10 2021 UTC] new RSS (index.xml) detected
[Thu Sep 23 08:37:10 2021 UTC] new advisory (003) for al182021 detected
[Thu Sep 23 08:37:10 2021 UTC] new best track for al182021 detected
[Thu Sep 23 08:37:10 2021 UTC] new RSS (index.xml) detected
[Thu Sep 23 14:56:45 2021 UTC] new advisory (004) for al182021 detected
[Thu Sep 23 14:56:45 2021 UTC] new best track for al182021 detected
[Thu Sep 23 14:56:45 2021 UTC] new RSS (index.xml) detected
[Thu Sep 23 20:54:20 2021 UTC] new advisory (005) for al182021 detected
[Thu Sep 23 20:54:21 2021 UTC] new best track for al182021 detected
[Thu Sep 23 20:54:21 2021 UTC] new RSS (index.xml) detected
[Fri Sep 24 02:42:28 2021 UTC] new advisory (006) for al182021 detected
[Fri Sep 24 02:42:29 2021 UTC] new best track for al182021 detected
[Fri Sep 24 02:42:29 2021 UTC] new RSS (index.xml) detected
[Fri Sep 24 08:34:07 2021 UTC] new advisory (007) for al182021 detected
[Fri Sep 24 08:34:09 2021 UTC] new best track for al182021 detected
[Fri Sep 24 08:34:12 2021 UTC] new RSS (index.xml) detected
[Fri Sep 24 14:47:49 2021 UTC] new advisory (008) for al182021 detected
[Fri Sep 24 14:47:59 2021 UTC] new best track for al182021 detected
[Fri Sep 24 14:48:09 2021 UTC] new RSS (index.xml) detected
[Fri Sep 24 20:56:03 2021 UTC] new advisory (009) for al182021 detected
[Fri Sep 24 20:56:04 2021 UTC] new best track for al182021 detected
[Fri Sep 24 20:56:04 2021 UTC] new RSS (index.xml) detected
[Sat Sep 25 02:38:58 2021 UTC] new advisory (010) for al182021 detected
[Sat Sep 25 02:39:01 2021 UTC] new best track for al182021 detected
[Sat Sep 25 02:39:04 2021 UTC] new RSS (index.xml) detected
[Sat Sep 25 08:36:36 2021 UTC] new advisory (011) for al182021 detected
[Sat Sep 25 08:36:37 2021 UTC] new best track for al182021 detected
[Sat Sep 25 08:36:37 2021 UTC] new RSS (index.xml) detected
[Sat Sep 25 14:43:37 2021 UTC] new advisory (012) for al182021 detected
[Sat Sep 25 14:43:37 2021 UTC] new best track for al182021 detected
[Sat Sep 25 14:43:37 2021 UTC] new RSS (index.xml) detected
[Sat Sep 25 20:43:26 2021 UTC] new advisory (013) for al182021 detected
[Sat Sep 25 20:43:26 2021 UTC] new best track for al182021 detected
[Sat Sep 25 20:43:26 2021 UTC] new RSS (index.xml) detected
[Sun Sep 26 02:53:59 2021 UTC] new advisory (014) for al182021 detected
[Sun Sep 26 02:54:03 2021 UTC] new best track for al182021 detected
[Sun Sep 26 02:54:07 2021 UTC] new RSS (index.xml) detected
[Sun Sep 26 08:50:49 2021 UTC] new advisory (015) for al182021 detected
[Sun Sep 26 08:50:49 2021 UTC] new best track for al182021 detected
[Sun Sep 26 08:50:49 2021 UTC] new RSS (index.xml) detected
[Sun Sep 26 14:48:54 2021 UTC] new advisory (016) for al182021 detected
[Sun Sep 26 14:48:58 2021 UTC] new best track for al182021 detected
[Sun Sep 26 14:49:01 2021 UTC] new RSS (index.xml) detected
[Sun Sep 26 20:37:13 2021 UTC] new advisory (017) for al182021 detected
[Sun Sep 26 20:37:13 2021 UTC] new best track for al182021 detected
[Sun Sep 26 20:37:13 2021 UTC] new RSS (index.xml) detected
[Mon Sep 27 02:54:06 2021 UTC] new advisory (018) for al182021 detected
[Mon Sep 27 02:54:06 2021 UTC] new best track for al182021 detected
[Mon Sep 27 02:54:06 2021 UTC] new RSS (index.xml) detected
[Mon Sep 27 08:47:57 2021 UTC] new advisory (019) for al182021 detected
[Mon Sep 27 08:48:01 2021 UTC] new best track for al182021 detected
[Mon Sep 27 08:48:05 2021 UTC] new RSS (index.xml) detected
[Mon Sep 27 14:57:31 2021 UTC] new advisory (020) for al182021 detected
[Mon Sep 27 14:57:32 2021 UTC] new best track for al182021 detected
[Mon Sep 27 14:57:32 2021 UTC] new RSS (index.xml) detected
[Mon Sep 27 20:51:33 2021 UTC] new advisory (021) for al182021 detected
[Mon Sep 27 20:51:33 2021 UTC] new best track for al182021 detected
[Mon Sep 27 20:51:33 2021 UTC] new RSS (index.xml) detected
[Tue Sep 28 02:38:39 2021 UTC] new advisory (022) for al182021 detected
[Tue Sep 28 02:38:40 2021 UTC] new best track for al182021 detected
[Tue Sep 28 02:38:40 2021 UTC] new RSS (index.xml) detected
[Tue Sep 28 08:46:04 2021 UTC] new advisory (023) for al182021 detected
[Tue Sep 28 08:46:05 2021 UTC] new best track for al182021 detected
[Tue Sep 28 08:46:05 2021 UTC] new RSS (index.xml) detected
[Tue Sep 28 14:35:41 2021 UTC] new advisory (024) for al182021 detected
[Tue Sep 28 14:35:41 2021 UTC] new best track for al182021 detected
[Tue Sep 28 14:35:41 2021 UTC] new RSS (index.xml) detected
[Tue Sep 28 20:45:09 2021 UTC] new advisory (025) for al182021 detected
[Tue Sep 28 20:45:09 2021 UTC] new best track for al182021 detected
[Tue Sep 28 20:45:09 2021 UTC] new RSS (index.xml) detected
[Wed Sep 29 02:34:08 2021 UTC] new advisory (026) for al182021 detected
[Wed Sep 29 02:34:09 2021 UTC] new best track for al182021 detected
[Wed Sep 29 02:34:09 2021 UTC] new RSS (index.xml) detected
[Wed Sep 29 08:42:08 2021 UTC] new advisory (027) for al182021 detected
[Wed Sep 29 08:42:09 2021 UTC] new best track for al182021 detected
[Wed Sep 29 08:42:09 2021 UTC] new RSS (index.xml) detected
[Wed Sep 29 14:45:08 2021 UTC] new advisory (028) for al182021 detected
[Wed Sep 29 14:45:09 2021 UTC] new best track for al182021 detected
[Wed Sep 29 14:45:09 2021 UTC] new RSS (index.xml) detected
[Wed Sep 29 20:54:11 2021 UTC] new advisory (029) for al182021 detected
[Wed Sep 29 20:54:11 2021 UTC] new best track for al182021 detected
[Wed Sep 29 20:54:11 2021 UTC] new RSS (index.xml) detected
[Thu Sep 30 03:01:42 2021 UTC] new advisory (030) for al182021 detected
[Thu Sep 30 03:01:42 2021 UTC] new best track for al182021 detected
[Thu Sep 30 03:01:43 2021 UTC] new RSS (index.xml) detected
[Thu Sep 30 08:56:35 2021 UTC] new advisory (031) for al182021 detected
[Thu Sep 30 08:56:39 2021 UTC] new best track for al182021 detected
[Thu Sep 30 08:56:44 2021 UTC] new RSS (index.xml) detected
[Thu Sep 30 11:52:44 2021 UTC] new advisory (031A) for al182021 detected
[Thu Sep 30 11:52:44 2021 UTC] new best track for al182021 detected
[Thu Sep 30 11:52:45 2021 UTC] new RSS (index.xml) detected
[Thu Sep 30 14:58:55 2021 UTC] new advisory (032) for al182021 detected
[Thu Sep 30 14:58:56 2021 UTC] new best track for al182021 detected
[Thu Sep 30 14:58:56 2021 UTC] new RSS (index.xml) detected
[Thu Sep 30 17:55:12 2021 UTC] new advisory (032A) for al182021 detected
[Thu Sep 30 17:55:13 2021 UTC] new best track for al182021 detected
[Thu Sep 30 17:55:13 2021 UTC] new RSS (index.xml) detected
[Thu Sep 30 20:59:59 2021 UTC] new advisory (033) for al182021 detected
[Thu Sep 30 20:59:59 2021 UTC] new best track for al182021 detected
[Thu Sep 30 20:59:59 2021 UTC] new RSS (index.xml) detected
[Thu Sep 30 23:48:11 2021 UTC] new advisory (033A) for al182021 detected
[Thu Sep 30 23:48:14 2021 UTC] new best track for al182021 detected
[Thu Sep 30 23:48:16 2021 UTC] new RSS (index.xml) detected
[Fri Oct  1 02:46:29 2021 UTC] new advisory (034) for al182021 detected
[Fri Oct  1 02:46:30 2021 UTC] new best track for al182021 detected
[Fri Oct  1 02:46:30 2021 UTC] new RSS (index.xml) detected
[Fri Oct  1 05:42:14 2021 UTC] new advisory (034A) for al182021 detected
[Fri Oct  1 05:42:14 2021 UTC] new best track for al182021 detected
[Fri Oct  1 05:42:15 2021 UTC] new RSS (index.xml) detected
[Fri Oct  1 08:51:17 2021 UTC] new advisory (035) for al182021 detected
[Fri Oct  1 08:51:17 2021 UTC] new best track for al182021 detected
[Fri Oct  1 08:51:17 2021 UTC] new RSS (index.xml) detected
[Fri Oct  1 11:48:27 2021 UTC] new advisory (035A) for al182021 detected
[Fri Oct  1 11:48:27 2021 UTC] new best track for al182021 detected
[Fri Oct  1 11:48:27 2021 UTC] new RSS (index.xml) detected
[Fri Oct  1 14:55:27 2021 UTC] new advisory (036) for al182021 detected
[Fri Oct  1 14:55:27 2021 UTC] new best track for al182021 detected
[Fri Oct  1 14:55:27 2021 UTC] new RSS (index.xml) detected
[Fri Oct  1 17:48:01 2021 UTC] new advisory (036A) for al182021 detected
[Fri Oct  1 17:48:02 2021 UTC] new best track for al182021 detected
[Fri Oct  1 17:48:02 2021 UTC] new RSS (index.xml) detected
[Fri Oct  1 20:37:39 2021 UTC] new advisory (037) for al182021 detected
[Fri Oct  1 20:37:40 2021 UTC] new best track for al182021 detected
[Fri Oct  1 20:37:40 2021 UTC] new RSS (index.xml) detected
[Fri Oct  1 23:52:33 2021 UTC] new advisory (037A) for al182021 detected
[Fri Oct  1 23:52:33 2021 UTC] new best track for al182021 detected
[Fri Oct  1 23:52:33 2021 UTC] new RSS (index.xml) detected
[Sat Oct  2 02:43:52 2021 UTC] new advisory (038) for al182021 detected
[Sat Oct  2 02:43:52 2021 UTC] new best track for al182021 detected
[Sat Oct  2 02:43:52 2021 UTC] new RSS (index.xml) detected
[Sat Oct  2 05:38:30 2021 UTC] new advisory (038A) for al182021 detected
[Sat Oct  2 05:38:31 2021 UTC] new best track for al182021 detected
[Sat Oct  2 05:38:31 2021 UTC] new RSS (index.xml) detected
[Sat Oct  2 08:46:18 2021 UTC] new advisory (039) for al182021 detected
[Sat Oct  2 08:46:19 2021 UTC] new best track for al182021 detected
[Sat Oct  2 08:46:19 2021 UTC] new RSS (index.xml) detected
[Sat Oct  2 14:53:49 2021 UTC] new advisory (040) for al182021 detected
[Sat Oct  2 14:53:50 2021 UTC] new best track for al182021 detected
[Sat Oct  2 14:53:50 2021 UTC] new RSS (index.xml) detected
[Sat Oct  2 20:38:55 2021 UTC] new advisory (041) for al182021 detected
[Sat Oct  2 20:38:56 2021 UTC] new best track for al182021 detected
[Sat Oct  2 20:38:56 2021 UTC] new RSS (index.xml) detected
[Sun Oct  3 02:41:06 2021 UTC] new advisory (042) for al182021 detected
[Sun Oct  3 02:41:07 2021 UTC] new best track for al182021 detected
[Sun Oct  3 02:41:07 2021 UTC] new RSS (index.xml) detected
[Sun Oct  3 08:44:40 2021 UTC] new advisory (043) for al182021 detected
[Sun Oct  3 08:44:41 2021 UTC] new best track for al182021 detected
[Sun Oct  3 08:44:41 2021 UTC] new RSS (index.xml) detected
[Sun Oct  3 14:53:53 2021 UTC] new advisory (044) for al182021 detected
[Sun Oct  3 14:53:54 2021 UTC] new best track for al182021 detected
[Sun Oct  3 14:53:54 2021 UTC] new RSS (index.xml) detected
[Sun Oct  3 20:38:10 2021 UTC] new advisory (045) for al182021 detected
[Sun Oct  3 20:38:11 2021 UTC] new best track for al182021 detected
[Sun Oct  3 20:38:11 2021 UTC] new RSS (index.xml) detected
[Mon Oct  4 02:38:00 2021 UTC] new advisory (046) for al182021 detected
[Mon Oct  4 02:38:01 2021 UTC] new best track for al182021 detected
[Mon Oct  4 02:38:01 2021 UTC] new RSS (index.xml) detected
[Mon Oct  4 08:45:03 2021 UTC] new advisory (047) for al182021 detected
[Mon Oct  4 08:45:03 2021 UTC] new best track for al182021 detected
[Mon Oct  4 08:45:03 2021 UTC] new RSS (index.xml) detected
[Mon Oct  4 14:47:38 2021 UTC] new advisory (048) for al182021 detected
[Mon Oct  4 14:47:38 2021 UTC] new best track for al182021 detected
[Mon Oct  4 14:47:38 2021 UTC] new RSS (index.xml) detected
[Mon Oct  4 20:35:18 2021 UTC] new advisory (049) for al182021 detected
[Mon Oct  4 20:35:18 2021 UTC] new best track for al182021 detected
[Mon Oct  4 20:35:18 2021 UTC] new RSS (index.xml) detected
[Tue Oct  5 02:35:25 2021 UTC] new advisory (050) for al182021 detected
[Tue Oct  5 02:35:26 2021 UTC] new best track for al182021 detected
[Tue Oct  5 02:35:26 2021 UTC] new RSS (index.xml) detected
[Tue Oct  5 08:38:34 2021 UTC] new advisory (051) for al182021 detected
[Tue Oct  5 08:38:34 2021 UTC] new best track for al182021 detected
[Tue Oct  5 08:38:34 2021 UTC] new RSS (index.xml) detected
