[Sat Oct  4 20:34:28 2025 UTC] new advisory (001) for ep162025 detected
[Sat Oct  4 21:01:00 2025 UTC] new best track for ep162025 detected
[Sat Oct  4 21:01:00 2025 UTC] new RSS (index.xml) detected
[Sat Oct  4 23:46:21 2025 UTC] new advisory (001a) for ep162025 detected
[Sat Oct  4 23:46:21 2025 UTC] new best track for ep162025 detected
[Sat Oct  4 23:46:21 2025 UTC] new RSS (index.xml) detected
[Sun Oct  5 02:47:01 2025 UTC] new advisory (002) for ep162025 detected
[Sun Oct  5 02:47:01 2025 UTC] new best track for ep162025 detected
[Sun Oct  5 02:47:01 2025 UTC] new RSS (index.xml) detected
[Sun Oct  5 05:47:42 2025 UTC] new advisory (002a) for ep162025 detected
[Sun Oct  5 05:47:43 2025 UTC] new best track for ep162025 detected
[Sun Oct  5 05:47:43 2025 UTC] new RSS (index.xml) detected
[Sun Oct  5 08:58:35 2025 UTC] new advisory (003) for ep162025 detected
[Sun Oct  5 08:58:35 2025 UTC] new best track for ep162025 detected
[Sun Oct  5 08:58:35 2025 UTC] new RSS (index.xml) detected
[Sun Oct  5 11:42:53 2025 UTC] new advisory (003a) for ep162025 detected
[Sun Oct  5 11:42:53 2025 UTC] new best track for ep162025 detected
[Sun Oct  5 11:42:53 2025 UTC] new RSS (index.xml) detected
[Sun Oct  5 14:42:33 2025 UTC] new advisory (004) for ep162025 detected
[Sun Oct  5 14:42:33 2025 UTC] new best track for ep162025 detected
[Sun Oct  5 14:42:33 2025 UTC] new RSS (index.xml) detected
[Sun Oct  5 17:43:16 2025 UTC] new advisory (004a) for ep162025 detected
[Sun Oct  5 17:43:16 2025 UTC] new best track for ep162025 detected
[Sun Oct  5 17:43:16 2025 UTC] new RSS (index.xml) detected
[Sun Oct  5 20:42:56 2025 UTC] new advisory (005) for ep162025 detected
[Sun Oct  5 20:42:56 2025 UTC] new best track for ep162025 detected
[Sun Oct  5 20:42:56 2025 UTC] new RSS (index.xml) detected
[Sun Oct  5 23:32:28 2025 UTC] new advisory (005a) for ep162025 detected
[Sun Oct  5 23:32:28 2025 UTC] new best track for ep162025 detected
[Sun Oct  5 23:32:28 2025 UTC] new RSS (index.xml) detected
[Mon Oct  6 02:36:15 2025 UTC] new advisory (006) for ep162025 detected
[Mon Oct  6 02:36:16 2025 UTC] new best track for ep162025 detected
[Mon Oct  6 02:36:16 2025 UTC] new RSS (index.xml) detected
[Mon Oct  6 05:49:14 2025 UTC] new advisory (006a) for ep162025 detected
[Mon Oct  6 05:49:14 2025 UTC] new best track for ep162025 detected
[Mon Oct  6 05:49:14 2025 UTC] new RSS (index.xml) detected
