[Mon Jun  8 15:00:26 2026 UTC] new advisory (001) for ep032026 detected
[Mon Jun  8 15:00:26 2026 UTC] new best track for ep032026 detected
[Mon Jun  8 15:00:26 2026 UTC] new RSS (index.xml) detected
[Mon Jun  8 17:46:36 2026 UTC] new advisory (002) for ep032026 detected
[Mon Jun  8 17:46:36 2026 UTC] new best track for ep032026 detected
[Mon Jun  8 17:46:36 2026 UTC] new RSS (index.xml) detected
[Mon Jun  8 20:34:55 2026 UTC] new advisory (003) for ep032026 detected
[Mon Jun  8 20:34:56 2026 UTC] new best track for ep032026 detected
[Mon Jun  8 20:34:56 2026 UTC] new RSS (index.xml) detected
[Mon Jun  8 23:36:18 2026 UTC] new advisory (003a) for ep032026 detected
[Mon Jun  8 23:36:18 2026 UTC] new best track for ep032026 detected
[Mon Jun  8 23:36:18 2026 UTC] new RSS (index.xml) detected
[Tue Jun  9 02:34:34 2026 UTC] new advisory (004) for ep032026 detected
[Tue Jun  9 02:34:34 2026 UTC] new best track for ep032026 detected
[Tue Jun  9 02:34:34 2026 UTC] new RSS (index.xml) detected
[Tue Jun  9 05:40:02 2026 UTC] new advisory (004a) for ep032026 detected
[Tue Jun  9 05:40:02 2026 UTC] new best track for ep032026 detected
[Tue Jun  9 05:40:02 2026 UTC] new RSS (index.xml) detected
[Tue Jun  9 08:40:33 2026 UTC] new advisory (005) for ep032026 detected
[Tue Jun  9 08:40:33 2026 UTC] new best track for ep032026 detected
[Tue Jun  9 08:40:33 2026 UTC] new RSS (index.xml) detected
[Tue Jun  9 11:51:09 2026 UTC] new advisory (005a) for ep032026 detected
[Tue Jun  9 11:51:09 2026 UTC] new best track for ep032026 detected
[Tue Jun  9 11:51:09 2026 UTC] new RSS (index.xml) detected
[Tue Jun  9 14:47:36 2026 UTC] new advisory (006) for ep032026 detected
[Tue Jun  9 14:47:36 2026 UTC] new best track for ep032026 detected
[Tue Jun  9 14:47:36 2026 UTC] new RSS (index.xml) detected
[Tue Jun  9 18:35:04 2026 UTC] new advisory (006a) for ep032026 detected
[Tue Jun  9 18:35:04 2026 UTC] new best track for ep032026 detected
[Tue Jun  9 18:35:04 2026 UTC] new RSS (index.xml) detected
[Tue Jun  9 20:35:25 2026 UTC] new advisory (007) for ep032026 detected
[Tue Jun  9 20:35:25 2026 UTC] new best track for ep032026 detected
[Tue Jun  9 20:35:25 2026 UTC] new RSS (index.xml) detected
[Tue Jun  9 23:33:43 2026 UTC] new advisory (007a) for ep032026 detected
[Tue Jun  9 23:33:44 2026 UTC] new best track for ep032026 detected
[Tue Jun  9 23:33:44 2026 UTC] new RSS (index.xml) detected
[Wed Jun 10 02:35:47 2026 UTC] new advisory (008) for ep032026 detected
[Wed Jun 10 02:35:47 2026 UTC] new best track for ep032026 detected
[Wed Jun 10 02:35:47 2026 UTC] new RSS (index.xml) detected
[Wed Jun 10 05:39:55 2026 UTC] new advisory (008a) for ep032026 detected
[Wed Jun 10 05:39:55 2026 UTC] new best track for ep032026 detected
[Wed Jun 10 05:39:55 2026 UTC] new RSS (index.xml) detected
