[Wed Jul 27 14:57:27 2022 UTC] new advisory (001) for ep082022 detected
[Wed Jul 27 15:02:31 2022 UTC] new best track for ep082022 detected
[Wed Jul 27 15:02:31 2022 UTC] new RSS (index.xml) detected
[Wed Jul 27 20:51:13 2022 UTC] new advisory (002) for ep082022 detected
[Wed Jul 27 20:51:13 2022 UTC] new best track for ep082022 detected
[Wed Jul 27 20:51:13 2022 UTC] new RSS (index.xml) detected
[Thu Jul 28 02:41:12 2022 UTC] new advisory (003) for ep082022 detected
[Thu Jul 28 02:41:12 2022 UTC] new best track for ep082022 detected
[Thu Jul 28 02:41:13 2022 UTC] new RSS (index.xml) detected
[Thu Jul 28 08:46:13 2022 UTC] new advisory (004) for ep082022 detected
[Thu Jul 28 08:46:13 2022 UTC] new best track for ep082022 detected
[Thu Jul 28 08:46:13 2022 UTC] new RSS (index.xml) detected
[Thu Jul 28 14:47:26 2022 UTC] new advisory (005) for ep082022 detected
[Thu Jul 28 14:47:26 2022 UTC] new best track for ep082022 detected
[Thu Jul 28 14:47:26 2022 UTC] new RSS (index.xml) detected
[Thu Jul 28 20:49:06 2022 UTC] new advisory (006) for ep082022 detected
[Thu Jul 28 20:49:07 2022 UTC] new best track for ep082022 detected
[Thu Jul 28 20:49:07 2022 UTC] new RSS (index.xml) detected
[Fri Jul 29 02:39:39 2022 UTC] new advisory (007) for ep082022 detected
[Fri Jul 29 02:39:40 2022 UTC] new best track for ep082022 detected
[Fri Jul 29 02:39:40 2022 UTC] new RSS (index.xml) detected
[Fri Jul 29 08:38:20 2022 UTC] new advisory (008) for ep082022 detected
[Fri Jul 29 08:38:20 2022 UTC] new best track for ep082022 detected
[Fri Jul 29 08:38:21 2022 UTC] new RSS (index.xml) detected
[Fri Jul 29 14:39:05 2022 UTC] new advisory (009) for ep082022 detected
[Fri Jul 29 14:39:06 2022 UTC] new best track for ep082022 detected
[Fri Jul 29 14:39:06 2022 UTC] new RSS (index.xml) detected
[Fri Jul 29 20:40:06 2022 UTC] new advisory (010) for ep082022 detected
[Fri Jul 29 20:40:06 2022 UTC] new best track for ep082022 detected
[Fri Jul 29 20:40:07 2022 UTC] new RSS (index.xml) detected
[Sat Jul 30 02:39:07 2022 UTC] new advisory (011) for ep082022 detected
[Sat Jul 30 02:39:08 2022 UTC] new best track for ep082022 detected
[Sat Jul 30 02:39:08 2022 UTC] new RSS (index.xml) detected
[Sat Jul 30 08:49:15 2022 UTC] new advisory (012) for ep082022 detected
[Sat Jul 30 08:49:15 2022 UTC] new best track for ep082022 detected
[Sat Jul 30 08:49:15 2022 UTC] new RSS (index.xml) detected
[Sat Jul 30 14:40:14 2022 UTC] new advisory (013) for ep082022 detected
[Sat Jul 30 14:40:14 2022 UTC] new best track for ep082022 detected
[Sat Jul 30 14:40:14 2022 UTC] new RSS (index.xml) detected
[Sat Jul 30 20:48:43 2022 UTC] new advisory (014) for ep082022 detected
[Sat Jul 30 20:48:43 2022 UTC] new best track for ep082022 detected
[Sat Jul 30 20:48:44 2022 UTC] new RSS (index.xml) detected
[Sun Jul 31 02:40:15 2022 UTC] new advisory (015) for ep082022 detected
[Sun Jul 31 02:40:16 2022 UTC] new best track for ep082022 detected
[Sun Jul 31 02:40:16 2022 UTC] new RSS (index.xml) detected
[Sun Jul 31 08:46:57 2022 UTC] new advisory (016) for ep082022 detected
[Sun Jul 31 08:46:58 2022 UTC] new best track for ep082022 detected
[Sun Jul 31 08:46:58 2022 UTC] new RSS (index.xml) detected
[Sun Jul 31 14:39:29 2022 UTC] new advisory (017) for ep082022 detected
[Sun Jul 31 14:39:30 2022 UTC] new best track for ep082022 detected
[Sun Jul 31 14:39:30 2022 UTC] new RSS (index.xml) detected
[Sun Jul 31 20:43:12 2022 UTC] new advisory (018) for ep082022 detected
[Sun Jul 31 20:43:13 2022 UTC] new best track for ep082022 detected
[Sun Jul 31 20:43:13 2022 UTC] new RSS (index.xml) detected
[Mon Aug  1 02:38:22 2022 UTC] new advisory (019) for ep082022 detected
[Mon Aug  1 02:38:22 2022 UTC] new best track for ep082022 detected
[Mon Aug  1 02:38:23 2022 UTC] new RSS (index.xml) detected
[Mon Aug  1 08:47:39 2022 UTC] new advisory (020) for ep082022 detected
[Mon Aug  1 08:47:39 2022 UTC] new best track for ep082022 detected
[Mon Aug  1 08:47:40 2022 UTC] new RSS (index.xml) detected
[Mon Aug  1 14:35:35 2022 UTC] new advisory (021) for ep082022 detected
[Mon Aug  1 14:35:36 2022 UTC] new best track for ep082022 detected
[Mon Aug  1 14:35:36 2022 UTC] new RSS (index.xml) detected
[Mon Aug  1 20:36:13 2022 UTC] new advisory (022) for ep082022 detected
[Mon Aug  1 20:36:14 2022 UTC] new best track for ep082022 detected
[Mon Aug  1 20:36:14 2022 UTC] new RSS (index.xml) detected
[Tue Aug  2 02:37:11 2022 UTC] new advisory (023) for ep082022 detected
[Tue Aug  2 02:37:12 2022 UTC] new best track for ep082022 detected
[Tue Aug  2 02:37:12 2022 UTC] new RSS (index.xml) detected
[Tue Aug  2 08:45:27 2022 UTC] new advisory (024) for ep082022 detected
[Tue Aug  2 08:45:28 2022 UTC] new best track for ep082022 detected
[Tue Aug  2 08:45:28 2022 UTC] new RSS (index.xml) detected
[Tue Aug  2 14:36:21 2022 UTC] new advisory (025) for ep082022 detected
[Tue Aug  2 14:36:21 2022 UTC] new best track for ep082022 detected
[Tue Aug  2 14:36:21 2022 UTC] new RSS (index.xml) detected
[Tue Aug  2 20:40:54 2022 UTC] new advisory (026) for ep082022 detected
[Tue Aug  2 20:40:55 2022 UTC] new best track for ep082022 detected
[Tue Aug  2 20:40:56 2022 UTC] new RSS (index.xml) detected
[Wed Aug  3 02:36:38 2022 UTC] new advisory (027) for ep082022 detected
[Wed Aug  3 02:36:38 2022 UTC] new best track for ep082022 detected
[Wed Aug  3 02:36:39 2022 UTC] new RSS (index.xml) detected
