[Mon Jun 16 20:53:24 2025 UTC] new advisory (001) for ep052025 detected
[Mon Jun 16 21:01:33 2025 UTC] new best track for ep052025 detected
[Mon Jun 16 21:01:34 2025 UTC] new RSS (index.xml) detected
[Tue Jun 17 02:43:38 2025 UTC] new advisory (002) for ep052025 detected
[Tue Jun 17 02:43:38 2025 UTC] new best track for ep052025 detected
[Tue Jun 17 02:43:38 2025 UTC] new RSS (index.xml) detected
[Tue Jun 17 05:32:43 2025 UTC] new advisory (002A) for ep052025 detected
[Tue Jun 17 05:32:43 2025 UTC] new best track for ep052025 detected
[Tue Jun 17 05:32:43 2025 UTC] new RSS (index.xml) detected
[Tue Jun 17 08:49:21 2025 UTC] new advisory (003) for ep052025 detected
[Tue Jun 17 08:49:21 2025 UTC] new best track for ep052025 detected
[Tue Jun 17 08:49:21 2025 UTC] new RSS (index.xml) detected
[Tue Jun 17 11:46:32 2025 UTC] new advisory (003A) for ep052025 detected
[Tue Jun 17 11:46:32 2025 UTC] new best track for ep052025 detected
[Tue Jun 17 11:46:32 2025 UTC] new RSS (index.xml) detected
[Tue Jun 17 14:46:53 2025 UTC] new advisory (004) for ep052025 detected
[Tue Jun 17 14:46:53 2025 UTC] new best track for ep052025 detected
[Tue Jun 17 14:46:54 2025 UTC] new RSS (index.xml) detected
[Tue Jun 17 17:49:23 2025 UTC] new advisory (004A) for ep052025 detected
[Tue Jun 17 17:49:23 2025 UTC] new best track for ep052025 detected
[Tue Jun 17 17:49:23 2025 UTC] new RSS (index.xml) detected
[Tue Jun 17 20:33:51 2025 UTC] new advisory (005) for ep052025 detected
[Tue Jun 17 20:33:51 2025 UTC] new best track for ep052025 detected
[Tue Jun 17 20:33:51 2025 UTC] new RSS (index.xml) detected
[Tue Jun 17 23:44:28 2025 UTC] new advisory (005A) for ep052025 detected
[Tue Jun 17 23:44:28 2025 UTC] new best track for ep052025 detected
[Tue Jun 17 23:44:28 2025 UTC] new RSS (index.xml) detected
[Wed Jun 18 02:40:50 2025 UTC] new advisory (006) for ep052025 detected
[Wed Jun 18 02:40:51 2025 UTC] new best track for ep052025 detected
[Wed Jun 18 02:40:51 2025 UTC] new RSS (index.xml) detected
[Wed Jun 18 05:55:20 2025 UTC] new advisory (006A) for ep052025 detected
[Wed Jun 18 05:55:21 2025 UTC] new best track for ep052025 detected
[Wed Jun 18 05:55:21 2025 UTC] new RSS (index.xml) detected
[Wed Jun 18 08:35:19 2025 UTC] new advisory (007) for ep052025 detected
[Wed Jun 18 08:35:20 2025 UTC] new best track for ep052025 detected
[Wed Jun 18 08:35:20 2025 UTC] new RSS (index.xml) detected
[Wed Jun 18 11:53:00 2025 UTC] new advisory (007A) for ep052025 detected
[Wed Jun 18 11:53:00 2025 UTC] new best track for ep052025 detected
[Wed Jun 18 11:53:00 2025 UTC] new RSS (index.xml) detected
[Wed Jun 18 14:42:13 2025 UTC] new advisory (008) for ep052025 detected
[Wed Jun 18 14:42:13 2025 UTC] new best track for ep052025 detected
[Wed Jun 18 14:42:13 2025 UTC] new RSS (index.xml) detected
[Wed Jun 18 17:36:28 2025 UTC] new advisory (008A) for ep052025 detected
[Wed Jun 18 17:36:28 2025 UTC] new best track for ep052025 detected
[Wed Jun 18 17:36:28 2025 UTC] new RSS (index.xml) detected
[Wed Jun 18 20:35:50 2025 UTC] new advisory (009) for ep052025 detected
[Wed Jun 18 20:35:50 2025 UTC] new best track for ep052025 detected
[Wed Jun 18 20:35:50 2025 UTC] new RSS (index.xml) detected
[Wed Jun 18 23:46:24 2025 UTC] new advisory (009A) for ep052025 detected
[Wed Jun 18 23:46:25 2025 UTC] new best track for ep052025 detected
[Wed Jun 18 23:46:25 2025 UTC] new RSS (index.xml) detected
[Thu Jun 19 02:44:51 2025 UTC] new advisory (010) for ep052025 detected
[Thu Jun 19 02:44:51 2025 UTC] new best track for ep052025 detected
[Thu Jun 19 02:44:52 2025 UTC] new RSS (index.xml) detected
[Thu Jun 19 05:45:01 2025 UTC] new advisory (011) for ep052025 detected
[Thu Jun 19 05:45:01 2025 UTC] new best track for ep052025 detected
[Thu Jun 19 05:45:01 2025 UTC] new RSS (index.xml) detected
[Thu Jun 19 08:52:24 2025 UTC] new advisory (012) for ep052025 detected
[Thu Jun 19 08:52:24 2025 UTC] new best track for ep052025 detected
[Thu Jun 19 08:52:24 2025 UTC] new RSS (index.xml) detected
[Thu Jun 19 11:38:24 2025 UTC] new advisory (012A) for ep052025 detected
[Thu Jun 19 11:38:24 2025 UTC] new best track for ep052025 detected
[Thu Jun 19 11:38:24 2025 UTC] new RSS (index.xml) detected
[Thu Jun 19 14:38:38 2025 UTC] new advisory (013) for ep052025 detected
[Thu Jun 19 14:38:39 2025 UTC] new best track for ep052025 detected
[Thu Jun 19 14:38:39 2025 UTC] new RSS (index.xml) detected
[Thu Jun 19 17:32:51 2025 UTC] new advisory (013A) for ep052025 detected
[Thu Jun 19 17:32:51 2025 UTC] new best track for ep052025 detected
[Thu Jun 19 17:32:51 2025 UTC] new RSS (index.xml) detected
[Thu Jun 19 20:35:10 2025 UTC] new advisory (014) for ep052025 detected
[Thu Jun 19 20:35:10 2025 UTC] new best track for ep052025 detected
[Thu Jun 19 20:35:10 2025 UTC] new RSS (index.xml) detected
