[Sun Nov  3 20:57:45 2024 UTC] new advisory (001) for al182024 detected
[Sun Nov  3 21:01:52 2024 UTC] new best track for al182024 detected
[Sun Nov  3 21:01:52 2024 UTC] new RSS (index.xml) detected
[Sun Nov  3 23:44:31 2024 UTC] new advisory (001A) for al182024 detected
[Sun Nov  3 23:44:31 2024 UTC] new best track for al182024 detected
[Sun Nov  3 23:44:32 2024 UTC] new RSS (index.xml) detected
[Mon Nov  4 02:56:23 2024 UTC] new advisory (002) for al182024 detected
[Mon Nov  4 02:56:24 2024 UTC] new best track for al182024 detected
[Mon Nov  4 02:56:24 2024 UTC] new RSS (index.xml) detected
[Mon Nov  4 05:46:52 2024 UTC] new advisory (002A) for al182024 detected
[Mon Nov  4 05:46:52 2024 UTC] new best track for al182024 detected
[Mon Nov  4 05:46:52 2024 UTC] new RSS (index.xml) detected
[Mon Nov  4 08:51:18 2024 UTC] new advisory (003) for al182024 detected
[Mon Nov  4 08:51:18 2024 UTC] new best track for al182024 detected
[Mon Nov  4 08:51:18 2024 UTC] new RSS (index.xml) detected
[Mon Nov  4 11:49:01 2024 UTC] new advisory (003A) for al182024 detected
[Mon Nov  4 11:49:01 2024 UTC] new best track for al182024 detected
[Mon Nov  4 11:49:01 2024 UTC] new RSS (index.xml) detected
[Mon Nov  4 14:41:02 2024 UTC] new advisory (004) for al182024 detected
[Mon Nov  4 14:41:02 2024 UTC] new best track for al182024 detected
[Mon Nov  4 14:41:02 2024 UTC] new RSS (index.xml) detected
[Mon Nov  4 18:02:57 2024 UTC] new advisory (004A) for al182024 detected
[Mon Nov  4 18:02:57 2024 UTC] new best track for al182024 detected
[Mon Nov  4 18:02:57 2024 UTC] new RSS (index.xml) detected
[Mon Nov  4 21:01:17 2024 UTC] new advisory (005) for al182024 detected
[Mon Nov  4 21:01:17 2024 UTC] new best track for al182024 detected
[Mon Nov  4 21:01:17 2024 UTC] new RSS (index.xml) detected
