[Mon Jun 19 14:58:42 2023 UTC] new advisory (001) for al032023 detected
[Mon Jun 19 15:01:49 2023 UTC] new best track for al032023 detected
[Mon Jun 19 15:01:49 2023 UTC] new RSS (index.xml) detected
[Mon Jun 19 20:45:44 2023 UTC] new advisory (002) for al032023 detected
[Mon Jun 19 20:45:44 2023 UTC] new best track for al032023 detected
[Mon Jun 19 20:45:44 2023 UTC] new RSS (index.xml) detected
[Tue Jun 20 02:36:06 2023 UTC] new advisory (003) for al032023 detected
[Tue Jun 20 02:36:06 2023 UTC] new best track for al032023 detected
[Tue Jun 20 02:36:06 2023 UTC] new RSS (index.xml) detected
[Tue Jun 20 08:40:00 2023 UTC] new advisory (004) for al032023 detected
[Tue Jun 20 08:40:00 2023 UTC] new best track for al032023 detected
[Tue Jun 20 08:40:00 2023 UTC] new RSS (index.xml) detected
[Tue Jun 20 14:46:51 2023 UTC] new advisory (005) for al032023 detected
[Tue Jun 20 14:46:52 2023 UTC] new best track for al032023 detected
[Tue Jun 20 14:46:52 2023 UTC] new RSS (index.xml) detected
[Tue Jun 20 20:49:33 2023 UTC] new advisory (006) for al032023 detected
[Tue Jun 20 20:49:33 2023 UTC] new best track for al032023 detected
[Tue Jun 20 20:49:34 2023 UTC] new RSS (index.xml) detected
[Tue Jun 20 23:44:45 2023 UTC] new advisory (006A) for al032023 detected
[Tue Jun 20 23:44:45 2023 UTC] new best track for al032023 detected
[Tue Jun 20 23:44:46 2023 UTC] new RSS (index.xml) detected
[Wed Jun 21 02:39:51 2023 UTC] new advisory (007) for al032023 detected
[Wed Jun 21 02:39:52 2023 UTC] new best track for al032023 detected
[Wed Jun 21 02:39:52 2023 UTC] new RSS (index.xml) detected
[Wed Jun 21 05:47:26 2023 UTC] new advisory (007A) for al032023 detected
[Wed Jun 21 05:47:27 2023 UTC] new best track for al032023 detected
[Wed Jun 21 05:47:27 2023 UTC] new RSS (index.xml) detected
[Wed Jun 21 08:46:53 2023 UTC] new advisory (008) for al032023 detected
[Wed Jun 21 08:46:53 2023 UTC] new best track for al032023 detected
[Wed Jun 21 08:46:54 2023 UTC] new RSS (index.xml) detected
