[Fri Aug  2 22:30:47 2024 UTC] new advisory (002) for al042024 detected
[Fri Aug  2 22:30:47 2024 UTC] new best track for al042024 detected
[Fri Aug  2 22:30:47 2024 UTC] new RSS (index.xml) detected
[Fri Aug  2 23:48:22 2024 UTC] new advisory (002A) for al042024 detected
[Fri Aug  2 23:48:22 2024 UTC] new best track for al042024 detected
[Fri Aug  2 23:48:22 2024 UTC] new RSS (index.xml) detected
[Sat Aug  3 02:51:00 2024 UTC] new advisory (003) for al042024 detected
[Sat Aug  3 02:51:00 2024 UTC] new best track for al042024 detected
[Sat Aug  3 02:51:00 2024 UTC] new RSS (index.xml) detected
[Sat Aug  3 05:52:28 2024 UTC] new advisory (003A) for al042024 detected
[Sat Aug  3 05:52:28 2024 UTC] new best track for al042024 detected
[Sat Aug  3 05:52:28 2024 UTC] new RSS (index.xml) detected
[Sat Aug  3 09:00:25 2024 UTC] new advisory (004) for al042024 detected
[Sat Aug  3 09:00:25 2024 UTC] new best track for al042024 detected
[Sat Aug  3 09:00:25 2024 UTC] new RSS (index.xml) detected
[Sat Aug  3 11:32:54 2024 UTC] new advisory (004A) for al042024 detected
[Sat Aug  3 11:32:54 2024 UTC] new best track for al042024 detected
[Sat Aug  3 11:32:54 2024 UTC] new RSS (index.xml) detected
[Sat Aug  3 14:42:28 2024 UTC] new advisory (005) for al042024 detected
[Sat Aug  3 14:42:28 2024 UTC] new best track for al042024 detected
[Sat Aug  3 14:42:29 2024 UTC] new RSS (index.xml) detected
[Sat Aug  3 17:33:19 2024 UTC] new advisory (005A) for al042024 detected
[Sat Aug  3 17:33:20 2024 UTC] new best track for al042024 detected
[Sat Aug  3 17:33:20 2024 UTC] new RSS (index.xml) detected
[Sat Aug  3 20:50:31 2024 UTC] new advisory (006) for al042024 detected
[Sat Aug  3 20:50:31 2024 UTC] new best track for al042024 detected
[Sat Aug  3 20:50:31 2024 UTC] new RSS (index.xml) detected
[Sat Aug  3 23:56:59 2024 UTC] new advisory (006A) for al042024 detected
[Sat Aug  3 23:56:59 2024 UTC] new best track for al042024 detected
[Sat Aug  3 23:56:59 2024 UTC] new RSS (index.xml) detected
[Sun Aug  4 02:50:36 2024 UTC] new advisory (007) for al042024 detected
[Sun Aug  4 02:50:36 2024 UTC] new best track for al042024 detected
[Sun Aug  4 02:50:36 2024 UTC] new RSS (index.xml) detected
[Sun Aug  4 05:34:53 2024 UTC] new advisory (007A) for al042024 detected
[Sun Aug  4 05:34:53 2024 UTC] new best track for al042024 detected
[Sun Aug  4 05:34:53 2024 UTC] new RSS (index.xml) detected
[Sun Aug  4 08:49:10 2024 UTC] new advisory (008) for al042024 detected
[Sun Aug  4 08:49:10 2024 UTC] new best track for al042024 detected
[Sun Aug  4 08:49:10 2024 UTC] new RSS (index.xml) detected
[Sun Aug  4 11:57:20 2024 UTC] new advisory (008A) for al042024 detected
[Sun Aug  4 11:57:20 2024 UTC] new best track for al042024 detected
[Sun Aug  4 11:57:20 2024 UTC] new RSS (index.xml) detected
[Sun Aug  4 14:56:25 2024 UTC] new advisory (009) for al042024 detected
[Sun Aug  4 14:56:25 2024 UTC] new best track for al042024 detected
[Sun Aug  4 14:56:25 2024 UTC] new RSS (index.xml) detected
[Sun Aug  4 17:36:26 2024 UTC] new advisory (009A) for al042024 detected
[Sun Aug  4 17:36:26 2024 UTC] new best track for al042024 detected
[Sun Aug  4 17:36:26 2024 UTC] new RSS (index.xml) detected
[Sun Aug  4 20:52:45 2024 UTC] new advisory (010) for al042024 detected
[Sun Aug  4 20:52:45 2024 UTC] new best track for al042024 detected
[Sun Aug  4 20:52:45 2024 UTC] new RSS (index.xml) detected
[Sun Aug  4 23:55:08 2024 UTC] new advisory (010A) for al042024 detected
[Sun Aug  4 23:55:08 2024 UTC] new best track for al042024 detected
[Sun Aug  4 23:55:08 2024 UTC] new RSS (index.xml) detected
[Mon Aug  5 02:56:33 2024 UTC] new advisory (011) for al042024 detected
[Mon Aug  5 02:56:33 2024 UTC] new best track for al042024 detected
[Mon Aug  5 02:56:33 2024 UTC] new RSS (index.xml) detected
[Mon Aug  5 05:46:52 2024 UTC] new advisory (011A) for al042024 detected
[Mon Aug  5 05:46:52 2024 UTC] new best track for al042024 detected
[Mon Aug  5 05:46:52 2024 UTC] new RSS (index.xml) detected
[Mon Aug  5 08:57:39 2024 UTC] new advisory (012) for al042024 detected
[Mon Aug  5 08:57:39 2024 UTC] new best track for al042024 detected
[Mon Aug  5 08:57:39 2024 UTC] new RSS (index.xml) detected
[Mon Aug  5 11:55:10 2024 UTC] new advisory (012A) for al042024 detected
[Mon Aug  5 11:55:10 2024 UTC] new best track for al042024 detected
[Mon Aug  5 11:55:10 2024 UTC] new RSS (index.xml) detected
[Mon Aug  5 14:56:59 2024 UTC] new advisory (013) for al042024 detected
[Mon Aug  5 14:56:59 2024 UTC] new best track for al042024 detected
[Mon Aug  5 14:56:59 2024 UTC] new RSS (index.xml) detected
[Mon Aug  5 17:51:16 2024 UTC] new advisory (013A) for al042024 detected
[Mon Aug  5 17:51:17 2024 UTC] new best track for al042024 detected
[Mon Aug  5 17:51:17 2024 UTC] new RSS (index.xml) detected
