[Thu Oct  9 14:42:25 2025 UTC] new advisory (001) for ep172025 detected
[Thu Oct  9 15:01:17 2025 UTC] new best track for ep172025 detected
[Thu Oct  9 15:01:17 2025 UTC] new RSS (index.xml) detected
[Thu Oct  9 17:51:56 2025 UTC] new advisory (001a) for ep172025 detected
[Thu Oct  9 17:51:56 2025 UTC] new best track for ep172025 detected
[Thu Oct  9 17:51:57 2025 UTC] new RSS (index.xml) detected
[Thu Oct  9 20:40:38 2025 UTC] new advisory (002) for ep172025 detected
[Thu Oct  9 20:40:39 2025 UTC] new best track for ep172025 detected
[Thu Oct  9 20:40:39 2025 UTC] new RSS (index.xml) detected
[Thu Oct  9 23:52:56 2025 UTC] new advisory (002a) for ep172025 detected
[Thu Oct  9 23:52:56 2025 UTC] new best track for ep172025 detected
[Thu Oct  9 23:52:56 2025 UTC] new RSS (index.xml) detected
[Fri Oct 10 02:44:27 2025 UTC] new advisory (003) for ep172025 detected
[Fri Oct 10 02:44:27 2025 UTC] new best track for ep172025 detected
[Fri Oct 10 02:44:27 2025 UTC] new RSS (index.xml) detected
[Fri Oct 10 05:52:36 2025 UTC] new advisory (003a) for ep172025 detected
[Fri Oct 10 05:52:36 2025 UTC] new best track for ep172025 detected
[Fri Oct 10 05:52:37 2025 UTC] new RSS (index.xml) detected
[Fri Oct 10 08:52:41 2025 UTC] new advisory (004) for ep172025 detected
[Fri Oct 10 08:52:41 2025 UTC] new best track for ep172025 detected
[Fri Oct 10 08:52:41 2025 UTC] new RSS (index.xml) detected
[Fri Oct 10 11:48:40 2025 UTC] new advisory (004a) for ep172025 detected
[Fri Oct 10 11:48:40 2025 UTC] new best track for ep172025 detected
[Fri Oct 10 11:48:40 2025 UTC] new RSS (index.xml) detected
[Fri Oct 10 14:44:40 2025 UTC] new advisory (005) for ep172025 detected
[Fri Oct 10 14:44:40 2025 UTC] new best track for ep172025 detected
[Fri Oct 10 14:44:40 2025 UTC] new RSS (index.xml) detected
[Fri Oct 10 17:46:47 2025 UTC] new advisory (005a) for ep172025 detected
[Fri Oct 10 17:46:47 2025 UTC] new best track for ep172025 detected
[Fri Oct 10 17:46:47 2025 UTC] new RSS (index.xml) detected
[Fri Oct 10 20:32:24 2025 UTC] new advisory (006) for ep172025 detected
[Fri Oct 10 20:32:24 2025 UTC] new best track for ep172025 detected
[Fri Oct 10 20:32:24 2025 UTC] new RSS (index.xml) detected
