[Tue Jun 27 20:38:16 2023 UTC] new advisory (001) for ep012023 detected
[Tue Jun 27 20:38:16 2023 UTC] new best track for ep012023 detected
[Tue Jun 27 20:38:17 2023 UTC] new RSS (index.xml) detected
[Wed Jun 28 02:51:40 2023 UTC] new advisory (002) for ep012023 detected
[Wed Jun 28 02:51:40 2023 UTC] new best track for ep012023 detected
[Wed Jun 28 02:51:40 2023 UTC] new RSS (index.xml) detected
[Wed Jun 28 08:40:08 2023 UTC] new advisory (003) for ep012023 detected
[Wed Jun 28 08:40:08 2023 UTC] new best track for ep012023 detected
[Wed Jun 28 08:40:08 2023 UTC] new RSS (index.xml) detected
[Wed Jun 28 14:45:17 2023 UTC] new advisory (004) for ep012023 detected
[Wed Jun 28 14:45:17 2023 UTC] new best track for ep012023 detected
[Wed Jun 28 14:45:17 2023 UTC] new RSS (index.xml) detected
[Wed Jun 28 20:37:10 2023 UTC] new advisory (005) for ep012023 detected
[Wed Jun 28 20:37:11 2023 UTC] new best track for ep012023 detected
[Wed Jun 28 20:37:11 2023 UTC] new RSS (index.xml) detected
[Thu Jun 29 02:33:52 2023 UTC] new advisory (006) for ep012023 detected
[Thu Jun 29 02:33:53 2023 UTC] new best track for ep012023 detected
[Thu Jun 29 02:33:53 2023 UTC] new RSS (index.xml) detected
[Thu Jun 29 08:39:34 2023 UTC] new advisory (007) for ep012023 detected
[Thu Jun 29 08:39:34 2023 UTC] new best track for ep012023 detected
[Thu Jun 29 08:39:34 2023 UTC] new RSS (index.xml) detected
[Thu Jun 29 14:47:26 2023 UTC] new advisory (008) for ep012023 detected
[Thu Jun 29 14:47:27 2023 UTC] new best track for ep012023 detected
[Thu Jun 29 14:47:27 2023 UTC] new RSS (index.xml) detected
[Thu Jun 29 20:47:21 2023 UTC] new advisory (009) for ep012023 detected
[Thu Jun 29 20:47:21 2023 UTC] new best track for ep012023 detected
[Thu Jun 29 20:47:21 2023 UTC] new RSS (index.xml) detected
[Fri Jun 30 02:32:36 2023 UTC] new advisory (010) for ep012023 detected
[Fri Jun 30 02:32:37 2023 UTC] new best track for ep012023 detected
[Fri Jun 30 02:32:37 2023 UTC] new RSS (index.xml) detected
[Fri Jun 30 08:34:28 2023 UTC] new advisory (011) for ep012023 detected
[Fri Jun 30 08:34:29 2023 UTC] new best track for ep012023 detected
[Fri Jun 30 08:34:29 2023 UTC] new RSS (index.xml) detected
[Fri Jun 30 14:52:44 2023 UTC] new advisory (012) for ep012023 detected
[Fri Jun 30 14:52:45 2023 UTC] new best track for ep012023 detected
[Fri Jun 30 14:52:45 2023 UTC] new RSS (index.xml) detected
[Fri Jun 30 20:48:05 2023 UTC] new advisory (013) for ep012023 detected
[Fri Jun 30 20:48:05 2023 UTC] new best track for ep012023 detected
[Fri Jun 30 20:48:05 2023 UTC] new RSS (index.xml) detected
[Sat Jul  1 02:38:57 2023 UTC] new advisory (014) for ep012023 detected
[Sat Jul  1 02:38:58 2023 UTC] new best track for ep012023 detected
[Sat Jul  1 02:38:58 2023 UTC] new RSS (index.xml) detected
[Sat Jul  1 08:38:09 2023 UTC] new advisory (015) for ep012023 detected
[Sat Jul  1 08:38:10 2023 UTC] new best track for ep012023 detected
[Sat Jul  1 08:38:10 2023 UTC] new RSS (index.xml) detected
[Sat Jul  1 14:43:28 2023 UTC] new advisory (016) for ep012023 detected
[Sat Jul  1 14:43:29 2023 UTC] new best track for ep012023 detected
[Sat Jul  1 14:43:29 2023 UTC] new RSS (index.xml) detected
[Sat Jul  1 20:38:26 2023 UTC] new advisory (017) for ep012023 detected
[Sat Jul  1 20:38:26 2023 UTC] new best track for ep012023 detected
[Sat Jul  1 20:38:26 2023 UTC] new RSS (index.xml) detected
[Sun Jul  2 02:55:37 2023 UTC] new advisory (018) for ep012023 detected
[Sun Jul  2 02:55:37 2023 UTC] new best track for ep012023 detected
[Sun Jul  2 02:55:37 2023 UTC] new RSS (index.xml) detected
