[Tue Sep 19 14:42:04 2023 UTC] new advisory (001) for ep132023 detected
[Tue Sep 19 15:01:59 2023 UTC] new best track for ep132023 detected
[Tue Sep 19 15:01:59 2023 UTC] new RSS (index.xml) detected
[Tue Sep 19 20:36:55 2023 UTC] new advisory (002) for ep132023 detected
[Tue Sep 19 20:36:56 2023 UTC] new best track for ep132023 detected
[Tue Sep 19 20:36:56 2023 UTC] new RSS (index.xml) detected
[Wed Sep 20 02:39:27 2023 UTC] new advisory (003) for ep132023 detected
[Wed Sep 20 02:39:28 2023 UTC] new best track for ep132023 detected
[Wed Sep 20 02:39:28 2023 UTC] new RSS (index.xml) detected
[Wed Sep 20 08:32:11 2023 UTC] new advisory (004) for ep132023 detected
[Wed Sep 20 08:32:11 2023 UTC] new best track for ep132023 detected
[Wed Sep 20 08:32:12 2023 UTC] new RSS (index.xml) detected
[Wed Sep 20 14:43:13 2023 UTC] new advisory (005) for ep132023 detected
[Wed Sep 20 14:43:13 2023 UTC] new best track for ep132023 detected
[Wed Sep 20 14:43:13 2023 UTC] new RSS (index.xml) detected
[Wed Sep 20 20:37:59 2023 UTC] new advisory (006) for ep132023 detected
[Wed Sep 20 20:37:59 2023 UTC] new best track for ep132023 detected
[Wed Sep 20 20:37:59 2023 UTC] new RSS (index.xml) detected
[Thu Sep 21 02:33:14 2023 UTC] new advisory (007) for ep132023 detected
[Thu Sep 21 02:33:14 2023 UTC] new best track for ep132023 detected
[Thu Sep 21 02:33:14 2023 UTC] new RSS (index.xml) detected
[Thu Sep 21 08:32:33 2023 UTC] new advisory (008) for ep132023 detected
[Thu Sep 21 08:32:34 2023 UTC] new best track for ep132023 detected
[Thu Sep 21 08:32:34 2023 UTC] new RSS (index.xml) detected
[Thu Sep 21 14:43:42 2023 UTC] new advisory (009) for ep132023 detected
[Thu Sep 21 14:43:42 2023 UTC] new best track for ep132023 detected
[Thu Sep 21 14:43:42 2023 UTC] new RSS (index.xml) detected
[Thu Sep 21 20:41:52 2023 UTC] new advisory (010) for ep132023 detected
[Thu Sep 21 20:41:53 2023 UTC] new best track for ep132023 detected
[Thu Sep 21 20:41:53 2023 UTC] new RSS (index.xml) detected
[Fri Sep 22 02:44:47 2023 UTC] new advisory (011) for ep132023 detected
[Fri Sep 22 02:44:47 2023 UTC] new best track for ep132023 detected
[Fri Sep 22 02:44:47 2023 UTC] new RSS (index.xml) detected
[Fri Sep 22 08:32:37 2023 UTC] new advisory (012) for ep132023 detected
[Fri Sep 22 08:32:37 2023 UTC] new best track for ep132023 detected
[Fri Sep 22 08:32:38 2023 UTC] new RSS (index.xml) detected
