[Thu Sep 26 02:58:49 2024 UTC] new advisory (001) for al102024 detected
[Thu Sep 26 03:00:53 2024 UTC] new best track for al102024 detected
[Thu Sep 26 03:00:53 2024 UTC] new RSS (index.xml) detected
[Thu Sep 26 08:41:53 2024 UTC] new advisory (002) for al102024 detected
[Thu Sep 26 08:41:53 2024 UTC] new best track for al102024 detected
[Thu Sep 26 08:41:53 2024 UTC] new RSS (index.xml) detected
[Thu Sep 26 14:38:34 2024 UTC] new advisory (003) for al102024 detected
[Thu Sep 26 14:38:34 2024 UTC] new best track for al102024 detected
[Thu Sep 26 14:38:34 2024 UTC] new RSS (index.xml) detected
[Thu Sep 26 20:52:55 2024 UTC] new advisory (004) for al102024 detected
[Thu Sep 26 20:52:56 2024 UTC] new best track for al102024 detected
[Thu Sep 26 20:52:56 2024 UTC] new RSS (index.xml) detected
[Fri Sep 27 02:42:09 2024 UTC] new advisory (005) for al102024 detected
[Fri Sep 27 02:42:10 2024 UTC] new best track for al102024 detected
[Fri Sep 27 02:42:10 2024 UTC] new RSS (index.xml) detected
[Fri Sep 27 08:53:13 2024 UTC] new advisory (006) for al102024 detected
[Fri Sep 27 08:53:13 2024 UTC] new best track for al102024 detected
[Fri Sep 27 08:53:13 2024 UTC] new RSS (index.xml) detected
[Fri Sep 27 14:34:59 2024 UTC] new advisory (007) for al102024 detected
[Fri Sep 27 14:34:59 2024 UTC] new best track for al102024 detected
[Fri Sep 27 14:34:59 2024 UTC] new RSS (index.xml) detected
[Fri Sep 27 20:34:42 2024 UTC] new advisory (008) for al102024 detected
[Fri Sep 27 20:34:42 2024 UTC] new best track for al102024 detected
[Fri Sep 27 20:34:42 2024 UTC] new RSS (index.xml) detected
[Sat Sep 28 02:39:18 2024 UTC] new advisory (009) for al102024 detected
[Sat Sep 28 02:39:19 2024 UTC] new best track for al102024 detected
[Sat Sep 28 02:39:19 2024 UTC] new RSS (index.xml) detected
[Sat Sep 28 08:41:11 2024 UTC] new advisory (010) for al102024 detected
[Sat Sep 28 08:41:11 2024 UTC] new best track for al102024 detected
[Sat Sep 28 08:41:11 2024 UTC] new RSS (index.xml) detected
[Sat Sep 28 14:32:22 2024 UTC] new advisory (011) for al102024 detected
[Sat Sep 28 14:32:23 2024 UTC] new best track for al102024 detected
[Sat Sep 28 14:32:23 2024 UTC] new RSS (index.xml) detected
[Sat Sep 28 20:43:07 2024 UTC] new advisory (012) for al102024 detected
[Sat Sep 28 20:43:07 2024 UTC] new best track for al102024 detected
[Sat Sep 28 20:43:07 2024 UTC] new RSS (index.xml) detected
[Sun Sep 29 02:35:22 2024 UTC] new advisory (013) for al102024 detected
[Sun Sep 29 02:35:22 2024 UTC] new best track for al102024 detected
[Sun Sep 29 02:35:22 2024 UTC] new RSS (index.xml) detected
[Sun Sep 29 08:41:09 2024 UTC] new advisory (014) for al102024 detected
[Sun Sep 29 08:41:09 2024 UTC] new best track for al102024 detected
[Sun Sep 29 08:41:09 2024 UTC] new RSS (index.xml) detected
[Sun Sep 29 14:37:23 2024 UTC] new advisory (015) for al102024 detected
[Sun Sep 29 14:37:24 2024 UTC] new best track for al102024 detected
[Sun Sep 29 14:37:24 2024 UTC] new RSS (index.xml) detected
