[Thu Aug 22 15:00:34 2024 UTC] new advisory (001) for cp012024 detected
[Thu Aug 22 15:00:34 2024 UTC] new best track for cp012024 detected
[Thu Aug 22 15:00:34 2024 UTC] new RSS (index.xml) detected
[Thu Aug 22 20:36:54 2024 UTC] new advisory (002) for cp012024 detected
[Thu Aug 22 20:36:54 2024 UTC] new best track for cp012024 detected
[Thu Aug 22 20:36:54 2024 UTC] new RSS (index.xml) detected
[Fri Aug 23 02:51:03 2024 UTC] new advisory (003) for cp012024 detected
[Fri Aug 23 02:51:03 2024 UTC] new best track for cp012024 detected
[Fri Aug 23 02:51:03 2024 UTC] new RSS (index.xml) detected
[Fri Aug 23 05:54:28 2024 UTC] new advisory (003A) for cp012024 detected
[Fri Aug 23 05:54:28 2024 UTC] new best track for cp012024 detected
[Fri Aug 23 05:54:28 2024 UTC] new RSS (index.xml) detected
[Fri Aug 23 08:58:54 2024 UTC] new advisory (004) for cp012024 detected
[Fri Aug 23 08:58:55 2024 UTC] new best track for cp012024 detected
[Fri Aug 23 08:58:55 2024 UTC] new RSS (index.xml) detected
[Fri Aug 23 11:57:18 2024 UTC] new advisory (004A) for cp012024 detected
[Fri Aug 23 11:57:18 2024 UTC] new best track for cp012024 detected
[Fri Aug 23 11:57:18 2024 UTC] new RSS (index.xml) detected
[Fri Aug 23 15:00:52 2024 UTC] new advisory (005) for cp012024 detected
[Fri Aug 23 15:00:52 2024 UTC] new best track for cp012024 detected
[Fri Aug 23 15:00:52 2024 UTC] new RSS (index.xml) detected
[Fri Aug 23 18:03:19 2024 UTC] new advisory (005A) for cp012024 detected
[Fri Aug 23 18:03:19 2024 UTC] new best track for cp012024 detected
[Fri Aug 23 18:03:19 2024 UTC] new RSS (index.xml) detected
[Fri Aug 23 20:39:18 2024 UTC] new advisory (006) for cp012024 detected
[Fri Aug 23 20:39:18 2024 UTC] new best track for cp012024 detected
[Fri Aug 23 20:39:18 2024 UTC] new RSS (index.xml) detected
[Fri Aug 23 23:59:13 2024 UTC] new advisory (006A) for cp012024 detected
[Fri Aug 23 23:59:13 2024 UTC] new best track for cp012024 detected
[Fri Aug 23 23:59:13 2024 UTC] new RSS (index.xml) detected
[Sat Aug 24 02:33:09 2024 UTC] new advisory (007) for cp012024 detected
[Sat Aug 24 02:33:09 2024 UTC] new best track for cp012024 detected
[Sat Aug 24 02:33:09 2024 UTC] new RSS (index.xml) detected
[Sat Aug 24 05:59:05 2024 UTC] new advisory (007A) for cp012024 detected
[Sat Aug 24 05:59:05 2024 UTC] new best track for cp012024 detected
[Sat Aug 24 05:59:05 2024 UTC] new RSS (index.xml) detected
[Sat Aug 24 09:03:14 2024 UTC] new advisory (008) for cp012024 detected
[Sat Aug 24 09:03:14 2024 UTC] new best track for cp012024 detected
[Sat Aug 24 09:03:14 2024 UTC] new RSS (index.xml) detected
[Sat Aug 24 12:00:54 2024 UTC] new advisory (008A) for cp012024 detected
[Sat Aug 24 12:00:54 2024 UTC] new best track for cp012024 detected
[Sat Aug 24 12:00:54 2024 UTC] new RSS (index.xml) detected
[Sat Aug 24 14:43:53 2024 UTC] new advisory (009) for cp012024 detected
[Sat Aug 24 14:43:53 2024 UTC] new best track for cp012024 detected
[Sat Aug 24 14:43:53 2024 UTC] new RSS (index.xml) detected
[Sat Aug 24 17:48:55 2024 UTC] new advisory (009A) for cp012024 detected
[Sat Aug 24 17:48:55 2024 UTC] new best track for cp012024 detected
[Sat Aug 24 17:48:55 2024 UTC] new RSS (index.xml) detected
[Sat Aug 24 20:43:17 2024 UTC] new advisory (010) for cp012024 detected
[Sat Aug 24 20:43:17 2024 UTC] new best track for cp012024 detected
[Sat Aug 24 20:43:17 2024 UTC] new RSS (index.xml) detected
[Sat Aug 24 23:49:21 2024 UTC] new advisory (010A) for cp012024 detected
[Sat Aug 24 23:49:21 2024 UTC] new best track for cp012024 detected
[Sat Aug 24 23:49:21 2024 UTC] new RSS (index.xml) detected
[Sun Aug 25 02:39:05 2024 UTC] new advisory (011) for cp012024 detected
[Sun Aug 25 02:39:05 2024 UTC] new best track for cp012024 detected
[Sun Aug 25 02:39:05 2024 UTC] new RSS (index.xml) detected
[Sun Aug 25 06:01:23 2024 UTC] new advisory (011A) for cp012024 detected
[Sun Aug 25 06:01:23 2024 UTC] new best track for cp012024 detected
[Sun Aug 25 06:01:24 2024 UTC] new RSS (index.xml) detected
[Sun Aug 25 09:00:38 2024 UTC] new advisory (012) for cp012024 detected
[Sun Aug 25 09:00:39 2024 UTC] new best track for cp012024 detected
[Sun Aug 25 09:00:39 2024 UTC] new RSS (index.xml) detected
[Sun Aug 25 11:55:00 2024 UTC] new advisory (012A) for cp012024 detected
[Sun Aug 25 11:55:00 2024 UTC] new best track for cp012024 detected
[Sun Aug 25 11:55:00 2024 UTC] new RSS (index.xml) detected
[Sun Aug 25 14:36:30 2024 UTC] new advisory (013) for cp012024 detected
[Sun Aug 25 14:36:30 2024 UTC] new best track for cp012024 detected
[Sun Aug 25 14:36:30 2024 UTC] new RSS (index.xml) detected
[Sun Aug 25 17:58:36 2024 UTC] new advisory (013A) for cp012024 detected
[Sun Aug 25 17:58:36 2024 UTC] new best track for cp012024 detected
[Sun Aug 25 17:58:36 2024 UTC] new RSS (index.xml) detected
[Sun Aug 25 20:39:01 2024 UTC] new advisory (014) for cp012024 detected
[Sun Aug 25 20:39:01 2024 UTC] new best track for cp012024 detected
[Sun Aug 25 20:39:01 2024 UTC] new RSS (index.xml) detected
[Sun Aug 25 23:55:01 2024 UTC] new advisory (014A) for cp012024 detected
[Sun Aug 25 23:55:11 2024 UTC] new best track for cp012024 detected
[Sun Aug 25 23:55:11 2024 UTC] new RSS (index.xml) detected
[Mon Aug 26 02:40:39 2024 UTC] new advisory (015) for cp012024 detected
[Mon Aug 26 02:40:39 2024 UTC] new best track for cp012024 detected
[Mon Aug 26 02:40:39 2024 UTC] new RSS (index.xml) detected
[Mon Aug 26 08:47:08 2024 UTC] new advisory (016) for cp012024 detected
[Mon Aug 26 08:47:08 2024 UTC] new best track for cp012024 detected
[Mon Aug 26 08:47:08 2024 UTC] new RSS (index.xml) detected
[Mon Aug 26 14:39:05 2024 UTC] new advisory (017) for cp012024 detected
[Mon Aug 26 14:39:05 2024 UTC] new best track for cp012024 detected
[Mon Aug 26 14:39:05 2024 UTC] new RSS (index.xml) detected
[Mon Aug 26 20:43:08 2024 UTC] new advisory (018) for cp012024 detected
[Mon Aug 26 20:43:08 2024 UTC] new best track for cp012024 detected
[Mon Aug 26 20:43:08 2024 UTC] new RSS (index.xml) detected
[Tue Aug 27 02:40:22 2024 UTC] new advisory (019) for cp012024 detected
[Tue Aug 27 02:40:22 2024 UTC] new best track for cp012024 detected
[Tue Aug 27 02:40:22 2024 UTC] new RSS (index.xml) detected
[Tue Aug 27 08:54:02 2024 UTC] new advisory (020) for cp012024 detected
[Tue Aug 27 08:54:02 2024 UTC] new best track for cp012024 detected
[Tue Aug 27 08:54:02 2024 UTC] new RSS (index.xml) detected
[Tue Aug 27 14:41:04 2024 UTC] new advisory (021) for cp012024 detected
[Tue Aug 27 14:41:04 2024 UTC] new best track for cp012024 detected
[Tue Aug 27 14:41:04 2024 UTC] new RSS (index.xml) detected
[Tue Aug 27 20:35:24 2024 UTC] new advisory (022) for cp012024 detected
[Tue Aug 27 20:35:24 2024 UTC] new best track for cp012024 detected
[Tue Aug 27 20:35:24 2024 UTC] new RSS (index.xml) detected
[Wed Aug 28 02:40:35 2024 UTC] new advisory (023) for cp012024 detected
[Wed Aug 28 02:40:35 2024 UTC] new best track for cp012024 detected
[Wed Aug 28 02:40:35 2024 UTC] new RSS (index.xml) detected
[Wed Aug 28 08:46:26 2024 UTC] new advisory (024) for cp012024 detected
[Wed Aug 28 08:46:26 2024 UTC] new best track for cp012024 detected
[Wed Aug 28 08:46:26 2024 UTC] new RSS (index.xml) detected
[Wed Aug 28 14:34:41 2024 UTC] new advisory (025) for cp012024 detected
[Wed Aug 28 14:34:41 2024 UTC] new best track for cp012024 detected
[Wed Aug 28 14:34:41 2024 UTC] new RSS (index.xml) detected
[Wed Aug 28 20:38:29 2024 UTC] new advisory (026) for cp012024 detected
[Wed Aug 28 20:38:29 2024 UTC] new best track for cp012024 detected
[Wed Aug 28 20:38:29 2024 UTC] new RSS (index.xml) detected
[Thu Aug 29 02:39:11 2024 UTC] new advisory (027) for cp012024 detected
[Thu Aug 29 02:39:11 2024 UTC] new best track for cp012024 detected
[Thu Aug 29 02:39:11 2024 UTC] new RSS (index.xml) detected
[Thu Aug 29 09:00:23 2024 UTC] new advisory (028) for cp012024 detected
[Thu Aug 29 09:00:23 2024 UTC] new best track for cp012024 detected
[Thu Aug 29 09:00:23 2024 UTC] new RSS (index.xml) detected
[Thu Aug 29 14:57:06 2024 UTC] new advisory (029) for cp012024 detected
[Thu Aug 29 14:57:06 2024 UTC] new best track for cp012024 detected
[Thu Aug 29 14:57:06 2024 UTC] new RSS (index.xml) detected
[Thu Aug 29 20:53:02 2024 UTC] new advisory (030) for cp012024 detected
[Thu Aug 29 20:53:02 2024 UTC] new best track for cp012024 detected
[Thu Aug 29 20:53:02 2024 UTC] new RSS (index.xml) detected
[Fri Aug 30 02:58:44 2024 UTC] new advisory (031) for cp012024 detected
[Fri Aug 30 02:58:44 2024 UTC] new best track for cp012024 detected
[Fri Aug 30 02:58:44 2024 UTC] new RSS (index.xml) detected
[Fri Aug 30 08:35:14 2024 UTC] new advisory (032) for cp012024 detected
[Fri Aug 30 08:35:14 2024 UTC] new best track for cp012024 detected
[Fri Aug 30 08:35:14 2024 UTC] new RSS (index.xml) detected
[Fri Aug 30 14:34:45 2024 UTC] new advisory (033) for cp012024 detected
[Fri Aug 30 14:34:45 2024 UTC] new best track for cp012024 detected
[Fri Aug 30 14:34:45 2024 UTC] new RSS (index.xml) detected
[Fri Aug 30 20:38:53 2024 UTC] new advisory (034) for cp012024 detected
[Fri Aug 30 20:38:54 2024 UTC] new best track for cp012024 detected
[Fri Aug 30 20:38:54 2024 UTC] new RSS (index.xml) detected
[Fri Aug 30 23:56:49 2024 UTC] new advisory (034A) for cp012024 detected
[Fri Aug 30 23:56:50 2024 UTC] new best track for cp012024 detected
[Fri Aug 30 23:56:50 2024 UTC] new RSS (index.xml) detected
[Sat Aug 31 02:55:28 2024 UTC] new advisory (035) for cp012024 detected
[Sat Aug 31 02:55:29 2024 UTC] new best track for cp012024 detected
[Sat Aug 31 02:55:29 2024 UTC] new RSS (index.xml) detected
[Sat Aug 31 05:40:55 2024 UTC] new advisory (035A) for cp012024 detected
[Sat Aug 31 05:40:55 2024 UTC] new best track for cp012024 detected
[Sat Aug 31 05:40:55 2024 UTC] new RSS (index.xml) detected
[Sat Aug 31 08:35:48 2024 UTC] new advisory (036) for cp012024 detected
[Sat Aug 31 08:35:49 2024 UTC] new best track for cp012024 detected
[Sat Aug 31 08:35:49 2024 UTC] new RSS (index.xml) detected
[Sat Aug 31 11:36:48 2024 UTC] new advisory (036A) for cp012024 detected
[Sat Aug 31 11:36:48 2024 UTC] new best track for cp012024 detected
[Sat Aug 31 11:36:48 2024 UTC] new RSS (index.xml) detected
[Sat Aug 31 14:38:31 2024 UTC] new advisory (037) for cp012024 detected
[Sat Aug 31 14:38:31 2024 UTC] new best track for cp012024 detected
[Sat Aug 31 14:38:32 2024 UTC] new RSS (index.xml) detected
[Sat Aug 31 17:58:26 2024 UTC] new advisory (037A) for cp012024 detected
[Sat Aug 31 17:58:27 2024 UTC] new best track for cp012024 detected
[Sat Aug 31 17:58:27 2024 UTC] new RSS (index.xml) detected
[Sat Aug 31 20:41:14 2024 UTC] new advisory (038) for cp012024 detected
[Sat Aug 31 20:41:14 2024 UTC] new best track for cp012024 detected
[Sat Aug 31 20:41:14 2024 UTC] new RSS (index.xml) detected
