[Sat Jul  2 22:44:48 2022 UTC] new advisory (021) for ep042022 detected
[Sat Jul  2 22:44:48 2022 UTC] new best track for ep042022 detected
[Sat Jul  2 22:44:48 2022 UTC] new RSS (index.xml) detected
[Sun Jul  3 02:38:00 2022 UTC] new advisory (022) for ep042022 detected
[Sun Jul  3 02:38:01 2022 UTC] new best track for ep042022 detected
[Sun Jul  3 02:38:01 2022 UTC] new RSS (index.xml) detected
[Sun Jul  3 08:49:55 2022 UTC] new advisory (023) for ep042022 detected
[Sun Jul  3 08:49:56 2022 UTC] new best track for ep042022 detected
[Sun Jul  3 08:49:56 2022 UTC] new RSS (index.xml) detected
[Sun Jul  3 14:35:53 2022 UTC] new advisory (024) for ep042022 detected
[Sun Jul  3 14:35:53 2022 UTC] new best track for ep042022 detected
[Sun Jul  3 14:35:53 2022 UTC] new RSS (index.xml) detected
[Sun Jul  3 20:40:56 2022 UTC] new advisory (025) for ep042022 detected
[Sun Jul  3 20:40:56 2022 UTC] new best track for ep042022 detected
[Sun Jul  3 20:40:57 2022 UTC] new RSS (index.xml) detected
[Mon Jul  4 02:36:59 2022 UTC] new advisory (026) for ep042022 detected
[Mon Jul  4 02:36:59 2022 UTC] new best track for ep042022 detected
[Mon Jul  4 02:37:00 2022 UTC] new RSS (index.xml) detected
[Mon Jul  4 08:40:58 2022 UTC] new advisory (027) for ep042022 detected
[Mon Jul  4 08:40:58 2022 UTC] new best track for ep042022 detected
[Mon Jul  4 08:40:58 2022 UTC] new RSS (index.xml) detected
[Mon Jul  4 14:48:58 2022 UTC] new advisory (028) for ep042022 detected
[Mon Jul  4 14:48:59 2022 UTC] new best track for ep042022 detected
[Mon Jul  4 14:48:59 2022 UTC] new RSS (index.xml) detected
[Mon Jul  4 20:58:52 2022 UTC] new advisory (029) for ep042022 detected
[Mon Jul  4 20:58:52 2022 UTC] new best track for ep042022 detected
[Mon Jul  4 20:58:52 2022 UTC] new RSS (index.xml) detected
[Tue Jul  5 02:45:33 2022 UTC] new advisory (030) for ep042022 detected
[Tue Jul  5 02:45:33 2022 UTC] new best track for ep042022 detected
[Tue Jul  5 02:45:33 2022 UTC] new RSS (index.xml) detected
[Tue Jul  5 08:42:29 2022 UTC] new advisory (031) for ep042022 detected
[Tue Jul  5 08:42:30 2022 UTC] new best track for ep042022 detected
[Tue Jul  5 08:42:30 2022 UTC] new RSS (index.xml) detected
[Tue Jul  5 14:35:37 2022 UTC] new advisory (032) for ep042022 detected
[Tue Jul  5 14:35:38 2022 UTC] new best track for ep042022 detected
[Tue Jul  5 14:35:38 2022 UTC] new RSS (index.xml) detected
[Tue Jul  5 20:34:18 2022 UTC] new advisory (033) for ep042022 detected
[Tue Jul  5 20:34:19 2022 UTC] new best track for ep042022 detected
[Tue Jul  5 20:34:19 2022 UTC] new RSS (index.xml) detected
[Wed Jul  6 02:36:07 2022 UTC] new advisory (034) for ep042022 detected
[Wed Jul  6 02:36:08 2022 UTC] new best track for ep042022 detected
[Wed Jul  6 02:36:08 2022 UTC] new RSS (index.xml) detected
[Wed Jul  6 08:39:03 2022 UTC] new advisory (035) for ep042022 detected
[Wed Jul  6 08:39:04 2022 UTC] new best track for ep042022 detected
[Wed Jul  6 08:39:04 2022 UTC] new RSS (index.xml) detected
[Wed Jul  6 14:49:14 2022 UTC] new advisory (036) for ep042022 detected
[Wed Jul  6 14:49:14 2022 UTC] new best track for ep042022 detected
[Wed Jul  6 14:49:15 2022 UTC] new RSS (index.xml) detected
[Wed Jul  6 20:39:07 2022 UTC] new advisory (037) for ep042022 detected
[Wed Jul  6 20:39:07 2022 UTC] new best track for ep042022 detected
[Wed Jul  6 20:39:07 2022 UTC] new RSS (index.xml) detected
[Thu Jul  7 02:37:09 2022 UTC] new advisory (038) for ep042022 detected
[Thu Jul  7 02:37:10 2022 UTC] new best track for ep042022 detected
[Thu Jul  7 02:37:10 2022 UTC] new RSS (index.xml) detected
[Thu Jul  7 08:53:39 2022 UTC] new advisory (039) for ep042022 detected
[Thu Jul  7 08:53:39 2022 UTC] new best track for ep042022 detected
[Thu Jul  7 08:53:39 2022 UTC] new RSS (index.xml) detected
[Thu Jul  7 14:36:29 2022 UTC] new advisory (040) for ep042022 detected
[Thu Jul  7 14:36:29 2022 UTC] new best track for ep042022 detected
[Thu Jul  7 14:36:29 2022 UTC] new RSS (index.xml) detected
[Thu Jul  7 20:36:33 2022 UTC] new advisory (041) for ep042022 detected
[Thu Jul  7 20:36:33 2022 UTC] new best track for ep042022 detected
[Thu Jul  7 20:36:33 2022 UTC] new RSS (index.xml) detected
[Fri Jul  8 02:35:46 2022 UTC] new advisory (042) for ep042022 detected
[Fri Jul  8 02:35:47 2022 UTC] new best track for ep042022 detected
[Fri Jul  8 02:35:47 2022 UTC] new RSS (index.xml) detected
[Fri Jul  8 08:36:58 2022 UTC] new advisory (043) for ep042022 detected
[Fri Jul  8 08:36:58 2022 UTC] new best track for ep042022 detected
[Fri Jul  8 08:36:58 2022 UTC] new RSS (index.xml) detected
[Fri Jul  8 14:35:11 2022 UTC] new advisory (044) for ep042022 detected
[Fri Jul  8 14:35:11 2022 UTC] new best track for ep042022 detected
[Fri Jul  8 14:35:11 2022 UTC] new RSS (index.xml) detected
[Fri Jul  8 20:32:10 2022 UTC] new advisory (045) for ep042022 detected
[Fri Jul  8 20:32:10 2022 UTC] new best track for ep042022 detected
[Fri Jul  8 20:32:10 2022 UTC] new RSS (index.xml) detected
[Sat Jul  9 02:36:19 2022 UTC] new advisory (046) for ep042022 detected
[Sat Jul  9 02:36:20 2022 UTC] new best track for ep042022 detected
[Sat Jul  9 02:36:20 2022 UTC] new RSS (index.xml) detected
[Sat Jul  9 08:40:31 2022 UTC] new advisory (047) for ep042022 detected
[Sat Jul  9 08:40:31 2022 UTC] new best track for ep042022 detected
[Sat Jul  9 08:40:32 2022 UTC] new RSS (index.xml) detected
[Sat Jul  9 14:42:52 2022 UTC] new advisory (048) for ep042022 detected
[Sat Jul  9 14:42:53 2022 UTC] new best track for ep042022 detected
[Sat Jul  9 14:42:53 2022 UTC] new RSS (index.xml) detected
[Sat Jul  9 20:36:48 2022 UTC] new advisory (049) for ep042022 detected
[Sat Jul  9 20:36:48 2022 UTC] new best track for ep042022 detected
[Sat Jul  9 20:36:48 2022 UTC] new RSS (index.xml) detected
