[Tue Oct  1 20:55:46 2024 UTC] new advisory (001) for ep112024 detected
[Tue Oct  1 21:01:55 2024 UTC] new best track for ep112024 detected
[Tue Oct  1 21:01:55 2024 UTC] new RSS (index.xml) detected
[Tue Oct  1 23:34:55 2024 UTC] new advisory (001A) for ep112024 detected
[Tue Oct  1 23:34:55 2024 UTC] new best track for ep112024 detected
[Tue Oct  1 23:34:55 2024 UTC] new RSS (index.xml) detected
[Wed Oct  2 02:34:44 2024 UTC] new advisory (002) for ep112024 detected
[Wed Oct  2 02:34:44 2024 UTC] new best track for ep112024 detected
[Wed Oct  2 02:34:44 2024 UTC] new RSS (index.xml) detected
[Wed Oct  2 05:42:28 2024 UTC] new advisory (002A) for ep112024 detected
[Wed Oct  2 05:42:28 2024 UTC] new best track for ep112024 detected
[Wed Oct  2 05:42:28 2024 UTC] new RSS (index.xml) detected
[Wed Oct  2 08:47:01 2024 UTC] new advisory (003) for ep112024 detected
[Wed Oct  2 08:47:02 2024 UTC] new best track for ep112024 detected
[Wed Oct  2 08:47:02 2024 UTC] new RSS (index.xml) detected
[Wed Oct  2 11:35:17 2024 UTC] new advisory (003A) for ep112024 detected
[Wed Oct  2 11:35:17 2024 UTC] new best track for ep112024 detected
[Wed Oct  2 11:35:17 2024 UTC] new RSS (index.xml) detected
[Wed Oct  2 14:37:55 2024 UTC] new advisory (004) for ep112024 detected
[Wed Oct  2 14:37:55 2024 UTC] new best track for ep112024 detected
[Wed Oct  2 14:37:55 2024 UTC] new RSS (index.xml) detected
[Wed Oct  2 17:35:02 2024 UTC] new advisory (004A) for ep112024 detected
[Wed Oct  2 17:35:02 2024 UTC] new best track for ep112024 detected
[Wed Oct  2 17:35:02 2024 UTC] new RSS (index.xml) detected
[Wed Oct  2 20:45:30 2024 UTC] new advisory (005) for ep112024 detected
[Wed Oct  2 20:45:30 2024 UTC] new best track for ep112024 detected
[Wed Oct  2 20:45:30 2024 UTC] new RSS (index.xml) detected
[Wed Oct  2 23:54:05 2024 UTC] new advisory (005A) for ep112024 detected
[Wed Oct  2 23:54:05 2024 UTC] new best track for ep112024 detected
[Wed Oct  2 23:54:05 2024 UTC] new RSS (index.xml) detected
