[Sun Jun  7 14:59:17 2026 UTC] new advisory (001) for ep022026 detected
[Sun Jun  7 15:00:18 2026 UTC] new best track for ep022026 detected
[Sun Jun  7 15:00:18 2026 UTC] new RSS (index.xml) detected
[Sun Jun  7 17:43:08 2026 UTC] new advisory (001a) for ep022026 detected
[Sun Jun  7 17:43:08 2026 UTC] new best track for ep022026 detected
[Sun Jun  7 17:43:08 2026 UTC] new RSS (index.xml) detected
[Sun Jun  7 20:41:17 2026 UTC] new advisory (002) for ep022026 detected
[Sun Jun  7 20:41:17 2026 UTC] new best track for ep022026 detected
[Sun Jun  7 20:41:17 2026 UTC] new RSS (index.xml) detected
[Sun Jun  7 23:34:18 2026 UTC] new advisory (002a) for ep022026 detected
[Sun Jun  7 23:34:18 2026 UTC] new best track for ep022026 detected
[Sun Jun  7 23:34:18 2026 UTC] new RSS (index.xml) detected
[Mon Jun  8 02:36:33 2026 UTC] new advisory (003) for ep022026 detected
[Mon Jun  8 02:36:33 2026 UTC] new best track for ep022026 detected
[Mon Jun  8 02:36:33 2026 UTC] new RSS (index.xml) detected
[Mon Jun  8 05:37:46 2026 UTC] new advisory (003a) for ep022026 detected
[Mon Jun  8 05:37:47 2026 UTC] new best track for ep022026 detected
[Mon Jun  8 05:37:47 2026 UTC] new RSS (index.xml) detected
[Mon Jun  8 08:56:28 2026 UTC] new advisory (004) for ep022026 detected
[Mon Jun  8 08:56:28 2026 UTC] new best track for ep022026 detected
[Mon Jun  8 08:56:28 2026 UTC] new RSS (index.xml) detected
[Mon Jun  8 11:40:22 2026 UTC] new advisory (004a) for ep022026 detected
[Mon Jun  8 11:40:23 2026 UTC] new best track for ep022026 detected
[Mon Jun  8 11:40:23 2026 UTC] new RSS (index.xml) detected
