[Tue Oct 17 20:19:14 2023 UTC] new advisory (001) for ep172023 detected
[Tue Oct 17 21:00:34 2023 UTC] new best track for ep172023 detected
[Tue Oct 17 21:00:34 2023 UTC] new RSS (index.xml) detected
[Wed Oct 18 02:39:42 2023 UTC] new advisory (002) for ep172023 detected
[Wed Oct 18 02:39:43 2023 UTC] new best track for ep172023 detected
[Wed Oct 18 02:39:43 2023 UTC] new RSS (index.xml) detected
[Wed Oct 18 08:53:58 2023 UTC] new advisory (003) for ep172023 detected
[Wed Oct 18 08:53:58 2023 UTC] new best track for ep172023 detected
[Wed Oct 18 08:53:59 2023 UTC] new RSS (index.xml) detected
[Wed Oct 18 14:56:02 2023 UTC] new advisory (004) for ep172023 detected
[Wed Oct 18 14:56:02 2023 UTC] new best track for ep172023 detected
[Wed Oct 18 14:56:02 2023 UTC] new RSS (index.xml) detected
[Wed Oct 18 20:52:03 2023 UTC] new advisory (005) for ep172023 detected
[Wed Oct 18 20:52:03 2023 UTC] new best track for ep172023 detected
[Wed Oct 18 20:52:03 2023 UTC] new RSS (index.xml) detected
[Thu Oct 19 02:53:15 2023 UTC] new advisory (006) for ep172023 detected
[Thu Oct 19 02:53:15 2023 UTC] new best track for ep172023 detected
[Thu Oct 19 02:53:15 2023 UTC] new RSS (index.xml) detected
[Thu Oct 19 08:59:09 2023 UTC] new advisory (007) for ep172023 detected
[Thu Oct 19 08:59:10 2023 UTC] new best track for ep172023 detected
[Thu Oct 19 08:59:10 2023 UTC] new RSS (index.xml) detected
[Thu Oct 19 11:56:30 2023 UTC] new advisory (007A) for ep172023 detected
[Thu Oct 19 11:56:30 2023 UTC] new best track for ep172023 detected
[Thu Oct 19 11:56:31 2023 UTC] new RSS (index.xml) detected
[Thu Oct 19 14:53:31 2023 UTC] new advisory (008) for ep172023 detected
[Thu Oct 19 14:53:31 2023 UTC] new best track for ep172023 detected
[Thu Oct 19 14:53:31 2023 UTC] new RSS (index.xml) detected
[Thu Oct 19 17:56:46 2023 UTC] new advisory (008A) for ep172023 detected
[Thu Oct 19 17:56:46 2023 UTC] new best track for ep172023 detected
[Thu Oct 19 17:56:46 2023 UTC] new RSS (index.xml) detected
[Thu Oct 19 20:55:40 2023 UTC] new advisory (009) for ep172023 detected
[Thu Oct 19 20:55:41 2023 UTC] new best track for ep172023 detected
[Thu Oct 19 20:55:41 2023 UTC] new RSS (index.xml) detected
[Thu Oct 19 23:58:49 2023 UTC] new advisory (009A) for ep172023 detected
[Thu Oct 19 23:58:49 2023 UTC] new best track for ep172023 detected
[Thu Oct 19 23:58:50 2023 UTC] new RSS (index.xml) detected
[Fri Oct 20 02:42:25 2023 UTC] new advisory (010) for ep172023 detected
[Fri Oct 20 02:42:26 2023 UTC] new best track for ep172023 detected
[Fri Oct 20 02:42:26 2023 UTC] new RSS (index.xml) detected
[Fri Oct 20 05:58:25 2023 UTC] new advisory (010A) for ep172023 detected
[Fri Oct 20 05:58:25 2023 UTC] new best track for ep172023 detected
[Fri Oct 20 05:58:25 2023 UTC] new RSS (index.xml) detected
[Fri Oct 20 08:58:21 2023 UTC] new advisory (011) for ep172023 detected
[Fri Oct 20 08:58:22 2023 UTC] new best track for ep172023 detected
[Fri Oct 20 08:58:22 2023 UTC] new RSS (index.xml) detected
