[Thu Jun  1 21:35:16 2023 UTC] new advisory (001) for al022023 detected
[Thu Jun  1 21:35:17 2023 UTC] new best track for al022023 detected
[Thu Jun  1 21:35:18 2023 UTC] new RSS (index.xml) detected
[Fri Jun  2 02:36:13 2023 UTC] new advisory (002) for al022023 detected
[Fri Jun  2 02:36:14 2023 UTC] new best track for al022023 detected
[Fri Jun  2 02:36:14 2023 UTC] new RSS (index.xml) detected
[Fri Jun  2 08:42:29 2023 UTC] new advisory (003) for al022023 detected
[Fri Jun  2 08:42:30 2023 UTC] new best track for al022023 detected
[Fri Jun  2 08:42:30 2023 UTC] new RSS (index.xml) detected
[Fri Jun  2 14:35:29 2023 UTC] new advisory (004) for al022023 detected
[Fri Jun  2 14:35:29 2023 UTC] new best track for al022023 detected
[Fri Jun  2 14:35:30 2023 UTC] new RSS (index.xml) detected
[Fri Jun  2 17:25:13 2023 UTC] new advisory (005) for al022023 detected
[Fri Jun  2 17:25:14 2023 UTC] new best track for al022023 detected
[Fri Jun  2 17:25:14 2023 UTC] new RSS (index.xml) detected
[Fri Jun  2 20:36:39 2023 UTC] new advisory (006) for al022023 detected
[Fri Jun  2 20:36:40 2023 UTC] new best track for al022023 detected
[Fri Jun  2 20:36:40 2023 UTC] new RSS (index.xml) detected
[Sat Jun  3 02:37:00 2023 UTC] new advisory (007) for al022023 detected
[Sat Jun  3 02:37:00 2023 UTC] new best track for al022023 detected
[Sat Jun  3 02:37:00 2023 UTC] new RSS (index.xml) detected
[Sat Jun  3 08:38:35 2023 UTC] new advisory (008) for al022023 detected
[Sat Jun  3 08:38:36 2023 UTC] new best track for al022023 detected
[Sat Jun  3 08:38:36 2023 UTC] new RSS (index.xml) detected
