[Wed Jul  3 06:33:37 2024 UTC] new advisory (018A) for al022024 detected
[Wed Jul  3 06:33:37 2024 UTC] new best track for al022024 detected
[Wed Jul  3 06:33:37 2024 UTC] new RSS (index.xml) detected
[Wed Jul  3 08:54:42 2024 UTC] new advisory (019) for al022024 detected
[Wed Jul  3 08:54:43 2024 UTC] new best track for al022024 detected
[Wed Jul  3 08:54:43 2024 UTC] new RSS (index.xml) detected
[Wed Jul  3 11:51:18 2024 UTC] new advisory (019A) for al022024 detected
[Wed Jul  3 11:51:18 2024 UTC] new best track for al022024 detected
[Wed Jul  3 11:51:18 2024 UTC] new RSS (index.xml) detected
[Wed Jul  3 14:49:39 2024 UTC] new advisory (020) for al022024 detected
[Wed Jul  3 14:49:39 2024 UTC] new best track for al022024 detected
[Wed Jul  3 14:49:39 2024 UTC] new RSS (index.xml) detected
[Wed Jul  3 17:43:12 2024 UTC] new advisory (020A) for al022024 detected
[Wed Jul  3 17:43:13 2024 UTC] new best track for al022024 detected
[Wed Jul  3 17:43:13 2024 UTC] new RSS (index.xml) detected
[Wed Jul  3 20:44:15 2024 UTC] new advisory (021) for al022024 detected
[Wed Jul  3 20:44:15 2024 UTC] new best track for al022024 detected
[Wed Jul  3 20:44:16 2024 UTC] new RSS (index.xml) detected
[Wed Jul  3 23:55:38 2024 UTC] new advisory (021A) for al022024 detected
[Wed Jul  3 23:55:39 2024 UTC] new best track for al022024 detected
[Wed Jul  3 23:55:39 2024 UTC] new RSS (index.xml) detected
[Thu Jul  4 02:35:38 2024 UTC] new advisory (022) for al022024 detected
[Thu Jul  4 02:35:39 2024 UTC] new best track for al022024 detected
[Thu Jul  4 02:35:39 2024 UTC] new RSS (index.xml) detected
[Thu Jul  4 05:50:46 2024 UTC] new advisory (022A) for al022024 detected
[Thu Jul  4 05:50:47 2024 UTC] new best track for al022024 detected
[Thu Jul  4 05:50:47 2024 UTC] new RSS (index.xml) detected
[Thu Jul  4 08:57:26 2024 UTC] new advisory (023) for al022024 detected
[Thu Jul  4 08:57:26 2024 UTC] new best track for al022024 detected
[Thu Jul  4 08:57:26 2024 UTC] new RSS (index.xml) detected
[Thu Jul  4 11:58:11 2024 UTC] new advisory (023A) for al022024 detected
[Thu Jul  4 11:58:11 2024 UTC] new best track for al022024 detected
[Thu Jul  4 11:58:11 2024 UTC] new RSS (index.xml) detected
[Thu Jul  4 14:46:24 2024 UTC] new advisory (024) for al022024 detected
[Thu Jul  4 14:46:25 2024 UTC] new best track for al022024 detected
[Thu Jul  4 14:46:25 2024 UTC] new RSS (index.xml) detected
[Thu Jul  4 17:44:38 2024 UTC] new advisory (024A) for al022024 detected
[Thu Jul  4 17:44:39 2024 UTC] new best track for al022024 detected
[Thu Jul  4 17:44:39 2024 UTC] new RSS (index.xml) detected
[Thu Jul  4 20:36:14 2024 UTC] new advisory (025) for al022024 detected
[Thu Jul  4 20:36:15 2024 UTC] new best track for al022024 detected
[Thu Jul  4 20:36:15 2024 UTC] new RSS (index.xml) detected
[Thu Jul  4 23:51:07 2024 UTC] new advisory (025A) for al022024 detected
[Thu Jul  4 23:51:07 2024 UTC] new best track for al022024 detected
[Thu Jul  4 23:51:08 2024 UTC] new RSS (index.xml) detected
[Fri Jul  5 02:46:57 2024 UTC] new advisory (026) for al022024 detected
[Fri Jul  5 02:46:57 2024 UTC] new best track for al022024 detected
[Fri Jul  5 02:46:57 2024 UTC] new RSS (index.xml) detected
[Fri Jul  5 05:44:52 2024 UTC] new advisory (026A) for al022024 detected
[Fri Jul  5 05:44:53 2024 UTC] new best track for al022024 detected
[Fri Jul  5 05:44:53 2024 UTC] new RSS (index.xml) detected
[Fri Jul  5 08:46:52 2024 UTC] new advisory (027) for al022024 detected
[Fri Jul  5 08:46:52 2024 UTC] new best track for al022024 detected
[Fri Jul  5 08:46:53 2024 UTC] new RSS (index.xml) detected
[Fri Jul  5 11:51:15 2024 UTC] new advisory (027A) for al022024 detected
[Fri Jul  5 11:51:15 2024 UTC] new best track for al022024 detected
[Fri Jul  5 11:51:15 2024 UTC] new RSS (index.xml) detected
[Fri Jul  5 14:51:08 2024 UTC] new advisory (028) for al022024 detected
[Fri Jul  5 14:51:09 2024 UTC] new best track for al022024 detected
[Fri Jul  5 14:51:09 2024 UTC] new RSS (index.xml) detected
