[Sat Jul  9 20:54:04 2022 UTC] new advisory (001) for ep052022 detected
[Sat Jul  9 21:02:10 2022 UTC] new best track for ep052022 detected
[Sat Jul  9 21:02:11 2022 UTC] new RSS (index.xml) detected
[Sun Jul 10 02:40:23 2022 UTC] new advisory (002) for ep052022 detected
[Sun Jul 10 02:40:23 2022 UTC] new best track for ep052022 detected
[Sun Jul 10 02:40:23 2022 UTC] new RSS (index.xml) detected
[Sun Jul 10 08:43:03 2022 UTC] new advisory (003) for ep052022 detected
[Sun Jul 10 08:43:03 2022 UTC] new best track for ep052022 detected
[Sun Jul 10 08:43:04 2022 UTC] new RSS (index.xml) detected
[Sun Jul 10 14:45:51 2022 UTC] new advisory (004) for ep052022 detected
[Sun Jul 10 14:45:52 2022 UTC] new best track for ep052022 detected
[Sun Jul 10 14:45:52 2022 UTC] new RSS (index.xml) detected
[Sun Jul 10 20:36:07 2022 UTC] new advisory (005) for ep052022 detected
[Sun Jul 10 20:36:07 2022 UTC] new best track for ep052022 detected
[Sun Jul 10 20:36:08 2022 UTC] new RSS (index.xml) detected
[Mon Jul 11 02:38:57 2022 UTC] new advisory (006) for ep052022 detected
[Mon Jul 11 02:38:57 2022 UTC] new best track for ep052022 detected
[Mon Jul 11 02:38:57 2022 UTC] new RSS (index.xml) detected
[Mon Jul 11 08:43:32 2022 UTC] new advisory (007) for ep052022 detected
[Mon Jul 11 08:43:32 2022 UTC] new best track for ep052022 detected
[Mon Jul 11 08:43:33 2022 UTC] new RSS (index.xml) detected
[Mon Jul 11 09:51:38 2022 UTC] new advisory (008) for ep052022 detected
[Mon Jul 11 09:51:38 2022 UTC] new best track for ep052022 detected
[Mon Jul 11 09:51:38 2022 UTC] new RSS (index.xml) detected
[Mon Jul 11 14:51:11 2022 UTC] new advisory (009) for ep052022 detected
[Mon Jul 11 14:51:12 2022 UTC] new best track for ep052022 detected
[Mon Jul 11 14:51:12 2022 UTC] new RSS (index.xml) detected
[Mon Jul 11 20:50:36 2022 UTC] new advisory (010) for ep052022 detected
[Mon Jul 11 20:50:36 2022 UTC] new best track for ep052022 detected
[Mon Jul 11 20:50:37 2022 UTC] new RSS (index.xml) detected
[Tue Jul 12 02:34:39 2022 UTC] new advisory (011) for ep052022 detected
[Tue Jul 12 02:34:40 2022 UTC] new best track for ep052022 detected
[Tue Jul 12 02:34:40 2022 UTC] new RSS (index.xml) detected
[Tue Jul 12 08:44:41 2022 UTC] new advisory (012) for ep052022 detected
[Tue Jul 12 08:44:41 2022 UTC] new best track for ep052022 detected
[Tue Jul 12 08:44:41 2022 UTC] new RSS (index.xml) detected
[Tue Jul 12 14:47:21 2022 UTC] new advisory (013) for ep052022 detected
[Tue Jul 12 14:47:22 2022 UTC] new best track for ep052022 detected
[Tue Jul 12 14:47:22 2022 UTC] new RSS (index.xml) detected
[Tue Jul 12 20:38:54 2022 UTC] new advisory (014) for ep052022 detected
[Tue Jul 12 20:38:54 2022 UTC] new best track for ep052022 detected
[Tue Jul 12 20:38:54 2022 UTC] new RSS (index.xml) detected
[Wed Jul 13 02:41:14 2022 UTC] new advisory (015) for ep052022 detected
[Wed Jul 13 02:41:15 2022 UTC] new best track for ep052022 detected
[Wed Jul 13 02:41:15 2022 UTC] new RSS (index.xml) detected
[Wed Jul 13 08:39:33 2022 UTC] new advisory (016) for ep052022 detected
[Wed Jul 13 08:39:34 2022 UTC] new best track for ep052022 detected
[Wed Jul 13 08:39:34 2022 UTC] new RSS (index.xml) detected
[Wed Jul 13 14:35:02 2022 UTC] new advisory (017) for ep052022 detected
[Wed Jul 13 14:35:02 2022 UTC] new best track for ep052022 detected
[Wed Jul 13 14:35:02 2022 UTC] new RSS (index.xml) detected
[Wed Jul 13 20:38:20 2022 UTC] new advisory (018) for ep052022 detected
[Wed Jul 13 20:38:20 2022 UTC] new best track for ep052022 detected
[Wed Jul 13 20:38:20 2022 UTC] new RSS (index.xml) detected
[Thu Jul 14 02:48:45 2022 UTC] new advisory (019) for ep052022 detected
[Thu Jul 14 02:48:45 2022 UTC] new best track for ep052022 detected
[Thu Jul 14 02:48:45 2022 UTC] new RSS (index.xml) detected
[Thu Jul 14 08:46:06 2022 UTC] new advisory (020) for ep052022 detected
[Thu Jul 14 08:46:06 2022 UTC] new best track for ep052022 detected
[Thu Jul 14 08:46:07 2022 UTC] new RSS (index.xml) detected
[Thu Jul 14 14:40:38 2022 UTC] new advisory (021) for ep052022 detected
[Thu Jul 14 14:40:38 2022 UTC] new best track for ep052022 detected
[Thu Jul 14 14:40:38 2022 UTC] new RSS (index.xml) detected
