[Wed Sep 21 20:45:45 2022 UTC] new advisory (001) for ep152022 detected
[Wed Sep 21 21:03:04 2022 UTC] new best track for ep152022 detected
[Wed Sep 21 21:03:04 2022 UTC] new RSS (index.xml) detected
[Thu Sep 22 02:46:34 2022 UTC] new advisory (002) for ep152022 detected
[Thu Sep 22 02:46:34 2022 UTC] new best track for ep152022 detected
[Thu Sep 22 02:46:35 2022 UTC] new RSS (index.xml) detected
[Thu Sep 22 08:57:14 2022 UTC] new advisory (003) for ep152022 detected
[Thu Sep 22 08:57:14 2022 UTC] new best track for ep152022 detected
[Thu Sep 22 08:57:15 2022 UTC] new RSS (index.xml) detected
[Thu Sep 22 14:48:28 2022 UTC] new advisory (004) for ep152022 detected
[Thu Sep 22 14:48:29 2022 UTC] new best track for ep152022 detected
[Thu Sep 22 14:48:29 2022 UTC] new RSS (index.xml) detected
[Thu Sep 22 20:44:57 2022 UTC] new advisory (005) for ep152022 detected
[Thu Sep 22 20:44:58 2022 UTC] new best track for ep152022 detected
[Thu Sep 22 20:44:58 2022 UTC] new RSS (index.xml) detected
[Fri Sep 23 02:39:49 2022 UTC] new advisory (006) for ep152022 detected
[Fri Sep 23 02:39:49 2022 UTC] new best track for ep152022 detected
[Fri Sep 23 02:39:50 2022 UTC] new RSS (index.xml) detected
[Fri Sep 23 08:52:53 2022 UTC] new advisory (007) for ep152022 detected
[Fri Sep 23 08:52:53 2022 UTC] new best track for ep152022 detected
[Fri Sep 23 08:52:54 2022 UTC] new RSS (index.xml) detected
[Fri Sep 23 14:56:19 2022 UTC] new advisory (008) for ep152022 detected
[Fri Sep 23 14:56:20 2022 UTC] new best track for ep152022 detected
[Fri Sep 23 14:56:20 2022 UTC] new RSS (index.xml) detected
[Fri Sep 23 20:31:08 2022 UTC] new advisory (009) for ep152022 detected
[Fri Sep 23 20:31:08 2022 UTC] new best track for ep152022 detected
[Fri Sep 23 20:31:08 2022 UTC] new RSS (index.xml) detected
[Sat Sep 24 02:35:33 2022 UTC] new advisory (010) for ep152022 detected
[Sat Sep 24 02:35:34 2022 UTC] new best track for ep152022 detected
[Sat Sep 24 02:35:34 2022 UTC] new RSS (index.xml) detected
[Sat Sep 24 08:54:24 2022 UTC] new advisory (011) for ep152022 detected
[Sat Sep 24 08:54:25 2022 UTC] new best track for ep152022 detected
[Sat Sep 24 08:54:25 2022 UTC] new RSS (index.xml) detected
[Sat Sep 24 14:55:51 2022 UTC] new advisory (012) for ep152022 detected
[Sat Sep 24 14:55:52 2022 UTC] new best track for ep152022 detected
[Sat Sep 24 14:55:52 2022 UTC] new RSS (index.xml) detected
[Sat Sep 24 20:50:23 2022 UTC] new advisory (013) for ep152022 detected
[Sat Sep 24 20:50:24 2022 UTC] new best track for ep152022 detected
[Sat Sep 24 20:50:24 2022 UTC] new RSS (index.xml) detected
[Sun Sep 25 02:41:08 2022 UTC] new advisory (014) for ep152022 detected
[Sun Sep 25 02:41:08 2022 UTC] new best track for ep152022 detected
[Sun Sep 25 02:41:08 2022 UTC] new RSS (index.xml) detected
[Sun Sep 25 08:47:04 2022 UTC] new advisory (015) for ep152022 detected
[Sun Sep 25 08:47:04 2022 UTC] new best track for ep152022 detected
[Sun Sep 25 08:47:04 2022 UTC] new RSS (index.xml) detected
[Sun Sep 25 14:34:59 2022 UTC] new advisory (016) for ep152022 detected
[Sun Sep 25 14:34:59 2022 UTC] new best track for ep152022 detected
[Sun Sep 25 14:34:59 2022 UTC] new RSS (index.xml) detected
[Sun Sep 25 20:46:49 2022 UTC] new advisory (017) for ep152022 detected
[Sun Sep 25 20:46:50 2022 UTC] new best track for ep152022 detected
[Sun Sep 25 20:46:50 2022 UTC] new RSS (index.xml) detected
