[Fri Sep 15 14:55:47 2023 UTC] new advisory (001) for al152023 detected
[Fri Sep 15 15:01:08 2023 UTC] new best track for al152023 detected
[Fri Sep 15 15:01:08 2023 UTC] new RSS (index.xml) detected
[Fri Sep 15 20:40:18 2023 UTC] new advisory (002) for al152023 detected
[Fri Sep 15 20:40:18 2023 UTC] new best track for al152023 detected
[Fri Sep 15 20:40:18 2023 UTC] new RSS (index.xml) detected
[Sat Sep 16 02:48:13 2023 UTC] new advisory (003) for al152023 detected
[Sat Sep 16 02:48:13 2023 UTC] new best track for al152023 detected
[Sat Sep 16 02:48:13 2023 UTC] new RSS (index.xml) detected
[Sat Sep 16 08:48:31 2023 UTC] new advisory (004) for al152023 detected
[Sat Sep 16 08:48:32 2023 UTC] new best track for al152023 detected
[Sat Sep 16 08:48:32 2023 UTC] new RSS (index.xml) detected
[Sat Sep 16 14:57:23 2023 UTC] new advisory (005) for al152023 detected
[Sat Sep 16 14:57:23 2023 UTC] new best track for al152023 detected
[Sat Sep 16 14:57:23 2023 UTC] new RSS (index.xml) detected
[Sat Sep 16 20:37:16 2023 UTC] new advisory (006) for al152023 detected
[Sat Sep 16 20:37:16 2023 UTC] new best track for al152023 detected
[Sat Sep 16 20:37:17 2023 UTC] new RSS (index.xml) detected
[Sun Sep 17 02:42:08 2023 UTC] new advisory (007) for al152023 detected
[Sun Sep 17 02:42:08 2023 UTC] new best track for al152023 detected
[Sun Sep 17 02:42:08 2023 UTC] new RSS (index.xml) detected
[Sun Sep 17 08:43:25 2023 UTC] new advisory (008) for al152023 detected
[Sun Sep 17 08:43:25 2023 UTC] new best track for al152023 detected
[Sun Sep 17 08:43:25 2023 UTC] new RSS (index.xml) detected
[Sun Sep 17 14:40:23 2023 UTC] new advisory (009) for al152023 detected
[Sun Sep 17 14:40:24 2023 UTC] new best track for al152023 detected
[Sun Sep 17 14:40:24 2023 UTC] new RSS (index.xml) detected
[Sun Sep 17 20:43:47 2023 UTC] new advisory (010) for al152023 detected
[Sun Sep 17 20:43:47 2023 UTC] new best track for al152023 detected
[Sun Sep 17 20:43:47 2023 UTC] new RSS (index.xml) detected
[Mon Sep 18 02:40:27 2023 UTC] new advisory (011) for al152023 detected
[Mon Sep 18 02:40:27 2023 UTC] new best track for al152023 detected
[Mon Sep 18 02:40:28 2023 UTC] new RSS (index.xml) detected
[Mon Sep 18 08:45:11 2023 UTC] new advisory (012) for al152023 detected
[Mon Sep 18 08:45:11 2023 UTC] new best track for al152023 detected
[Mon Sep 18 08:45:12 2023 UTC] new RSS (index.xml) detected
[Mon Sep 18 14:45:52 2023 UTC] new advisory (013) for al152023 detected
[Mon Sep 18 14:45:52 2023 UTC] new best track for al152023 detected
[Mon Sep 18 14:45:52 2023 UTC] new RSS (index.xml) detected
[Mon Sep 18 20:46:35 2023 UTC] new advisory (014) for al152023 detected
[Mon Sep 18 20:46:35 2023 UTC] new best track for al152023 detected
[Mon Sep 18 20:46:35 2023 UTC] new RSS (index.xml) detected
[Tue Sep 19 02:42:18 2023 UTC] new advisory (015) for al152023 detected
[Tue Sep 19 02:42:18 2023 UTC] new best track for al152023 detected
[Tue Sep 19 02:42:18 2023 UTC] new RSS (index.xml) detected
[Tue Sep 19 08:32:50 2023 UTC] new advisory (016) for al152023 detected
[Tue Sep 19 08:32:51 2023 UTC] new best track for al152023 detected
[Tue Sep 19 08:32:51 2023 UTC] new RSS (index.xml) detected
[Tue Sep 19 14:54:38 2023 UTC] new advisory (017) for al152023 detected
[Tue Sep 19 14:54:38 2023 UTC] new best track for al152023 detected
[Tue Sep 19 14:54:38 2023 UTC] new RSS (index.xml) detected
[Tue Sep 19 20:43:43 2023 UTC] new advisory (018) for al152023 detected
[Tue Sep 19 20:43:43 2023 UTC] new best track for al152023 detected
[Tue Sep 19 20:43:44 2023 UTC] new RSS (index.xml) detected
[Wed Sep 20 02:39:28 2023 UTC] new advisory (019) for al152023 detected
[Wed Sep 20 02:39:28 2023 UTC] new best track for al152023 detected
[Wed Sep 20 02:39:29 2023 UTC] new RSS (index.xml) detected
[Wed Sep 20 08:40:36 2023 UTC] new advisory (020) for al152023 detected
[Wed Sep 20 08:40:36 2023 UTC] new best track for al152023 detected
[Wed Sep 20 08:40:36 2023 UTC] new RSS (index.xml) detected
[Wed Sep 20 14:45:19 2023 UTC] new advisory (021) for al152023 detected
[Wed Sep 20 14:45:20 2023 UTC] new best track for al152023 detected
[Wed Sep 20 14:45:20 2023 UTC] new RSS (index.xml) detected
[Wed Sep 20 20:40:06 2023 UTC] new advisory (022) for al152023 detected
[Wed Sep 20 20:40:07 2023 UTC] new best track for al152023 detected
[Wed Sep 20 20:40:07 2023 UTC] new RSS (index.xml) detected
[Thu Sep 21 02:39:32 2023 UTC] new advisory (023) for al152023 detected
[Thu Sep 21 02:39:32 2023 UTC] new best track for al152023 detected
[Thu Sep 21 02:39:32 2023 UTC] new RSS (index.xml) detected
