[Mon Oct 11 23:33:05 2021 UTC] new advisory (007) for ep162021 detected
[Mon Oct 11 23:33:05 2021 UTC] new best track for ep162021 detected
[Mon Oct 11 23:33:06 2021 UTC] new RSS (index.xml) detected
[Mon Oct 11 23:57:24 2021 UTC] new advisory (007A) for ep162021 detected
[Mon Oct 11 23:57:24 2021 UTC] new best track for ep162021 detected
[Mon Oct 11 23:57:25 2021 UTC] new RSS (index.xml) detected
[Tue Oct 12 02:39:05 2021 UTC] new advisory (008) for ep162021 detected
[Tue Oct 12 02:39:05 2021 UTC] new best track for ep162021 detected
[Tue Oct 12 02:39:05 2021 UTC] new RSS (index.xml) detected
[Tue Oct 12 05:37:22 2021 UTC] new advisory (008A) for ep162021 detected
[Tue Oct 12 05:37:22 2021 UTC] new best track for ep162021 detected
[Tue Oct 12 05:37:22 2021 UTC] new RSS (index.xml) detected
[Tue Oct 12 08:36:27 2021 UTC] new advisory (009) for ep162021 detected
[Tue Oct 12 08:36:27 2021 UTC] new best track for ep162021 detected
[Tue Oct 12 08:36:27 2021 UTC] new RSS (index.xml) detected
[Tue Oct 12 11:47:36 2021 UTC] new advisory (009A) for ep162021 detected
[Tue Oct 12 11:47:36 2021 UTC] new best track for ep162021 detected
[Tue Oct 12 11:47:36 2021 UTC] new RSS (index.xml) detected
[Tue Oct 12 14:46:37 2021 UTC] new advisory (010) for ep162021 detected
[Tue Oct 12 14:46:40 2021 UTC] new best track for ep162021 detected
[Tue Oct 12 14:46:40 2021 UTC] new RSS (index.xml) detected
[Tue Oct 12 17:46:26 2021 UTC] new advisory (010A) for ep162021 detected
[Tue Oct 12 17:46:27 2021 UTC] new best track for ep162021 detected
[Tue Oct 12 17:46:27 2021 UTC] new RSS (index.xml) detected
[Tue Oct 12 20:50:18 2021 UTC] new advisory (011) for ep162021 detected
[Tue Oct 12 20:50:19 2021 UTC] new best track for ep162021 detected
[Tue Oct 12 20:50:19 2021 UTC] new RSS (index.xml) detected
[Tue Oct 12 23:45:47 2021 UTC] new advisory (011A) for ep162021 detected
[Tue Oct 12 23:45:47 2021 UTC] new best track for ep162021 detected
[Tue Oct 12 23:45:47 2021 UTC] new RSS (index.xml) detected
[Wed Oct 13 02:42:19 2021 UTC] new advisory (012) for ep162021 detected
[Wed Oct 13 02:42:19 2021 UTC] new best track for ep162021 detected
[Wed Oct 13 02:42:20 2021 UTC] new RSS (index.xml) detected
[Wed Oct 13 06:03:15 2021 UTC] new advisory (012A) for ep162021 detected
[Wed Oct 13 06:03:15 2021 UTC] new best track for ep162021 detected
[Wed Oct 13 06:03:15 2021 UTC] new RSS (index.xml) detected
[Wed Oct 13 08:50:32 2021 UTC] new advisory (013) for ep162021 detected
[Wed Oct 13 08:50:32 2021 UTC] new best track for ep162021 detected
[Wed Oct 13 08:50:32 2021 UTC] new RSS (index.xml) detected
[Wed Oct 13 12:01:24 2021 UTC] new advisory (013A) for ep162021 detected
[Wed Oct 13 12:01:24 2021 UTC] new best track for ep162021 detected
[Wed Oct 13 12:01:24 2021 UTC] new RSS (index.xml) detected
[Wed Oct 13 14:51:34 2021 UTC] new advisory (014) for ep162021 detected
[Wed Oct 13 14:51:35 2021 UTC] new best track for ep162021 detected
[Wed Oct 13 14:51:35 2021 UTC] new RSS (index.xml) detected
[Wed Oct 13 18:01:12 2021 UTC] new advisory (014A) for ep162021 detected
[Wed Oct 13 18:01:12 2021 UTC] new best track for ep162021 detected
[Wed Oct 13 18:01:12 2021 UTC] new RSS (index.xml) detected
[Wed Oct 13 20:40:35 2021 UTC] new advisory (015) for ep162021 detected
[Wed Oct 13 20:40:35 2021 UTC] new best track for ep162021 detected
[Wed Oct 13 20:40:36 2021 UTC] new RSS (index.xml) detected
[Thu Oct 14 02:42:33 2021 UTC] new advisory (016) for ep162021 detected
[Thu Oct 14 02:42:34 2021 UTC] new best track for ep162021 detected
[Thu Oct 14 02:42:34 2021 UTC] new RSS (index.xml) detected
