[Tue Jun 16 15:26:37 2026 UTC] new advisory (001) for al012026 detected
[Tue Jun 16 15:26:37 2026 UTC] new best track for al012026 detected
[Tue Jun 16 15:26:37 2026 UTC] new RSS (index.xml) detected
[Tue Jun 16 18:20:27 2026 UTC] new advisory (001a) for al012026 detected
[Tue Jun 16 18:20:27 2026 UTC] new best track for al012026 detected
[Tue Jun 16 18:20:27 2026 UTC] new RSS (index.xml) detected
[Tue Jun 16 20:50:53 2026 UTC] new advisory (002) for al012026 detected
[Tue Jun 16 20:50:54 2026 UTC] new best track for al012026 detected
[Tue Jun 16 20:50:54 2026 UTC] new RSS (index.xml) detected
[Tue Jun 16 23:33:33 2026 UTC] new advisory (002a) for al012026 detected
[Tue Jun 16 23:33:33 2026 UTC] new best track for al012026 detected
[Tue Jun 16 23:33:33 2026 UTC] new RSS (index.xml) detected
[Wed Jun 17 02:34:25 2026 UTC] new advisory (003) for al012026 detected
[Wed Jun 17 02:34:25 2026 UTC] new best track for al012026 detected
[Wed Jun 17 02:34:25 2026 UTC] new RSS (index.xml) detected
[Wed Jun 17 05:44:27 2026 UTC] new advisory (003a) for al012026 detected
[Wed Jun 17 05:44:27 2026 UTC] new best track for al012026 detected
[Wed Jun 17 05:44:27 2026 UTC] new RSS (index.xml) detected
[Wed Jun 17 08:38:13 2026 UTC] new advisory (004) for al012026 detected
[Wed Jun 17 08:38:13 2026 UTC] new best track for al012026 detected
[Wed Jun 17 08:38:13 2026 UTC] new RSS (index.xml) detected
[Wed Jun 17 11:47:17 2026 UTC] new advisory (004a) for al012026 detected
[Wed Jun 17 11:47:17 2026 UTC] new best track for al012026 detected
[Wed Jun 17 11:47:17 2026 UTC] new RSS (index.xml) detected
[Wed Jun 17 14:55:06 2026 UTC] new advisory (005) for al012026 detected
[Wed Jun 17 14:55:06 2026 UTC] new best track for al012026 detected
[Wed Jun 17 14:55:06 2026 UTC] new RSS (index.xml) detected
