[Sat Oct 28 20:57:14 2023 UTC] new advisory (001) for ep192023 detected
[Sat Oct 28 21:01:25 2023 UTC] new best track for ep192023 detected
[Sat Oct 28 21:01:25 2023 UTC] new RSS (index.xml) detected
[Sun Oct 29 02:42:23 2023 UTC] new advisory (002) for ep192023 detected
[Sun Oct 29 02:42:24 2023 UTC] new best track for ep192023 detected
[Sun Oct 29 02:42:24 2023 UTC] new RSS (index.xml) detected
[Sun Oct 29 08:34:15 2023 UTC] new advisory (003) for ep192023 detected
[Sun Oct 29 08:34:16 2023 UTC] new best track for ep192023 detected
[Sun Oct 29 08:34:16 2023 UTC] new RSS (index.xml) detected
[Sun Oct 29 14:51:16 2023 UTC] new advisory (004) for ep192023 detected
[Sun Oct 29 14:51:17 2023 UTC] new best track for ep192023 detected
[Sun Oct 29 14:51:17 2023 UTC] new RSS (index.xml) detected
[Sun Oct 29 20:56:39 2023 UTC] new advisory (005) for ep192023 detected
[Sun Oct 29 20:56:39 2023 UTC] new best track for ep192023 detected
[Sun Oct 29 20:56:40 2023 UTC] new RSS (index.xml) detected
[Sun Oct 29 23:50:28 2023 UTC] new advisory (005A) for ep192023 detected
[Sun Oct 29 23:50:28 2023 UTC] new best track for ep192023 detected
[Sun Oct 29 23:50:28 2023 UTC] new RSS (index.xml) detected
[Mon Oct 30 02:42:20 2023 UTC] new advisory (006) for ep192023 detected
[Mon Oct 30 02:42:21 2023 UTC] new best track for ep192023 detected
[Mon Oct 30 02:42:21 2023 UTC] new RSS (index.xml) detected
[Mon Oct 30 05:34:08 2023 UTC] new advisory (006A) for ep192023 detected
[Mon Oct 30 05:34:08 2023 UTC] new best track for ep192023 detected
[Mon Oct 30 05:34:08 2023 UTC] new RSS (index.xml) detected
[Mon Oct 30 08:32:25 2023 UTC] new advisory (007) for ep192023 detected
[Mon Oct 30 08:32:25 2023 UTC] new best track for ep192023 detected
[Mon Oct 30 08:32:26 2023 UTC] new RSS (index.xml) detected
[Mon Oct 30 11:52:25 2023 UTC] new advisory (007A) for ep192023 detected
[Mon Oct 30 11:52:25 2023 UTC] new best track for ep192023 detected
[Mon Oct 30 11:52:26 2023 UTC] new RSS (index.xml) detected
[Mon Oct 30 14:50:40 2023 UTC] new advisory (008) for ep192023 detected
[Mon Oct 30 14:50:41 2023 UTC] new best track for ep192023 detected
[Mon Oct 30 14:50:41 2023 UTC] new RSS (index.xml) detected
[Mon Oct 30 17:50:58 2023 UTC] new advisory (008A) for ep192023 detected
[Mon Oct 30 17:50:58 2023 UTC] new best track for ep192023 detected
[Mon Oct 30 17:50:58 2023 UTC] new RSS (index.xml) detected
[Mon Oct 30 20:47:10 2023 UTC] new advisory (009) for ep192023 detected
[Mon Oct 30 20:47:10 2023 UTC] new best track for ep192023 detected
[Mon Oct 30 20:47:10 2023 UTC] new RSS (index.xml) detected
[Mon Oct 30 23:44:43 2023 UTC] new advisory (009A) for ep192023 detected
[Mon Oct 30 23:44:43 2023 UTC] new best track for ep192023 detected
[Mon Oct 30 23:44:43 2023 UTC] new RSS (index.xml) detected
[Tue Oct 31 02:44:07 2023 UTC] new advisory (010) for ep192023 detected
[Tue Oct 31 02:44:07 2023 UTC] new best track for ep192023 detected
[Tue Oct 31 02:44:07 2023 UTC] new RSS (index.xml) detected
[Tue Oct 31 05:38:16 2023 UTC] new advisory (010A) for ep192023 detected
[Tue Oct 31 05:38:17 2023 UTC] new best track for ep192023 detected
[Tue Oct 31 05:38:17 2023 UTC] new RSS (index.xml) detected
[Tue Oct 31 08:38:49 2023 UTC] new advisory (011) for ep192023 detected
[Tue Oct 31 08:38:50 2023 UTC] new best track for ep192023 detected
[Tue Oct 31 08:38:50 2023 UTC] new RSS (index.xml) detected
