[Thu Jul  4 14:50:32 2024 UTC] new advisory (001) for ep012024 detected
[Thu Jul  4 15:00:53 2024 UTC] new best track for ep012024 detected
[Thu Jul  4 15:00:54 2024 UTC] new RSS (index.xml) detected
[Thu Jul  4 20:34:10 2024 UTC] new advisory (002) for ep012024 detected
[Thu Jul  4 20:34:10 2024 UTC] new best track for ep012024 detected
[Thu Jul  4 20:34:10 2024 UTC] new RSS (index.xml) detected
[Fri Jul  5 02:32:28 2024 UTC] new advisory (003) for ep012024 detected
[Fri Jul  5 02:32:29 2024 UTC] new best track for ep012024 detected
[Fri Jul  5 02:32:29 2024 UTC] new RSS (index.xml) detected
[Fri Jul  5 08:36:31 2024 UTC] new advisory (004) for ep012024 detected
[Fri Jul  5 08:36:31 2024 UTC] new best track for ep012024 detected
[Fri Jul  5 08:36:31 2024 UTC] new RSS (index.xml) detected
[Fri Jul  5 14:42:50 2024 UTC] new advisory (005) for ep012024 detected
[Fri Jul  5 14:42:50 2024 UTC] new best track for ep012024 detected
[Fri Jul  5 14:42:50 2024 UTC] new RSS (index.xml) detected
[Fri Jul  5 20:33:03 2024 UTC] new advisory (006) for ep012024 detected
[Fri Jul  5 20:33:04 2024 UTC] new best track for ep012024 detected
[Fri Jul  5 20:33:04 2024 UTC] new RSS (index.xml) detected
[Sat Jul  6 02:35:01 2024 UTC] new advisory (007) for ep012024 detected
[Sat Jul  6 02:35:01 2024 UTC] new best track for ep012024 detected
[Sat Jul  6 02:35:01 2024 UTC] new RSS (index.xml) detected
