[Thu Sep  1 20:37:35 2022 UTC] new advisory (001) for ep112022 detected
[Thu Sep  1 21:01:56 2022 UTC] new best track for ep112022 detected
[Thu Sep  1 21:01:56 2022 UTC] new RSS (index.xml) detected
[Fri Sep  2 02:36:30 2022 UTC] new advisory (002) for ep112022 detected
[Fri Sep  2 02:36:30 2022 UTC] new best track for ep112022 detected
[Fri Sep  2 02:36:30 2022 UTC] new RSS (index.xml) detected
[Fri Sep  2 08:43:32 2022 UTC] new advisory (003) for ep112022 detected
[Fri Sep  2 08:43:32 2022 UTC] new best track for ep112022 detected
[Fri Sep  2 08:43:33 2022 UTC] new RSS (index.xml) detected
[Fri Sep  2 14:49:21 2022 UTC] new advisory (004) for ep112022 detected
[Fri Sep  2 14:49:22 2022 UTC] new best track for ep112022 detected
[Fri Sep  2 14:49:22 2022 UTC] new RSS (index.xml) detected
[Fri Sep  2 20:52:15 2022 UTC] new advisory (005) for ep112022 detected
[Fri Sep  2 20:52:16 2022 UTC] new best track for ep112022 detected
[Fri Sep  2 20:52:16 2022 UTC] new RSS (index.xml) detected
[Fri Sep  2 23:36:58 2022 UTC] new advisory (005A) for ep112022 detected
[Fri Sep  2 23:36:58 2022 UTC] new best track for ep112022 detected
[Fri Sep  2 23:36:58 2022 UTC] new RSS (index.xml) detected
[Sat Sep  3 02:48:16 2022 UTC] new advisory (006) for ep112022 detected
[Sat Sep  3 02:48:17 2022 UTC] new best track for ep112022 detected
[Sat Sep  3 02:48:17 2022 UTC] new RSS (index.xml) detected
[Sat Sep  3 05:40:38 2022 UTC] new advisory (006A) for ep112022 detected
[Sat Sep  3 05:40:39 2022 UTC] new best track for ep112022 detected
[Sat Sep  3 05:40:39 2022 UTC] new RSS (index.xml) detected
[Sat Sep  3 08:56:46 2022 UTC] new advisory (007) for ep112022 detected
[Sat Sep  3 08:56:46 2022 UTC] new best track for ep112022 detected
[Sat Sep  3 08:56:46 2022 UTC] new RSS (index.xml) detected
[Sat Sep  3 11:47:28 2022 UTC] new advisory (007A) for ep112022 detected
[Sat Sep  3 11:47:29 2022 UTC] new best track for ep112022 detected
[Sat Sep  3 11:47:29 2022 UTC] new RSS (index.xml) detected
[Sat Sep  3 14:54:25 2022 UTC] new advisory (008) for ep112022 detected
[Sat Sep  3 14:54:25 2022 UTC] new best track for ep112022 detected
[Sat Sep  3 14:54:26 2022 UTC] new RSS (index.xml) detected
[Sat Sep  3 17:47:07 2022 UTC] new advisory (008A) for ep112022 detected
[Sat Sep  3 17:47:07 2022 UTC] new best track for ep112022 detected
[Sat Sep  3 17:47:08 2022 UTC] new RSS (index.xml) detected
[Sat Sep  3 20:48:21 2022 UTC] new advisory (009) for ep112022 detected
[Sat Sep  3 20:48:21 2022 UTC] new best track for ep112022 detected
[Sat Sep  3 20:48:22 2022 UTC] new RSS (index.xml) detected
[Sat Sep  3 23:36:54 2022 UTC] new advisory (009A) for ep112022 detected
[Sat Sep  3 23:36:55 2022 UTC] new best track for ep112022 detected
[Sat Sep  3 23:36:55 2022 UTC] new RSS (index.xml) detected
[Sun Sep  4 02:40:51 2022 UTC] new advisory (010) for ep112022 detected
[Sun Sep  4 02:40:52 2022 UTC] new best track for ep112022 detected
[Sun Sep  4 02:40:52 2022 UTC] new RSS (index.xml) detected
[Sun Sep  4 08:39:56 2022 UTC] new advisory (011) for ep112022 detected
[Sun Sep  4 08:39:57 2022 UTC] new best track for ep112022 detected
[Sun Sep  4 08:39:57 2022 UTC] new RSS (index.xml) detected
