[Mon Oct 21 20:45:15 2024 UTC] new advisory (001) for ep122024 detected
[Mon Oct 21 21:00:38 2024 UTC] new best track for ep122024 detected
[Mon Oct 21 21:00:38 2024 UTC] new RSS (index.xml) detected
[Tue Oct 22 02:43:12 2024 UTC] new advisory (002) for ep122024 detected
[Tue Oct 22 02:43:12 2024 UTC] new best track for ep122024 detected
[Tue Oct 22 02:43:12 2024 UTC] new RSS (index.xml) detected
[Tue Oct 22 08:37:08 2024 UTC] new advisory (003) for ep122024 detected
[Tue Oct 22 08:37:08 2024 UTC] new best track for ep122024 detected
[Tue Oct 22 08:37:08 2024 UTC] new RSS (index.xml) detected
[Tue Oct 22 14:52:52 2024 UTC] new advisory (004) for ep122024 detected
[Tue Oct 22 14:52:52 2024 UTC] new best track for ep122024 detected
[Tue Oct 22 14:52:52 2024 UTC] new RSS (index.xml) detected
[Tue Oct 22 20:46:52 2024 UTC] new advisory (005) for ep122024 detected
[Tue Oct 22 20:46:52 2024 UTC] new best track for ep122024 detected
[Tue Oct 22 20:46:52 2024 UTC] new RSS (index.xml) detected
[Wed Oct 23 02:36:40 2024 UTC] new advisory (006) for ep122024 detected
[Wed Oct 23 02:36:41 2024 UTC] new best track for ep122024 detected
[Wed Oct 23 02:36:41 2024 UTC] new RSS (index.xml) detected
[Wed Oct 23 08:40:24 2024 UTC] new advisory (007) for ep122024 detected
[Wed Oct 23 08:40:24 2024 UTC] new best track for ep122024 detected
[Wed Oct 23 08:40:24 2024 UTC] new RSS (index.xml) detected
[Wed Oct 23 14:42:15 2024 UTC] new advisory (008) for ep122024 detected
[Wed Oct 23 14:42:15 2024 UTC] new best track for ep122024 detected
[Wed Oct 23 14:42:15 2024 UTC] new RSS (index.xml) detected
[Wed Oct 23 20:46:46 2024 UTC] new advisory (009) for ep122024 detected
[Wed Oct 23 20:46:46 2024 UTC] new best track for ep122024 detected
[Wed Oct 23 20:46:46 2024 UTC] new RSS (index.xml) detected
[Thu Oct 24 02:32:27 2024 UTC] new advisory (010) for ep122024 detected
[Thu Oct 24 02:32:27 2024 UTC] new best track for ep122024 detected
[Thu Oct 24 02:32:27 2024 UTC] new RSS (index.xml) detected
[Thu Oct 24 08:37:07 2024 UTC] new advisory (011) for ep122024 detected
[Thu Oct 24 08:37:07 2024 UTC] new best track for ep122024 detected
[Thu Oct 24 08:37:07 2024 UTC] new RSS (index.xml) detected
[Thu Oct 24 14:32:42 2024 UTC] new advisory (012) for ep122024 detected
[Thu Oct 24 14:32:42 2024 UTC] new best track for ep122024 detected
[Thu Oct 24 14:32:42 2024 UTC] new RSS (index.xml) detected
[Thu Oct 24 20:34:23 2024 UTC] new advisory (013) for ep122024 detected
[Thu Oct 24 20:34:23 2024 UTC] new best track for ep122024 detected
[Thu Oct 24 20:34:23 2024 UTC] new RSS (index.xml) detected
[Fri Oct 25 02:36:55 2024 UTC] new advisory (014) for ep122024 detected
[Fri Oct 25 02:36:55 2024 UTC] new best track for ep122024 detected
[Fri Oct 25 02:36:55 2024 UTC] new RSS (index.xml) detected
[Fri Oct 25 08:36:57 2024 UTC] new advisory (015) for ep122024 detected
[Fri Oct 25 08:36:57 2024 UTC] new best track for ep122024 detected
[Fri Oct 25 08:36:58 2024 UTC] new RSS (index.xml) detected
[Fri Oct 25 14:39:11 2024 UTC] new advisory (016) for ep122024 detected
[Fri Oct 25 14:39:11 2024 UTC] new best track for ep122024 detected
[Fri Oct 25 14:39:11 2024 UTC] new RSS (index.xml) detected
[Fri Oct 25 20:38:52 2024 UTC] new advisory (017) for ep122024 detected
[Fri Oct 25 20:38:52 2024 UTC] new best track for ep122024 detected
[Fri Oct 25 20:38:52 2024 UTC] new RSS (index.xml) detected
[Sat Oct 26 02:32:26 2024 UTC] new advisory (018) for ep122024 detected
[Sat Oct 26 02:32:26 2024 UTC] new best track for ep122024 detected
[Sat Oct 26 02:32:26 2024 UTC] new RSS (index.xml) detected
[Sat Oct 26 08:35:12 2024 UTC] new advisory (019) for ep122024 detected
[Sat Oct 26 08:35:12 2024 UTC] new best track for ep122024 detected
[Sat Oct 26 08:35:12 2024 UTC] new RSS (index.xml) detected
[Sat Oct 26 14:36:03 2024 UTC] new advisory (020) for ep122024 detected
[Sat Oct 26 14:36:03 2024 UTC] new best track for ep122024 detected
[Sat Oct 26 14:36:03 2024 UTC] new RSS (index.xml) detected
[Sat Oct 26 20:36:49 2024 UTC] new advisory (021) for ep122024 detected
[Sat Oct 26 20:36:49 2024 UTC] new best track for ep122024 detected
[Sat Oct 26 20:36:49 2024 UTC] new RSS (index.xml) detected
[Sun Oct 27 02:34:26 2024 UTC] new advisory (022) for ep122024 detected
[Sun Oct 27 02:34:26 2024 UTC] new best track for ep122024 detected
[Sun Oct 27 02:34:26 2024 UTC] new RSS (index.xml) detected
[Sun Oct 27 08:35:11 2024 UTC] new advisory (023) for ep122024 detected
[Sun Oct 27 08:35:11 2024 UTC] new best track for ep122024 detected
[Sun Oct 27 08:35:11 2024 UTC] new RSS (index.xml) detected
[Sun Oct 27 14:32:32 2024 UTC] new advisory (024) for ep122024 detected
[Sun Oct 27 14:32:32 2024 UTC] new best track for ep122024 detected
[Sun Oct 27 14:32:32 2024 UTC] new RSS (index.xml) detected
