[Thu Jun 29 02:58:38 2023 UTC] new advisory (001) for ep022023 detected
[Thu Jun 29 03:00:42 2023 UTC] new best track for ep022023 detected
[Thu Jun 29 03:00:42 2023 UTC] new RSS (index.xml) detected
[Thu Jun 29 05:32:26 2023 UTC] new advisory (001A) for ep022023 detected
[Thu Jun 29 05:32:26 2023 UTC] new best track for ep022023 detected
[Thu Jun 29 05:32:26 2023 UTC] new RSS (index.xml) detected
[Thu Jun 29 08:39:33 2023 UTC] new advisory (002) for ep022023 detected
[Thu Jun 29 08:39:34 2023 UTC] new best track for ep022023 detected
[Thu Jun 29 08:39:34 2023 UTC] new RSS (index.xml) detected
[Thu Jun 29 11:38:20 2023 UTC] new advisory (002A) for ep022023 detected
[Thu Jun 29 11:38:21 2023 UTC] new best track for ep022023 detected
[Thu Jun 29 11:38:21 2023 UTC] new RSS (index.xml) detected
[Thu Jun 29 14:47:27 2023 UTC] new advisory (003) for ep022023 detected
[Thu Jun 29 14:47:27 2023 UTC] new best track for ep022023 detected
[Thu Jun 29 14:47:27 2023 UTC] new RSS (index.xml) detected
[Thu Jun 29 17:48:27 2023 UTC] new advisory (003A) for ep022023 detected
[Thu Jun 29 17:48:27 2023 UTC] new best track for ep022023 detected
[Thu Jun 29 17:48:27 2023 UTC] new RSS (index.xml) detected
[Thu Jun 29 20:57:42 2023 UTC] new advisory (004) for ep022023 detected
[Thu Jun 29 20:57:42 2023 UTC] new best track for ep022023 detected
[Thu Jun 29 20:57:42 2023 UTC] new RSS (index.xml) detected
[Thu Jun 29 23:42:00 2023 UTC] new advisory (004A) for ep022023 detected
[Thu Jun 29 23:42:00 2023 UTC] new best track for ep022023 detected
[Thu Jun 29 23:42:00 2023 UTC] new RSS (index.xml) detected
[Fri Jun 30 02:40:55 2023 UTC] new advisory (005) for ep022023 detected
[Fri Jun 30 02:40:55 2023 UTC] new best track for ep022023 detected
[Fri Jun 30 02:40:56 2023 UTC] new RSS (index.xml) detected
[Fri Jun 30 05:37:45 2023 UTC] new advisory (005A) for ep022023 detected
[Fri Jun 30 05:37:45 2023 UTC] new best track for ep022023 detected
[Fri Jun 30 05:37:45 2023 UTC] new RSS (index.xml) detected
