[Mon Oct  3 20:35:14 2022 UTC] new advisory (001) for ep172022 detected
[Mon Oct  3 21:02:43 2022 UTC] new best track for ep172022 detected
[Mon Oct  3 21:02:44 2022 UTC] new RSS (index.xml) detected
[Tue Oct  4 02:38:31 2022 UTC] new advisory (002) for ep172022 detected
[Tue Oct  4 02:38:31 2022 UTC] new best track for ep172022 detected
[Tue Oct  4 02:38:32 2022 UTC] new RSS (index.xml) detected
[Tue Oct  4 08:42:56 2022 UTC] new advisory (003) for ep172022 detected
[Tue Oct  4 08:42:56 2022 UTC] new best track for ep172022 detected
[Tue Oct  4 08:42:57 2022 UTC] new RSS (index.xml) detected
[Tue Oct  4 14:46:52 2022 UTC] new advisory (004) for ep172022 detected
[Tue Oct  4 14:46:52 2022 UTC] new best track for ep172022 detected
[Tue Oct  4 14:46:52 2022 UTC] new RSS (index.xml) detected
[Tue Oct  4 20:39:50 2022 UTC] new advisory (005) for ep172022 detected
[Tue Oct  4 20:39:50 2022 UTC] new best track for ep172022 detected
[Tue Oct  4 20:39:51 2022 UTC] new RSS (index.xml) detected
[Wed Oct  5 02:53:12 2022 UTC] new advisory (006) for ep172022 detected
[Wed Oct  5 02:53:13 2022 UTC] new best track for ep172022 detected
[Wed Oct  5 02:53:13 2022 UTC] new RSS (index.xml) detected
[Wed Oct  5 14:17:40 2022 UTC] new advisory (007) for ep172022 detected
[Wed Oct  5 14:17:40 2022 UTC] new best track for ep172022 detected
[Wed Oct  5 14:17:41 2022 UTC] new RSS (index.xml) detected
[Wed Oct  5 14:41:01 2022 UTC] new advisory (008) for ep172022 detected
[Wed Oct  5 14:41:01 2022 UTC] new best track for ep172022 detected
[Wed Oct  5 14:41:02 2022 UTC] new RSS (index.xml) detected
[Wed Oct  5 20:43:37 2022 UTC] new advisory (009) for ep172022 detected
[Wed Oct  5 20:43:37 2022 UTC] new best track for ep172022 detected
[Wed Oct  5 20:43:38 2022 UTC] new RSS (index.xml) detected
