[Wed Sep 11 14:56:43 2024 UTC] new advisory (001) for al072024 detected
[Wed Sep 11 15:00:48 2024 UTC] new best track for al072024 detected
[Wed Sep 11 15:00:48 2024 UTC] new RSS (index.xml) detected
[Wed Sep 11 20:43:28 2024 UTC] new advisory (002) for al072024 detected
[Wed Sep 11 20:43:28 2024 UTC] new best track for al072024 detected
[Wed Sep 11 20:43:28 2024 UTC] new RSS (index.xml) detected
[Thu Sep 12 02:37:33 2024 UTC] new advisory (003) for al072024 detected
[Thu Sep 12 02:37:33 2024 UTC] new best track for al072024 detected
[Thu Sep 12 02:37:33 2024 UTC] new RSS (index.xml) detected
[Thu Sep 12 08:47:57 2024 UTC] new advisory (004) for al072024 detected
[Thu Sep 12 08:47:57 2024 UTC] new best track for al072024 detected
[Thu Sep 12 08:47:57 2024 UTC] new RSS (index.xml) detected
[Thu Sep 12 14:49:18 2024 UTC] new advisory (005) for al072024 detected
[Thu Sep 12 14:49:18 2024 UTC] new best track for al072024 detected
[Thu Sep 12 14:49:18 2024 UTC] new RSS (index.xml) detected
[Thu Sep 12 20:23:18 2024 UTC] new advisory (006) for al072024 detected
[Thu Sep 12 20:23:18 2024 UTC] new best track for al072024 detected
[Thu Sep 12 20:23:18 2024 UTC] new RSS (index.xml) detected
[Fri Sep 13 02:55:16 2024 UTC] new advisory (007) for al072024 detected
[Fri Sep 13 02:55:16 2024 UTC] new best track for al072024 detected
[Fri Sep 13 02:55:16 2024 UTC] new RSS (index.xml) detected
