[Fri Jul  4 20:50:20 2025 UTC] new advisory (001) for al032025 detected
[Fri Jul  4 21:01:33 2025 UTC] new best track for al032025 detected
[Fri Jul  4 21:01:33 2025 UTC] new RSS (index.xml) detected
[Fri Jul  4 23:36:46 2025 UTC] new advisory (001A) for al032025 detected
[Fri Jul  4 23:36:46 2025 UTC] new best track for al032025 detected
[Fri Jul  4 23:36:46 2025 UTC] new RSS (index.xml) detected
[Sat Jul  5 02:50:37 2025 UTC] new advisory (002) for al032025 detected
[Sat Jul  5 02:50:37 2025 UTC] new best track for al032025 detected
[Sat Jul  5 02:50:37 2025 UTC] new RSS (index.xml) detected
[Sat Jul  5 05:51:12 2025 UTC] new advisory (002A) for al032025 detected
[Sat Jul  5 05:51:12 2025 UTC] new best track for al032025 detected
[Sat Jul  5 05:51:12 2025 UTC] new RSS (index.xml) detected
[Sat Jul  5 09:07:04 2025 UTC] new advisory (003) for al032025 detected
[Sat Jul  5 09:07:04 2025 UTC] new best track for al032025 detected
[Sat Jul  5 09:07:04 2025 UTC] new RSS (index.xml) detected
[Sat Jul  5 12:06:36 2025 UTC] new advisory (003A) for al032025 detected
[Sat Jul  5 12:06:36 2025 UTC] new best track for al032025 detected
[Sat Jul  5 12:06:37 2025 UTC] new RSS (index.xml) detected
[Sat Jul  5 15:20:28 2025 UTC] new advisory (004) for al032025 detected
[Sat Jul  5 15:20:28 2025 UTC] new best track for al032025 detected
[Sat Jul  5 15:20:28 2025 UTC] new RSS (index.xml) detected
[Sat Jul  5 17:50:27 2025 UTC] new advisory (004A) for al032025 detected
[Sat Jul  5 17:50:27 2025 UTC] new best track for al032025 detected
[Sat Jul  5 17:50:27 2025 UTC] new RSS (index.xml) detected
[Sat Jul  5 20:35:45 2025 UTC] new advisory (005) for al032025 detected
[Sat Jul  5 20:35:45 2025 UTC] new best track for al032025 detected
[Sat Jul  5 20:35:45 2025 UTC] new RSS (index.xml) detected
