[Thu Sep  1 08:41:49 2022 UTC] new advisory (001) for al052022 detected
[Thu Sep  1 09:01:06 2022 UTC] new best track for al052022 detected
[Thu Sep  1 09:01:06 2022 UTC] new RSS (index.xml) detected
[Thu Sep  1 14:40:09 2022 UTC] new advisory (002) for al052022 detected
[Thu Sep  1 14:40:09 2022 UTC] new best track for al052022 detected
[Thu Sep  1 14:40:09 2022 UTC] new RSS (index.xml) detected
[Thu Sep  1 20:32:30 2022 UTC] new advisory (003) for al052022 detected
[Thu Sep  1 20:32:30 2022 UTC] new best track for al052022 detected
[Thu Sep  1 20:32:31 2022 UTC] new RSS (index.xml) detected
[Fri Sep  2 02:35:29 2022 UTC] new advisory (004) for al052022 detected
[Fri Sep  2 02:35:29 2022 UTC] new best track for al052022 detected
[Fri Sep  2 02:35:29 2022 UTC] new RSS (index.xml) detected
[Fri Sep  2 08:48:37 2022 UTC] new advisory (005) for al052022 detected
[Fri Sep  2 08:48:37 2022 UTC] new best track for al052022 detected
[Fri Sep  2 08:48:37 2022 UTC] new RSS (index.xml) detected
[Fri Sep  2 14:48:21 2022 UTC] new advisory (006) for al052022 detected
[Fri Sep  2 14:48:21 2022 UTC] new best track for al052022 detected
[Fri Sep  2 14:48:21 2022 UTC] new RSS (index.xml) detected
[Fri Sep  2 20:39:02 2022 UTC] new advisory (007) for al052022 detected
[Fri Sep  2 20:39:03 2022 UTC] new best track for al052022 detected
[Fri Sep  2 20:39:03 2022 UTC] new RSS (index.xml) detected
[Sat Sep  3 02:55:23 2022 UTC] new advisory (008) for al052022 detected
[Sat Sep  3 02:55:23 2022 UTC] new best track for al052022 detected
[Sat Sep  3 02:55:23 2022 UTC] new RSS (index.xml) detected
[Sat Sep  3 08:58:48 2022 UTC] new advisory (009) for al052022 detected
[Sat Sep  3 08:58:48 2022 UTC] new best track for al052022 detected
[Sat Sep  3 08:58:48 2022 UTC] new RSS (index.xml) detected
[Sat Sep  3 14:52:23 2022 UTC] new advisory (010) for al052022 detected
[Sat Sep  3 14:52:23 2022 UTC] new best track for al052022 detected
[Sat Sep  3 14:52:24 2022 UTC] new RSS (index.xml) detected
[Sat Sep  3 20:36:50 2022 UTC] new advisory (011) for al052022 detected
[Sat Sep  3 20:36:51 2022 UTC] new best track for al052022 detected
[Sat Sep  3 20:36:51 2022 UTC] new RSS (index.xml) detected
[Sun Sep  4 02:38:49 2022 UTC] new advisory (012) for al052022 detected
[Sun Sep  4 02:38:50 2022 UTC] new best track for al052022 detected
[Sun Sep  4 02:38:50 2022 UTC] new RSS (index.xml) detected
[Sun Sep  4 08:40:57 2022 UTC] new advisory (013) for al052022 detected
[Sun Sep  4 08:40:58 2022 UTC] new best track for al052022 detected
[Sun Sep  4 08:40:58 2022 UTC] new RSS (index.xml) detected
[Sun Sep  4 14:50:48 2022 UTC] new advisory (014) for al052022 detected
[Sun Sep  4 14:50:49 2022 UTC] new best track for al052022 detected
[Sun Sep  4 14:50:49 2022 UTC] new RSS (index.xml) detected
[Sun Sep  4 20:37:24 2022 UTC] new advisory (015) for al052022 detected
[Sun Sep  4 20:37:24 2022 UTC] new best track for al052022 detected
[Sun Sep  4 20:37:25 2022 UTC] new RSS (index.xml) detected
[Mon Sep  5 02:38:18 2022 UTC] new advisory (016) for al052022 detected
[Mon Sep  5 02:38:19 2022 UTC] new best track for al052022 detected
[Mon Sep  5 02:38:19 2022 UTC] new RSS (index.xml) detected
[Mon Sep  5 08:46:11 2022 UTC] new advisory (017) for al052022 detected
[Mon Sep  5 08:46:11 2022 UTC] new best track for al052022 detected
[Mon Sep  5 08:46:11 2022 UTC] new RSS (index.xml) detected
[Mon Sep  5 14:39:50 2022 UTC] new advisory (018) for al052022 detected
[Mon Sep  5 14:39:50 2022 UTC] new best track for al052022 detected
[Mon Sep  5 14:39:50 2022 UTC] new RSS (index.xml) detected
[Mon Sep  5 20:35:33 2022 UTC] new advisory (019) for al052022 detected
[Mon Sep  5 20:35:33 2022 UTC] new best track for al052022 detected
[Mon Sep  5 20:35:33 2022 UTC] new RSS (index.xml) detected
[Tue Sep  6 02:40:39 2022 UTC] new advisory (020) for al052022 detected
[Tue Sep  6 02:40:40 2022 UTC] new best track for al052022 detected
[Tue Sep  6 02:40:40 2022 UTC] new RSS (index.xml) detected
[Tue Sep  6 08:37:33 2022 UTC] new advisory (021) for al052022 detected
[Tue Sep  6 08:37:33 2022 UTC] new best track for al052022 detected
[Tue Sep  6 08:37:34 2022 UTC] new RSS (index.xml) detected
[Tue Sep  6 14:37:23 2022 UTC] new advisory (022) for al052022 detected
[Tue Sep  6 14:37:24 2022 UTC] new best track for al052022 detected
[Tue Sep  6 14:37:24 2022 UTC] new RSS (index.xml) detected
[Tue Sep  6 20:45:08 2022 UTC] new advisory (023) for al052022 detected
[Tue Sep  6 20:45:08 2022 UTC] new best track for al052022 detected
[Tue Sep  6 20:45:09 2022 UTC] new RSS (index.xml) detected
[Wed Sep  7 02:34:31 2022 UTC] new advisory (024) for al052022 detected
[Wed Sep  7 02:34:32 2022 UTC] new best track for al052022 detected
[Wed Sep  7 02:34:33 2022 UTC] new RSS (index.xml) detected
[Wed Sep  7 08:46:05 2022 UTC] new advisory (025) for al052022 detected
[Wed Sep  7 08:46:06 2022 UTC] new best track for al052022 detected
[Wed Sep  7 08:46:07 2022 UTC] new RSS (index.xml) detected
[Wed Sep  7 14:42:36 2022 UTC] new advisory (026) for al052022 detected
[Wed Sep  7 14:42:36 2022 UTC] new best track for al052022 detected
[Wed Sep  7 14:42:37 2022 UTC] new RSS (index.xml) detected
[Wed Sep  7 20:35:10 2022 UTC] new advisory (027) for al052022 detected
[Wed Sep  7 20:35:10 2022 UTC] new best track for al052022 detected
[Wed Sep  7 20:35:11 2022 UTC] new RSS (index.xml) detected
[Thu Sep  8 02:39:24 2022 UTC] new advisory (028) for al052022 detected
[Thu Sep  8 02:39:25 2022 UTC] new best track for al052022 detected
[Thu Sep  8 02:39:26 2022 UTC] new RSS (index.xml) detected
[Thu Sep  8 08:38:18 2022 UTC] new advisory (029) for al052022 detected
[Thu Sep  8 08:38:19 2022 UTC] new best track for al052022 detected
[Thu Sep  8 08:38:20 2022 UTC] new RSS (index.xml) detected
[Thu Sep  8 14:39:17 2022 UTC] new advisory (030) for al052022 detected
[Thu Sep  8 14:39:17 2022 UTC] new best track for al052022 detected
[Thu Sep  8 14:39:18 2022 UTC] new RSS (index.xml) detected
