[Sat Sep  3 02:42:11 2022 UTC] new advisory (001) for al062022 detected
[Sat Sep  3 03:02:29 2022 UTC] new best track for al062022 detected
[Sat Sep  3 03:02:30 2022 UTC] new RSS (index.xml) detected
[Sat Sep  3 08:46:36 2022 UTC] new advisory (002) for al062022 detected
[Sat Sep  3 08:46:36 2022 UTC] new best track for al062022 detected
[Sat Sep  3 08:46:37 2022 UTC] new RSS (index.xml) detected
[Sat Sep  3 15:01:31 2022 UTC] new advisory (003) for al062022 detected
[Sat Sep  3 15:01:32 2022 UTC] new best track for al062022 detected
[Sat Sep  3 15:01:32 2022 UTC] new RSS (index.xml) detected
[Sat Sep  3 20:49:22 2022 UTC] new advisory (004) for al062022 detected
[Sat Sep  3 20:49:22 2022 UTC] new best track for al062022 detected
[Sat Sep  3 20:49:23 2022 UTC] new RSS (index.xml) detected
[Sun Sep  4 02:35:46 2022 UTC] new advisory (005) for al062022 detected
[Sun Sep  4 02:35:47 2022 UTC] new best track for al062022 detected
[Sun Sep  4 02:35:47 2022 UTC] new RSS (index.xml) detected
[Sun Sep  4 08:38:56 2022 UTC] new advisory (006) for al062022 detected
[Sun Sep  4 08:38:56 2022 UTC] new best track for al062022 detected
[Sun Sep  4 08:38:56 2022 UTC] new RSS (index.xml) detected
[Sun Sep  4 15:00:57 2022 UTC] new advisory (007) for al062022 detected
[Sun Sep  4 15:00:57 2022 UTC] new best track for al062022 detected
[Sun Sep  4 15:00:57 2022 UTC] new RSS (index.xml) detected
[Sun Sep  4 20:49:36 2022 UTC] new advisory (008) for al062022 detected
[Sun Sep  4 20:49:36 2022 UTC] new best track for al062022 detected
[Sun Sep  4 20:49:36 2022 UTC] new RSS (index.xml) detected
[Mon Sep  5 02:48:28 2022 UTC] new advisory (009) for al062022 detected
[Mon Sep  5 02:48:28 2022 UTC] new best track for al062022 detected
[Mon Sep  5 02:48:29 2022 UTC] new RSS (index.xml) detected
[Mon Sep  5 08:54:19 2022 UTC] new advisory (010) for al062022 detected
[Mon Sep  5 08:54:19 2022 UTC] new best track for al062022 detected
[Mon Sep  5 08:54:19 2022 UTC] new RSS (index.xml) detected
[Mon Sep  5 14:53:03 2022 UTC] new advisory (011) for al062022 detected
[Mon Sep  5 14:53:03 2022 UTC] new best track for al062022 detected
[Mon Sep  5 14:53:03 2022 UTC] new RSS (index.xml) detected
[Mon Sep  5 20:47:45 2022 UTC] new advisory (012) for al062022 detected
[Mon Sep  5 20:47:45 2022 UTC] new best track for al062022 detected
[Mon Sep  5 20:47:45 2022 UTC] new RSS (index.xml) detected
[Tue Sep  6 02:48:48 2022 UTC] new advisory (013) for al062022 detected
[Tue Sep  6 02:48:48 2022 UTC] new best track for al062022 detected
[Tue Sep  6 02:48:48 2022 UTC] new RSS (index.xml) detected
[Tue Sep  6 08:52:48 2022 UTC] new advisory (014) for al062022 detected
[Tue Sep  6 08:52:48 2022 UTC] new best track for al062022 detected
[Tue Sep  6 08:52:48 2022 UTC] new RSS (index.xml) detected
[Tue Sep  6 14:53:40 2022 UTC] new advisory (015) for al062022 detected
[Tue Sep  6 14:53:40 2022 UTC] new best track for al062022 detected
[Tue Sep  6 14:53:40 2022 UTC] new RSS (index.xml) detected
[Tue Sep  6 20:59:43 2022 UTC] new advisory (016) for al062022 detected
[Tue Sep  6 20:59:43 2022 UTC] new best track for al062022 detected
[Tue Sep  6 20:59:44 2022 UTC] new RSS (index.xml) detected
[Tue Sep  6 23:56:28 2022 UTC] new advisory (016A) for al062022 detected
[Tue Sep  6 23:56:29 2022 UTC] new best track for al062022 detected
[Tue Sep  6 23:56:29 2022 UTC] new RSS (index.xml) detected
[Wed Sep  7 02:58:28 2022 UTC] new advisory (017) for al062022 detected
[Wed Sep  7 02:58:29 2022 UTC] new best track for al062022 detected
[Wed Sep  7 02:58:29 2022 UTC] new RSS (index.xml) detected
[Wed Sep  7 05:53:13 2022 UTC] new advisory (017A) for al062022 detected
[Wed Sep  7 05:53:13 2022 UTC] new best track for al062022 detected
[Wed Sep  7 05:53:14 2022 UTC] new RSS (index.xml) detected
[Wed Sep  7 08:55:26 2022 UTC] new advisory (018) for al062022 detected
[Wed Sep  7 08:55:26 2022 UTC] new best track for al062022 detected
[Wed Sep  7 08:55:27 2022 UTC] new RSS (index.xml) detected
[Wed Sep  7 11:55:11 2022 UTC] new advisory (018A) for al062022 detected
[Wed Sep  7 11:55:11 2022 UTC] new best track for al062022 detected
[Wed Sep  7 11:55:12 2022 UTC] new RSS (index.xml) detected
[Wed Sep  7 14:48:51 2022 UTC] new advisory (019) for al062022 detected
[Wed Sep  7 14:48:52 2022 UTC] new best track for al062022 detected
[Wed Sep  7 14:48:52 2022 UTC] new RSS (index.xml) detected
[Wed Sep  7 17:56:07 2022 UTC] new advisory (019A) for al062022 detected
[Wed Sep  7 17:56:08 2022 UTC] new best track for al062022 detected
[Wed Sep  7 17:56:08 2022 UTC] new RSS (index.xml) detected
[Wed Sep  7 21:04:17 2022 UTC] new advisory (020) for al062022 detected
[Wed Sep  7 21:04:17 2022 UTC] new best track for al062022 detected
[Wed Sep  7 21:04:18 2022 UTC] new RSS (index.xml) detected
[Wed Sep  7 23:59:04 2022 UTC] new advisory (020A) for al062022 detected
[Wed Sep  7 23:59:05 2022 UTC] new best track for al062022 detected
[Wed Sep  7 23:59:06 2022 UTC] new RSS (index.xml) detected
[Thu Sep  8 02:55:01 2022 UTC] new advisory (021) for al062022 detected
[Thu Sep  8 02:55:02 2022 UTC] new best track for al062022 detected
[Thu Sep  8 02:55:02 2022 UTC] new RSS (index.xml) detected
[Thu Sep  8 05:50:51 2022 UTC] new advisory (021A) for al062022 detected
[Thu Sep  8 05:50:52 2022 UTC] new best track for al062022 detected
[Thu Sep  8 05:50:53 2022 UTC] new RSS (index.xml) detected
[Thu Sep  8 08:52:54 2022 UTC] new advisory (022) for al062022 detected
[Thu Sep  8 08:52:54 2022 UTC] new best track for al062022 detected
[Thu Sep  8 08:52:55 2022 UTC] new RSS (index.xml) detected
[Thu Sep  8 12:04:26 2022 UTC] new advisory (022A) for al062022 detected
[Thu Sep  8 12:04:26 2022 UTC] new best track for al062022 detected
[Thu Sep  8 12:04:27 2022 UTC] new RSS (index.xml) detected
[Thu Sep  8 15:00:05 2022 UTC] new advisory (023) for al062022 detected
[Thu Sep  8 15:00:06 2022 UTC] new best track for al062022 detected
[Thu Sep  8 15:00:07 2022 UTC] new RSS (index.xml) detected
[Thu Sep  8 17:57:11 2022 UTC] new advisory (023A) for al062022 detected
[Thu Sep  8 17:57:11 2022 UTC] new best track for al062022 detected
[Thu Sep  8 17:57:12 2022 UTC] new RSS (index.xml) detected
[Thu Sep  8 20:58:28 2022 UTC] new advisory (024) for al062022 detected
[Thu Sep  8 20:58:28 2022 UTC] new best track for al062022 detected
[Thu Sep  8 20:58:29 2022 UTC] new RSS (index.xml) detected
[Fri Sep  9 00:00:44 2022 UTC] new advisory (024A) for al062022 detected
[Fri Sep  9 00:00:45 2022 UTC] new best track for al062022 detected
[Fri Sep  9 00:00:45 2022 UTC] new RSS (index.xml) detected
[Fri Sep  9 02:54:56 2022 UTC] new advisory (025) for al062022 detected
[Fri Sep  9 02:54:56 2022 UTC] new best track for al062022 detected
[Fri Sep  9 02:54:57 2022 UTC] new RSS (index.xml) detected
[Fri Sep  9 05:53:26 2022 UTC] new advisory (025A) for al062022 detected
[Fri Sep  9 05:53:26 2022 UTC] new best track for al062022 detected
[Fri Sep  9 05:53:27 2022 UTC] new RSS (index.xml) detected
[Fri Sep  9 08:49:35 2022 UTC] new advisory (026) for al062022 detected
[Fri Sep  9 08:49:36 2022 UTC] new best track for al062022 detected
[Fri Sep  9 08:49:37 2022 UTC] new RSS (index.xml) detected
[Fri Sep  9 11:52:00 2022 UTC] new advisory (026A) for al062022 detected
[Fri Sep  9 11:52:00 2022 UTC] new best track for al062022 detected
[Fri Sep  9 11:52:01 2022 UTC] new RSS (index.xml) detected
[Fri Sep  9 14:37:49 2022 UTC] new advisory (027) for al062022 detected
[Fri Sep  9 14:37:50 2022 UTC] new best track for al062022 detected
[Fri Sep  9 14:37:51 2022 UTC] new RSS (index.xml) detected
[Fri Sep  9 20:45:00 2022 UTC] new advisory (028) for al062022 detected
[Fri Sep  9 20:45:01 2022 UTC] new best track for al062022 detected
[Fri Sep  9 20:45:01 2022 UTC] new RSS (index.xml) detected
[Sat Sep 10 02:42:53 2022 UTC] new advisory (029) for al062022 detected
[Sat Sep 10 02:42:53 2022 UTC] new best track for al062022 detected
[Sat Sep 10 02:42:54 2022 UTC] new RSS (index.xml) detected
[Sat Sep 10 08:43:59 2022 UTC] new advisory (030) for al062022 detected
[Sat Sep 10 08:44:00 2022 UTC] new best track for al062022 detected
[Sat Sep 10 08:44:01 2022 UTC] new RSS (index.xml) detected
[Sat Sep 10 14:36:40 2022 UTC] new advisory (031) for al062022 detected
[Sat Sep 10 14:36:40 2022 UTC] new best track for al062022 detected
[Sat Sep 10 14:36:41 2022 UTC] new RSS (index.xml) detected
[Sat Sep 10 20:41:58 2022 UTC] new advisory (032) for al062022 detected
[Sat Sep 10 20:41:58 2022 UTC] new best track for al062022 detected
[Sat Sep 10 20:41:59 2022 UTC] new RSS (index.xml) detected
