[Tue Oct 11 20:53:05 2022 UTC] new advisory (001) for al142022 detected
[Tue Oct 11 21:01:24 2022 UTC] new best track for al142022 detected
[Tue Oct 11 21:01:24 2022 UTC] new RSS (index.xml) detected
[Tue Oct 11 23:49:12 2022 UTC] new advisory (001A) for al142022 detected
[Tue Oct 11 23:49:13 2022 UTC] new best track for al142022 detected
[Tue Oct 11 23:49:13 2022 UTC] new RSS (index.xml) detected
[Wed Oct 12 02:38:00 2022 UTC] new advisory (002) for al142022 detected
[Wed Oct 12 02:38:00 2022 UTC] new best track for al142022 detected
[Wed Oct 12 02:38:00 2022 UTC] new RSS (index.xml) detected
[Wed Oct 12 05:44:39 2022 UTC] new advisory (002A) for al142022 detected
[Wed Oct 12 05:44:39 2022 UTC] new best track for al142022 detected
[Wed Oct 12 05:44:40 2022 UTC] new RSS (index.xml) detected
[Wed Oct 12 08:38:05 2022 UTC] new advisory (003) for al142022 detected
[Wed Oct 12 08:38:06 2022 UTC] new best track for al142022 detected
[Wed Oct 12 08:38:06 2022 UTC] new RSS (index.xml) detected
[Wed Oct 12 11:58:08 2022 UTC] new advisory (003a) for al142022 detected
[Wed Oct 12 11:58:08 2022 UTC] new best track for al142022 detected
[Wed Oct 12 11:58:09 2022 UTC] new RSS (index.xml) detected
[Wed Oct 12 14:58:59 2022 UTC] new advisory (004) for al142022 detected
[Wed Oct 12 14:58:59 2022 UTC] new best track for al142022 detected
[Wed Oct 12 14:58:59 2022 UTC] new RSS (index.xml) detected
[Wed Oct 12 17:57:12 2022 UTC] new advisory (005) for al142022 detected
[Wed Oct 12 17:57:12 2022 UTC] new best track for al142022 detected
[Wed Oct 12 17:57:13 2022 UTC] new RSS (index.xml) detected
[Wed Oct 12 20:57:28 2022 UTC] new advisory (006) for al142022 detected
[Wed Oct 12 20:57:29 2022 UTC] new best track for al142022 detected
[Wed Oct 12 20:57:29 2022 UTC] new RSS (index.xml) detected
[Wed Oct 12 23:55:23 2022 UTC] new advisory (006A) for al142022 detected
[Wed Oct 12 23:55:24 2022 UTC] new best track for al142022 detected
[Wed Oct 12 23:55:25 2022 UTC] new RSS (index.xml) detected
[Thu Oct 13 02:35:52 2022 UTC] new advisory (007) for al142022 detected
[Thu Oct 13 02:35:52 2022 UTC] new best track for al142022 detected
[Thu Oct 13 02:35:52 2022 UTC] new RSS (index.xml) detected
[Thu Oct 13 05:34:49 2022 UTC] new advisory (007A) for al142022 detected
[Thu Oct 13 05:34:50 2022 UTC] new best track for al142022 detected
[Thu Oct 13 05:34:50 2022 UTC] new RSS (index.xml) detected
[Thu Oct 13 08:37:07 2022 UTC] new advisory (008) for al142022 detected
[Thu Oct 13 08:37:07 2022 UTC] new best track for al142022 detected
[Thu Oct 13 08:37:08 2022 UTC] new RSS (index.xml) detected
[Thu Oct 13 11:57:05 2022 UTC] new advisory (008A) for al142022 detected
[Thu Oct 13 11:57:05 2022 UTC] new best track for al142022 detected
[Thu Oct 13 11:57:06 2022 UTC] new RSS (index.xml) detected
[Thu Oct 13 14:44:51 2022 UTC] new advisory (009) for al142022 detected
[Thu Oct 13 14:44:51 2022 UTC] new best track for al142022 detected
[Thu Oct 13 14:44:52 2022 UTC] new RSS (index.xml) detected
[Thu Oct 13 17:47:07 2022 UTC] new advisory (009A) for al142022 detected
[Thu Oct 13 17:47:07 2022 UTC] new best track for al142022 detected
[Thu Oct 13 17:47:07 2022 UTC] new RSS (index.xml) detected
[Thu Oct 13 20:36:52 2022 UTC] new advisory (010) for al142022 detected
[Thu Oct 13 20:36:52 2022 UTC] new best track for al142022 detected
[Thu Oct 13 20:36:52 2022 UTC] new RSS (index.xml) detected
[Thu Oct 13 23:56:48 2022 UTC] new advisory (010A) for al142022 detected
[Thu Oct 13 23:56:49 2022 UTC] new best track for al142022 detected
[Thu Oct 13 23:56:49 2022 UTC] new RSS (index.xml) detected
[Fri Oct 14 02:32:49 2022 UTC] new advisory (011) for al142022 detected
[Fri Oct 14 02:32:49 2022 UTC] new best track for al142022 detected
[Fri Oct 14 02:32:49 2022 UTC] new RSS (index.xml) detected
[Fri Oct 14 05:37:10 2022 UTC] new advisory (011A) for al142022 detected
[Fri Oct 14 05:37:10 2022 UTC] new best track for al142022 detected
[Fri Oct 14 05:37:10 2022 UTC] new RSS (index.xml) detected
[Fri Oct 14 08:47:53 2022 UTC] new advisory (012) for al142022 detected
[Fri Oct 14 08:47:53 2022 UTC] new best track for al142022 detected
[Fri Oct 14 08:47:53 2022 UTC] new RSS (index.xml) detected
[Fri Oct 14 11:51:12 2022 UTC] new advisory (012A) for al142022 detected
[Fri Oct 14 11:51:12 2022 UTC] new best track for al142022 detected
[Fri Oct 14 11:51:12 2022 UTC] new RSS (index.xml) detected
[Fri Oct 14 14:49:21 2022 UTC] new advisory (013) for al142022 detected
[Fri Oct 14 14:49:21 2022 UTC] new best track for al142022 detected
[Fri Oct 14 14:49:21 2022 UTC] new RSS (index.xml) detected
[Fri Oct 14 17:47:07 2022 UTC] new advisory (013A) for al142022 detected
[Fri Oct 14 17:47:07 2022 UTC] new best track for al142022 detected
[Fri Oct 14 17:47:08 2022 UTC] new RSS (index.xml) detected
[Fri Oct 14 20:39:02 2022 UTC] new advisory (014) for al142022 detected
[Fri Oct 14 20:39:03 2022 UTC] new best track for al142022 detected
[Fri Oct 14 20:39:03 2022 UTC] new RSS (index.xml) detected
[Sat Oct 15 00:00:02 2022 UTC] new advisory (014A) for al142022 detected
[Sat Oct 15 00:00:02 2022 UTC] new best track for al142022 detected
[Sat Oct 15 00:00:02 2022 UTC] new RSS (index.xml) detected
[Sat Oct 15 02:41:48 2022 UTC] new advisory (015) for al142022 detected
[Sat Oct 15 02:41:48 2022 UTC] new best track for al142022 detected
[Sat Oct 15 02:41:48 2022 UTC] new RSS (index.xml) detected
