[Tue Oct  4 22:54:58 2022 UTC] new advisory (001) for al122022 detected
[Tue Oct  4 22:54:58 2022 UTC] new best track for al122022 detected
[Tue Oct  4 22:54:58 2022 UTC] new RSS (index.xml) detected
[Wed Oct  5 02:39:26 2022 UTC] new advisory (002) for al122022 detected
[Wed Oct  5 02:39:27 2022 UTC] new best track for al122022 detected
[Wed Oct  5 02:39:27 2022 UTC] new RSS (index.xml) detected
[Wed Oct  5 14:17:39 2022 UTC] new advisory (003) for al122022 detected
[Wed Oct  5 14:17:39 2022 UTC] new best track for al122022 detected
[Wed Oct  5 14:17:40 2022 UTC] new RSS (index.xml) detected
[Wed Oct  5 14:38:54 2022 UTC] new advisory (004) for al122022 detected
[Wed Oct  5 14:38:54 2022 UTC] new best track for al122022 detected
[Wed Oct  5 14:38:54 2022 UTC] new RSS (index.xml) detected
[Wed Oct  5 20:37:04 2022 UTC] new advisory (005) for al122022 detected
[Wed Oct  5 20:37:04 2022 UTC] new best track for al122022 detected
[Wed Oct  5 20:37:05 2022 UTC] new RSS (index.xml) detected
[Thu Oct  6 02:45:18 2022 UTC] new advisory (006) for al122022 detected
[Thu Oct  6 02:45:19 2022 UTC] new best track for al122022 detected
[Thu Oct  6 02:45:19 2022 UTC] new RSS (index.xml) detected
[Thu Oct  6 08:47:40 2022 UTC] new advisory (007) for al122022 detected
[Thu Oct  6 08:47:40 2022 UTC] new best track for al122022 detected
[Thu Oct  6 08:47:41 2022 UTC] new RSS (index.xml) detected
