[Thu Sep  7 14:51:47 2023 UTC] new advisory (001) for al142023 detected
[Thu Sep  7 15:01:23 2023 UTC] new best track for al142023 detected
[Thu Sep  7 15:01:23 2023 UTC] new RSS (index.xml) detected
[Thu Sep  7 20:51:58 2023 UTC] new advisory (002) for al142023 detected
[Thu Sep  7 20:51:58 2023 UTC] new best track for al142023 detected
[Thu Sep  7 20:51:58 2023 UTC] new RSS (index.xml) detected
[Fri Sep  8 02:55:40 2023 UTC] new advisory (003) for al142023 detected
[Fri Sep  8 02:55:40 2023 UTC] new best track for al142023 detected
[Fri Sep  8 02:55:40 2023 UTC] new RSS (index.xml) detected
[Fri Sep  8 08:38:15 2023 UTC] new advisory (004) for al142023 detected
[Fri Sep  8 08:38:15 2023 UTC] new best track for al142023 detected
[Fri Sep  8 08:38:15 2023 UTC] new RSS (index.xml) detected
[Fri Sep  8 14:54:35 2023 UTC] new advisory (005) for al142023 detected
[Fri Sep  8 14:54:35 2023 UTC] new best track for al142023 detected
[Fri Sep  8 14:54:35 2023 UTC] new RSS (index.xml) detected
[Fri Sep  8 20:37:26 2023 UTC] new advisory (006) for al142023 detected
[Fri Sep  8 20:37:27 2023 UTC] new best track for al142023 detected
[Fri Sep  8 20:37:27 2023 UTC] new RSS (index.xml) detected
[Sat Sep  9 02:45:43 2023 UTC] new advisory (007) for al142023 detected
[Sat Sep  9 02:45:43 2023 UTC] new best track for al142023 detected
[Sat Sep  9 02:45:44 2023 UTC] new RSS (index.xml) detected
[Sat Sep  9 08:46:24 2023 UTC] new advisory (008) for al142023 detected
[Sat Sep  9 08:46:24 2023 UTC] new best track for al142023 detected
[Sat Sep  9 08:46:25 2023 UTC] new RSS (index.xml) detected
[Sat Sep  9 14:46:18 2023 UTC] new advisory (009) for al142023 detected
[Sat Sep  9 14:46:18 2023 UTC] new best track for al142023 detected
[Sat Sep  9 14:46:19 2023 UTC] new RSS (index.xml) detected
[Sat Sep  9 20:37:38 2023 UTC] new advisory (010) for al142023 detected
[Sat Sep  9 20:37:38 2023 UTC] new best track for al142023 detected
[Sat Sep  9 20:37:39 2023 UTC] new RSS (index.xml) detected
[Sun Sep 10 02:42:52 2023 UTC] new advisory (011) for al142023 detected
[Sun Sep 10 02:42:52 2023 UTC] new best track for al142023 detected
[Sun Sep 10 02:42:53 2023 UTC] new RSS (index.xml) detected
