[Thu Jun 12 20:51:16 2025 UTC] new advisory (001) for ep042025 detected
[Thu Jun 12 21:01:28 2025 UTC] new best track for ep042025 detected
[Thu Jun 12 21:01:28 2025 UTC] new RSS (index.xml) detected
[Thu Jun 12 23:50:36 2025 UTC] new advisory (01a) for ep042025 detected
[Thu Jun 12 23:50:37 2025 UTC] new best track for ep042025 detected
[Thu Jun 12 23:50:37 2025 UTC] new RSS (index.xml) detected
[Fri Jun 13 02:36:45 2025 UTC] new advisory (002) for ep042025 detected
[Fri Jun 13 02:36:45 2025 UTC] new best track for ep042025 detected
[Fri Jun 13 02:36:45 2025 UTC] new RSS (index.xml) detected
[Fri Jun 13 05:37:07 2025 UTC] new advisory (02a) for ep042025 detected
[Fri Jun 13 05:37:08 2025 UTC] new best track for ep042025 detected
[Fri Jun 13 05:37:08 2025 UTC] new RSS (index.xml) detected
[Fri Jun 13 08:36:35 2025 UTC] new advisory (003) for ep042025 detected
[Fri Jun 13 08:36:36 2025 UTC] new best track for ep042025 detected
[Fri Jun 13 08:36:36 2025 UTC] new RSS (index.xml) detected
[Fri Jun 13 11:51:15 2025 UTC] new advisory (03a) for ep042025 detected
[Fri Jun 13 11:51:15 2025 UTC] new best track for ep042025 detected
[Fri Jun 13 11:51:15 2025 UTC] new RSS (index.xml) detected
[Fri Jun 13 14:50:40 2025 UTC] new advisory (004) for ep042025 detected
[Fri Jun 13 14:50:41 2025 UTC] new best track for ep042025 detected
[Fri Jun 13 14:50:41 2025 UTC] new RSS (index.xml) detected
[Fri Jun 13 17:32:50 2025 UTC] new advisory (004A) for ep042025 detected
[Fri Jun 13 17:32:50 2025 UTC] new best track for ep042025 detected
[Fri Jun 13 17:32:50 2025 UTC] new RSS (index.xml) detected
[Fri Jun 13 20:33:12 2025 UTC] new advisory (005) for ep042025 detected
[Fri Jun 13 20:33:12 2025 UTC] new best track for ep042025 detected
[Fri Jun 13 20:33:12 2025 UTC] new RSS (index.xml) detected
[Fri Jun 13 23:44:42 2025 UTC] new advisory (005A) for ep042025 detected
[Fri Jun 13 23:44:42 2025 UTC] new best track for ep042025 detected
[Fri Jun 13 23:44:42 2025 UTC] new RSS (index.xml) detected
[Sat Jun 14 02:57:13 2025 UTC] new advisory (006) for ep042025 detected
[Sat Jun 14 02:57:13 2025 UTC] new best track for ep042025 detected
[Sat Jun 14 02:57:13 2025 UTC] new RSS (index.xml) detected
[Sat Jun 14 05:51:22 2025 UTC] new advisory (006A) for ep042025 detected
[Sat Jun 14 05:51:22 2025 UTC] new best track for ep042025 detected
[Sat Jun 14 05:51:22 2025 UTC] new RSS (index.xml) detected
[Sat Jun 14 08:48:29 2025 UTC] new advisory (007) for ep042025 detected
[Sat Jun 14 08:48:29 2025 UTC] new best track for ep042025 detected
[Sat Jun 14 08:48:29 2025 UTC] new RSS (index.xml) detected
[Sat Jun 14 11:46:37 2025 UTC] new advisory (007A) for ep042025 detected
[Sat Jun 14 11:46:37 2025 UTC] new best track for ep042025 detected
[Sat Jun 14 11:46:37 2025 UTC] new RSS (index.xml) detected
[Sat Jun 14 14:36:34 2025 UTC] new advisory (008) for ep042025 detected
[Sat Jun 14 14:36:34 2025 UTC] new best track for ep042025 detected
[Sat Jun 14 14:36:34 2025 UTC] new RSS (index.xml) detected
