[Wed Aug 16 14:58:57 2023 UTC] new advisory (001) for ep092023 detected
[Wed Aug 16 15:01:04 2023 UTC] new best track for ep092023 detected
[Wed Aug 16 15:01:04 2023 UTC] new RSS (index.xml) detected
[Wed Aug 16 20:44:44 2023 UTC] new advisory (002) for ep092023 detected
[Wed Aug 16 20:44:45 2023 UTC] new best track for ep092023 detected
[Wed Aug 16 20:44:45 2023 UTC] new RSS (index.xml) detected
[Thu Aug 17 02:41:52 2023 UTC] new advisory (003) for ep092023 detected
[Thu Aug 17 02:41:53 2023 UTC] new best track for ep092023 detected
[Thu Aug 17 02:41:53 2023 UTC] new RSS (index.xml) detected
[Thu Aug 17 08:59:39 2023 UTC] new advisory (004) for ep092023 detected
[Thu Aug 17 08:59:39 2023 UTC] new best track for ep092023 detected
[Thu Aug 17 08:59:40 2023 UTC] new RSS (index.xml) detected
[Thu Aug 17 11:59:28 2023 UTC] new advisory (004A) for ep092023 detected
[Thu Aug 17 11:59:28 2023 UTC] new best track for ep092023 detected
[Thu Aug 17 11:59:29 2023 UTC] new RSS (index.xml) detected
[Thu Aug 17 15:00:50 2023 UTC] new advisory (005) for ep092023 detected
[Thu Aug 17 15:00:51 2023 UTC] new best track for ep092023 detected
[Thu Aug 17 15:00:51 2023 UTC] new RSS (index.xml) detected
[Thu Aug 17 17:43:45 2023 UTC] new advisory (005A) for ep092023 detected
[Thu Aug 17 17:43:45 2023 UTC] new best track for ep092023 detected
[Thu Aug 17 17:43:47 2023 UTC] new RSS (index.xml) detected
[Thu Aug 17 20:56:14 2023 UTC] new advisory (006) for ep092023 detected
[Thu Aug 17 20:56:14 2023 UTC] new best track for ep092023 detected
[Thu Aug 17 20:56:15 2023 UTC] new RSS (index.xml) detected
[Thu Aug 17 23:48:36 2023 UTC] new advisory (006A) for ep092023 detected
[Thu Aug 17 23:48:36 2023 UTC] new best track for ep092023 detected
[Thu Aug 17 23:48:37 2023 UTC] new RSS (index.xml) detected
[Fri Aug 18 02:47:56 2023 UTC] new advisory (007) for ep092023 detected
[Fri Aug 18 02:47:57 2023 UTC] new best track for ep092023 detected
[Fri Aug 18 02:47:58 2023 UTC] new RSS (index.xml) detected
