[Tue Sep  5 14:58:25 2023 UTC] new advisory (001) for al132023 detected
[Tue Sep  5 15:01:35 2023 UTC] new best track for al132023 detected
[Tue Sep  5 15:01:35 2023 UTC] new RSS (index.xml) detected
[Tue Sep  5 20:53:50 2023 UTC] new advisory (002) for al132023 detected
[Tue Sep  5 20:53:51 2023 UTC] new best track for al132023 detected
[Tue Sep  5 20:53:51 2023 UTC] new RSS (index.xml) detected
[Wed Sep  6 02:38:48 2023 UTC] new advisory (003) for al132023 detected
[Wed Sep  6 02:38:49 2023 UTC] new best track for al132023 detected
[Wed Sep  6 02:38:49 2023 UTC] new RSS (index.xml) detected
[Wed Sep  6 08:39:14 2023 UTC] new advisory (004) for al132023 detected
[Wed Sep  6 08:39:14 2023 UTC] new best track for al132023 detected
[Wed Sep  6 08:39:14 2023 UTC] new RSS (index.xml) detected
[Wed Sep  6 14:48:36 2023 UTC] new advisory (005) for al132023 detected
[Wed Sep  6 14:48:36 2023 UTC] new best track for al132023 detected
[Wed Sep  6 14:48:37 2023 UTC] new RSS (index.xml) detected
[Wed Sep  6 20:47:14 2023 UTC] new advisory (006) for al132023 detected
[Wed Sep  6 20:47:14 2023 UTC] new best track for al132023 detected
[Wed Sep  6 20:47:15 2023 UTC] new RSS (index.xml) detected
[Thu Sep  7 02:44:34 2023 UTC] new advisory (007) for al132023 detected
[Thu Sep  7 02:44:34 2023 UTC] new best track for al132023 detected
[Thu Sep  7 02:44:34 2023 UTC] new RSS (index.xml) detected
[Thu Sep  7 08:34:02 2023 UTC] new advisory (008) for al132023 detected
[Thu Sep  7 08:34:02 2023 UTC] new best track for al132023 detected
[Thu Sep  7 08:34:02 2023 UTC] new RSS (index.xml) detected
