[Tue Jul 26 08:39:18 2022 UTC] new advisory (001) for ep072022 detected
[Tue Jul 26 08:39:19 2022 UTC] new best track for ep072022 detected
[Tue Jul 26 08:39:19 2022 UTC] new RSS (index.xml) detected
[Tue Jul 26 14:47:54 2022 UTC] new advisory (002) for ep072022 detected
[Tue Jul 26 14:47:55 2022 UTC] new best track for ep072022 detected
[Tue Jul 26 14:47:55 2022 UTC] new RSS (index.xml) detected
[Tue Jul 26 20:45:12 2022 UTC] new advisory (003) for ep072022 detected
[Tue Jul 26 20:45:12 2022 UTC] new best track for ep072022 detected
[Tue Jul 26 20:45:12 2022 UTC] new RSS (index.xml) detected
[Wed Jul 27 02:39:15 2022 UTC] new advisory (004) for ep072022 detected
[Wed Jul 27 02:39:15 2022 UTC] new best track for ep072022 detected
[Wed Jul 27 02:39:15 2022 UTC] new RSS (index.xml) detected
[Wed Jul 27 08:39:02 2022 UTC] new advisory (005) for ep072022 detected
[Wed Jul 27 08:39:03 2022 UTC] new best track for ep072022 detected
[Wed Jul 27 08:39:03 2022 UTC] new RSS (index.xml) detected
[Wed Jul 27 14:52:24 2022 UTC] new advisory (006) for ep072022 detected
[Wed Jul 27 14:52:24 2022 UTC] new best track for ep072022 detected
[Wed Jul 27 14:52:24 2022 UTC] new RSS (index.xml) detected
[Wed Jul 27 20:42:06 2022 UTC] new advisory (007) for ep072022 detected
[Wed Jul 27 20:42:06 2022 UTC] new best track for ep072022 detected
[Wed Jul 27 20:42:06 2022 UTC] new RSS (index.xml) detected
[Thu Jul 28 02:42:13 2022 UTC] new advisory (008) for ep072022 detected
[Thu Jul 28 02:42:13 2022 UTC] new best track for ep072022 detected
[Thu Jul 28 02:42:14 2022 UTC] new RSS (index.xml) detected
[Thu Jul 28 08:39:06 2022 UTC] new advisory (009) for ep072022 detected
[Thu Jul 28 08:39:07 2022 UTC] new best track for ep072022 detected
[Thu Jul 28 08:39:07 2022 UTC] new RSS (index.xml) detected
[Thu Jul 28 14:42:22 2022 UTC] new advisory (010) for ep072022 detected
[Thu Jul 28 14:42:22 2022 UTC] new best track for ep072022 detected
[Thu Jul 28 14:42:22 2022 UTC] new RSS (index.xml) detected
[Thu Jul 28 20:36:56 2022 UTC] new advisory (011) for ep072022 detected
[Thu Jul 28 20:36:56 2022 UTC] new best track for ep072022 detected
[Thu Jul 28 20:36:57 2022 UTC] new RSS (index.xml) detected
[Fri Jul 29 02:38:38 2022 UTC] new advisory (012) for ep072022 detected
[Fri Jul 29 02:38:39 2022 UTC] new best track for ep072022 detected
[Fri Jul 29 02:38:39 2022 UTC] new RSS (index.xml) detected
[Fri Jul 29 08:39:21 2022 UTC] new advisory (013) for ep072022 detected
[Fri Jul 29 08:39:21 2022 UTC] new best track for ep072022 detected
[Fri Jul 29 08:39:22 2022 UTC] new RSS (index.xml) detected
[Fri Jul 29 14:40:06 2022 UTC] new advisory (014) for ep072022 detected
[Fri Jul 29 14:40:06 2022 UTC] new best track for ep072022 detected
[Fri Jul 29 14:40:06 2022 UTC] new RSS (index.xml) detected
[Fri Jul 29 20:36:03 2022 UTC] new advisory (015) for ep072022 detected
[Fri Jul 29 20:36:03 2022 UTC] new best track for ep072022 detected
[Fri Jul 29 20:36:03 2022 UTC] new RSS (index.xml) detected
[Sat Jul 30 02:34:03 2022 UTC] new advisory (016) for ep072022 detected
[Sat Jul 30 02:34:03 2022 UTC] new best track for ep072022 detected
[Sat Jul 30 02:34:03 2022 UTC] new RSS (index.xml) detected
[Sat Jul 30 08:53:18 2022 UTC] new advisory (017) for ep072022 detected
[Sat Jul 30 08:53:18 2022 UTC] new best track for ep072022 detected
[Sat Jul 30 08:53:18 2022 UTC] new RSS (index.xml) detected
[Sat Jul 30 14:37:11 2022 UTC] new advisory (018) for ep072022 detected
[Sat Jul 30 14:37:12 2022 UTC] new best track for ep072022 detected
[Sat Jul 30 14:37:12 2022 UTC] new RSS (index.xml) detected
[Sat Jul 30 20:36:31 2022 UTC] new advisory (019) for ep072022 detected
[Sat Jul 30 20:36:31 2022 UTC] new best track for ep072022 detected
[Sat Jul 30 20:36:31 2022 UTC] new RSS (index.xml) detected
[Sun Jul 31 02:32:08 2022 UTC] new advisory (020) for ep072022 detected
[Sun Jul 31 02:32:09 2022 UTC] new best track for ep072022 detected
[Sun Jul 31 02:32:09 2022 UTC] new RSS (index.xml) detected
[Sun Jul 31 08:39:51 2022 UTC] new advisory (021) for ep072022 detected
[Sun Jul 31 08:39:51 2022 UTC] new best track for ep072022 detected
[Sun Jul 31 08:39:52 2022 UTC] new RSS (index.xml) detected
[Sun Jul 31 14:40:30 2022 UTC] new advisory (022) for ep072022 detected
[Sun Jul 31 14:40:31 2022 UTC] new best track for ep072022 detected
[Sun Jul 31 14:40:31 2022 UTC] new RSS (index.xml) detected
[Sun Jul 31 20:44:13 2022 UTC] new advisory (023) for ep072022 detected
[Sun Jul 31 20:44:14 2022 UTC] new best track for ep072022 detected
[Sun Jul 31 20:44:14 2022 UTC] new RSS (index.xml) detected
[Mon Aug  1 02:35:19 2022 UTC] new advisory (024) for ep072022 detected
[Mon Aug  1 02:35:19 2022 UTC] new best track for ep072022 detected
[Mon Aug  1 02:35:20 2022 UTC] new RSS (index.xml) detected
[Mon Aug  1 08:44:35 2022 UTC] new advisory (025) for ep072022 detected
[Mon Aug  1 08:44:36 2022 UTC] new best track for ep072022 detected
[Mon Aug  1 08:44:36 2022 UTC] new RSS (index.xml) detected
[Mon Aug  1 14:37:38 2022 UTC] new advisory (026) for ep072022 detected
[Mon Aug  1 14:37:38 2022 UTC] new best track for ep072022 detected
[Mon Aug  1 14:37:38 2022 UTC] new RSS (index.xml) detected
[Mon Aug  1 20:37:14 2022 UTC] new advisory (027) for ep072022 detected
[Mon Aug  1 20:37:15 2022 UTC] new best track for ep072022 detected
[Mon Aug  1 20:37:15 2022 UTC] new RSS (index.xml) detected
[Tue Aug  2 02:35:08 2022 UTC] new advisory (028) for ep072022 detected
[Tue Aug  2 02:35:09 2022 UTC] new best track for ep072022 detected
[Tue Aug  2 02:35:09 2022 UTC] new RSS (index.xml) detected
[Tue Aug  2 08:38:18 2022 UTC] new advisory (029) for ep072022 detected
[Tue Aug  2 08:38:19 2022 UTC] new best track for ep072022 detected
[Tue Aug  2 08:38:19 2022 UTC] new RSS (index.xml) detected
[Tue Aug  2 14:38:23 2022 UTC] new advisory (030) for ep072022 detected
[Tue Aug  2 14:38:24 2022 UTC] new best track for ep072022 detected
[Tue Aug  2 14:38:24 2022 UTC] new RSS (index.xml) detected
[Tue Aug  2 20:35:40 2022 UTC] new advisory (031) for ep072022 detected
[Tue Aug  2 20:35:41 2022 UTC] new best track for ep072022 detected
[Tue Aug  2 20:35:42 2022 UTC] new RSS (index.xml) detected
