[Mon Sep  4 20:40:29 2023 UTC] new advisory (001) for ep112023 detected
[Mon Sep  4 21:01:46 2023 UTC] new best track for ep112023 detected
[Mon Sep  4 21:01:46 2023 UTC] new RSS (index.xml) detected
[Tue Sep  5 02:35:22 2023 UTC] new advisory (002) for ep112023 detected
[Tue Sep  5 02:35:22 2023 UTC] new best track for ep112023 detected
[Tue Sep  5 02:35:22 2023 UTC] new RSS (index.xml) detected
[Tue Sep  5 08:43:15 2023 UTC] new advisory (003) for ep112023 detected
[Tue Sep  5 08:43:16 2023 UTC] new best track for ep112023 detected
[Tue Sep  5 08:43:16 2023 UTC] new RSS (index.xml) detected
[Tue Sep  5 14:54:16 2023 UTC] new advisory (004) for ep112023 detected
[Tue Sep  5 14:54:17 2023 UTC] new best track for ep112023 detected
[Tue Sep  5 14:54:17 2023 UTC] new RSS (index.xml) detected
[Tue Sep  5 20:51:43 2023 UTC] new advisory (005) for ep112023 detected
[Tue Sep  5 20:51:43 2023 UTC] new best track for ep112023 detected
[Tue Sep  5 20:51:43 2023 UTC] new RSS (index.xml) detected
[Wed Sep  6 02:36:38 2023 UTC] new advisory (006) for ep112023 detected
[Wed Sep  6 02:36:38 2023 UTC] new best track for ep112023 detected
[Wed Sep  6 02:36:39 2023 UTC] new RSS (index.xml) detected
[Wed Sep  6 08:41:21 2023 UTC] new advisory (007) for ep112023 detected
[Wed Sep  6 08:41:22 2023 UTC] new best track for ep112023 detected
[Wed Sep  6 08:41:22 2023 UTC] new RSS (index.xml) detected
[Wed Sep  6 14:44:23 2023 UTC] new advisory (008) for ep112023 detected
[Wed Sep  6 14:44:24 2023 UTC] new best track for ep112023 detected
[Wed Sep  6 14:44:24 2023 UTC] new RSS (index.xml) detected
[Wed Sep  6 20:39:43 2023 UTC] new advisory (009) for ep112023 detected
[Wed Sep  6 20:39:44 2023 UTC] new best track for ep112023 detected
[Wed Sep  6 20:39:44 2023 UTC] new RSS (index.xml) detected
[Thu Sep  7 02:46:41 2023 UTC] new advisory (010) for ep112023 detected
[Thu Sep  7 02:46:41 2023 UTC] new best track for ep112023 detected
[Thu Sep  7 02:46:41 2023 UTC] new RSS (index.xml) detected
[Thu Sep  7 08:38:15 2023 UTC] new advisory (011) for ep112023 detected
[Thu Sep  7 08:38:15 2023 UTC] new best track for ep112023 detected
[Thu Sep  7 08:38:15 2023 UTC] new RSS (index.xml) detected
