[Sun Jul 19 14:54:31 2026 UTC] new advisory (001) for al022026 detected
[Sun Jul 19 15:00:40 2026 UTC] new best track for al022026 detected
[Sun Jul 19 15:00:40 2026 UTC] new RSS (index.xml) detected
[Sun Jul 19 17:34:40 2026 UTC] new advisory (001a) for al022026 detected
[Sun Jul 19 17:34:40 2026 UTC] new best track for al022026 detected
[Sun Jul 19 17:34:40 2026 UTC] new RSS (index.xml) detected
[Sun Jul 19 20:46:18 2026 UTC] new advisory (002) for al022026 detected
[Sun Jul 19 20:46:18 2026 UTC] new best track for al022026 detected
[Sun Jul 19 20:46:18 2026 UTC] new RSS (index.xml) detected
[Sun Jul 19 23:46:38 2026 UTC] new advisory (002a) for al022026 detected
[Sun Jul 19 23:46:38 2026 UTC] new best track for al022026 detected
[Sun Jul 19 23:46:38 2026 UTC] new RSS (index.xml) detected
[Mon Jul 20 02:47:01 2026 UTC] new advisory (003) for al022026 detected
[Mon Jul 20 02:47:02 2026 UTC] new best track for al022026 detected
[Mon Jul 20 02:47:02 2026 UTC] new RSS (index.xml) detected
[Mon Jul 20 05:59:41 2026 UTC] new advisory (003a) for al022026 detected
[Mon Jul 20 05:59:41 2026 UTC] new best track for al022026 detected
[Mon Jul 20 05:59:41 2026 UTC] new RSS (index.xml) detected
[Mon Jul 20 08:50:53 2026 UTC] new advisory (004) for al022026 detected
[Mon Jul 20 08:50:53 2026 UTC] new best track for al022026 detected
[Mon Jul 20 08:50:53 2026 UTC] new RSS (index.xml) detected
[Mon Jul 20 11:49:11 2026 UTC] new advisory (004a) for al022026 detected
[Mon Jul 20 11:49:11 2026 UTC] new best track for al022026 detected
[Mon Jul 20 11:49:11 2026 UTC] new RSS (index.xml) detected
[Mon Jul 20 14:48:54 2026 UTC] new advisory (005) for al022026 detected
[Mon Jul 20 14:48:54 2026 UTC] new best track for al022026 detected
[Mon Jul 20 14:48:54 2026 UTC] new RSS (index.xml) detected
[Mon Jul 20 17:32:48 2026 UTC] new advisory (005a) for al022026 detected
[Mon Jul 20 17:32:48 2026 UTC] new best track for al022026 detected
[Mon Jul 20 17:32:48 2026 UTC] new RSS (index.xml) detected
[Mon Jul 20 20:48:50 2026 UTC] new advisory (006) for al022026 detected
[Mon Jul 20 20:48:50 2026 UTC] new best track for al022026 detected
[Mon Jul 20 20:48:50 2026 UTC] new RSS (index.xml) detected
[Mon Jul 20 23:53:13 2026 UTC] new advisory (006a) for al022026 detected
[Mon Jul 20 23:53:13 2026 UTC] new best track for al022026 detected
[Mon Jul 20 23:53:13 2026 UTC] new RSS (index.xml) detected
[Tue Jul 21 02:54:10 2026 UTC] new advisory (007) for al022026 detected
[Tue Jul 21 02:54:10 2026 UTC] new best track for al022026 detected
[Tue Jul 21 02:54:10 2026 UTC] new RSS (index.xml) detected
[Tue Jul 21 05:36:45 2026 UTC] new advisory (007a) for al022026 detected
[Tue Jul 21 05:36:46 2026 UTC] new best track for al022026 detected
[Tue Jul 21 05:36:46 2026 UTC] new RSS (index.xml) detected
[Tue Jul 21 08:38:48 2026 UTC] new advisory (008) for al022026 detected
[Tue Jul 21 08:38:48 2026 UTC] new best track for al022026 detected
[Tue Jul 21 08:38:48 2026 UTC] new RSS (index.xml) detected
[Tue Jul 21 11:43:53 2026 UTC] new advisory (008a) for al022026 detected
[Tue Jul 21 11:43:53 2026 UTC] new best track for al022026 detected
[Tue Jul 21 11:43:53 2026 UTC] new RSS (index.xml) detected
[Tue Jul 21 14:58:22 2026 UTC] new advisory (009) for al022026 detected
[Tue Jul 21 14:58:23 2026 UTC] new best track for al022026 detected
[Tue Jul 21 14:58:23 2026 UTC] new RSS (index.xml) detected
[Tue Jul 21 17:47:15 2026 UTC] new advisory (009a) for al022026 detected
[Tue Jul 21 17:47:15 2026 UTC] new best track for al022026 detected
[Tue Jul 21 17:47:15 2026 UTC] new RSS (index.xml) detected
[Tue Jul 21 20:56:37 2026 UTC] new advisory (010) for al022026 detected
[Tue Jul 21 20:56:37 2026 UTC] new best track for al022026 detected
[Tue Jul 21 20:56:37 2026 UTC] new RSS (index.xml) detected
[Tue Jul 21 23:50:33 2026 UTC] new advisory (010a) for al022026 detected
[Tue Jul 21 23:50:33 2026 UTC] new best track for al022026 detected
[Tue Jul 21 23:50:33 2026 UTC] new RSS (index.xml) detected
[Wed Jul 22 02:43:36 2026 UTC] new advisory (011) for al022026 detected
[Wed Jul 22 02:43:36 2026 UTC] new best track for al022026 detected
[Wed Jul 22 02:43:36 2026 UTC] new RSS (index.xml) detected
[Wed Jul 22 05:37:43 2026 UTC] new advisory (011a) for al022026 detected
[Wed Jul 22 05:37:43 2026 UTC] new best track for al022026 detected
[Wed Jul 22 05:37:43 2026 UTC] new RSS (index.xml) detected
[Wed Jul 22 08:42:40 2026 UTC] new advisory (012) for al022026 detected
[Wed Jul 22 08:42:40 2026 UTC] new best track for al022026 detected
[Wed Jul 22 08:42:40 2026 UTC] new RSS (index.xml) detected
[Wed Jul 22 11:48:31 2026 UTC] new advisory (012a) for al022026 detected
[Wed Jul 22 11:48:31 2026 UTC] new best track for al022026 detected
[Wed Jul 22 11:48:31 2026 UTC] new RSS (index.xml) detected
[Wed Jul 22 14:53:11 2026 UTC] new advisory (013) for al022026 detected
[Wed Jul 22 14:53:11 2026 UTC] new best track for al022026 detected
[Wed Jul 22 14:53:11 2026 UTC] new RSS (index.xml) detected
[Wed Jul 22 17:39:09 2026 UTC] new advisory (013a) for al022026 detected
[Wed Jul 22 17:39:09 2026 UTC] new best track for al022026 detected
[Wed Jul 22 17:39:09 2026 UTC] new RSS (index.xml) detected
