[Sun Aug 27 02:38:00 2023 UTC] new advisory (001) for ep102023 detected
[Sun Aug 27 03:01:16 2023 UTC] new best track for ep102023 detected
[Sun Aug 27 03:01:16 2023 UTC] new RSS (index.xml) detected
[Sun Aug 27 08:46:06 2023 UTC] new advisory (002) for ep102023 detected
[Sun Aug 27 08:46:06 2023 UTC] new best track for ep102023 detected
[Sun Aug 27 08:46:06 2023 UTC] new RSS (index.xml) detected
[Sun Aug 27 14:40:27 2023 UTC] new advisory (003) for ep102023 detected
[Sun Aug 27 14:40:27 2023 UTC] new best track for ep102023 detected
[Sun Aug 27 14:40:28 2023 UTC] new RSS (index.xml) detected
[Sun Aug 27 20:48:13 2023 UTC] new advisory (004) for ep102023 detected
[Sun Aug 27 20:48:13 2023 UTC] new best track for ep102023 detected
[Sun Aug 27 20:48:13 2023 UTC] new RSS (index.xml) detected
[Mon Aug 28 02:34:05 2023 UTC] new advisory (005) for ep102023 detected
[Mon Aug 28 02:34:05 2023 UTC] new best track for ep102023 detected
[Mon Aug 28 02:34:06 2023 UTC] new RSS (index.xml) detected
[Mon Aug 28 08:37:04 2023 UTC] new advisory (006) for ep102023 detected
[Mon Aug 28 08:37:05 2023 UTC] new best track for ep102023 detected
[Mon Aug 28 08:37:05 2023 UTC] new RSS (index.xml) detected
[Mon Aug 28 14:46:51 2023 UTC] new advisory (007) for ep102023 detected
[Mon Aug 28 14:46:51 2023 UTC] new best track for ep102023 detected
[Mon Aug 28 14:46:51 2023 UTC] new RSS (index.xml) detected
