[Tue Oct 21 14:47:06 2025 UTC] new advisory (001) for al132025 detected
[Tue Oct 21 15:00:54 2025 UTC] new best track for al132025 detected
[Tue Oct 21 15:01:00 2025 UTC] new RSS (index.xml) detected
[Tue Oct 21 17:41:35 2025 UTC] new advisory (001a) for al132025 detected
[Tue Oct 21 17:41:35 2025 UTC] new best track for al132025 detected
[Tue Oct 21 17:41:35 2025 UTC] new RSS (index.xml) detected
[Tue Oct 21 20:37:14 2025 UTC] new advisory (002) for al132025 detected
[Tue Oct 21 20:37:15 2025 UTC] new best track for al132025 detected
[Tue Oct 21 20:37:15 2025 UTC] new RSS (index.xml) detected
[Tue Oct 21 23:45:22 2025 UTC] new advisory (002a) for al132025 detected
[Tue Oct 21 23:45:22 2025 UTC] new best track for al132025 detected
[Tue Oct 21 23:45:23 2025 UTC] new RSS (index.xml) detected
[Wed Oct 22 02:33:22 2025 UTC] new advisory (003) for al132025 detected
[Wed Oct 22 02:33:22 2025 UTC] new best track for al132025 detected
[Wed Oct 22 02:33:22 2025 UTC] new RSS (index.xml) detected
[Wed Oct 22 05:51:34 2025 UTC] new advisory (003a) for al132025 detected
[Wed Oct 22 05:51:34 2025 UTC] new best track for al132025 detected
[Wed Oct 22 05:51:35 2025 UTC] new RSS (index.xml) detected
[Wed Oct 22 08:57:47 2025 UTC] new advisory (004) for al132025 detected
[Wed Oct 22 08:57:47 2025 UTC] new best track for al132025 detected
[Wed Oct 22 08:57:47 2025 UTC] new RSS (index.xml) detected
[Wed Oct 22 11:49:48 2025 UTC] new advisory (004a) for al132025 detected
[Wed Oct 22 11:49:48 2025 UTC] new best track for al132025 detected
[Wed Oct 22 11:49:48 2025 UTC] new RSS (index.xml) detected
[Wed Oct 22 14:50:55 2025 UTC] new advisory (005) for al132025 detected
[Wed Oct 22 14:50:56 2025 UTC] new best track for al132025 detected
[Wed Oct 22 14:50:56 2025 UTC] new RSS (index.xml) detected
