[Mon Oct 13 08:52:29 2025 UTC] new advisory (001) for al122025 detected
[Mon Oct 13 09:00:38 2025 UTC] new best track for al122025 detected
[Mon Oct 13 09:00:38 2025 UTC] new RSS (index.xml) detected
[Mon Oct 13 14:52:05 2025 UTC] new advisory (002) for al122025 detected
[Mon Oct 13 14:52:05 2025 UTC] new best track for al122025 detected
[Mon Oct 13 14:52:05 2025 UTC] new RSS (index.xml) detected
[Mon Oct 13 20:36:20 2025 UTC] new advisory (003) for al122025 detected
[Mon Oct 13 20:36:20 2025 UTC] new best track for al122025 detected
[Mon Oct 13 20:36:20 2025 UTC] new RSS (index.xml) detected
[Tue Oct 14 02:50:01 2025 UTC] new advisory (004) for al122025 detected
[Tue Oct 14 02:50:01 2025 UTC] new best track for al122025 detected
[Tue Oct 14 02:50:01 2025 UTC] new RSS (index.xml) detected
[Tue Oct 14 08:50:32 2025 UTC] new advisory (005) for al122025 detected
[Tue Oct 14 08:50:32 2025 UTC] new best track for al122025 detected
[Tue Oct 14 08:50:32 2025 UTC] new RSS (index.xml) detected
[Tue Oct 14 14:35:35 2025 UTC] new advisory (006) for al122025 detected
[Tue Oct 14 14:35:35 2025 UTC] new best track for al122025 detected
[Tue Oct 14 14:35:35 2025 UTC] new RSS (index.xml) detected
[Tue Oct 14 20:36:46 2025 UTC] new advisory (007) for al122025 detected
[Tue Oct 14 20:36:46 2025 UTC] new best track for al122025 detected
[Tue Oct 14 20:36:46 2025 UTC] new RSS (index.xml) detected
[Wed Oct 15 02:32:17 2025 UTC] new advisory (008) for al122025 detected
[Wed Oct 15 02:32:18 2025 UTC] new best track for al122025 detected
[Wed Oct 15 02:32:18 2025 UTC] new RSS (index.xml) detected
