[Wed Sep  8 01:00:02 2021 UTC] new advisory (001) for ep152021 detected
[Wed Sep  8 01:00:02 2021 UTC] new best track for ep152021 detected
[Wed Sep  8 01:00:02 2021 UTC] new RSS (index.xml) detected
[Wed Sep  8 02:48:21 2021 UTC] new advisory (002) for ep152021 detected
[Wed Sep  8 02:48:21 2021 UTC] new best track for ep152021 detected
[Wed Sep  8 02:48:22 2021 UTC] new RSS (index.xml) detected
[Wed Sep  8 05:45:36 2021 UTC] new advisory (002A) for ep152021 detected
[Wed Sep  8 05:45:36 2021 UTC] new best track for ep152021 detected
[Wed Sep  8 05:45:36 2021 UTC] new RSS (index.xml) detected
[Wed Sep  8 08:51:47 2021 UTC] new advisory (003) for ep152021 detected
[Wed Sep  8 08:51:47 2021 UTC] new best track for ep152021 detected
[Wed Sep  8 08:51:47 2021 UTC] new RSS (index.xml) detected
[Wed Sep  8 11:59:00 2021 UTC] new advisory (003A) for ep152021 detected
[Wed Sep  8 11:59:00 2021 UTC] new best track for ep152021 detected
[Wed Sep  8 11:59:00 2021 UTC] new RSS (index.xml) detected
[Wed Sep  8 14:40:47 2021 UTC] new advisory (004) for ep152021 detected
[Wed Sep  8 14:40:47 2021 UTC] new best track for ep152021 detected
[Wed Sep  8 14:40:47 2021 UTC] new RSS (index.xml) detected
[Wed Sep  8 17:58:00 2021 UTC] new advisory (004A) for ep152021 detected
[Wed Sep  8 17:58:01 2021 UTC] new best track for ep152021 detected
[Wed Sep  8 17:58:01 2021 UTC] new RSS (index.xml) detected
[Wed Sep  8 20:53:11 2021 UTC] new advisory (005) for ep152021 detected
[Wed Sep  8 20:53:11 2021 UTC] new best track for ep152021 detected
[Wed Sep  8 20:53:11 2021 UTC] new RSS (index.xml) detected
[Wed Sep  8 23:39:01 2021 UTC] new advisory (005A) for ep152021 detected
[Wed Sep  8 23:39:01 2021 UTC] new best track for ep152021 detected
[Wed Sep  8 23:39:01 2021 UTC] new RSS (index.xml) detected
[Thu Sep  9 02:41:57 2021 UTC] new advisory (006) for ep152021 detected
[Thu Sep  9 02:41:57 2021 UTC] new best track for ep152021 detected
[Thu Sep  9 02:41:57 2021 UTC] new RSS (index.xml) detected
[Thu Sep  9 05:59:41 2021 UTC] new advisory (006A) for ep152021 detected
[Thu Sep  9 05:59:41 2021 UTC] new best track for ep152021 detected
[Thu Sep  9 05:59:41 2021 UTC] new RSS (index.xml) detected
[Thu Sep  9 08:58:46 2021 UTC] new advisory (007) for ep152021 detected
[Thu Sep  9 08:58:47 2021 UTC] new best track for ep152021 detected
[Thu Sep  9 08:58:47 2021 UTC] new RSS (index.xml) detected
[Thu Sep  9 11:54:50 2021 UTC] new advisory (007A) for ep152021 detected
[Thu Sep  9 11:54:51 2021 UTC] new best track for ep152021 detected
[Thu Sep  9 11:54:51 2021 UTC] new RSS (index.xml) detected
[Thu Sep  9 14:56:49 2021 UTC] new advisory (008) for ep152021 detected
[Thu Sep  9 14:56:49 2021 UTC] new best track for ep152021 detected
[Thu Sep  9 14:56:49 2021 UTC] new RSS (index.xml) detected
[Thu Sep  9 17:55:47 2021 UTC] new advisory (008A) for ep152021 detected
[Thu Sep  9 17:55:47 2021 UTC] new best track for ep152021 detected
[Thu Sep  9 17:55:47 2021 UTC] new RSS (index.xml) detected
[Thu Sep  9 20:51:46 2021 UTC] new advisory (009) for ep152021 detected
[Thu Sep  9 20:51:46 2021 UTC] new best track for ep152021 detected
[Thu Sep  9 20:51:46 2021 UTC] new RSS (index.xml) detected
[Thu Sep  9 23:44:41 2021 UTC] new advisory (009A) for ep152021 detected
[Thu Sep  9 23:44:41 2021 UTC] new best track for ep152021 detected
[Thu Sep  9 23:44:41 2021 UTC] new RSS (index.xml) detected
[Fri Sep 10 02:55:59 2021 UTC] new advisory (010) for ep152021 detected
[Fri Sep 10 02:55:59 2021 UTC] new best track for ep152021 detected
[Fri Sep 10 02:55:59 2021 UTC] new RSS (index.xml) detected
[Fri Sep 10 05:54:59 2021 UTC] new advisory (010A) for ep152021 detected
[Fri Sep 10 05:54:59 2021 UTC] new best track for ep152021 detected
[Fri Sep 10 05:54:59 2021 UTC] new RSS (index.xml) detected
[Fri Sep 10 08:49:59 2021 UTC] new advisory (011) for ep152021 detected
[Fri Sep 10 08:49:59 2021 UTC] new best track for ep152021 detected
[Fri Sep 10 08:49:59 2021 UTC] new RSS (index.xml) detected
[Fri Sep 10 11:52:03 2021 UTC] new advisory (011A) for ep152021 detected
[Fri Sep 10 11:52:04 2021 UTC] new best track for ep152021 detected
[Fri Sep 10 11:52:04 2021 UTC] new RSS (index.xml) detected
[Fri Sep 10 14:52:11 2021 UTC] new advisory (012) for ep152021 detected
[Fri Sep 10 14:52:11 2021 UTC] new best track for ep152021 detected
[Fri Sep 10 14:52:11 2021 UTC] new RSS (index.xml) detected
[Fri Sep 10 17:57:27 2021 UTC] new advisory (012A) for ep152021 detected
[Fri Sep 10 17:57:28 2021 UTC] new best track for ep152021 detected
[Fri Sep 10 17:57:28 2021 UTC] new RSS (index.xml) detected
[Fri Sep 10 20:49:32 2021 UTC] new advisory (013) for ep152021 detected
[Fri Sep 10 20:49:33 2021 UTC] new best track for ep152021 detected
[Fri Sep 10 20:49:33 2021 UTC] new RSS (index.xml) detected
[Fri Sep 10 23:52:42 2021 UTC] new advisory (013A) for ep152021 detected
[Fri Sep 10 23:52:42 2021 UTC] new best track for ep152021 detected
[Fri Sep 10 23:52:42 2021 UTC] new RSS (index.xml) detected
[Sat Sep 11 02:45:40 2021 UTC] new advisory (014) for ep152021 detected
[Sat Sep 11 02:45:40 2021 UTC] new best track for ep152021 detected
[Sat Sep 11 02:45:40 2021 UTC] new RSS (index.xml) detected
[Sat Sep 11 08:37:20 2021 UTC] new advisory (015) for ep152021 detected
[Sat Sep 11 08:37:21 2021 UTC] new best track for ep152021 detected
[Sat Sep 11 08:37:21 2021 UTC] new RSS (index.xml) detected
