[Wed May 28 23:12:53 2025 UTC] new advisory (001) for ep012025 detected
[Wed May 28 23:12:53 2025 UTC] new best track for ep012025 detected
[Wed May 28 23:12:53 2025 UTC] new RSS (index.xml) detected
[Thu May 29 13:22:45 2025 UTC] new advisory (003) for ep012025 detected
[Thu May 29 13:22:45 2025 UTC] new best track for ep012025 detected
[Thu May 29 13:22:45 2025 UTC] new RSS (index.xml) detected
[Thu May 29 14:34:54 2025 UTC] new advisory (004) for ep012025 detected
[Thu May 29 14:34:54 2025 UTC] new best track for ep012025 detected
[Thu May 29 14:34:54 2025 UTC] new RSS (index.xml) detected
[Thu May 29 20:35:03 2025 UTC] new advisory (005) for ep012025 detected
[Thu May 29 20:35:03 2025 UTC] new best track for ep012025 detected
[Thu May 29 20:35:03 2025 UTC] new RSS (index.xml) detected
[Fri May 30 02:35:11 2025 UTC] new advisory (006) for ep012025 detected
[Fri May 30 02:35:11 2025 UTC] new best track for ep012025 detected
[Fri May 30 02:35:11 2025 UTC] new RSS (index.xml) detected
[Fri May 30 08:36:36 2025 UTC] new advisory (007) for ep012025 detected
[Fri May 30 08:36:36 2025 UTC] new best track for ep012025 detected
[Fri May 30 08:36:36 2025 UTC] new RSS (index.xml) detected
[Fri May 30 14:34:35 2025 UTC] new advisory (008) for ep012025 detected
[Fri May 30 14:34:35 2025 UTC] new best track for ep012025 detected
[Fri May 30 14:34:35 2025 UTC] new RSS (index.xml) detected
[Fri May 30 20:47:30 2025 UTC] new advisory (009) for ep012025 detected
[Fri May 30 20:47:31 2025 UTC] new best track for ep012025 detected
[Fri May 30 20:47:31 2025 UTC] new RSS (index.xml) detected
[Sat May 31 02:50:31 2025 UTC] new advisory (010) for ep012025 detected
[Sat May 31 02:50:31 2025 UTC] new best track for ep012025 detected
[Sat May 31 02:50:31 2025 UTC] new RSS (index.xml) detected
[Sat May 31 08:38:19 2025 UTC] new advisory (011) for ep012025 detected
[Sat May 31 08:38:19 2025 UTC] new best track for ep012025 detected
[Sat May 31 08:38:19 2025 UTC] new RSS (index.xml) detected
[Sat May 31 14:38:58 2025 UTC] new advisory (012) for ep012025 detected
[Sat May 31 14:38:58 2025 UTC] new best track for ep012025 detected
[Sat May 31 14:38:58 2025 UTC] new RSS (index.xml) detected
