[Sun Sep 19 08:37:59 2021 UTC] new advisory (001) for al172021 detected
[Sun Sep 19 08:38:00 2021 UTC] new best track for al172021 detected
[Sun Sep 19 08:38:00 2021 UTC] new RSS (index.xml) detected
[Sun Sep 19 14:54:35 2021 UTC] new advisory (002) for al172021 detected
[Sun Sep 19 14:54:35 2021 UTC] new best track for al172021 detected
[Sun Sep 19 14:54:35 2021 UTC] new RSS (index.xml) detected
[Sun Sep 19 20:39:53 2021 UTC] new advisory (003) for al172021 detected
[Sun Sep 19 20:39:53 2021 UTC] new best track for al172021 detected
[Sun Sep 19 20:39:53 2021 UTC] new RSS (index.xml) detected
[Mon Sep 20 02:53:25 2021 UTC] new advisory (004) for al172021 detected
[Mon Sep 20 02:53:32 2021 UTC] new best track for al172021 detected
[Mon Sep 20 02:53:35 2021 UTC] new RSS (index.xml) detected
[Mon Sep 20 08:48:41 2021 UTC] new advisory (005) for al172021 detected
[Mon Sep 20 08:48:41 2021 UTC] new best track for al172021 detected
[Mon Sep 20 08:48:42 2021 UTC] new RSS (index.xml) detected
[Mon Sep 20 14:45:03 2021 UTC] new advisory (006) for al172021 detected
[Mon Sep 20 14:45:03 2021 UTC] new best track for al172021 detected
[Mon Sep 20 14:45:03 2021 UTC] new RSS (index.xml) detected
[Mon Sep 20 20:35:01 2021 UTC] new advisory (007) for al172021 detected
[Mon Sep 20 20:35:01 2021 UTC] new best track for al172021 detected
[Mon Sep 20 20:35:01 2021 UTC] new RSS (index.xml) detected
[Tue Sep 21 02:47:54 2021 UTC] new advisory (008) for al172021 detected
[Tue Sep 21 02:47:55 2021 UTC] new best track for al172021 detected
[Tue Sep 21 02:47:55 2021 UTC] new RSS (index.xml) detected
[Tue Sep 21 08:42:25 2021 UTC] new advisory (009) for al172021 detected
[Tue Sep 21 08:42:26 2021 UTC] new best track for al172021 detected
[Tue Sep 21 08:42:26 2021 UTC] new RSS (index.xml) detected
[Tue Sep 21 14:54:11 2021 UTC] new advisory (010) for al172021 detected
[Tue Sep 21 14:54:12 2021 UTC] new best track for al172021 detected
[Tue Sep 21 14:54:12 2021 UTC] new RSS (index.xml) detected
[Tue Sep 21 20:38:35 2021 UTC] new advisory (011) for al172021 detected
[Tue Sep 21 20:38:36 2021 UTC] new best track for al172021 detected
[Tue Sep 21 20:38:36 2021 UTC] new RSS (index.xml) detected
[Wed Sep 22 02:40:36 2021 UTC] new advisory (012) for al172021 detected
[Wed Sep 22 02:40:36 2021 UTC] new best track for al172021 detected
[Wed Sep 22 02:40:36 2021 UTC] new RSS (index.xml) detected
[Wed Sep 22 08:40:47 2021 UTC] new advisory (013) for al172021 detected
[Wed Sep 22 08:40:49 2021 UTC] new best track for al172021 detected
[Wed Sep 22 08:40:51 2021 UTC] new RSS (index.xml) detected
[Wed Sep 22 14:42:00 2021 UTC] new advisory (014) for al172021 detected
[Wed Sep 22 14:42:01 2021 UTC] new best track for al172021 detected
[Wed Sep 22 14:42:01 2021 UTC] new RSS (index.xml) detected
[Wed Sep 22 20:41:31 2021 UTC] new advisory (015) for al172021 detected
[Wed Sep 22 20:41:31 2021 UTC] new best track for al172021 detected
[Wed Sep 22 20:41:32 2021 UTC] new RSS (index.xml) detected
[Thu Sep 23 02:42:04 2021 UTC] new advisory (016) for al172021 detected
[Thu Sep 23 02:42:04 2021 UTC] new best track for al172021 detected
[Thu Sep 23 02:42:04 2021 UTC] new RSS (index.xml) detected
[Thu Sep 23 08:35:08 2021 UTC] new advisory (017) for al172021 detected
[Thu Sep 23 08:35:08 2021 UTC] new best track for al172021 detected
[Thu Sep 23 08:35:08 2021 UTC] new RSS (index.xml) detected
