[Wed Oct  2 14:46:05 2024 UTC] new advisory (001) for al132024 detected
[Wed Oct  2 15:01:27 2024 UTC] new best track for al132024 detected
[Wed Oct  2 15:01:27 2024 UTC] new RSS (index.xml) detected
[Wed Oct  2 20:39:19 2024 UTC] new advisory (002) for al132024 detected
[Wed Oct  2 20:39:19 2024 UTC] new best track for al132024 detected
[Wed Oct  2 20:39:19 2024 UTC] new RSS (index.xml) detected
[Thu Oct  3 02:36:55 2024 UTC] new advisory (003) for al132024 detected
[Thu Oct  3 02:36:55 2024 UTC] new best track for al132024 detected
[Thu Oct  3 02:36:55 2024 UTC] new RSS (index.xml) detected
[Thu Oct  3 08:40:55 2024 UTC] new advisory (004) for al132024 detected
[Thu Oct  3 08:40:55 2024 UTC] new best track for al132024 detected
[Thu Oct  3 08:40:55 2024 UTC] new RSS (index.xml) detected
[Thu Oct  3 14:39:20 2024 UTC] new advisory (005) for al132024 detected
[Thu Oct  3 14:39:21 2024 UTC] new best track for al132024 detected
[Thu Oct  3 14:39:21 2024 UTC] new RSS (index.xml) detected
[Thu Oct  3 20:38:52 2024 UTC] new advisory (006) for al132024 detected
[Thu Oct  3 20:38:52 2024 UTC] new best track for al132024 detected
[Thu Oct  3 20:38:53 2024 UTC] new RSS (index.xml) detected
[Fri Oct  4 02:34:43 2024 UTC] new advisory (007) for al132024 detected
[Fri Oct  4 02:34:43 2024 UTC] new best track for al132024 detected
[Fri Oct  4 02:34:43 2024 UTC] new RSS (index.xml) detected
[Fri Oct  4 08:46:34 2024 UTC] new advisory (008) for al132024 detected
[Fri Oct  4 08:46:35 2024 UTC] new best track for al132024 detected
[Fri Oct  4 08:46:35 2024 UTC] new RSS (index.xml) detected
[Fri Oct  4 14:42:50 2024 UTC] new advisory (009) for al132024 detected
[Fri Oct  4 14:42:50 2024 UTC] new best track for al132024 detected
[Fri Oct  4 14:42:50 2024 UTC] new RSS (index.xml) detected
[Fri Oct  4 20:47:19 2024 UTC] new advisory (010) for al132024 detected
[Fri Oct  4 20:47:20 2024 UTC] new best track for al132024 detected
[Fri Oct  4 20:47:20 2024 UTC] new RSS (index.xml) detected
[Sat Oct  5 02:38:58 2024 UTC] new advisory (011) for al132024 detected
[Sat Oct  5 02:38:58 2024 UTC] new best track for al132024 detected
[Sat Oct  5 02:38:58 2024 UTC] new RSS (index.xml) detected
[Sat Oct  5 08:39:44 2024 UTC] new advisory (012) for al132024 detected
[Sat Oct  5 08:39:44 2024 UTC] new best track for al132024 detected
[Sat Oct  5 08:39:44 2024 UTC] new RSS (index.xml) detected
[Sat Oct  5 14:50:19 2024 UTC] new advisory (013) for al132024 detected
[Sat Oct  5 14:50:19 2024 UTC] new best track for al132024 detected
[Sat Oct  5 14:50:19 2024 UTC] new RSS (index.xml) detected
[Sat Oct  5 20:47:13 2024 UTC] new advisory (014) for al132024 detected
[Sat Oct  5 20:47:13 2024 UTC] new best track for al132024 detected
[Sat Oct  5 20:47:13 2024 UTC] new RSS (index.xml) detected
[Sun Oct  6 02:46:30 2024 UTC] new advisory (015) for al132024 detected
[Sun Oct  6 02:46:30 2024 UTC] new best track for al132024 detected
[Sun Oct  6 02:46:30 2024 UTC] new RSS (index.xml) detected
[Sun Oct  6 08:56:47 2024 UTC] new advisory (016) for al132024 detected
[Sun Oct  6 08:56:47 2024 UTC] new best track for al132024 detected
[Sun Oct  6 08:56:47 2024 UTC] new RSS (index.xml) detected
[Sun Oct  6 14:55:05 2024 UTC] new advisory (017) for al132024 detected
[Sun Oct  6 14:55:05 2024 UTC] new best track for al132024 detected
[Sun Oct  6 14:55:05 2024 UTC] new RSS (index.xml) detected
[Sun Oct  6 20:37:16 2024 UTC] new advisory (018) for al132024 detected
[Sun Oct  6 20:37:17 2024 UTC] new best track for al132024 detected
[Sun Oct  6 20:37:17 2024 UTC] new RSS (index.xml) detected
[Mon Oct  7 02:42:44 2024 UTC] new advisory (019) for al132024 detected
[Mon Oct  7 02:42:44 2024 UTC] new best track for al132024 detected
[Mon Oct  7 02:42:44 2024 UTC] new RSS (index.xml) detected
[Mon Oct  7 08:39:11 2024 UTC] new advisory (020) for al132024 detected
[Mon Oct  7 08:39:11 2024 UTC] new best track for al132024 detected
[Mon Oct  7 08:39:11 2024 UTC] new RSS (index.xml) detected
[Mon Oct  7 14:45:03 2024 UTC] new advisory (021) for al132024 detected
[Mon Oct  7 14:45:03 2024 UTC] new best track for al132024 detected
[Mon Oct  7 14:45:03 2024 UTC] new RSS (index.xml) detected
[Mon Oct  7 20:35:20 2024 UTC] new advisory (022) for al132024 detected
[Mon Oct  7 20:35:20 2024 UTC] new best track for al132024 detected
[Mon Oct  7 20:35:20 2024 UTC] new RSS (index.xml) detected
[Tue Oct  8 02:40:48 2024 UTC] new advisory (023) for al132024 detected
[Tue Oct  8 02:40:48 2024 UTC] new best track for al132024 detected
[Tue Oct  8 02:40:48 2024 UTC] new RSS (index.xml) detected
[Tue Oct  8 08:36:43 2024 UTC] new advisory (024) for al132024 detected
[Tue Oct  8 08:36:43 2024 UTC] new best track for al132024 detected
[Tue Oct  8 08:36:43 2024 UTC] new RSS (index.xml) detected
[Tue Oct  8 14:36:24 2024 UTC] new advisory (025) for al132024 detected
[Tue Oct  8 14:36:24 2024 UTC] new best track for al132024 detected
[Tue Oct  8 14:36:24 2024 UTC] new RSS (index.xml) detected
[Tue Oct  8 20:34:18 2024 UTC] new advisory (026) for al132024 detected
[Tue Oct  8 20:34:18 2024 UTC] new best track for al132024 detected
[Tue Oct  8 20:34:18 2024 UTC] new RSS (index.xml) detected
[Wed Oct  9 02:38:57 2024 UTC] new advisory (027) for al132024 detected
[Wed Oct  9 02:38:57 2024 UTC] new best track for al132024 detected
[Wed Oct  9 02:38:57 2024 UTC] new RSS (index.xml) detected
[Wed Oct  9 08:38:52 2024 UTC] new advisory (028) for al132024 detected
[Wed Oct  9 08:38:52 2024 UTC] new best track for al132024 detected
[Wed Oct  9 08:38:52 2024 UTC] new RSS (index.xml) detected
[Wed Oct  9 14:53:22 2024 UTC] new advisory (029) for al132024 detected
[Wed Oct  9 14:53:22 2024 UTC] new best track for al132024 detected
[Wed Oct  9 14:53:22 2024 UTC] new RSS (index.xml) detected
[Wed Oct  9 20:34:49 2024 UTC] new advisory (030) for al132024 detected
[Wed Oct  9 20:34:49 2024 UTC] new best track for al132024 detected
[Wed Oct  9 20:34:49 2024 UTC] new RSS (index.xml) detected
