[Sun Jun  8 08:40:26 2025 UTC] new advisory (001) for ep022025 detected
[Sun Jun  8 09:01:46 2025 UTC] new best track for ep022025 detected
[Sun Jun  8 09:01:46 2025 UTC] new RSS (index.xml) detected
[Sun Jun  8 14:39:29 2025 UTC] new advisory (002) for ep022025 detected
[Sun Jun  8 14:39:29 2025 UTC] new best track for ep022025 detected
[Sun Jun  8 14:39:29 2025 UTC] new RSS (index.xml) detected
[Sun Jun  8 20:32:26 2025 UTC] new advisory (003) for ep022025 detected
[Sun Jun  8 20:32:26 2025 UTC] new best track for ep022025 detected
[Sun Jun  8 20:32:26 2025 UTC] new RSS (index.xml) detected
[Mon Jun  9 02:37:46 2025 UTC] new advisory (004) for ep022025 detected
[Mon Jun  9 02:37:46 2025 UTC] new best track for ep022025 detected
[Mon Jun  9 02:37:46 2025 UTC] new RSS (index.xml) detected
[Mon Jun  9 08:47:02 2025 UTC] new advisory (005) for ep022025 detected
[Mon Jun  9 08:47:03 2025 UTC] new best track for ep022025 detected
[Mon Jun  9 08:47:03 2025 UTC] new RSS (index.xml) detected
[Mon Jun  9 14:39:01 2025 UTC] new advisory (006) for ep022025 detected
[Mon Jun  9 14:39:01 2025 UTC] new best track for ep022025 detected
[Mon Jun  9 14:39:01 2025 UTC] new RSS (index.xml) detected
[Mon Jun  9 20:33:08 2025 UTC] new advisory (007) for ep022025 detected
[Mon Jun  9 20:33:08 2025 UTC] new best track for ep022025 detected
[Mon Jun  9 20:33:08 2025 UTC] new RSS (index.xml) detected
[Tue Jun 10 02:34:33 2025 UTC] new advisory (008) for ep022025 detected
[Tue Jun 10 02:34:33 2025 UTC] new best track for ep022025 detected
[Tue Jun 10 02:34:33 2025 UTC] new RSS (index.xml) detected
[Tue Jun 10 08:49:19 2025 UTC] new advisory (009) for ep022025 detected
[Tue Jun 10 08:49:20 2025 UTC] new best track for ep022025 detected
[Tue Jun 10 08:49:20 2025 UTC] new RSS (index.xml) detected
[Tue Jun 10 14:40:47 2025 UTC] new advisory (010) for ep022025 detected
[Tue Jun 10 14:40:47 2025 UTC] new best track for ep022025 detected
[Tue Jun 10 14:40:47 2025 UTC] new RSS (index.xml) detected
[Tue Jun 10 20:36:06 2025 UTC] new advisory (011) for ep022025 detected
[Tue Jun 10 20:36:06 2025 UTC] new best track for ep022025 detected
[Tue Jun 10 20:36:06 2025 UTC] new RSS (index.xml) detected
[Wed Jun 11 02:36:33 2025 UTC] new advisory (012) for ep022025 detected
[Wed Jun 11 02:36:33 2025 UTC] new best track for ep022025 detected
[Wed Jun 11 02:36:33 2025 UTC] new RSS (index.xml) detected
