[Sun Sep 29 20:44:41 2024 UTC] new advisory (001) for al122024 detected
[Sun Sep 29 21:00:40 2024 UTC] new best track for al122024 detected
[Sun Sep 29 21:00:40 2024 UTC] new RSS (index.xml) detected
[Mon Sep 30 02:40:30 2024 UTC] new advisory (002) for al122024 detected
[Mon Sep 30 02:40:30 2024 UTC] new best track for al122024 detected
[Mon Sep 30 02:40:30 2024 UTC] new RSS (index.xml) detected
[Mon Sep 30 08:38:28 2024 UTC] new advisory (003) for al122024 detected
[Mon Sep 30 08:38:28 2024 UTC] new best track for al122024 detected
[Mon Sep 30 08:38:28 2024 UTC] new RSS (index.xml) detected
[Mon Sep 30 14:54:33 2024 UTC] new advisory (004) for al122024 detected
[Mon Sep 30 14:54:33 2024 UTC] new best track for al122024 detected
[Mon Sep 30 14:54:33 2024 UTC] new RSS (index.xml) detected
[Mon Sep 30 20:40:58 2024 UTC] new advisory (005) for al122024 detected
[Mon Sep 30 20:40:58 2024 UTC] new best track for al122024 detected
[Mon Sep 30 20:40:58 2024 UTC] new RSS (index.xml) detected
[Tue Oct  1 02:37:12 2024 UTC] new advisory (006) for al122024 detected
[Tue Oct  1 02:37:12 2024 UTC] new best track for al122024 detected
[Tue Oct  1 02:37:12 2024 UTC] new RSS (index.xml) detected
[Tue Oct  1 08:47:03 2024 UTC] new advisory (007) for al122024 detected
[Tue Oct  1 08:47:03 2024 UTC] new best track for al122024 detected
[Tue Oct  1 08:47:03 2024 UTC] new RSS (index.xml) detected
[Tue Oct  1 14:53:18 2024 UTC] new advisory (008) for al122024 detected
[Tue Oct  1 14:53:18 2024 UTC] new best track for al122024 detected
[Tue Oct  1 14:53:18 2024 UTC] new RSS (index.xml) detected
