[Sun Oct 22 14:48:58 2023 UTC] new advisory (001) for ep182023 detected
[Sun Oct 22 15:01:36 2023 UTC] new best track for ep182023 detected
[Sun Oct 22 15:01:36 2023 UTC] new RSS (index.xml) detected
[Sun Oct 22 20:40:39 2023 UTC] new advisory (002) for ep182023 detected
[Sun Oct 22 20:40:39 2023 UTC] new best track for ep182023 detected
[Sun Oct 22 20:40:39 2023 UTC] new RSS (index.xml) detected
[Mon Oct 23 02:43:12 2023 UTC] new advisory (003) for ep182023 detected
[Mon Oct 23 02:43:12 2023 UTC] new best track for ep182023 detected
[Mon Oct 23 02:43:12 2023 UTC] new RSS (index.xml) detected
[Mon Oct 23 08:56:41 2023 UTC] new advisory (004) for ep182023 detected
[Mon Oct 23 08:56:41 2023 UTC] new best track for ep182023 detected
[Mon Oct 23 08:56:41 2023 UTC] new RSS (index.xml) detected
[Mon Oct 23 11:39:07 2023 UTC] new advisory (004A) for ep182023 detected
[Mon Oct 23 11:39:08 2023 UTC] new best track for ep182023 detected
[Mon Oct 23 11:39:08 2023 UTC] new RSS (index.xml) detected
[Mon Oct 23 14:46:58 2023 UTC] new advisory (005) for ep182023 detected
[Mon Oct 23 14:46:58 2023 UTC] new best track for ep182023 detected
[Mon Oct 23 14:46:58 2023 UTC] new RSS (index.xml) detected
[Mon Oct 23 17:28:55 2023 UTC] new advisory (005A) for ep182023 detected
[Mon Oct 23 17:28:55 2023 UTC] new best track for ep182023 detected
[Mon Oct 23 17:28:55 2023 UTC] new RSS (index.xml) detected
[Mon Oct 23 20:33:33 2023 UTC] new advisory (006) for ep182023 detected
[Mon Oct 23 20:33:33 2023 UTC] new best track for ep182023 detected
[Mon Oct 23 20:33:33 2023 UTC] new RSS (index.xml) detected
[Mon Oct 23 23:49:35 2023 UTC] new advisory (006A) for ep182023 detected
[Mon Oct 23 23:49:35 2023 UTC] new best track for ep182023 detected
[Mon Oct 23 23:49:35 2023 UTC] new RSS (index.xml) detected
[Tue Oct 24 02:38:22 2023 UTC] new advisory (007) for ep182023 detected
[Tue Oct 24 02:38:23 2023 UTC] new best track for ep182023 detected
[Tue Oct 24 02:38:23 2023 UTC] new RSS (index.xml) detected
[Tue Oct 24 06:34:20 2023 UTC] new advisory (007A) for ep182023 detected
[Tue Oct 24 06:34:21 2023 UTC] new best track for ep182023 detected
[Tue Oct 24 06:34:21 2023 UTC] new RSS (index.xml) detected
[Tue Oct 24 08:49:06 2023 UTC] new advisory (008) for ep182023 detected
[Tue Oct 24 08:49:06 2023 UTC] new best track for ep182023 detected
[Tue Oct 24 08:49:06 2023 UTC] new RSS (index.xml) detected
[Tue Oct 24 11:49:30 2023 UTC] new advisory (008A) for ep182023 detected
[Tue Oct 24 11:49:30 2023 UTC] new best track for ep182023 detected
[Tue Oct 24 11:49:31 2023 UTC] new RSS (index.xml) detected
[Tue Oct 24 14:59:25 2023 UTC] new advisory (009) for ep182023 detected
[Tue Oct 24 14:59:26 2023 UTC] new best track for ep182023 detected
[Tue Oct 24 14:59:26 2023 UTC] new RSS (index.xml) detected
[Tue Oct 24 18:00:45 2023 UTC] new advisory (009A) for ep182023 detected
[Tue Oct 24 18:00:46 2023 UTC] new best track for ep182023 detected
[Tue Oct 24 18:00:46 2023 UTC] new RSS (index.xml) detected
[Tue Oct 24 20:57:58 2023 UTC] new advisory (010) for ep182023 detected
[Tue Oct 24 20:57:58 2023 UTC] new best track for ep182023 detected
[Tue Oct 24 20:57:59 2023 UTC] new RSS (index.xml) detected
[Tue Oct 24 23:57:37 2023 UTC] new advisory (011) for ep182023 detected
[Tue Oct 24 23:57:38 2023 UTC] new best track for ep182023 detected
[Tue Oct 24 23:57:38 2023 UTC] new RSS (index.xml) detected
