[Mon Aug  4 08:51:01 2025 UTC] new advisory (001) for ep082025 detected
[Mon Aug  4 09:01:15 2025 UTC] new best track for ep082025 detected
[Mon Aug  4 09:01:15 2025 UTC] new RSS (index.xml) detected
[Mon Aug  4 14:37:02 2025 UTC] new advisory (002) for ep082025 detected
[Mon Aug  4 14:37:02 2025 UTC] new best track for ep082025 detected
[Mon Aug  4 14:37:02 2025 UTC] new RSS (index.xml) detected
[Mon Aug  4 20:36:28 2025 UTC] new advisory (003) for ep082025 detected
[Mon Aug  4 20:36:28 2025 UTC] new best track for ep082025 detected
[Mon Aug  4 20:36:28 2025 UTC] new RSS (index.xml) detected
[Tue Aug  5 02:51:08 2025 UTC] new advisory (004) for ep082025 detected
[Tue Aug  5 02:51:08 2025 UTC] new best track for ep082025 detected
[Tue Aug  5 02:51:08 2025 UTC] new RSS (index.xml) detected
[Tue Aug  5 09:06:26 2025 UTC] new advisory (005) for ep082025 detected
[Tue Aug  5 09:06:26 2025 UTC] new best track for ep082025 detected
[Tue Aug  5 09:06:26 2025 UTC] new RSS (index.xml) detected
[Tue Aug  5 14:51:05 2025 UTC] new advisory (006) for ep082025 detected
[Tue Aug  5 14:51:05 2025 UTC] new best track for ep082025 detected
[Tue Aug  5 14:51:05 2025 UTC] new RSS (index.xml) detected
[Tue Aug  5 21:06:37 2025 UTC] new advisory (007) for ep082025 detected
[Tue Aug  5 21:06:37 2025 UTC] new best track for ep082025 detected
[Tue Aug  5 21:06:37 2025 UTC] new RSS (index.xml) detected
[Wed Aug  6 02:51:29 2025 UTC] new advisory (008) for ep082025 detected
[Wed Aug  6 02:51:29 2025 UTC] new best track for ep082025 detected
[Wed Aug  6 02:51:29 2025 UTC] new RSS (index.xml) detected
[Wed Aug  6 09:21:11 2025 UTC] new advisory (009) for ep082025 detected
[Wed Aug  6 09:21:11 2025 UTC] new best track for ep082025 detected
[Wed Aug  6 09:21:11 2025 UTC] new RSS (index.xml) detected
[Wed Aug  6 15:07:07 2025 UTC] new advisory (010) for ep082025 detected
[Wed Aug  6 15:07:07 2025 UTC] new best track for ep082025 detected
[Wed Aug  6 15:07:07 2025 UTC] new RSS (index.xml) detected
[Wed Aug  6 21:06:40 2025 UTC] new advisory (011) for ep082025 detected
[Wed Aug  6 21:06:40 2025 UTC] new best track for ep082025 detected
[Wed Aug  6 21:06:40 2025 UTC] new RSS (index.xml) detected
[Thu Aug  7 02:51:08 2025 UTC] new advisory (012) for ep082025 detected
[Thu Aug  7 02:51:08 2025 UTC] new best track for ep082025 detected
[Thu Aug  7 02:51:08 2025 UTC] new RSS (index.xml) detected
[Thu Aug  7 08:50:36 2025 UTC] new advisory (013) for ep082025 detected
[Thu Aug  7 08:50:36 2025 UTC] new best track for ep082025 detected
[Thu Aug  7 08:50:36 2025 UTC] new RSS (index.xml) detected
