[Wed Sep 29 14:38:03 2021 UTC] new advisory (001) for al202021 detected
[Wed Sep 29 15:01:22 2021 UTC] new best track for al202021 detected
[Wed Sep 29 15:01:22 2021 UTC] new RSS (index.xml) detected
[Wed Sep 29 20:48:05 2021 UTC] new advisory (002) for al202021 detected
[Wed Sep 29 20:48:06 2021 UTC] new best track for al202021 detected
[Wed Sep 29 20:48:06 2021 UTC] new RSS (index.xml) detected
[Thu Sep 30 02:50:27 2021 UTC] new advisory (003) for al202021 detected
[Thu Sep 30 02:50:28 2021 UTC] new best track for al202021 detected
[Thu Sep 30 02:50:28 2021 UTC] new RSS (index.xml) detected
[Thu Sep 30 08:47:26 2021 UTC] new advisory (004) for al202021 detected
[Thu Sep 30 08:47:30 2021 UTC] new best track for al202021 detected
[Thu Sep 30 08:47:35 2021 UTC] new RSS (index.xml) detected
[Thu Sep 30 14:54:50 2021 UTC] new advisory (005) for al202021 detected
[Thu Sep 30 14:54:50 2021 UTC] new best track for al202021 detected
[Thu Sep 30 14:54:50 2021 UTC] new RSS (index.xml) detected
[Thu Sep 30 20:43:43 2021 UTC] new advisory (006) for al202021 detected
[Thu Sep 30 20:43:44 2021 UTC] new best track for al202021 detected
[Thu Sep 30 20:43:44 2021 UTC] new RSS (index.xml) detected
[Fri Oct  1 02:42:25 2021 UTC] new advisory (007) for al202021 detected
[Fri Oct  1 02:42:25 2021 UTC] new best track for al202021 detected
[Fri Oct  1 02:42:25 2021 UTC] new RSS (index.xml) detected
[Fri Oct  1 08:46:14 2021 UTC] new advisory (008) for al202021 detected
[Fri Oct  1 08:46:14 2021 UTC] new best track for al202021 detected
[Fri Oct  1 08:46:14 2021 UTC] new RSS (index.xml) detected
[Fri Oct  1 14:54:26 2021 UTC] new advisory (009) for al202021 detected
[Fri Oct  1 14:54:26 2021 UTC] new best track for al202021 detected
[Fri Oct  1 14:54:26 2021 UTC] new RSS (index.xml) detected
[Fri Oct  1 20:43:45 2021 UTC] new advisory (010) for al202021 detected
[Fri Oct  1 20:43:46 2021 UTC] new best track for al202021 detected
[Fri Oct  1 20:43:46 2021 UTC] new RSS (index.xml) detected
[Sat Oct  2 02:45:54 2021 UTC] new advisory (011) for al202021 detected
[Sat Oct  2 02:45:54 2021 UTC] new best track for al202021 detected
[Sat Oct  2 02:45:54 2021 UTC] new RSS (index.xml) detected
[Sat Oct  2 08:45:18 2021 UTC] new advisory (012) for al202021 detected
[Sat Oct  2 08:45:18 2021 UTC] new best track for al202021 detected
[Sat Oct  2 08:45:18 2021 UTC] new RSS (index.xml) detected
[Sat Oct  2 14:52:48 2021 UTC] new advisory (013) for al202021 detected
[Sat Oct  2 14:52:49 2021 UTC] new best track for al202021 detected
[Sat Oct  2 14:52:49 2021 UTC] new RSS (index.xml) detected
[Sat Oct  2 20:37:52 2021 UTC] new advisory (014) for al202021 detected
[Sat Oct  2 20:37:52 2021 UTC] new best track for al202021 detected
[Sat Oct  2 20:37:52 2021 UTC] new RSS (index.xml) detected
[Sun Oct  3 02:47:11 2021 UTC] new advisory (015) for al202021 detected
[Sun Oct  3 02:47:11 2021 UTC] new best track for al202021 detected
[Sun Oct  3 02:47:11 2021 UTC] new RSS (index.xml) detected
[Sun Oct  3 08:45:41 2021 UTC] new advisory (016) for al202021 detected
[Sun Oct  3 08:45:41 2021 UTC] new best track for al202021 detected
[Sun Oct  3 08:45:41 2021 UTC] new RSS (index.xml) detected
[Sun Oct  3 14:38:38 2021 UTC] new advisory (017) for al202021 detected
[Sun Oct  3 14:38:38 2021 UTC] new best track for al202021 detected
[Sun Oct  3 14:38:38 2021 UTC] new RSS (index.xml) detected
[Sun Oct  3 20:42:14 2021 UTC] new advisory (018) for al202021 detected
[Sun Oct  3 20:42:14 2021 UTC] new best track for al202021 detected
[Sun Oct  3 20:42:14 2021 UTC] new RSS (index.xml) detected
[Mon Oct  4 02:39:01 2021 UTC] new advisory (019) for al202021 detected
[Mon Oct  4 02:39:02 2021 UTC] new best track for al202021 detected
[Mon Oct  4 02:39:02 2021 UTC] new RSS (index.xml) detected
[Mon Oct  4 08:49:06 2021 UTC] new advisory (020) for al202021 detected
[Mon Oct  4 08:49:07 2021 UTC] new best track for al202021 detected
[Mon Oct  4 08:49:07 2021 UTC] new RSS (index.xml) detected
[Mon Oct  4 14:46:37 2021 UTC] new advisory (021) for al202021 detected
[Mon Oct  4 14:46:37 2021 UTC] new best track for al202021 detected
[Mon Oct  4 14:46:37 2021 UTC] new RSS (index.xml) detected
