[Fri Sep  1 14:51:37 2023 UTC] new advisory (001) for al122023 detected
[Fri Sep  1 15:01:22 2023 UTC] new best track for al122023 detected
[Fri Sep  1 15:01:22 2023 UTC] new RSS (index.xml) detected
[Fri Sep  1 20:42:53 2023 UTC] new advisory (002) for al122023 detected
[Fri Sep  1 20:42:54 2023 UTC] new best track for al122023 detected
[Fri Sep  1 20:42:54 2023 UTC] new RSS (index.xml) detected
[Sat Sep  2 02:50:33 2023 UTC] new advisory (003) for al122023 detected
[Sat Sep  2 02:50:34 2023 UTC] new best track for al122023 detected
[Sat Sep  2 02:50:34 2023 UTC] new RSS (index.xml) detected
[Sat Sep  2 08:42:07 2023 UTC] new advisory (004) for al122023 detected
[Sat Sep  2 08:42:07 2023 UTC] new best track for al122023 detected
[Sat Sep  2 08:42:07 2023 UTC] new RSS (index.xml) detected
[Sat Sep  2 14:36:16 2023 UTC] new advisory (005) for al122023 detected
[Sat Sep  2 14:36:16 2023 UTC] new best track for al122023 detected
[Sat Sep  2 14:36:16 2023 UTC] new RSS (index.xml) detected
[Sat Sep  2 20:48:11 2023 UTC] new advisory (006) for al122023 detected
[Sat Sep  2 20:48:12 2023 UTC] new best track for al122023 detected
[Sat Sep  2 20:48:12 2023 UTC] new RSS (index.xml) detected
[Sun Sep  3 02:38:57 2023 UTC] new advisory (007) for al122023 detected
[Sun Sep  3 02:38:58 2023 UTC] new best track for al122023 detected
[Sun Sep  3 02:38:58 2023 UTC] new RSS (index.xml) detected
[Sun Sep  3 08:46:07 2023 UTC] new advisory (008) for al122023 detected
[Sun Sep  3 08:46:07 2023 UTC] new best track for al122023 detected
[Sun Sep  3 08:46:07 2023 UTC] new RSS (index.xml) detected
[Sun Sep  3 14:37:09 2023 UTC] new advisory (009) for al122023 detected
[Sun Sep  3 14:37:09 2023 UTC] new best track for al122023 detected
[Sun Sep  3 14:37:09 2023 UTC] new RSS (index.xml) detected
[Sun Sep  3 20:34:55 2023 UTC] new advisory (010) for al122023 detected
[Sun Sep  3 20:34:55 2023 UTC] new best track for al122023 detected
[Sun Sep  3 20:34:55 2023 UTC] new RSS (index.xml) detected
[Mon Sep  4 02:35:01 2023 UTC] new advisory (011) for al122023 detected
[Mon Sep  4 02:35:01 2023 UTC] new best track for al122023 detected
[Mon Sep  4 02:35:01 2023 UTC] new RSS (index.xml) detected
[Mon Sep  4 08:45:45 2023 UTC] new advisory (012) for al122023 detected
[Mon Sep  4 08:45:45 2023 UTC] new best track for al122023 detected
[Mon Sep  4 08:45:46 2023 UTC] new RSS (index.xml) detected
[Mon Sep  4 14:34:32 2023 UTC] new advisory (013) for al122023 detected
[Mon Sep  4 14:34:32 2023 UTC] new best track for al122023 detected
[Mon Sep  4 14:34:32 2023 UTC] new RSS (index.xml) detected
