[Sat Aug  3 14:46:34 2024 UTC] new advisory (001) for ep042024 detected
[Sat Aug  3 15:00:53 2024 UTC] new best track for ep042024 detected
[Sat Aug  3 15:00:53 2024 UTC] new RSS (index.xml) detected
[Sat Aug  3 20:41:16 2024 UTC] new advisory (002) for ep042024 detected
[Sat Aug  3 20:41:16 2024 UTC] new best track for ep042024 detected
[Sat Aug  3 20:41:16 2024 UTC] new RSS (index.xml) detected
[Sun Aug  4 02:41:24 2024 UTC] new advisory (003) for ep042024 detected
[Sun Aug  4 02:41:24 2024 UTC] new best track for ep042024 detected
[Sun Aug  4 02:41:24 2024 UTC] new RSS (index.xml) detected
[Sun Aug  4 08:49:10 2024 UTC] new advisory (004) for ep042024 detected
[Sun Aug  4 08:49:10 2024 UTC] new best track for ep042024 detected
[Sun Aug  4 08:49:10 2024 UTC] new RSS (index.xml) detected
[Sun Aug  4 14:34:53 2024 UTC] new advisory (005) for ep042024 detected
[Sun Aug  4 14:34:53 2024 UTC] new best track for ep042024 detected
[Sun Aug  4 14:34:53 2024 UTC] new RSS (index.xml) detected
[Sun Aug  4 20:37:19 2024 UTC] new advisory (006) for ep042024 detected
[Sun Aug  4 20:37:19 2024 UTC] new best track for ep042024 detected
[Sun Aug  4 20:37:19 2024 UTC] new RSS (index.xml) detected
[Mon Aug  5 02:38:38 2024 UTC] new advisory (007) for ep042024 detected
[Mon Aug  5 02:38:38 2024 UTC] new best track for ep042024 detected
[Mon Aug  5 02:38:38 2024 UTC] new RSS (index.xml) detected
[Mon Aug  5 08:37:08 2024 UTC] new advisory (008) for ep042024 detected
[Mon Aug  5 08:37:08 2024 UTC] new best track for ep042024 detected
[Mon Aug  5 08:37:08 2024 UTC] new RSS (index.xml) detected
[Mon Aug  5 14:48:45 2024 UTC] new advisory (009) for ep042024 detected
[Mon Aug  5 14:48:45 2024 UTC] new best track for ep042024 detected
[Mon Aug  5 14:48:45 2024 UTC] new RSS (index.xml) detected
[Mon Aug  5 20:35:15 2024 UTC] new advisory (010) for ep042024 detected
[Mon Aug  5 20:35:15 2024 UTC] new best track for ep042024 detected
[Mon Aug  5 20:35:15 2024 UTC] new RSS (index.xml) detected
[Tue Aug  6 02:43:55 2024 UTC] new advisory (011) for ep042024 detected
[Tue Aug  6 02:43:55 2024 UTC] new best track for ep042024 detected
[Tue Aug  6 02:43:55 2024 UTC] new RSS (index.xml) detected
