[Fri Aug  2 22:30:47 2024 UTC] new advisory (010) for ep032024 detected
[Fri Aug  2 22:30:47 2024 UTC] new best track for ep032024 detected
[Fri Aug  2 22:30:47 2024 UTC] new RSS (index.xml) detected
[Sat Aug  3 02:48:57 2024 UTC] new advisory (011) for ep032024 detected
[Sat Aug  3 02:48:57 2024 UTC] new best track for ep032024 detected
[Sat Aug  3 02:48:57 2024 UTC] new RSS (index.xml) detected
[Sat Aug  3 08:57:21 2024 UTC] new advisory (012) for ep032024 detected
[Sat Aug  3 08:57:21 2024 UTC] new best track for ep032024 detected
[Sat Aug  3 08:57:21 2024 UTC] new RSS (index.xml) detected
[Sat Aug  3 14:44:31 2024 UTC] new advisory (013) for ep032024 detected
[Sat Aug  3 14:44:31 2024 UTC] new best track for ep032024 detected
[Sat Aug  3 14:44:31 2024 UTC] new RSS (index.xml) detected
[Sat Aug  3 20:43:18 2024 UTC] new advisory (014) for ep032024 detected
[Sat Aug  3 20:43:18 2024 UTC] new best track for ep032024 detected
[Sat Aug  3 20:43:18 2024 UTC] new RSS (index.xml) detected
[Sun Aug  4 02:39:10 2024 UTC] new advisory (015) for ep032024 detected
[Sun Aug  4 02:39:21 2024 UTC] new best track for ep032024 detected
[Sun Aug  4 02:39:21 2024 UTC] new RSS (index.xml) detected
[Sun Aug  4 08:43:01 2024 UTC] new advisory (016) for ep032024 detected
[Sun Aug  4 08:43:01 2024 UTC] new best track for ep032024 detected
[Sun Aug  4 08:43:01 2024 UTC] new RSS (index.xml) detected
[Sun Aug  4 14:36:57 2024 UTC] new advisory (017) for ep032024 detected
[Sun Aug  4 14:36:57 2024 UTC] new best track for ep032024 detected
[Sun Aug  4 14:36:57 2024 UTC] new RSS (index.xml) detected
[Sun Aug  4 20:35:15 2024 UTC] new advisory (018) for ep032024 detected
[Sun Aug  4 20:35:15 2024 UTC] new best track for ep032024 detected
[Sun Aug  4 20:35:15 2024 UTC] new RSS (index.xml) detected
[Mon Aug  5 02:34:31 2024 UTC] new advisory (019) for ep032024 detected
[Mon Aug  5 02:34:31 2024 UTC] new best track for ep032024 detected
[Mon Aug  5 02:34:31 2024 UTC] new RSS (index.xml) detected
[Mon Aug  5 08:35:04 2024 UTC] new advisory (020) for ep032024 detected
[Mon Aug  5 08:35:05 2024 UTC] new best track for ep032024 detected
[Mon Aug  5 08:35:05 2024 UTC] new RSS (index.xml) detected
[Mon Aug  5 14:46:41 2024 UTC] new advisory (021) for ep032024 detected
[Mon Aug  5 14:46:41 2024 UTC] new best track for ep032024 detected
[Mon Aug  5 14:46:41 2024 UTC] new RSS (index.xml) detected
