[Sun Sep 12 15:01:16 2021 UTC] new advisory (001) for al142021 detected
[Sun Sep 12 15:01:16 2021 UTC] new best track for al142021 detected
[Sun Sep 12 15:01:16 2021 UTC] new RSS (index.xml) detected
[Sun Sep 12 17:48:20 2021 UTC] new advisory (001A) for al142021 detected
[Sun Sep 12 17:48:21 2021 UTC] new best track for al142021 detected
[Sun Sep 12 17:48:22 2021 UTC] new RSS (index.xml) detected
[Sun Sep 12 21:02:39 2021 UTC] new advisory (002) for al142021 detected
[Sun Sep 12 21:02:39 2021 UTC] new best track for al142021 detected
[Sun Sep 12 21:02:39 2021 UTC] new RSS (index.xml) detected
[Mon Sep 13 00:01:52 2021 UTC] new advisory (002A) for al142021 detected
[Mon Sep 13 00:01:52 2021 UTC] new best track for al142021 detected
[Mon Sep 13 00:01:52 2021 UTC] new RSS (index.xml) detected
[Mon Sep 13 03:02:57 2021 UTC] new advisory (003) for al142021 detected
[Mon Sep 13 03:02:57 2021 UTC] new best track for al142021 detected
[Mon Sep 13 03:02:57 2021 UTC] new RSS (index.xml) detected
[Mon Sep 13 04:37:05 2021 UTC] new advisory (004) for al142021 detected
[Mon Sep 13 04:37:06 2021 UTC] new best track for al142021 detected
[Mon Sep 13 04:37:06 2021 UTC] new RSS (index.xml) detected
[Mon Sep 13 05:48:57 2021 UTC] new advisory (004A) for al142021 detected
[Mon Sep 13 05:48:57 2021 UTC] new best track for al142021 detected
[Mon Sep 13 05:48:57 2021 UTC] new RSS (index.xml) detected
[Mon Sep 13 08:53:58 2021 UTC] new advisory (005) for al142021 detected
[Mon Sep 13 08:53:58 2021 UTC] new best track for al142021 detected
[Mon Sep 13 08:53:58 2021 UTC] new RSS (index.xml) detected
[Mon Sep 13 11:56:16 2021 UTC] new advisory (005A) for al142021 detected
[Mon Sep 13 11:56:16 2021 UTC] new best track for al142021 detected
[Mon Sep 13 11:56:16 2021 UTC] new RSS (index.xml) detected
[Mon Sep 13 14:37:12 2021 UTC] new advisory (006) for al142021 detected
[Mon Sep 13 14:37:12 2021 UTC] new best track for al142021 detected
[Mon Sep 13 14:37:12 2021 UTC] new RSS (index.xml) detected
[Mon Sep 13 18:05:03 2021 UTC] new advisory (006A) for al142021 detected
[Mon Sep 13 18:05:06 2021 UTC] new best track for al142021 detected
[Mon Sep 13 18:05:09 2021 UTC] new RSS (index.xml) detected
[Mon Sep 13 20:44:00 2021 UTC] new advisory (007) for al142021 detected
[Mon Sep 13 20:44:00 2021 UTC] new best track for al142021 detected
[Mon Sep 13 20:44:00 2021 UTC] new RSS (index.xml) detected
[Tue Sep 14 00:02:30 2021 UTC] new advisory (007A) for al142021 detected
[Tue Sep 14 00:02:33 2021 UTC] new best track for al142021 detected
[Tue Sep 14 00:02:36 2021 UTC] new RSS (index.xml) detected
[Tue Sep 14 03:08:59 2021 UTC] new advisory (008) for al142021 detected
[Tue Sep 14 03:09:02 2021 UTC] new best track for al142021 detected
[Tue Sep 14 03:09:05 2021 UTC] new RSS (index.xml) detected
[Tue Sep 14 05:56:40 2021 UTC] new advisory (008A) for al142021 detected
[Tue Sep 14 05:56:40 2021 UTC] new best track for al142021 detected
[Tue Sep 14 05:56:40 2021 UTC] new RSS (index.xml) detected
[Tue Sep 14 08:57:45 2021 UTC] new advisory (009) for al142021 detected
[Tue Sep 14 08:57:45 2021 UTC] new best track for al142021 detected
[Tue Sep 14 08:57:45 2021 UTC] new RSS (index.xml) detected
[Tue Sep 14 11:56:47 2021 UTC] new advisory (009A) for al142021 detected
[Tue Sep 14 11:56:50 2021 UTC] new best track for al142021 detected
[Tue Sep 14 11:56:52 2021 UTC] new RSS (index.xml) detected
[Tue Sep 14 15:59:53 2021 UTC] new advisory (010) for al142021 detected
[Tue Sep 14 15:59:54 2021 UTC] new best track for al142021 detected
[Tue Sep 14 15:59:54 2021 UTC] new RSS (index.xml) detected
[Tue Sep 14 17:53:10 2021 UTC] new advisory (010A) for al142021 detected
[Tue Sep 14 17:53:10 2021 UTC] new best track for al142021 detected
[Tue Sep 14 17:53:10 2021 UTC] new RSS (index.xml) detected
[Tue Sep 14 20:52:25 2021 UTC] new advisory (011) for al142021 detected
[Tue Sep 14 20:52:25 2021 UTC] new best track for al142021 detected
[Tue Sep 14 20:52:25 2021 UTC] new RSS (index.xml) detected
[Tue Sep 14 23:42:33 2021 UTC] new advisory (011A) for al142021 detected
[Tue Sep 14 23:42:33 2021 UTC] new best track for al142021 detected
[Tue Sep 14 23:42:34 2021 UTC] new RSS (index.xml) detected
[Wed Sep 15 02:39:32 2021 UTC] new advisory (012) for al142021 detected
[Wed Sep 15 02:39:32 2021 UTC] new best track for al142021 detected
[Wed Sep 15 02:39:32 2021 UTC] new RSS (index.xml) detected
[Wed Sep 15 10:39:04 2021 UTC] new advisory (013) for al142021 detected
[Wed Sep 15 10:39:04 2021 UTC] new best track for al142021 detected
[Wed Sep 15 10:39:04 2021 UTC] new RSS (index.xml) detected
[Wed Sep 15 14:56:48 2021 UTC] new advisory (014) for al142021 detected
[Wed Sep 15 14:56:48 2021 UTC] new best track for al142021 detected
[Wed Sep 15 14:56:48 2021 UTC] new RSS (index.xml) detected
[Wed Sep 15 21:00:57 2021 UTC] new advisory (015) for al142021 detected
[Wed Sep 15 21:00:57 2021 UTC] new best track for al142021 detected
[Wed Sep 15 21:00:57 2021 UTC] new RSS (index.xml) detected
[Thu Sep 16 02:33:56 2021 UTC] new advisory (016) for al142021 detected
[Thu Sep 16 02:33:56 2021 UTC] new best track for al142021 detected
[Thu Sep 16 02:33:56 2021 UTC] new RSS (index.xml) detected
[Thu Sep 16 08:47:00 2021 UTC] new advisory (017) for al142021 detected
[Thu Sep 16 08:47:00 2021 UTC] new best track for al142021 detected
[Thu Sep 16 08:47:00 2021 UTC] new RSS (index.xml) detected
[Thu Sep 16 19:59:45 2021 UTC] new advisory (018) for al142021 detected
[Thu Sep 16 19:59:45 2021 UTC] new best track for al142021 detected
[Thu Sep 16 19:59:45 2021 UTC] new RSS (index.xml) detected
[Thu Sep 16 20:59:26 2021 UTC] new advisory (019) for al142021 detected
[Thu Sep 16 20:59:27 2021 UTC] new best track for al142021 detected
[Thu Sep 16 20:59:27 2021 UTC] new RSS (index.xml) detected
[Fri Sep 17 02:42:50 2021 UTC] new advisory (020) for al142021 detected
[Fri Sep 17 02:42:50 2021 UTC] new best track for al142021 detected
[Fri Sep 17 02:42:51 2021 UTC] new RSS (index.xml) detected
[Fri Sep 17 08:38:11 2021 UTC] new advisory (021) for al142021 detected
[Fri Sep 17 08:38:11 2021 UTC] new best track for al142021 detected
[Fri Sep 17 08:38:11 2021 UTC] new RSS (index.xml) detected
[Fri Sep 17 15:01:23 2021 UTC] new advisory (022) for al142021 detected
[Fri Sep 17 15:01:24 2021 UTC] new best track for al142021 detected
[Fri Sep 17 15:01:24 2021 UTC] new RSS (index.xml) detected
[Fri Sep 17 21:03:49 2021 UTC] new advisory (023) for al142021 detected
[Fri Sep 17 21:03:50 2021 UTC] new best track for al142021 detected
[Fri Sep 17 21:03:50 2021 UTC] new RSS (index.xml) detected
