[Thu Sep 12 14:58:31 2024 UTC] new advisory (001) for ep092024 detected
[Thu Sep 12 15:01:36 2024 UTC] new best track for ep092024 detected
[Thu Sep 12 15:01:36 2024 UTC] new RSS (index.xml) detected
[Thu Sep 12 17:47:07 2024 UTC] new advisory (001A) for ep092024 detected
[Thu Sep 12 17:47:07 2024 UTC] new best track for ep092024 detected
[Thu Sep 12 17:47:07 2024 UTC] new RSS (index.xml) detected
[Thu Sep 12 20:38:42 2024 UTC] new advisory (002) for ep092024 detected
[Thu Sep 12 20:38:42 2024 UTC] new best track for ep092024 detected
[Thu Sep 12 20:38:42 2024 UTC] new RSS (index.xml) detected
[Thu Sep 12 23:34:31 2024 UTC] new advisory (002A) for ep092024 detected
[Thu Sep 12 23:34:31 2024 UTC] new best track for ep092024 detected
[Thu Sep 12 23:34:31 2024 UTC] new RSS (index.xml) detected
[Fri Sep 13 02:34:45 2024 UTC] new advisory (003) for ep092024 detected
[Fri Sep 13 02:34:45 2024 UTC] new best track for ep092024 detected
[Fri Sep 13 02:34:45 2024 UTC] new RSS (index.xml) detected
[Fri Sep 13 05:44:44 2024 UTC] new advisory (003A) for ep092024 detected
[Fri Sep 13 05:44:44 2024 UTC] new best track for ep092024 detected
[Fri Sep 13 05:44:44 2024 UTC] new RSS (index.xml) detected
[Fri Sep 13 08:37:17 2024 UTC] new advisory (004) for ep092024 detected
[Fri Sep 13 08:37:17 2024 UTC] new best track for ep092024 detected
[Fri Sep 13 08:37:17 2024 UTC] new RSS (index.xml) detected
[Fri Sep 13 11:37:02 2024 UTC] new advisory (004A) for ep092024 detected
[Fri Sep 13 11:37:02 2024 UTC] new best track for ep092024 detected
[Fri Sep 13 11:37:02 2024 UTC] new RSS (index.xml) detected
[Fri Sep 13 14:36:52 2024 UTC] new advisory (005) for ep092024 detected
[Fri Sep 13 14:36:52 2024 UTC] new best track for ep092024 detected
[Fri Sep 13 14:36:52 2024 UTC] new RSS (index.xml) detected
[Fri Sep 13 17:42:56 2024 UTC] new advisory (005A) for ep092024 detected
[Fri Sep 13 17:42:56 2024 UTC] new best track for ep092024 detected
[Fri Sep 13 17:42:56 2024 UTC] new RSS (index.xml) detected
[Fri Sep 13 20:42:45 2024 UTC] new advisory (006) for ep092024 detected
[Fri Sep 13 20:42:45 2024 UTC] new best track for ep092024 detected
[Fri Sep 13 20:42:45 2024 UTC] new RSS (index.xml) detected
[Fri Sep 13 23:48:46 2024 UTC] new advisory (006A) for ep092024 detected
[Fri Sep 13 23:48:46 2024 UTC] new best track for ep092024 detected
[Fri Sep 13 23:48:46 2024 UTC] new RSS (index.xml) detected
