[Sun Sep 21 20:37:49 2025 UTC] new advisory (001) for ep142025 detected
[Sun Sep 21 21:01:17 2025 UTC] new best track for ep142025 detected
[Sun Sep 21 21:01:17 2025 UTC] new RSS (index.xml) detected
[Mon Sep 22 02:33:06 2025 UTC] new advisory (002) for ep142025 detected
[Mon Sep 22 02:33:06 2025 UTC] new best track for ep142025 detected
[Mon Sep 22 02:33:06 2025 UTC] new RSS (index.xml) detected
[Mon Sep 22 08:55:02 2025 UTC] new advisory (003) for ep142025 detected
[Mon Sep 22 08:55:02 2025 UTC] new best track for ep142025 detected
[Mon Sep 22 08:55:02 2025 UTC] new RSS (index.xml) detected
[Mon Sep 22 14:32:10 2025 UTC] new advisory (004) for ep142025 detected
[Mon Sep 22 14:32:11 2025 UTC] new best track for ep142025 detected
[Mon Sep 22 14:32:11 2025 UTC] new RSS (index.xml) detected
[Mon Sep 22 20:36:57 2025 UTC] new advisory (005) for ep142025 detected
[Mon Sep 22 20:36:57 2025 UTC] new best track for ep142025 detected
[Mon Sep 22 20:36:57 2025 UTC] new RSS (index.xml) detected
[Tue Sep 23 02:44:48 2025 UTC] new advisory (006) for ep142025 detected
[Tue Sep 23 02:44:48 2025 UTC] new best track for ep142025 detected
[Tue Sep 23 02:44:48 2025 UTC] new RSS (index.xml) detected
[Tue Sep 23 08:50:42 2025 UTC] new advisory (007) for ep142025 detected
[Tue Sep 23 08:50:43 2025 UTC] new best track for ep142025 detected
[Tue Sep 23 08:50:43 2025 UTC] new RSS (index.xml) detected
[Tue Sep 23 14:38:19 2025 UTC] new advisory (008) for ep142025 detected
[Tue Sep 23 14:38:19 2025 UTC] new best track for ep142025 detected
[Tue Sep 23 14:38:19 2025 UTC] new RSS (index.xml) detected
[Tue Sep 23 20:41:26 2025 UTC] new advisory (009) for ep142025 detected
[Tue Sep 23 20:41:26 2025 UTC] new best track for ep142025 detected
[Tue Sep 23 20:41:26 2025 UTC] new RSS (index.xml) detected
[Wed Sep 24 02:52:41 2025 UTC] new advisory (010) for ep142025 detected
[Wed Sep 24 02:52:41 2025 UTC] new best track for ep142025 detected
[Wed Sep 24 02:52:41 2025 UTC] new RSS (index.xml) detected
[Wed Sep 24 08:42:27 2025 UTC] new advisory (011) for ep142025 detected
[Wed Sep 24 08:42:27 2025 UTC] new best track for ep142025 detected
[Wed Sep 24 08:42:28 2025 UTC] new RSS (index.xml) detected
[Wed Sep 24 14:53:05 2025 UTC] new advisory (012) for ep142025 detected
[Wed Sep 24 14:53:05 2025 UTC] new best track for ep142025 detected
[Wed Sep 24 14:53:05 2025 UTC] new RSS (index.xml) detected
[Wed Sep 24 20:33:42 2025 UTC] new advisory (013) for ep142025 detected
[Wed Sep 24 20:33:42 2025 UTC] new best track for ep142025 detected
[Wed Sep 24 20:33:42 2025 UTC] new RSS (index.xml) detected
[Thu Sep 25 02:50:23 2025 UTC] new advisory (014) for ep142025 detected
[Thu Sep 25 02:50:24 2025 UTC] new best track for ep142025 detected
[Thu Sep 25 02:50:24 2025 UTC] new RSS (index.xml) detected
[Thu Sep 25 08:46:51 2025 UTC] new advisory (015) for ep142025 detected
[Thu Sep 25 08:46:51 2025 UTC] new best track for ep142025 detected
[Thu Sep 25 08:46:51 2025 UTC] new RSS (index.xml) detected
[Thu Sep 25 14:41:11 2025 UTC] new advisory (016) for ep142025 detected
[Thu Sep 25 14:41:11 2025 UTC] new best track for ep142025 detected
[Thu Sep 25 14:41:11 2025 UTC] new RSS (index.xml) detected
[Thu Sep 25 20:36:37 2025 UTC] new advisory (017) for ep142025 detected
[Thu Sep 25 20:36:37 2025 UTC] new best track for ep142025 detected
[Thu Sep 25 20:36:37 2025 UTC] new RSS (index.xml) detected
[Fri Sep 26 02:36:05 2025 UTC] new advisory (018) for ep142025 detected
[Fri Sep 26 02:36:06 2025 UTC] new best track for ep142025 detected
[Fri Sep 26 02:36:06 2025 UTC] new RSS (index.xml) detected
[Fri Sep 26 08:35:40 2025 UTC] new advisory (019) for ep142025 detected
[Fri Sep 26 08:35:40 2025 UTC] new best track for ep142025 detected
[Fri Sep 26 08:35:40 2025 UTC] new RSS (index.xml) detected
[Fri Sep 26 14:36:30 2025 UTC] new advisory (020) for ep142025 detected
[Fri Sep 26 14:36:31 2025 UTC] new best track for ep142025 detected
[Fri Sep 26 14:36:31 2025 UTC] new RSS (index.xml) detected
[Fri Sep 26 20:42:26 2025 UTC] new advisory (021) for ep142025 detected
[Fri Sep 26 20:42:27 2025 UTC] new best track for ep142025 detected
[Fri Sep 26 20:42:27 2025 UTC] new RSS (index.xml) detected
[Sat Sep 27 02:34:39 2025 UTC] new advisory (022) for ep142025 detected
[Sat Sep 27 02:34:39 2025 UTC] new best track for ep142025 detected
[Sat Sep 27 02:34:39 2025 UTC] new RSS (index.xml) detected
[Sat Sep 27 08:44:44 2025 UTC] new advisory (023) for ep142025 detected
[Sat Sep 27 08:44:45 2025 UTC] new best track for ep142025 detected
[Sat Sep 27 08:44:45 2025 UTC] new RSS (index.xml) detected
[Sat Sep 27 14:36:24 2025 UTC] new advisory (024) for ep142025 detected
[Sat Sep 27 14:36:24 2025 UTC] new best track for ep142025 detected
[Sat Sep 27 14:36:24 2025 UTC] new RSS (index.xml) detected
[Sat Sep 27 20:33:03 2025 UTC] new advisory (025) for ep142025 detected
[Sat Sep 27 20:33:04 2025 UTC] new best track for ep142025 detected
[Sat Sep 27 20:33:04 2025 UTC] new RSS (index.xml) detected
[Sun Sep 28 02:34:50 2025 UTC] new advisory (026) for ep142025 detected
[Sun Sep 28 02:34:50 2025 UTC] new best track for ep142025 detected
[Sun Sep 28 02:34:50 2025 UTC] new RSS (index.xml) detected
