[Fri Jul 15 14:39:23 2022 UTC] new advisory (001) for ep062022 detected
[Fri Jul 15 15:01:40 2022 UTC] new best track for ep062022 detected
[Fri Jul 15 15:01:40 2022 UTC] new RSS (index.xml) detected
[Fri Jul 15 20:36:33 2022 UTC] new advisory (002) for ep062022 detected
[Fri Jul 15 20:36:34 2022 UTC] new best track for ep062022 detected
[Fri Jul 15 20:36:34 2022 UTC] new RSS (index.xml) detected
[Sat Jul 16 02:39:46 2022 UTC] new advisory (003) for ep062022 detected
[Sat Jul 16 02:39:46 2022 UTC] new best track for ep062022 detected
[Sat Jul 16 02:39:47 2022 UTC] new RSS (index.xml) detected
[Sat Jul 16 08:37:00 2022 UTC] new advisory (004) for ep062022 detected
[Sat Jul 16 08:37:00 2022 UTC] new best track for ep062022 detected
[Sat Jul 16 08:37:00 2022 UTC] new RSS (index.xml) detected
[Sat Jul 16 14:49:41 2022 UTC] new advisory (005) for ep062022 detected
[Sat Jul 16 14:49:42 2022 UTC] new best track for ep062022 detected
[Sat Jul 16 14:49:42 2022 UTC] new RSS (index.xml) detected
[Sat Jul 16 20:38:49 2022 UTC] new advisory (006) for ep062022 detected
[Sat Jul 16 20:38:50 2022 UTC] new best track for ep062022 detected
[Sat Jul 16 20:38:50 2022 UTC] new RSS (index.xml) detected
[Sun Jul 17 02:39:02 2022 UTC] new advisory (007) for ep062022 detected
[Sun Jul 17 02:39:02 2022 UTC] new best track for ep062022 detected
[Sun Jul 17 02:39:02 2022 UTC] new RSS (index.xml) detected
[Sun Jul 17 08:33:16 2022 UTC] new advisory (008) for ep062022 detected
[Sun Jul 17 08:33:16 2022 UTC] new best track for ep062022 detected
[Sun Jul 17 08:33:17 2022 UTC] new RSS (index.xml) detected
[Sun Jul 17 14:37:52 2022 UTC] new advisory (009) for ep062022 detected
[Sun Jul 17 14:37:52 2022 UTC] new best track for ep062022 detected
[Sun Jul 17 14:37:53 2022 UTC] new RSS (index.xml) detected
[Sun Jul 17 20:34:13 2022 UTC] new advisory (010) for ep062022 detected
[Sun Jul 17 20:34:14 2022 UTC] new best track for ep062022 detected
[Sun Jul 17 20:34:14 2022 UTC] new RSS (index.xml) detected
[Mon Jul 18 02:40:41 2022 UTC] new advisory (011) for ep062022 detected
[Mon Jul 18 02:40:41 2022 UTC] new best track for ep062022 detected
[Mon Jul 18 02:40:41 2022 UTC] new RSS (index.xml) detected
[Mon Jul 18 08:33:03 2022 UTC] new advisory (012) for ep062022 detected
[Mon Jul 18 08:33:04 2022 UTC] new best track for ep062022 detected
[Mon Jul 18 08:33:04 2022 UTC] new RSS (index.xml) detected
[Mon Jul 18 14:44:40 2022 UTC] new advisory (013) for ep062022 detected
[Mon Jul 18 14:44:41 2022 UTC] new best track for ep062022 detected
[Mon Jul 18 14:44:41 2022 UTC] new RSS (index.xml) detected
[Mon Jul 18 20:34:30 2022 UTC] new advisory (014) for ep062022 detected
[Mon Jul 18 20:34:31 2022 UTC] new best track for ep062022 detected
[Mon Jul 18 20:34:31 2022 UTC] new RSS (index.xml) detected
[Tue Jul 19 02:34:19 2022 UTC] new advisory (015) for ep062022 detected
[Tue Jul 19 02:34:20 2022 UTC] new best track for ep062022 detected
[Tue Jul 19 02:34:20 2022 UTC] new RSS (index.xml) detected
[Tue Jul 19 08:36:53 2022 UTC] new advisory (016) for ep062022 detected
[Tue Jul 19 08:36:53 2022 UTC] new best track for ep062022 detected
[Tue Jul 19 08:36:54 2022 UTC] new RSS (index.xml) detected
[Tue Jul 19 14:41:22 2022 UTC] new advisory (017) for ep062022 detected
[Tue Jul 19 14:41:23 2022 UTC] new best track for ep062022 detected
[Tue Jul 19 14:41:23 2022 UTC] new RSS (index.xml) detected
[Tue Jul 19 20:34:53 2022 UTC] new advisory (018) for ep062022 detected
[Tue Jul 19 20:34:54 2022 UTC] new best track for ep062022 detected
[Tue Jul 19 20:34:54 2022 UTC] new RSS (index.xml) detected
[Wed Jul 20 02:36:28 2022 UTC] new advisory (019) for ep062022 detected
[Wed Jul 20 02:36:28 2022 UTC] new best track for ep062022 detected
[Wed Jul 20 02:36:28 2022 UTC] new RSS (index.xml) detected
[Thu Jul 21 19:39:29 2022 UTC] new advisory (025) for ep062022 detected
[Thu Jul 21 19:39:30 2022 UTC] new best track for ep062022 detected
[Thu Jul 21 19:39:30 2022 UTC] new RSS (index.xml) detected
[Thu Jul 21 20:38:22 2022 UTC] new advisory (026) for ep062022 detected
[Thu Jul 21 20:38:22 2022 UTC] new best track for ep062022 detected
[Thu Jul 21 20:38:22 2022 UTC] new RSS (index.xml) detected
