[Mon Jul 31 20:39:52 2023 UTC] new advisory (001) for ep052023 detected
[Mon Jul 31 21:00:30 2023 UTC] new best track for ep052023 detected
[Mon Jul 31 21:00:30 2023 UTC] new RSS (index.xml) detected
[Tue Aug  1 02:45:20 2023 UTC] new advisory (002) for ep052023 detected
[Tue Aug  1 02:45:21 2023 UTC] new best track for ep052023 detected
[Tue Aug  1 02:45:21 2023 UTC] new RSS (index.xml) detected
[Tue Aug  1 08:45:44 2023 UTC] new advisory (003) for ep052023 detected
[Tue Aug  1 08:45:45 2023 UTC] new best track for ep052023 detected
[Tue Aug  1 08:45:45 2023 UTC] new RSS (index.xml) detected
[Tue Aug  1 14:42:54 2023 UTC] new advisory (004) for ep052023 detected
[Tue Aug  1 14:42:55 2023 UTC] new best track for ep052023 detected
[Tue Aug  1 14:42:55 2023 UTC] new RSS (index.xml) detected
[Tue Aug  1 20:42:34 2023 UTC] new advisory (005) for ep052023 detected
[Tue Aug  1 20:42:34 2023 UTC] new best track for ep052023 detected
[Tue Aug  1 20:42:34 2023 UTC] new RSS (index.xml) detected
[Wed Aug  2 02:35:52 2023 UTC] new advisory (006) for ep052023 detected
[Wed Aug  2 02:35:52 2023 UTC] new best track for ep052023 detected
[Wed Aug  2 02:35:52 2023 UTC] new RSS (index.xml) detected
[Wed Aug  2 08:42:48 2023 UTC] new advisory (007) for ep052023 detected
[Wed Aug  2 08:42:48 2023 UTC] new best track for ep052023 detected
[Wed Aug  2 08:42:48 2023 UTC] new RSS (index.xml) detected
