[Sat Aug 23 20:45:24 2025 UTC] new advisory (001) for al062025 detected
[Sat Aug 23 21:00:40 2025 UTC] new best track for al062025 detected
[Sat Aug 23 21:00:40 2025 UTC] new RSS (index.xml) detected
[Sun Aug 24 02:32:25 2025 UTC] new advisory (002) for al062025 detected
[Sun Aug 24 02:32:25 2025 UTC] new best track for al062025 detected
[Sun Aug 24 02:32:25 2025 UTC] new RSS (index.xml) detected
[Sun Aug 24 08:36:43 2025 UTC] new advisory (003) for al062025 detected
[Sun Aug 24 08:36:43 2025 UTC] new best track for al062025 detected
[Sun Aug 24 08:36:43 2025 UTC] new RSS (index.xml) detected
[Sun Aug 24 14:57:13 2025 UTC] new advisory (004) for al062025 detected
[Sun Aug 24 14:57:13 2025 UTC] new best track for al062025 detected
[Sun Aug 24 14:57:14 2025 UTC] new RSS (index.xml) detected
[Sun Aug 24 20:33:58 2025 UTC] new advisory (005) for al062025 detected
[Sun Aug 24 20:33:58 2025 UTC] new best track for al062025 detected
[Sun Aug 24 20:33:58 2025 UTC] new RSS (index.xml) detected
[Mon Aug 25 02:37:39 2025 UTC] new advisory (006) for al062025 detected
[Mon Aug 25 02:37:39 2025 UTC] new best track for al062025 detected
[Mon Aug 25 02:37:39 2025 UTC] new RSS (index.xml) detected
[Mon Aug 25 08:43:18 2025 UTC] new advisory (007) for al062025 detected
[Mon Aug 25 08:43:18 2025 UTC] new best track for al062025 detected
[Mon Aug 25 08:43:19 2025 UTC] new RSS (index.xml) detected
[Mon Aug 25 14:57:23 2025 UTC] new advisory (008) for al062025 detected
[Mon Aug 25 14:57:23 2025 UTC] new best track for al062025 detected
[Mon Aug 25 14:57:23 2025 UTC] new RSS (index.xml) detected
[Mon Aug 25 20:34:52 2025 UTC] new advisory (009) for al062025 detected
[Mon Aug 25 20:34:52 2025 UTC] new best track for al062025 detected
[Mon Aug 25 20:34:52 2025 UTC] new RSS (index.xml) detected
[Tue Aug 26 02:35:46 2025 UTC] new advisory (010) for al062025 detected
[Tue Aug 26 02:35:46 2025 UTC] new best track for al062025 detected
[Tue Aug 26 02:35:46 2025 UTC] new RSS (index.xml) detected
[Tue Aug 26 08:32:29 2025 UTC] new advisory (011) for al062025 detected
[Tue Aug 26 08:32:29 2025 UTC] new best track for al062025 detected
[Tue Aug 26 08:32:29 2025 UTC] new RSS (index.xml) detected
[Tue Aug 26 14:38:28 2025 UTC] new advisory (012) for al062025 detected
[Tue Aug 26 14:38:28 2025 UTC] new best track for al062025 detected
[Tue Aug 26 14:38:28 2025 UTC] new RSS (index.xml) detected
[Tue Aug 26 20:35:10 2025 UTC] new advisory (013) for al062025 detected
[Tue Aug 26 20:35:10 2025 UTC] new best track for al062025 detected
[Tue Aug 26 20:35:10 2025 UTC] new RSS (index.xml) detected
[Wed Aug 27 02:36:14 2025 UTC] new advisory (014) for al062025 detected
[Wed Aug 27 02:36:14 2025 UTC] new best track for al062025 detected
[Wed Aug 27 02:36:14 2025 UTC] new RSS (index.xml) detected
[Wed Aug 27 08:39:10 2025 UTC] new advisory (015) for al062025 detected
[Wed Aug 27 08:39:10 2025 UTC] new best track for al062025 detected
[Wed Aug 27 08:39:10 2025 UTC] new RSS (index.xml) detected
[Wed Aug 27 14:59:37 2025 UTC] new advisory (016) for al062025 detected
[Wed Aug 27 14:59:37 2025 UTC] new best track for al062025 detected
[Wed Aug 27 14:59:37 2025 UTC] new RSS (index.xml) detected
[Wed Aug 27 20:39:17 2025 UTC] new advisory (017) for al062025 detected
[Wed Aug 27 20:39:17 2025 UTC] new best track for al062025 detected
[Wed Aug 27 20:39:17 2025 UTC] new RSS (index.xml) detected
[Thu Aug 28 02:41:19 2025 UTC] new advisory (018) for al062025 detected
[Thu Aug 28 02:41:19 2025 UTC] new best track for al062025 detected
[Thu Aug 28 02:41:19 2025 UTC] new RSS (index.xml) detected
[Thu Aug 28 08:38:59 2025 UTC] new advisory (019) for al062025 detected
[Thu Aug 28 08:38:59 2025 UTC] new best track for al062025 detected
[Thu Aug 28 08:38:59 2025 UTC] new RSS (index.xml) detected
