[Sat Aug 26 20:49:10 2023 UTC] new advisory (001) for al102023 detected
[Sat Aug 26 21:00:40 2023 UTC] new best track for al102023 detected
[Sat Aug 26 21:00:40 2023 UTC] new RSS (index.xml) detected
[Sat Aug 26 23:45:13 2023 UTC] new advisory (001A) for al102023 detected
[Sat Aug 26 23:45:13 2023 UTC] new best track for al102023 detected
[Sat Aug 26 23:45:13 2023 UTC] new RSS (index.xml) detected
[Sun Aug 27 02:44:19 2023 UTC] new advisory (002) for al102023 detected
[Sun Aug 27 02:44:19 2023 UTC] new best track for al102023 detected
[Sun Aug 27 02:44:20 2023 UTC] new RSS (index.xml) detected
[Sun Aug 27 05:54:16 2023 UTC] new advisory (002A) for al102023 detected
[Sun Aug 27 05:54:16 2023 UTC] new best track for al102023 detected
[Sun Aug 27 05:54:17 2023 UTC] new RSS (index.xml) detected
[Sun Aug 27 08:58:50 2023 UTC] new advisory (003) for al102023 detected
[Sun Aug 27 08:58:51 2023 UTC] new best track for al102023 detected
[Sun Aug 27 08:58:51 2023 UTC] new RSS (index.xml) detected
[Sun Aug 27 11:57:01 2023 UTC] new advisory (003A) for al102023 detected
[Sun Aug 27 11:57:02 2023 UTC] new best track for al102023 detected
[Sun Aug 27 11:57:02 2023 UTC] new RSS (index.xml) detected
[Sun Aug 27 15:01:42 2023 UTC] new advisory (004) for al102023 detected
[Sun Aug 27 15:01:43 2023 UTC] new best track for al102023 detected
[Sun Aug 27 15:01:43 2023 UTC] new RSS (index.xml) detected
[Sun Aug 27 20:48:14 2023 UTC] new advisory (004A) for al102023 detected
[Sun Aug 27 20:48:14 2023 UTC] new best track for al102023 detected
[Sun Aug 27 20:48:14 2023 UTC] new RSS (index.xml) detected
[Sun Aug 27 20:52:26 2023 UTC] new advisory (005) for al102023 detected
[Sun Aug 27 20:52:27 2023 UTC] new best track for al102023 detected
[Sun Aug 27 20:52:27 2023 UTC] new RSS (index.xml) detected
[Sun Aug 27 23:54:53 2023 UTC] new advisory (005A) for al102023 detected
[Sun Aug 27 23:54:54 2023 UTC] new best track for al102023 detected
[Sun Aug 27 23:54:54 2023 UTC] new RSS (index.xml) detected
[Mon Aug 28 02:59:33 2023 UTC] new advisory (006) for al102023 detected
[Mon Aug 28 02:59:33 2023 UTC] new best track for al102023 detected
[Mon Aug 28 02:59:33 2023 UTC] new RSS (index.xml) detected
[Mon Aug 28 05:51:27 2023 UTC] new advisory (006A) for al102023 detected
[Mon Aug 28 05:51:28 2023 UTC] new best track for al102023 detected
[Mon Aug 28 05:51:28 2023 UTC] new RSS (index.xml) detected
[Mon Aug 28 08:59:20 2023 UTC] new advisory (007) for al102023 detected
[Mon Aug 28 08:59:20 2023 UTC] new best track for al102023 detected
[Mon Aug 28 08:59:20 2023 UTC] new RSS (index.xml) detected
[Mon Aug 28 11:52:32 2023 UTC] new advisory (007A) for al102023 detected
[Mon Aug 28 11:52:33 2023 UTC] new best track for al102023 detected
[Mon Aug 28 11:52:33 2023 UTC] new RSS (index.xml) detected
[Mon Aug 28 14:59:38 2023 UTC] new advisory (008) for al102023 detected
[Mon Aug 28 14:59:38 2023 UTC] new best track for al102023 detected
[Mon Aug 28 14:59:38 2023 UTC] new RSS (index.xml) detected
[Mon Aug 28 17:56:02 2023 UTC] new advisory (008A) for al102023 detected
[Mon Aug 28 17:56:02 2023 UTC] new best track for al102023 detected
[Mon Aug 28 17:56:03 2023 UTC] new RSS (index.xml) detected
[Mon Aug 28 20:54:44 2023 UTC] new advisory (009) for al102023 detected
[Mon Aug 28 20:54:44 2023 UTC] new best track for al102023 detected
[Mon Aug 28 20:54:44 2023 UTC] new RSS (index.xml) detected
[Mon Aug 28 23:57:27 2023 UTC] new advisory (009A) for al102023 detected
[Mon Aug 28 23:57:27 2023 UTC] new best track for al102023 detected
[Mon Aug 28 23:57:27 2023 UTC] new RSS (index.xml) detected
[Tue Aug 29 03:00:14 2023 UTC] new advisory (010) for al102023 detected
[Tue Aug 29 03:00:14 2023 UTC] new best track for al102023 detected
[Tue Aug 29 03:00:15 2023 UTC] new RSS (index.xml) detected
[Tue Aug 29 05:58:14 2023 UTC] new advisory (010A) for al102023 detected
[Tue Aug 29 05:58:14 2023 UTC] new best track for al102023 detected
[Tue Aug 29 05:58:14 2023 UTC] new RSS (index.xml) detected
[Tue Aug 29 08:56:44 2023 UTC] new advisory (011) for al102023 detected
[Tue Aug 29 08:56:45 2023 UTC] new best track for al102023 detected
[Tue Aug 29 08:56:45 2023 UTC] new RSS (index.xml) detected
[Tue Aug 29 11:55:15 2023 UTC] new advisory (011A) for al102023 detected
[Tue Aug 29 11:55:15 2023 UTC] new best track for al102023 detected
[Tue Aug 29 11:55:15 2023 UTC] new RSS (index.xml) detected
[Tue Aug 29 14:56:56 2023 UTC] new advisory (012) for al102023 detected
[Tue Aug 29 14:56:57 2023 UTC] new best track for al102023 detected
[Tue Aug 29 14:56:57 2023 UTC] new RSS (index.xml) detected
[Tue Aug 29 17:45:09 2023 UTC] new advisory (012A) for al102023 detected
[Tue Aug 29 17:45:09 2023 UTC] new best track for al102023 detected
[Tue Aug 29 17:45:09 2023 UTC] new RSS (index.xml) detected
[Tue Aug 29 20:57:35 2023 UTC] new advisory (013) for al102023 detected
[Tue Aug 29 20:57:35 2023 UTC] new best track for al102023 detected
[Tue Aug 29 20:57:36 2023 UTC] new RSS (index.xml) detected
[Tue Aug 29 23:58:00 2023 UTC] new advisory (013A) for al102023 detected
[Tue Aug 29 23:58:00 2023 UTC] new best track for al102023 detected
[Tue Aug 29 23:58:00 2023 UTC] new RSS (index.xml) detected
[Wed Aug 30 02:57:29 2023 UTC] new advisory (014) for al102023 detected
[Wed Aug 30 02:57:29 2023 UTC] new best track for al102023 detected
[Wed Aug 30 02:57:29 2023 UTC] new RSS (index.xml) detected
[Wed Aug 30 05:58:14 2023 UTC] new advisory (014A) for al102023 detected
[Wed Aug 30 05:58:14 2023 UTC] new best track for al102023 detected
[Wed Aug 30 05:58:14 2023 UTC] new RSS (index.xml) detected
[Wed Aug 30 09:00:11 2023 UTC] new advisory (015) for al102023 detected
[Wed Aug 30 09:00:12 2023 UTC] new best track for al102023 detected
[Wed Aug 30 09:00:12 2023 UTC] new RSS (index.xml) detected
[Wed Aug 30 12:01:48 2023 UTC] new advisory (015A) for al102023 detected
[Wed Aug 30 12:01:49 2023 UTC] new best track for al102023 detected
[Wed Aug 30 12:01:49 2023 UTC] new RSS (index.xml) detected
[Wed Aug 30 14:49:54 2023 UTC] new advisory (016) for al102023 detected
[Wed Aug 30 14:49:54 2023 UTC] new best track for al102023 detected
[Wed Aug 30 14:49:55 2023 UTC] new RSS (index.xml) detected
[Wed Aug 30 18:00:10 2023 UTC] new advisory (016A) for al102023 detected
[Wed Aug 30 18:00:10 2023 UTC] new best track for al102023 detected
[Wed Aug 30 18:00:10 2023 UTC] new RSS (index.xml) detected
[Wed Aug 30 20:51:03 2023 UTC] new advisory (017) for al102023 detected
[Wed Aug 30 20:51:03 2023 UTC] new best track for al102023 detected
[Wed Aug 30 20:51:03 2023 UTC] new RSS (index.xml) detected
[Wed Aug 30 23:45:43 2023 UTC] new advisory (017A) for al102023 detected
[Wed Aug 30 23:45:43 2023 UTC] new best track for al102023 detected
[Wed Aug 30 23:45:43 2023 UTC] new RSS (index.xml) detected
[Thu Aug 31 02:54:07 2023 UTC] new advisory (018) for al102023 detected
[Thu Aug 31 02:54:07 2023 UTC] new best track for al102023 detected
[Thu Aug 31 02:54:08 2023 UTC] new RSS (index.xml) detected
[Thu Aug 31 05:55:47 2023 UTC] new advisory (018A) for al102023 detected
[Thu Aug 31 05:55:47 2023 UTC] new best track for al102023 detected
[Thu Aug 31 05:55:47 2023 UTC] new RSS (index.xml) detected
[Thu Aug 31 08:44:51 2023 UTC] new advisory (019) for al102023 detected
[Thu Aug 31 08:44:52 2023 UTC] new best track for al102023 detected
[Thu Aug 31 08:44:52 2023 UTC] new RSS (index.xml) detected
[Thu Aug 31 11:57:15 2023 UTC] new advisory (019A) for al102023 detected
[Thu Aug 31 11:57:16 2023 UTC] new best track for al102023 detected
[Thu Aug 31 11:57:16 2023 UTC] new RSS (index.xml) detected
[Thu Aug 31 15:01:06 2023 UTC] new advisory (020) for al102023 detected
[Thu Aug 31 15:01:06 2023 UTC] new best track for al102023 detected
[Thu Aug 31 15:01:06 2023 UTC] new RSS (index.xml) detected
[Thu Aug 31 17:48:07 2023 UTC] new advisory (020A) for al102023 detected
[Thu Aug 31 17:48:07 2023 UTC] new best track for al102023 detected
[Thu Aug 31 17:48:07 2023 UTC] new RSS (index.xml) detected
[Thu Aug 31 20:44:34 2023 UTC] new advisory (021) for al102023 detected
[Thu Aug 31 20:44:35 2023 UTC] new best track for al102023 detected
[Thu Aug 31 20:44:35 2023 UTC] new RSS (index.xml) detected
[Thu Aug 31 23:45:12 2023 UTC] new advisory (021A) for al102023 detected
[Thu Aug 31 23:45:13 2023 UTC] new best track for al102023 detected
[Thu Aug 31 23:45:13 2023 UTC] new RSS (index.xml) detected
[Fri Sep  1 02:45:57 2023 UTC] new advisory (022) for al102023 detected
[Fri Sep  1 02:45:57 2023 UTC] new best track for al102023 detected
[Fri Sep  1 02:45:58 2023 UTC] new RSS (index.xml) detected
[Fri Sep  1 05:42:58 2023 UTC] new advisory (022A) for al102023 detected
[Fri Sep  1 05:42:58 2023 UTC] new best track for al102023 detected
[Fri Sep  1 05:42:58 2023 UTC] new RSS (index.xml) detected
[Fri Sep  1 08:44:38 2023 UTC] new advisory (023) for al102023 detected
[Fri Sep  1 08:44:38 2023 UTC] new best track for al102023 detected
[Fri Sep  1 08:44:39 2023 UTC] new RSS (index.xml) detected
[Fri Sep  1 11:40:15 2023 UTC] new advisory (023A) for al102023 detected
[Fri Sep  1 11:40:15 2023 UTC] new best track for al102023 detected
[Fri Sep  1 11:40:15 2023 UTC] new RSS (index.xml) detected
[Fri Sep  1 14:38:39 2023 UTC] new advisory (024) for al102023 detected
[Fri Sep  1 14:38:39 2023 UTC] new best track for al102023 detected
[Fri Sep  1 14:38:39 2023 UTC] new RSS (index.xml) detected
[Fri Sep  1 17:42:15 2023 UTC] new advisory (024A) for al102023 detected
[Fri Sep  1 17:42:15 2023 UTC] new best track for al102023 detected
[Fri Sep  1 17:42:15 2023 UTC] new RSS (index.xml) detected
[Fri Sep  1 20:38:32 2023 UTC] new advisory (025) for al102023 detected
[Fri Sep  1 20:38:32 2023 UTC] new best track for al102023 detected
[Fri Sep  1 20:38:32 2023 UTC] new RSS (index.xml) detected
[Fri Sep  1 23:32:33 2023 UTC] new advisory (025A) for al102023 detected
[Fri Sep  1 23:32:34 2023 UTC] new best track for al102023 detected
[Fri Sep  1 23:32:34 2023 UTC] new RSS (index.xml) detected
[Sat Sep  2 02:44:00 2023 UTC] new advisory (026) for al102023 detected
[Sat Sep  2 02:44:00 2023 UTC] new best track for al102023 detected
[Sat Sep  2 02:44:00 2023 UTC] new RSS (index.xml) detected
