[Sun Aug 24 20:36:00 2025 UTC] new advisory (001) for ep102025 detected
[Sun Aug 24 21:00:30 2025 UTC] new best track for ep102025 detected
[Sun Aug 24 21:00:30 2025 UTC] new RSS (index.xml) detected
[Mon Aug 25 02:35:36 2025 UTC] new advisory (002) for ep102025 detected
[Mon Aug 25 02:35:36 2025 UTC] new best track for ep102025 detected
[Mon Aug 25 02:35:36 2025 UTC] new RSS (index.xml) detected
[Mon Aug 25 08:37:10 2025 UTC] new advisory (003) for ep102025 detected
[Mon Aug 25 08:37:10 2025 UTC] new best track for ep102025 detected
[Mon Aug 25 08:37:10 2025 UTC] new RSS (index.xml) detected
[Mon Aug 25 14:38:59 2025 UTC] new advisory (004) for ep102025 detected
[Mon Aug 25 14:38:59 2025 UTC] new best track for ep102025 detected
[Mon Aug 25 14:38:59 2025 UTC] new RSS (index.xml) detected
[Mon Aug 25 20:32:49 2025 UTC] new advisory (005) for ep102025 detected
[Mon Aug 25 20:32:49 2025 UTC] new best track for ep102025 detected
[Mon Aug 25 20:32:49 2025 UTC] new RSS (index.xml) detected
[Tue Aug 26 02:33:44 2025 UTC] new advisory (006) for ep102025 detected
[Tue Aug 26 02:33:44 2025 UTC] new best track for ep102025 detected
[Tue Aug 26 02:33:44 2025 UTC] new RSS (index.xml) detected
[Tue Aug 26 08:36:34 2025 UTC] new advisory (007) for ep102025 detected
[Tue Aug 26 08:36:35 2025 UTC] new best track for ep102025 detected
[Tue Aug 26 08:36:35 2025 UTC] new RSS (index.xml) detected
[Tue Aug 26 14:35:23 2025 UTC] new advisory (008) for ep102025 detected
[Tue Aug 26 14:35:23 2025 UTC] new best track for ep102025 detected
[Tue Aug 26 14:35:23 2025 UTC] new RSS (index.xml) detected
[Tue Aug 26 20:35:10 2025 UTC] new advisory (009) for ep102025 detected
[Tue Aug 26 20:35:11 2025 UTC] new best track for ep102025 detected
[Tue Aug 26 20:35:11 2025 UTC] new RSS (index.xml) detected
[Wed Aug 27 02:40:20 2025 UTC] new advisory (010) for ep102025 detected
[Wed Aug 27 02:40:20 2025 UTC] new best track for ep102025 detected
[Wed Aug 27 02:40:21 2025 UTC] new RSS (index.xml) detected
[Wed Aug 27 08:37:07 2025 UTC] new advisory (011) for ep102025 detected
[Wed Aug 27 08:37:07 2025 UTC] new best track for ep102025 detected
[Wed Aug 27 08:37:07 2025 UTC] new RSS (index.xml) detected
