[Wed Aug  6 21:06:40 2025 UTC] new advisory (001) for ep092025 detected
[Wed Aug  6 21:06:40 2025 UTC] new best track for ep092025 detected
[Wed Aug  6 21:06:40 2025 UTC] new RSS (index.xml) detected
[Thu Aug  7 02:51:08 2025 UTC] new advisory (002) for ep092025 detected
[Thu Aug  7 02:51:08 2025 UTC] new best track for ep092025 detected
[Thu Aug  7 02:51:08 2025 UTC] new RSS (index.xml) detected
[Thu Aug  7 08:50:35 2025 UTC] new advisory (003) for ep092025 detected
[Thu Aug  7 08:50:35 2025 UTC] new best track for ep092025 detected
[Thu Aug  7 08:50:35 2025 UTC] new RSS (index.xml) detected
[Thu Aug  7 15:20:24 2025 UTC] new advisory (004) for ep092025 detected
[Thu Aug  7 15:20:25 2025 UTC] new best track for ep092025 detected
[Thu Aug  7 15:20:25 2025 UTC] new RSS (index.xml) detected
[Thu Aug  7 21:21:24 2025 UTC] new advisory (005) for ep092025 detected
[Thu Aug  7 21:21:24 2025 UTC] new best track for ep092025 detected
[Thu Aug  7 21:21:24 2025 UTC] new RSS (index.xml) detected
[Fri Aug  8 03:07:09 2025 UTC] new advisory (006) for ep092025 detected
[Fri Aug  8 03:07:09 2025 UTC] new best track for ep092025 detected
[Fri Aug  8 03:07:09 2025 UTC] new RSS (index.xml) detected
[Fri Aug  8 08:51:17 2025 UTC] new advisory (007) for ep092025 detected
[Fri Aug  8 08:51:17 2025 UTC] new best track for ep092025 detected
[Fri Aug  8 08:51:17 2025 UTC] new RSS (index.xml) detected
[Fri Aug  8 14:52:50 2025 UTC] new advisory (008) for ep092025 detected
[Fri Aug  8 14:52:50 2025 UTC] new best track for ep092025 detected
[Fri Aug  8 14:52:50 2025 UTC] new RSS (index.xml) detected
[Fri Aug  8 20:50:31 2025 UTC] new advisory (009) for ep092025 detected
[Fri Aug  8 20:50:31 2025 UTC] new best track for ep092025 detected
[Fri Aug  8 20:50:31 2025 UTC] new RSS (index.xml) detected
[Sat Aug  9 02:36:58 2025 UTC] new advisory (010) for ep092025 detected
[Sat Aug  9 02:36:58 2025 UTC] new best track for ep092025 detected
[Sat Aug  9 02:36:58 2025 UTC] new RSS (index.xml) detected
[Sat Aug  9 08:52:54 2025 UTC] new advisory (011) for ep092025 detected
[Sat Aug  9 08:52:55 2025 UTC] new best track for ep092025 detected
[Sat Aug  9 08:52:55 2025 UTC] new RSS (index.xml) detected
[Sat Aug  9 15:06:33 2025 UTC] new advisory (012) for ep092025 detected
[Sat Aug  9 15:06:33 2025 UTC] new best track for ep092025 detected
[Sat Aug  9 15:06:33 2025 UTC] new RSS (index.xml) detected
[Sat Aug  9 21:20:26 2025 UTC] new advisory (013) for ep092025 detected
[Sat Aug  9 21:20:26 2025 UTC] new best track for ep092025 detected
[Sat Aug  9 21:20:26 2025 UTC] new RSS (index.xml) detected
[Sun Aug 10 03:06:41 2025 UTC] new advisory (014) for ep092025 detected
[Sun Aug 10 03:06:41 2025 UTC] new best track for ep092025 detected
[Sun Aug 10 03:06:41 2025 UTC] new RSS (index.xml) detected
[Sun Aug 10 09:53:23 2025 UTC] new advisory (015) for ep092025 detected
[Sun Aug 10 09:53:23 2025 UTC] new best track for ep092025 detected
[Sun Aug 10 09:53:23 2025 UTC] new RSS (index.xml) detected
[Sun Aug 10 14:50:46 2025 UTC] new advisory (016) for ep092025 detected
[Sun Aug 10 14:50:46 2025 UTC] new best track for ep092025 detected
[Sun Aug 10 14:50:46 2025 UTC] new RSS (index.xml) detected
[Sun Aug 10 20:36:32 2025 UTC] new advisory (017) for ep092025 detected
[Sun Aug 10 20:36:32 2025 UTC] new best track for ep092025 detected
[Sun Aug 10 20:36:32 2025 UTC] new RSS (index.xml) detected
[Mon Aug 11 02:36:46 2025 UTC] new advisory (018) for ep092025 detected
[Mon Aug 11 02:36:46 2025 UTC] new best track for ep092025 detected
[Mon Aug 11 02:36:46 2025 UTC] new RSS (index.xml) detected
[Mon Aug 11 09:06:38 2025 UTC] new advisory (019) for ep092025 detected
[Mon Aug 11 09:06:38 2025 UTC] new best track for ep092025 detected
[Mon Aug 11 09:06:38 2025 UTC] new RSS (index.xml) detected
