[Sun Aug 25 20:34:55 2024 UTC] new advisory (001) for ep082024 detected
[Sun Aug 25 21:00:35 2024 UTC] new best track for ep082024 detected
[Sun Aug 25 21:00:35 2024 UTC] new RSS (index.xml) detected
[Mon Aug 26 02:42:42 2024 UTC] new advisory (002) for ep082024 detected
[Mon Aug 26 02:42:42 2024 UTC] new best track for ep082024 detected
[Mon Aug 26 02:42:42 2024 UTC] new RSS (index.xml) detected
[Mon Aug 26 08:32:48 2024 UTC] new advisory (003) for ep082024 detected
[Mon Aug 26 08:32:49 2024 UTC] new best track for ep082024 detected
[Mon Aug 26 08:32:49 2024 UTC] new RSS (index.xml) detected
[Mon Aug 26 14:39:04 2024 UTC] new advisory (004) for ep082024 detected
[Mon Aug 26 14:39:05 2024 UTC] new best track for ep082024 detected
[Mon Aug 26 14:39:05 2024 UTC] new RSS (index.xml) detected
[Mon Aug 26 20:39:02 2024 UTC] new advisory (005) for ep082024 detected
[Mon Aug 26 20:39:02 2024 UTC] new best track for ep082024 detected
[Mon Aug 26 20:39:02 2024 UTC] new RSS (index.xml) detected
[Tue Aug 27 02:46:31 2024 UTC] new advisory (006) for ep082024 detected
[Tue Aug 27 02:46:31 2024 UTC] new best track for ep082024 detected
[Tue Aug 27 02:46:31 2024 UTC] new RSS (index.xml) detected
[Tue Aug 27 08:33:33 2024 UTC] new advisory (007) for ep082024 detected
[Tue Aug 27 08:33:33 2024 UTC] new best track for ep082024 detected
[Tue Aug 27 08:33:33 2024 UTC] new RSS (index.xml) detected
