[Mon Sep 23 15:00:47 2024 UTC] new advisory (001) for al092024 detected
[Mon Sep 23 15:00:47 2024 UTC] new best track for al092024 detected
[Mon Sep 23 15:00:47 2024 UTC] new RSS (index.xml) detected
[Mon Sep 23 17:54:29 2024 UTC] new advisory (001A) for al092024 detected
[Mon Sep 23 17:54:29 2024 UTC] new best track for al092024 detected
[Mon Sep 23 17:54:29 2024 UTC] new RSS (index.xml) detected
[Mon Sep 23 20:55:15 2024 UTC] new advisory (002) for al092024 detected
[Mon Sep 23 20:55:15 2024 UTC] new best track for al092024 detected
[Mon Sep 23 20:55:15 2024 UTC] new RSS (index.xml) detected
[Mon Sep 23 23:48:55 2024 UTC] new advisory (002A) for al092024 detected
[Mon Sep 23 23:48:56 2024 UTC] new best track for al092024 detected
[Mon Sep 23 23:48:56 2024 UTC] new RSS (index.xml) detected
[Tue Sep 24 02:40:31 2024 UTC] new advisory (003) for al092024 detected
[Tue Sep 24 02:40:31 2024 UTC] new best track for al092024 detected
[Tue Sep 24 02:40:31 2024 UTC] new RSS (index.xml) detected
[Tue Sep 24 05:51:22 2024 UTC] new advisory (003A) for al092024 detected
[Tue Sep 24 05:51:22 2024 UTC] new best track for al092024 detected
[Tue Sep 24 05:51:22 2024 UTC] new RSS (index.xml) detected
[Tue Sep 24 09:00:26 2024 UTC] new advisory (004) for al092024 detected
[Tue Sep 24 09:00:26 2024 UTC] new best track for al092024 detected
[Tue Sep 24 09:00:26 2024 UTC] new RSS (index.xml) detected
[Tue Sep 24 11:53:03 2024 UTC] new advisory (004A) for al092024 detected
[Tue Sep 24 11:53:03 2024 UTC] new best track for al092024 detected
[Tue Sep 24 11:53:03 2024 UTC] new RSS (index.xml) detected
[Tue Sep 24 15:01:13 2024 UTC] new advisory (005) for al092024 detected
[Tue Sep 24 15:01:14 2024 UTC] new best track for al092024 detected
[Tue Sep 24 15:01:14 2024 UTC] new RSS (index.xml) detected
[Tue Sep 24 17:53:22 2024 UTC] new advisory (005A) for al092024 detected
[Tue Sep 24 17:53:22 2024 UTC] new best track for al092024 detected
[Tue Sep 24 17:53:22 2024 UTC] new RSS (index.xml) detected
[Tue Sep 24 20:58:50 2024 UTC] new advisory (006) for al092024 detected
[Tue Sep 24 20:58:50 2024 UTC] new best track for al092024 detected
[Tue Sep 24 20:58:50 2024 UTC] new RSS (index.xml) detected
[Tue Sep 24 23:53:04 2024 UTC] new advisory (006A) for al092024 detected
[Tue Sep 24 23:53:04 2024 UTC] new best track for al092024 detected
[Tue Sep 24 23:53:04 2024 UTC] new RSS (index.xml) detected
[Wed Sep 25 02:56:26 2024 UTC] new advisory (007) for al092024 detected
[Wed Sep 25 02:56:26 2024 UTC] new best track for al092024 detected
[Wed Sep 25 02:56:26 2024 UTC] new RSS (index.xml) detected
[Wed Sep 25 05:54:49 2024 UTC] new advisory (007A) for al092024 detected
[Wed Sep 25 05:54:49 2024 UTC] new best track for al092024 detected
[Wed Sep 25 05:54:50 2024 UTC] new RSS (index.xml) detected
[Wed Sep 25 08:57:13 2024 UTC] new advisory (008) for al092024 detected
[Wed Sep 25 08:57:14 2024 UTC] new best track for al092024 detected
[Wed Sep 25 08:57:14 2024 UTC] new RSS (index.xml) detected
[Wed Sep 25 11:54:34 2024 UTC] new advisory (008A) for al092024 detected
[Wed Sep 25 11:54:35 2024 UTC] new best track for al092024 detected
[Wed Sep 25 11:54:35 2024 UTC] new RSS (index.xml) detected
[Wed Sep 25 14:59:11 2024 UTC] new advisory (009) for al092024 detected
[Wed Sep 25 14:59:11 2024 UTC] new best track for al092024 detected
[Wed Sep 25 14:59:11 2024 UTC] new RSS (index.xml) detected
[Wed Sep 25 17:52:36 2024 UTC] new advisory (009A) for al092024 detected
[Wed Sep 25 17:52:36 2024 UTC] new best track for al092024 detected
[Wed Sep 25 17:52:37 2024 UTC] new RSS (index.xml) detected
[Wed Sep 25 20:57:11 2024 UTC] new advisory (010) for al092024 detected
[Wed Sep 25 20:57:11 2024 UTC] new best track for al092024 detected
[Wed Sep 25 20:57:11 2024 UTC] new RSS (index.xml) detected
[Wed Sep 25 23:45:04 2024 UTC] new advisory (010A) for al092024 detected
[Wed Sep 25 23:45:04 2024 UTC] new best track for al092024 detected
[Wed Sep 25 23:45:04 2024 UTC] new RSS (index.xml) detected
[Thu Sep 26 02:54:43 2024 UTC] new advisory (011) for al092024 detected
[Thu Sep 26 02:54:43 2024 UTC] new best track for al092024 detected
[Thu Sep 26 02:54:43 2024 UTC] new RSS (index.xml) detected
[Thu Sep 26 05:59:05 2024 UTC] new advisory (011A) for al092024 detected
[Thu Sep 26 05:59:05 2024 UTC] new best track for al092024 detected
[Thu Sep 26 05:59:05 2024 UTC] new RSS (index.xml) detected
[Thu Sep 26 08:52:12 2024 UTC] new advisory (012) for al092024 detected
[Thu Sep 26 08:52:12 2024 UTC] new best track for al092024 detected
[Thu Sep 26 08:52:12 2024 UTC] new RSS (index.xml) detected
[Thu Sep 26 11:41:10 2024 UTC] new advisory (012A) for al092024 detected
[Thu Sep 26 11:41:11 2024 UTC] new best track for al092024 detected
[Thu Sep 26 11:41:11 2024 UTC] new RSS (index.xml) detected
[Thu Sep 26 14:57:09 2024 UTC] new advisory (013) for al092024 detected
[Thu Sep 26 14:57:09 2024 UTC] new best track for al092024 detected
[Thu Sep 26 14:57:09 2024 UTC] new RSS (index.xml) detected
[Thu Sep 26 17:49:21 2024 UTC] new advisory (013A) for al092024 detected
[Thu Sep 26 17:49:21 2024 UTC] new best track for al092024 detected
[Thu Sep 26 17:49:21 2024 UTC] new RSS (index.xml) detected
[Thu Sep 26 20:42:37 2024 UTC] new advisory (014) for al092024 detected
[Thu Sep 26 20:42:37 2024 UTC] new best track for al092024 detected
[Thu Sep 26 20:42:37 2024 UTC] new RSS (index.xml) detected
[Thu Sep 26 23:55:09 2024 UTC] new advisory (014A) for al092024 detected
[Thu Sep 26 23:55:09 2024 UTC] new best track for al092024 detected
[Thu Sep 26 23:55:09 2024 UTC] new RSS (index.xml) detected
[Fri Sep 27 02:58:39 2024 UTC] new advisory (015) for al092024 detected
[Fri Sep 27 02:58:39 2024 UTC] new best track for al092024 detected
[Fri Sep 27 02:58:39 2024 UTC] new RSS (index.xml) detected
