[Mon Jul 28 14:50:23 2025 UTC] new advisory (001) for cp022025 detected
[Mon Jul 28 15:00:42 2025 UTC] new best track for cp022025 detected
[Mon Jul 28 15:00:42 2025 UTC] new RSS (index.xml) detected
[Mon Jul 28 20:51:11 2025 UTC] new advisory (002) for cp022025 detected
[Mon Jul 28 20:51:11 2025 UTC] new best track for cp022025 detected
[Mon Jul 28 20:51:11 2025 UTC] new RSS (index.xml) detected
[Tue Jul 29 02:50:50 2025 UTC] new advisory (003) for cp022025 detected
[Tue Jul 29 02:50:51 2025 UTC] new best track for cp022025 detected
[Tue Jul 29 02:50:51 2025 UTC] new RSS (index.xml) detected
[Tue Jul 29 08:50:46 2025 UTC] new advisory (004) for cp022025 detected
[Tue Jul 29 08:50:46 2025 UTC] new best track for cp022025 detected
[Tue Jul 29 08:50:46 2025 UTC] new RSS (index.xml) detected
[Tue Jul 29 14:51:17 2025 UTC] new advisory (005) for cp022025 detected
[Tue Jul 29 14:51:17 2025 UTC] new best track for cp022025 detected
[Tue Jul 29 14:51:17 2025 UTC] new RSS (index.xml) detected
[Tue Jul 29 20:50:31 2025 UTC] new advisory (006) for cp022025 detected
[Tue Jul 29 20:50:32 2025 UTC] new best track for cp022025 detected
[Tue Jul 29 20:50:32 2025 UTC] new RSS (index.xml) detected
[Wed Jul 30 02:51:22 2025 UTC] new advisory (007) for cp022025 detected
[Wed Jul 30 02:51:22 2025 UTC] new best track for cp022025 detected
[Wed Jul 30 02:51:22 2025 UTC] new RSS (index.xml) detected
[Wed Jul 30 08:51:10 2025 UTC] new advisory (008) for cp022025 detected
[Wed Jul 30 08:51:10 2025 UTC] new best track for cp022025 detected
[Wed Jul 30 08:51:10 2025 UTC] new RSS (index.xml) detected
[Wed Jul 30 14:53:15 2025 UTC] new advisory (009) for cp022025 detected
[Wed Jul 30 14:53:15 2025 UTC] new best track for cp022025 detected
[Wed Jul 30 14:53:15 2025 UTC] new RSS (index.xml) detected
