[Sun Sep  4 14:53:51 2022 UTC] new advisory (001) for ep122022 detected
[Sun Sep  4 15:02:59 2022 UTC] new best track for ep122022 detected
[Sun Sep  4 15:02:59 2022 UTC] new RSS (index.xml) detected
[Sun Sep  4 20:38:25 2022 UTC] new advisory (002) for ep122022 detected
[Sun Sep  4 20:38:25 2022 UTC] new best track for ep122022 detected
[Sun Sep  4 20:38:26 2022 UTC] new RSS (index.xml) detected
[Mon Sep  5 02:55:35 2022 UTC] new advisory (003) for ep122022 detected
[Mon Sep  5 02:55:35 2022 UTC] new best track for ep122022 detected
[Mon Sep  5 02:55:35 2022 UTC] new RSS (index.xml) detected
[Mon Sep  5 08:53:18 2022 UTC] new advisory (004) for ep122022 detected
[Mon Sep  5 08:53:18 2022 UTC] new best track for ep122022 detected
[Mon Sep  5 08:53:18 2022 UTC] new RSS (index.xml) detected
[Mon Sep  5 14:41:52 2022 UTC] new advisory (005) for ep122022 detected
[Mon Sep  5 14:41:52 2022 UTC] new best track for ep122022 detected
[Mon Sep  5 14:41:52 2022 UTC] new RSS (index.xml) detected
[Mon Sep  5 17:36:40 2022 UTC] new advisory (005A) for ep122022 detected
[Mon Sep  5 17:36:41 2022 UTC] new best track for ep122022 detected
[Mon Sep  5 17:36:41 2022 UTC] new RSS (index.xml) detected
[Mon Sep  5 21:00:58 2022 UTC] new advisory (006) for ep122022 detected
[Mon Sep  5 21:00:59 2022 UTC] new best track for ep122022 detected
[Mon Sep  5 21:00:59 2022 UTC] new RSS (index.xml) detected
[Mon Sep  5 23:48:45 2022 UTC] new advisory (006A) for ep122022 detected
[Mon Sep  5 23:48:46 2022 UTC] new best track for ep122022 detected
[Mon Sep  5 23:48:46 2022 UTC] new RSS (index.xml) detected
[Tue Sep  6 02:50:50 2022 UTC] new advisory (007) for ep122022 detected
[Tue Sep  6 02:50:50 2022 UTC] new best track for ep122022 detected
[Tue Sep  6 02:50:50 2022 UTC] new RSS (index.xml) detected
[Tue Sep  6 05:43:41 2022 UTC] new advisory (007A) for ep122022 detected
[Tue Sep  6 05:43:42 2022 UTC] new best track for ep122022 detected
[Tue Sep  6 05:43:42 2022 UTC] new RSS (index.xml) detected
[Tue Sep  6 08:51:47 2022 UTC] new advisory (008) for ep122022 detected
[Tue Sep  6 08:51:47 2022 UTC] new best track for ep122022 detected
[Tue Sep  6 08:51:47 2022 UTC] new RSS (index.xml) detected
[Tue Sep  6 11:35:29 2022 UTC] new advisory (008A) for ep122022 detected
[Tue Sep  6 11:35:29 2022 UTC] new best track for ep122022 detected
[Tue Sep  6 11:35:30 2022 UTC] new RSS (index.xml) detected
[Tue Sep  6 14:48:35 2022 UTC] new advisory (009) for ep122022 detected
[Tue Sep  6 14:48:35 2022 UTC] new best track for ep122022 detected
[Tue Sep  6 14:48:35 2022 UTC] new RSS (index.xml) detected
[Tue Sep  6 17:35:54 2022 UTC] new advisory (009A) for ep122022 detected
[Tue Sep  6 17:35:55 2022 UTC] new best track for ep122022 detected
[Tue Sep  6 17:35:56 2022 UTC] new RSS (index.xml) detected
[Tue Sep  6 20:47:13 2022 UTC] new advisory (010) for ep122022 detected
[Tue Sep  6 20:47:13 2022 UTC] new best track for ep122022 detected
[Tue Sep  6 20:47:14 2022 UTC] new RSS (index.xml) detected
[Tue Sep  6 23:57:30 2022 UTC] new advisory (010A) for ep122022 detected
[Tue Sep  6 23:57:31 2022 UTC] new best track for ep122022 detected
[Tue Sep  6 23:57:31 2022 UTC] new RSS (index.xml) detected
[Wed Sep  7 02:45:59 2022 UTC] new advisory (011) for ep122022 detected
[Wed Sep  7 02:46:00 2022 UTC] new best track for ep122022 detected
[Wed Sep  7 02:46:00 2022 UTC] new RSS (index.xml) detected
[Wed Sep  7 05:40:45 2022 UTC] new advisory (011A) for ep122022 detected
[Wed Sep  7 05:40:46 2022 UTC] new best track for ep122022 detected
[Wed Sep  7 05:40:46 2022 UTC] new RSS (index.xml) detected
[Wed Sep  7 08:58:33 2022 UTC] new advisory (012) for ep122022 detected
[Wed Sep  7 08:58:33 2022 UTC] new best track for ep122022 detected
[Wed Sep  7 08:58:34 2022 UTC] new RSS (index.xml) detected
[Wed Sep  7 11:45:50 2022 UTC] new advisory (012A) for ep122022 detected
[Wed Sep  7 11:45:50 2022 UTC] new best track for ep122022 detected
[Wed Sep  7 11:45:51 2022 UTC] new RSS (index.xml) detected
[Wed Sep  7 14:46:46 2022 UTC] new advisory (013) for ep122022 detected
[Wed Sep  7 14:46:46 2022 UTC] new best track for ep122022 detected
[Wed Sep  7 14:46:47 2022 UTC] new RSS (index.xml) detected
[Wed Sep  7 18:01:18 2022 UTC] new advisory (013A) for ep122022 detected
[Wed Sep  7 18:01:19 2022 UTC] new best track for ep122022 detected
[Wed Sep  7 18:01:20 2022 UTC] new RSS (index.xml) detected
[Wed Sep  7 20:45:34 2022 UTC] new advisory (014) for ep122022 detected
[Wed Sep  7 20:45:34 2022 UTC] new best track for ep122022 detected
[Wed Sep  7 20:45:35 2022 UTC] new RSS (index.xml) detected
[Wed Sep  7 23:56:59 2022 UTC] new advisory (014A) for ep122022 detected
[Wed Sep  7 23:56:59 2022 UTC] new best track for ep122022 detected
[Wed Sep  7 23:57:00 2022 UTC] new RSS (index.xml) detected
[Thu Sep  8 02:49:50 2022 UTC] new advisory (015) for ep122022 detected
[Thu Sep  8 02:49:50 2022 UTC] new best track for ep122022 detected
[Thu Sep  8 02:49:51 2022 UTC] new RSS (index.xml) detected
[Thu Sep  8 05:51:53 2022 UTC] new advisory (015A) for ep122022 detected
[Thu Sep  8 05:51:54 2022 UTC] new best track for ep122022 detected
[Thu Sep  8 05:51:55 2022 UTC] new RSS (index.xml) detected
[Thu Sep  8 08:53:56 2022 UTC] new advisory (016) for ep122022 detected
[Thu Sep  8 08:53:56 2022 UTC] new best track for ep122022 detected
[Thu Sep  8 08:53:58 2022 UTC] new RSS (index.xml) detected
[Thu Sep  8 11:57:08 2022 UTC] new advisory (016A) for ep122022 detected
[Thu Sep  8 11:57:08 2022 UTC] new best track for ep122022 detected
[Thu Sep  8 11:57:09 2022 UTC] new RSS (index.xml) detected
[Thu Sep  8 14:48:39 2022 UTC] new advisory (017) for ep122022 detected
[Thu Sep  8 14:48:40 2022 UTC] new best track for ep122022 detected
[Thu Sep  8 14:48:40 2022 UTC] new RSS (index.xml) detected
[Thu Sep  8 18:04:28 2022 UTC] new advisory (017A) for ep122022 detected
[Thu Sep  8 18:04:29 2022 UTC] new best track for ep122022 detected
[Thu Sep  8 18:04:29 2022 UTC] new RSS (index.xml) detected
[Thu Sep  8 20:56:23 2022 UTC] new advisory (018) for ep122022 detected
[Thu Sep  8 20:56:23 2022 UTC] new best track for ep122022 detected
[Thu Sep  8 20:56:24 2022 UTC] new RSS (index.xml) detected
[Thu Sep  8 23:59:42 2022 UTC] new advisory (018A) for ep122022 detected
[Thu Sep  8 23:59:43 2022 UTC] new best track for ep122022 detected
[Thu Sep  8 23:59:44 2022 UTC] new RSS (index.xml) detected
[Fri Sep  9 02:53:53 2022 UTC] new advisory (019) for ep122022 detected
[Fri Sep  9 02:53:53 2022 UTC] new best track for ep122022 detected
[Fri Sep  9 02:53:54 2022 UTC] new RSS (index.xml) detected
[Fri Sep  9 05:57:36 2022 UTC] new advisory (019A) for ep122022 detected
[Fri Sep  9 05:57:37 2022 UTC] new best track for ep122022 detected
[Fri Sep  9 05:57:38 2022 UTC] new RSS (index.xml) detected
[Fri Sep  9 08:56:53 2022 UTC] new advisory (020) for ep122022 detected
[Fri Sep  9 08:56:54 2022 UTC] new best track for ep122022 detected
[Fri Sep  9 08:56:54 2022 UTC] new RSS (index.xml) detected
[Fri Sep  9 11:50:58 2022 UTC] new advisory (020A) for ep122022 detected
[Fri Sep  9 11:50:58 2022 UTC] new best track for ep122022 detected
[Fri Sep  9 11:50:59 2022 UTC] new RSS (index.xml) detected
[Fri Sep  9 14:54:34 2022 UTC] new advisory (021) for ep122022 detected
[Fri Sep  9 14:54:34 2022 UTC] new best track for ep122022 detected
[Fri Sep  9 14:54:35 2022 UTC] new RSS (index.xml) detected
[Fri Sep  9 17:50:49 2022 UTC] new advisory (021A) for ep122022 detected
[Fri Sep  9 17:50:49 2022 UTC] new best track for ep122022 detected
[Fri Sep  9 17:50:50 2022 UTC] new RSS (index.xml) detected
[Fri Sep  9 20:53:21 2022 UTC] new advisory (022) for ep122022 detected
[Fri Sep  9 20:53:21 2022 UTC] new best track for ep122022 detected
[Fri Sep  9 20:53:22 2022 UTC] new RSS (index.xml) detected
[Fri Sep  9 23:42:22 2022 UTC] new advisory (022A) for ep122022 detected
[Fri Sep  9 23:42:23 2022 UTC] new best track for ep122022 detected
[Fri Sep  9 23:42:24 2022 UTC] new RSS (index.xml) detected
[Sat Sep 10 02:41:50 2022 UTC] new advisory (023) for ep122022 detected
[Sat Sep 10 02:41:51 2022 UTC] new best track for ep122022 detected
[Sat Sep 10 02:41:51 2022 UTC] new RSS (index.xml) detected
