[Sun Jul 19 02:36:23 2026 UTC] new advisory (001) for ep062026 detected
[Sun Jul 19 03:00:53 2026 UTC] new best track for ep062026 detected
[Sun Jul 19 03:00:53 2026 UTC] new RSS (index.xml) detected
[Sun Jul 19 08:37:50 2026 UTC] new advisory (002) for ep062026 detected
[Sun Jul 19 08:37:50 2026 UTC] new best track for ep062026 detected
[Sun Jul 19 08:37:50 2026 UTC] new RSS (index.xml) detected
[Sun Jul 19 14:43:16 2026 UTC] new advisory (003) for ep062026 detected
[Sun Jul 19 14:43:17 2026 UTC] new best track for ep062026 detected
[Sun Jul 19 14:43:17 2026 UTC] new RSS (index.xml) detected
[Sun Jul 19 20:40:08 2026 UTC] new advisory (004) for ep062026 detected
[Sun Jul 19 20:40:08 2026 UTC] new best track for ep062026 detected
[Sun Jul 19 20:40:08 2026 UTC] new RSS (index.xml) detected
[Mon Jul 20 02:34:43 2026 UTC] new advisory (005) for ep062026 detected
[Mon Jul 20 02:34:43 2026 UTC] new best track for ep062026 detected
[Mon Jul 20 02:34:43 2026 UTC] new RSS (index.xml) detected
[Mon Jul 20 08:34:28 2026 UTC] new advisory (006) for ep062026 detected
[Mon Jul 20 08:34:28 2026 UTC] new best track for ep062026 detected
[Mon Jul 20 08:34:28 2026 UTC] new RSS (index.xml) detected
[Mon Jul 20 14:34:29 2026 UTC] new advisory (007) for ep062026 detected
[Mon Jul 20 14:34:29 2026 UTC] new best track for ep062026 detected
[Mon Jul 20 14:34:29 2026 UTC] new RSS (index.xml) detected
[Mon Jul 20 20:46:46 2026 UTC] new advisory (008) for ep062026 detected
[Mon Jul 20 20:46:46 2026 UTC] new best track for ep062026 detected
[Mon Jul 20 20:46:46 2026 UTC] new RSS (index.xml) detected
[Tue Jul 21 02:45:58 2026 UTC] new advisory (009) for ep062026 detected
[Tue Jul 21 02:45:58 2026 UTC] new best track for ep062026 detected
[Tue Jul 21 02:45:58 2026 UTC] new RSS (index.xml) detected
[Tue Jul 21 08:47:00 2026 UTC] new advisory (010) for ep062026 detected
[Tue Jul 21 08:47:00 2026 UTC] new best track for ep062026 detected
[Tue Jul 21 08:47:00 2026 UTC] new RSS (index.xml) detected
[Tue Jul 21 14:42:00 2026 UTC] new advisory (011) for ep062026 detected
[Tue Jul 21 14:42:00 2026 UTC] new best track for ep062026 detected
[Tue Jul 21 14:42:00 2026 UTC] new RSS (index.xml) detected
[Tue Jul 21 20:35:06 2026 UTC] new advisory (012) for ep062026 detected
[Tue Jul 21 20:35:06 2026 UTC] new best track for ep062026 detected
[Tue Jul 21 20:35:06 2026 UTC] new RSS (index.xml) detected
[Wed Jul 22 02:37:28 2026 UTC] new advisory (013) for ep062026 detected
[Wed Jul 22 02:37:28 2026 UTC] new best track for ep062026 detected
[Wed Jul 22 02:37:28 2026 UTC] new RSS (index.xml) detected
[Wed Jul 22 08:36:29 2026 UTC] new advisory (014) for ep062026 detected
[Wed Jul 22 08:36:29 2026 UTC] new best track for ep062026 detected
[Wed Jul 22 08:36:29 2026 UTC] new RSS (index.xml) detected
[Wed Jul 22 14:44:58 2026 UTC] new advisory (015) for ep062026 detected
[Wed Jul 22 14:44:58 2026 UTC] new best track for ep062026 detected
[Wed Jul 22 14:44:58 2026 UTC] new RSS (index.xml) detected
[Wed Jul 22 20:35:17 2026 UTC] new advisory (016) for ep062026 detected
[Wed Jul 22 20:35:17 2026 UTC] new best track for ep062026 detected
[Wed Jul 22 20:35:17 2026 UTC] new RSS (index.xml) detected
[Thu Jul 23 02:36:43 2026 UTC] new advisory (017) for ep062026 detected
[Thu Jul 23 02:36:43 2026 UTC] new best track for ep062026 detected
[Thu Jul 23 02:36:43 2026 UTC] new RSS (index.xml) detected
[Thu Jul 23 08:37:38 2026 UTC] new advisory (018) for ep062026 detected
[Thu Jul 23 08:37:39 2026 UTC] new best track for ep062026 detected
[Thu Jul 23 08:37:39 2026 UTC] new RSS (index.xml) detected
[Thu Jul 23 15:06:07 2026 UTC] new advisory (019) for ep062026 detected
[Thu Jul 23 15:06:07 2026 UTC] new best track for ep062026 detected
[Thu Jul 23 15:06:07 2026 UTC] new RSS (index.xml) detected
[Thu Jul 23 20:40:15 2026 UTC] new advisory (020) for ep062026 detected
[Thu Jul 23 20:40:15 2026 UTC] new best track for ep062026 detected
[Thu Jul 23 20:40:15 2026 UTC] new RSS (index.xml) detected
[Fri Jul 24 02:53:27 2026 UTC] new advisory (021) for ep062026 detected
[Fri Jul 24 02:53:27 2026 UTC] new best track for ep062026 detected
[Fri Jul 24 02:53:27 2026 UTC] new RSS (index.xml) detected
