[Thu Sep 15 20:54:52 2022 UTC] new advisory (001) for ep132022 detected
[Thu Sep 15 20:54:53 2022 UTC] new best track for ep132022 detected
[Thu Sep 15 20:54:53 2022 UTC] new RSS (index.xml) detected
[Thu Sep 15 23:40:17 2022 UTC] new advisory (001A) for ep132022 detected
[Thu Sep 15 23:40:18 2022 UTC] new best track for ep132022 detected
[Thu Sep 15 23:40:18 2022 UTC] new RSS (index.xml) detected
[Fri Sep 16 02:38:17 2022 UTC] new advisory (002) for ep132022 detected
[Fri Sep 16 02:38:18 2022 UTC] new best track for ep132022 detected
[Fri Sep 16 02:38:18 2022 UTC] new RSS (index.xml) detected
[Fri Sep 16 05:56:29 2022 UTC] new advisory (002A) for ep132022 detected
[Fri Sep 16 05:56:29 2022 UTC] new best track for ep132022 detected
[Fri Sep 16 05:56:30 2022 UTC] new RSS (index.xml) detected
[Fri Sep 16 09:00:20 2022 UTC] new advisory (003) for ep132022 detected
[Fri Sep 16 09:00:20 2022 UTC] new best track for ep132022 detected
[Fri Sep 16 09:00:21 2022 UTC] new RSS (index.xml) detected
[Fri Sep 16 11:47:51 2022 UTC] new advisory (003A) for ep132022 detected
[Fri Sep 16 11:47:51 2022 UTC] new best track for ep132022 detected
[Fri Sep 16 11:47:52 2022 UTC] new RSS (index.xml) detected
[Fri Sep 16 14:38:26 2022 UTC] new advisory (004) for ep132022 detected
[Fri Sep 16 14:38:26 2022 UTC] new best track for ep132022 detected
[Fri Sep 16 14:38:26 2022 UTC] new RSS (index.xml) detected
[Fri Sep 16 17:55:29 2022 UTC] new advisory (004A) for ep132022 detected
[Fri Sep 16 17:55:30 2022 UTC] new best track for ep132022 detected
[Fri Sep 16 17:55:30 2022 UTC] new RSS (index.xml) detected
[Fri Sep 16 20:38:50 2022 UTC] new advisory (005) for ep132022 detected
[Fri Sep 16 20:38:51 2022 UTC] new best track for ep132022 detected
[Fri Sep 16 20:38:51 2022 UTC] new RSS (index.xml) detected
[Fri Sep 16 23:42:38 2022 UTC] new advisory (005A) for ep132022 detected
[Fri Sep 16 23:42:38 2022 UTC] new best track for ep132022 detected
[Fri Sep 16 23:42:38 2022 UTC] new RSS (index.xml) detected
[Sat Sep 17 02:40:17 2022 UTC] new advisory (006) for ep132022 detected
[Sat Sep 17 02:40:18 2022 UTC] new best track for ep132022 detected
[Sat Sep 17 02:40:18 2022 UTC] new RSS (index.xml) detected
[Sat Sep 17 05:52:14 2022 UTC] new advisory (006A) for ep132022 detected
[Sat Sep 17 05:52:14 2022 UTC] new best track for ep132022 detected
[Sat Sep 17 05:52:14 2022 UTC] new RSS (index.xml) detected
[Sat Sep 17 08:59:05 2022 UTC] new advisory (007) for ep132022 detected
[Sat Sep 17 08:59:05 2022 UTC] new best track for ep132022 detected
[Sat Sep 17 08:59:05 2022 UTC] new RSS (index.xml) detected
[Sat Sep 17 11:51:38 2022 UTC] new advisory (007A) for ep132022 detected
[Sat Sep 17 11:51:38 2022 UTC] new best track for ep132022 detected
[Sat Sep 17 11:51:39 2022 UTC] new RSS (index.xml) detected
[Sat Sep 17 14:41:10 2022 UTC] new advisory (008) for ep132022 detected
[Sat Sep 17 14:41:10 2022 UTC] new best track for ep132022 detected
[Sat Sep 17 14:41:10 2022 UTC] new RSS (index.xml) detected
[Sat Sep 17 17:39:51 2022 UTC] new advisory (008A) for ep132022 detected
[Sat Sep 17 17:39:52 2022 UTC] new best track for ep132022 detected
[Sat Sep 17 17:39:52 2022 UTC] new RSS (index.xml) detected
[Sat Sep 17 20:41:54 2022 UTC] new advisory (009) for ep132022 detected
[Sat Sep 17 20:41:55 2022 UTC] new best track for ep132022 detected
[Sat Sep 17 20:41:55 2022 UTC] new RSS (index.xml) detected
