[Thu Sep 21 15:02:38 2023 UTC] new advisory (001) for al162023 detected
[Thu Sep 21 15:02:38 2023 UTC] new best track for al162023 detected
[Thu Sep 21 15:02:38 2023 UTC] new RSS (index.xml) detected
[Thu Sep 21 18:04:27 2023 UTC] new advisory (001A) for al162023 detected
[Thu Sep 21 18:04:27 2023 UTC] new best track for al162023 detected
[Thu Sep 21 18:04:27 2023 UTC] new RSS (index.xml) detected
[Thu Sep 21 21:01:03 2023 UTC] new advisory (002) for al162023 detected
[Thu Sep 21 21:01:03 2023 UTC] new best track for al162023 detected
[Thu Sep 21 21:01:03 2023 UTC] new RSS (index.xml) detected
[Thu Sep 21 23:53:31 2023 UTC] new advisory (002A) for al162023 detected
[Thu Sep 21 23:53:31 2023 UTC] new best track for al162023 detected
[Thu Sep 21 23:53:31 2023 UTC] new RSS (index.xml) detected
[Fri Sep 22 02:54:22 2023 UTC] new advisory (003) for al162023 detected
[Fri Sep 22 02:54:22 2023 UTC] new best track for al162023 detected
[Fri Sep 22 02:54:22 2023 UTC] new RSS (index.xml) detected
[Fri Sep 22 05:38:11 2023 UTC] new advisory (003A) for al162023 detected
[Fri Sep 22 05:38:11 2023 UTC] new best track for al162023 detected
[Fri Sep 22 05:38:11 2023 UTC] new RSS (index.xml) detected
[Fri Sep 22 08:32:38 2023 UTC] new advisory (004) for al162023 detected
[Fri Sep 22 08:32:38 2023 UTC] new best track for al162023 detected
[Fri Sep 22 08:32:38 2023 UTC] new RSS (index.xml) detected
[Fri Sep 22 11:54:34 2023 UTC] new advisory (004A) for al162023 detected
[Fri Sep 22 11:54:35 2023 UTC] new best track for al162023 detected
[Fri Sep 22 11:54:35 2023 UTC] new RSS (index.xml) detected
[Fri Sep 22 14:52:12 2023 UTC] new advisory (005) for al162023 detected
[Fri Sep 22 14:52:12 2023 UTC] new best track for al162023 detected
[Fri Sep 22 14:52:13 2023 UTC] new RSS (index.xml) detected
[Fri Sep 22 17:52:40 2023 UTC] new advisory (005A) for al162023 detected
[Fri Sep 22 17:52:40 2023 UTC] new best track for al162023 detected
[Fri Sep 22 17:52:41 2023 UTC] new RSS (index.xml) detected
[Fri Sep 22 21:01:41 2023 UTC] new advisory (006) for al162023 detected
[Fri Sep 22 21:01:41 2023 UTC] new best track for al162023 detected
[Fri Sep 22 21:01:42 2023 UTC] new RSS (index.xml) detected
[Fri Sep 22 23:51:00 2023 UTC] new advisory (006A) for al162023 detected
[Fri Sep 22 23:51:00 2023 UTC] new best track for al162023 detected
[Fri Sep 22 23:51:01 2023 UTC] new RSS (index.xml) detected
[Sat Sep 23 02:44:15 2023 UTC] new advisory (007) for al162023 detected
[Sat Sep 23 02:44:15 2023 UTC] new best track for al162023 detected
[Sat Sep 23 02:44:16 2023 UTC] new RSS (index.xml) detected
[Sat Sep 23 05:48:50 2023 UTC] new advisory (007A) for al162023 detected
[Sat Sep 23 05:48:50 2023 UTC] new best track for al162023 detected
[Sat Sep 23 05:48:50 2023 UTC] new RSS (index.xml) detected
[Sat Sep 23 08:51:20 2023 UTC] new advisory (008) for al162023 detected
[Sat Sep 23 08:51:20 2023 UTC] new best track for al162023 detected
[Sat Sep 23 08:51:20 2023 UTC] new RSS (index.xml) detected
