[Sun Aug  4 14:36:56 2024 UTC] new advisory (001) for ep052024 detected
[Sun Aug  4 15:00:31 2024 UTC] new best track for ep052024 detected
[Sun Aug  4 15:00:31 2024 UTC] new RSS (index.xml) detected
[Sun Aug  4 20:39:22 2024 UTC] new advisory (002) for ep052024 detected
[Sun Aug  4 20:39:22 2024 UTC] new best track for ep052024 detected
[Sun Aug  4 20:39:22 2024 UTC] new RSS (index.xml) detected
[Mon Aug  5 02:54:30 2024 UTC] new advisory (003) for ep052024 detected
[Mon Aug  5 02:54:30 2024 UTC] new best track for ep052024 detected
[Mon Aug  5 02:54:30 2024 UTC] new RSS (index.xml) detected
[Mon Aug  5 09:01:46 2024 UTC] new advisory (004) for ep052024 detected
[Mon Aug  5 09:01:46 2024 UTC] new best track for ep052024 detected
[Mon Aug  5 09:01:46 2024 UTC] new RSS (index.xml) detected
[Mon Aug  5 14:56:59 2024 UTC] new advisory (005) for ep052024 detected
[Mon Aug  5 14:56:59 2024 UTC] new best track for ep052024 detected
[Mon Aug  5 14:56:59 2024 UTC] new RSS (index.xml) detected
[Mon Aug  5 20:39:23 2024 UTC] new advisory (006) for ep052024 detected
[Mon Aug  5 20:39:23 2024 UTC] new best track for ep052024 detected
[Mon Aug  5 20:39:23 2024 UTC] new RSS (index.xml) detected
[Tue Aug  6 02:48:03 2024 UTC] new advisory (007) for ep052024 detected
[Tue Aug  6 02:48:03 2024 UTC] new best track for ep052024 detected
[Tue Aug  6 02:48:03 2024 UTC] new RSS (index.xml) detected
[Tue Aug  6 08:49:23 2024 UTC] new advisory (008) for ep052024 detected
[Tue Aug  6 08:49:23 2024 UTC] new best track for ep052024 detected
[Tue Aug  6 08:49:23 2024 UTC] new RSS (index.xml) detected
[Tue Aug  6 14:46:56 2024 UTC] new advisory (009) for ep052024 detected
[Tue Aug  6 14:46:56 2024 UTC] new best track for ep052024 detected
[Tue Aug  6 14:46:56 2024 UTC] new RSS (index.xml) detected
[Tue Aug  6 20:53:05 2024 UTC] new advisory (010) for ep052024 detected
[Tue Aug  6 20:53:05 2024 UTC] new best track for ep052024 detected
[Tue Aug  6 20:53:05 2024 UTC] new RSS (index.xml) detected
[Wed Aug  7 02:51:11 2024 UTC] new advisory (011) for ep052024 detected
[Wed Aug  7 02:51:12 2024 UTC] new best track for ep052024 detected
[Wed Aug  7 02:51:12 2024 UTC] new RSS (index.xml) detected
[Wed Aug  7 08:49:02 2024 UTC] new advisory (012) for ep052024 detected
[Wed Aug  7 08:49:02 2024 UTC] new best track for ep052024 detected
[Wed Aug  7 08:49:02 2024 UTC] new RSS (index.xml) detected
[Wed Aug  7 14:36:40 2024 UTC] new advisory (013) for ep052024 detected
[Wed Aug  7 14:36:40 2024 UTC] new best track for ep052024 detected
[Wed Aug  7 14:36:40 2024 UTC] new RSS (index.xml) detected
[Wed Aug  7 20:36:55 2024 UTC] new advisory (014) for ep052024 detected
[Wed Aug  7 20:36:55 2024 UTC] new best track for ep052024 detected
[Wed Aug  7 20:36:55 2024 UTC] new RSS (index.xml) detected
[Thu Aug  8 02:40:40 2024 UTC] new advisory (015) for ep052024 detected
[Thu Aug  8 02:40:40 2024 UTC] new best track for ep052024 detected
[Thu Aug  8 02:40:41 2024 UTC] new RSS (index.xml) detected
[Thu Aug  8 08:51:05 2024 UTC] new advisory (016) for ep052024 detected
[Thu Aug  8 08:51:05 2024 UTC] new best track for ep052024 detected
[Thu Aug  8 08:51:05 2024 UTC] new RSS (index.xml) detected
