[Wed Nov 13 20:50:44 2024 UTC] new advisory (001) for al192024 detected
[Wed Nov 13 21:00:55 2024 UTC] new best track for al192024 detected
[Wed Nov 13 21:00:55 2024 UTC] new RSS (index.xml) detected
[Wed Nov 13 23:32:47 2024 UTC] new advisory (001A) for al192024 detected
[Wed Nov 13 23:32:47 2024 UTC] new best track for al192024 detected
[Wed Nov 13 23:32:47 2024 UTC] new RSS (index.xml) detected
[Thu Nov 14 02:35:35 2024 UTC] new advisory (002) for al192024 detected
[Thu Nov 14 02:35:35 2024 UTC] new best track for al192024 detected
[Thu Nov 14 02:35:35 2024 UTC] new RSS (index.xml) detected
[Thu Nov 14 05:44:58 2024 UTC] new advisory (002A) for al192024 detected
[Thu Nov 14 05:44:58 2024 UTC] new best track for al192024 detected
[Thu Nov 14 05:44:58 2024 UTC] new RSS (index.xml) detected
[Thu Nov 14 08:49:19 2024 UTC] new advisory (003) for al192024 detected
[Thu Nov 14 08:49:19 2024 UTC] new best track for al192024 detected
[Thu Nov 14 08:49:19 2024 UTC] new RSS (index.xml) detected
[Thu Nov 14 11:50:55 2024 UTC] new advisory (003A) for al192024 detected
[Thu Nov 14 11:50:55 2024 UTC] new best track for al192024 detected
[Thu Nov 14 11:50:55 2024 UTC] new RSS (index.xml) detected
[Thu Nov 14 14:51:10 2024 UTC] new advisory (004) for al192024 detected
[Thu Nov 14 14:51:10 2024 UTC] new best track for al192024 detected
[Thu Nov 14 14:51:10 2024 UTC] new RSS (index.xml) detected
[Thu Nov 14 17:46:28 2024 UTC] new advisory (004A) for al192024 detected
[Thu Nov 14 17:46:28 2024 UTC] new best track for al192024 detected
[Thu Nov 14 17:46:28 2024 UTC] new RSS (index.xml) detected
[Thu Nov 14 20:45:38 2024 UTC] new advisory (005) for al192024 detected
[Thu Nov 14 20:45:38 2024 UTC] new best track for al192024 detected
[Thu Nov 14 20:45:38 2024 UTC] new RSS (index.xml) detected
[Thu Nov 14 23:49:56 2024 UTC] new advisory (005A) for al192024 detected
[Thu Nov 14 23:49:57 2024 UTC] new best track for al192024 detected
[Thu Nov 14 23:49:57 2024 UTC] new RSS (index.xml) detected
[Fri Nov 15 02:54:24 2024 UTC] new advisory (006) for al192024 detected
[Fri Nov 15 02:54:24 2024 UTC] new best track for al192024 detected
[Fri Nov 15 02:54:24 2024 UTC] new RSS (index.xml) detected
[Fri Nov 15 05:40:33 2024 UTC] new advisory (006A) for al192024 detected
[Fri Nov 15 05:40:33 2024 UTC] new best track for al192024 detected
[Fri Nov 15 05:40:33 2024 UTC] new RSS (index.xml) detected
[Fri Nov 15 08:47:23 2024 UTC] new advisory (007) for al192024 detected
[Fri Nov 15 08:47:23 2024 UTC] new best track for al192024 detected
[Fri Nov 15 08:47:23 2024 UTC] new RSS (index.xml) detected
[Fri Nov 15 12:01:00 2024 UTC] new advisory (007A) for al192024 detected
[Fri Nov 15 12:01:01 2024 UTC] new best track for al192024 detected
[Fri Nov 15 12:01:01 2024 UTC] new RSS (index.xml) detected
[Fri Nov 15 14:49:20 2024 UTC] new advisory (008) for al192024 detected
[Fri Nov 15 14:49:21 2024 UTC] new best track for al192024 detected
[Fri Nov 15 14:49:21 2024 UTC] new RSS (index.xml) detected
[Fri Nov 15 17:48:49 2024 UTC] new advisory (008A) for al192024 detected
[Fri Nov 15 17:48:49 2024 UTC] new best track for al192024 detected
[Fri Nov 15 17:48:49 2024 UTC] new RSS (index.xml) detected
[Fri Nov 15 20:36:53 2024 UTC] new advisory (009) for al192024 detected
[Fri Nov 15 20:36:53 2024 UTC] new best track for al192024 detected
[Fri Nov 15 20:36:53 2024 UTC] new RSS (index.xml) detected
[Fri Nov 15 23:33:13 2024 UTC] new advisory (009A) for al192024 detected
[Fri Nov 15 23:33:13 2024 UTC] new best track for al192024 detected
[Fri Nov 15 23:33:13 2024 UTC] new RSS (index.xml) detected
[Sat Nov 16 02:32:35 2024 UTC] new advisory (010) for al192024 detected
[Sat Nov 16 02:32:35 2024 UTC] new best track for al192024 detected
[Sat Nov 16 02:32:35 2024 UTC] new RSS (index.xml) detected
[Sat Nov 16 05:35:06 2024 UTC] new advisory (010A) for al192024 detected
[Sat Nov 16 05:35:06 2024 UTC] new best track for al192024 detected
[Sat Nov 16 05:35:06 2024 UTC] new RSS (index.xml) detected
[Sat Nov 16 08:40:46 2024 UTC] new advisory (011) for al192024 detected
[Sat Nov 16 08:40:46 2024 UTC] new best track for al192024 detected
[Sat Nov 16 08:40:46 2024 UTC] new RSS (index.xml) detected
[Sat Nov 16 11:49:10 2024 UTC] new advisory (011A) for al192024 detected
[Sat Nov 16 11:49:10 2024 UTC] new best track for al192024 detected
[Sat Nov 16 11:49:10 2024 UTC] new RSS (index.xml) detected
[Sat Nov 16 14:42:26 2024 UTC] new advisory (012) for al192024 detected
[Sat Nov 16 14:42:27 2024 UTC] new best track for al192024 detected
[Sat Nov 16 14:42:27 2024 UTC] new RSS (index.xml) detected
[Sat Nov 16 17:55:03 2024 UTC] new advisory (012A) for al192024 detected
[Sat Nov 16 17:55:03 2024 UTC] new best track for al192024 detected
[Sat Nov 16 17:55:03 2024 UTC] new RSS (index.xml) detected
[Sat Nov 16 20:42:07 2024 UTC] new advisory (013) for al192024 detected
[Sat Nov 16 20:42:07 2024 UTC] new best track for al192024 detected
[Sat Nov 16 20:42:07 2024 UTC] new RSS (index.xml) detected
