[Sat Jun 28 20:52:41 2025 UTC] new advisory (001) for al022025 detected
[Sat Jun 28 21:00:51 2025 UTC] new best track for al022025 detected
[Sat Jun 28 21:00:51 2025 UTC] new RSS (index.xml) detected
[Sat Jun 28 23:32:47 2025 UTC] new advisory (001A) for al022025 detected
[Sat Jun 28 23:32:48 2025 UTC] new best track for al022025 detected
[Sat Jun 28 23:32:48 2025 UTC] new RSS (index.xml) detected
[Sun Jun 29 02:35:19 2025 UTC] new advisory (002) for al022025 detected
[Sun Jun 29 02:35:19 2025 UTC] new best track for al022025 detected
[Sun Jun 29 02:35:19 2025 UTC] new RSS (index.xml) detected
[Sun Jun 29 05:52:05 2025 UTC] new advisory (002A) for al022025 detected
[Sun Jun 29 05:52:05 2025 UTC] new best track for al022025 detected
[Sun Jun 29 05:52:05 2025 UTC] new RSS (index.xml) detected
[Sun Jun 29 08:35:14 2025 UTC] new advisory (003) for al022025 detected
[Sun Jun 29 08:35:15 2025 UTC] new best track for al022025 detected
[Sun Jun 29 08:35:15 2025 UTC] new RSS (index.xml) detected
[Sun Jun 29 11:55:23 2025 UTC] new advisory (003A) for al022025 detected
[Sun Jun 29 11:55:23 2025 UTC] new best track for al022025 detected
[Sun Jun 29 11:55:23 2025 UTC] new RSS (index.xml) detected
[Sun Jun 29 14:57:11 2025 UTC] new advisory (004) for al022025 detected
[Sun Jun 29 14:57:11 2025 UTC] new best track for al022025 detected
[Sun Jun 29 14:57:11 2025 UTC] new RSS (index.xml) detected
[Sun Jun 29 17:41:05 2025 UTC] new advisory (004A) for al022025 detected
[Sun Jun 29 17:41:05 2025 UTC] new best track for al022025 detected
[Sun Jun 29 17:41:05 2025 UTC] new RSS (index.xml) detected
[Sun Jun 29 20:36:14 2025 UTC] new advisory (005) for al022025 detected
[Sun Jun 29 20:36:14 2025 UTC] new best track for al022025 detected
[Sun Jun 29 20:36:14 2025 UTC] new RSS (index.xml) detected
