[Thu Jun 22 08:57:08 2023 UTC] new advisory (001) for al042023 detected
[Thu Jun 22 09:01:19 2023 UTC] new best track for al042023 detected
[Thu Jun 22 09:01:19 2023 UTC] new RSS (index.xml) detected
[Thu Jun 22 14:41:11 2023 UTC] new advisory (002) for al042023 detected
[Thu Jun 22 14:41:12 2023 UTC] new best track for al042023 detected
[Thu Jun 22 14:41:12 2023 UTC] new RSS (index.xml) detected
[Thu Jun 22 20:37:54 2023 UTC] new advisory (003) for al042023 detected
[Thu Jun 22 20:37:54 2023 UTC] new best track for al042023 detected
[Thu Jun 22 20:37:54 2023 UTC] new RSS (index.xml) detected
[Fri Jun 23 02:41:47 2023 UTC] new advisory (004) for al042023 detected
[Fri Jun 23 02:41:47 2023 UTC] new best track for al042023 detected
[Fri Jun 23 02:41:47 2023 UTC] new RSS (index.xml) detected
[Fri Jun 23 08:49:37 2023 UTC] new advisory (005) for al042023 detected
[Fri Jun 23 08:49:38 2023 UTC] new best track for al042023 detected
[Fri Jun 23 08:49:38 2023 UTC] new RSS (index.xml) detected
[Fri Jun 23 14:38:38 2023 UTC] new advisory (006) for al042023 detected
[Fri Jun 23 14:38:38 2023 UTC] new best track for al042023 detected
[Fri Jun 23 14:38:38 2023 UTC] new RSS (index.xml) detected
[Fri Jun 23 20:38:07 2023 UTC] new advisory (007) for al042023 detected
[Fri Jun 23 20:38:07 2023 UTC] new best track for al042023 detected
[Fri Jun 23 20:38:07 2023 UTC] new RSS (index.xml) detected
[Sat Jun 24 02:45:50 2023 UTC] new advisory (008) for al042023 detected
[Sat Jun 24 02:45:51 2023 UTC] new best track for al042023 detected
[Sat Jun 24 02:45:51 2023 UTC] new RSS (index.xml) detected
[Sat Jun 24 08:45:05 2023 UTC] new advisory (009) for al042023 detected
[Sat Jun 24 08:45:06 2023 UTC] new best track for al042023 detected
[Sat Jun 24 08:45:06 2023 UTC] new RSS (index.xml) detected
[Sat Jun 24 14:54:12 2023 UTC] new advisory (010) for al042023 detected
[Sat Jun 24 14:54:12 2023 UTC] new best track for al042023 detected
[Sat Jun 24 14:54:12 2023 UTC] new RSS (index.xml) detected
[Sat Jun 24 20:43:10 2023 UTC] new advisory (011) for al042023 detected
[Sat Jun 24 20:43:10 2023 UTC] new best track for al042023 detected
[Sat Jun 24 20:43:10 2023 UTC] new RSS (index.xml) detected
[Sun Jun 25 02:32:23 2023 UTC] new advisory (012) for al042023 detected
[Sun Jun 25 02:32:23 2023 UTC] new best track for al042023 detected
[Sun Jun 25 02:32:23 2023 UTC] new RSS (index.xml) detected
[Sun Jun 25 08:37:24 2023 UTC] new advisory (013) for al042023 detected
[Sun Jun 25 08:37:25 2023 UTC] new best track for al042023 detected
[Sun Jun 25 08:37:25 2023 UTC] new RSS (index.xml) detected
[Sun Jun 25 14:37:53 2023 UTC] new advisory (014) for al042023 detected
[Sun Jun 25 14:37:53 2023 UTC] new best track for al042023 detected
[Sun Jun 25 14:37:53 2023 UTC] new RSS (index.xml) detected
[Sun Jun 25 20:38:25 2023 UTC] new advisory (015) for al042023 detected
[Sun Jun 25 20:38:25 2023 UTC] new best track for al042023 detected
[Sun Jun 25 20:38:26 2023 UTC] new RSS (index.xml) detected
