[Fri Sep 23 09:03:06 2022 UTC] new advisory (001) for al092022 detected
[Fri Sep 23 09:03:06 2022 UTC] new best track for al092022 detected
[Fri Sep 23 09:03:07 2022 UTC] new RSS (index.xml) detected
[Fri Sep 23 14:59:23 2022 UTC] new advisory (002) for al092022 detected
[Fri Sep 23 14:59:23 2022 UTC] new best track for al092022 detected
[Fri Sep 23 14:59:24 2022 UTC] new RSS (index.xml) detected
[Fri Sep 23 20:59:42 2022 UTC] new advisory (003) for al092022 detected
[Fri Sep 23 20:59:42 2022 UTC] new best track for al092022 detected
[Fri Sep 23 20:59:43 2022 UTC] new RSS (index.xml) detected
[Fri Sep 23 23:50:12 2022 UTC] new advisory (003A) for al092022 detected
[Fri Sep 23 23:50:13 2022 UTC] new best track for al092022 detected
[Fri Sep 23 23:50:13 2022 UTC] new RSS (index.xml) detected
[Sat Sep 24 02:51:53 2022 UTC] new advisory (004) for al092022 detected
[Sat Sep 24 02:51:53 2022 UTC] new best track for al092022 detected
[Sat Sep 24 02:51:54 2022 UTC] new RSS (index.xml) detected
[Sat Sep 24 05:52:37 2022 UTC] new advisory (004A) for al092022 detected
[Sat Sep 24 05:52:38 2022 UTC] new best track for al092022 detected
[Sat Sep 24 05:52:38 2022 UTC] new RSS (index.xml) detected
[Sat Sep 24 08:56:27 2022 UTC] new advisory (005) for al092022 detected
[Sat Sep 24 08:56:27 2022 UTC] new best track for al092022 detected
[Sat Sep 24 08:56:27 2022 UTC] new RSS (index.xml) detected
[Sat Sep 24 11:55:05 2022 UTC] new advisory (005A) for al092022 detected
[Sat Sep 24 11:55:05 2022 UTC] new best track for al092022 detected
[Sat Sep 24 11:55:06 2022 UTC] new RSS (index.xml) detected
[Sat Sep 24 14:57:54 2022 UTC] new advisory (006) for al092022 detected
[Sat Sep 24 14:57:54 2022 UTC] new best track for al092022 detected
[Sat Sep 24 14:57:55 2022 UTC] new RSS (index.xml) detected
[Sat Sep 24 17:56:32 2022 UTC] new advisory (006A) for al092022 detected
[Sat Sep 24 17:56:32 2022 UTC] new best track for al092022 detected
[Sat Sep 24 17:56:33 2022 UTC] new RSS (index.xml) detected
[Sat Sep 24 21:02:38 2022 UTC] new advisory (007) for al092022 detected
[Sat Sep 24 21:02:38 2022 UTC] new best track for al092022 detected
[Sat Sep 24 21:02:38 2022 UTC] new RSS (index.xml) detected
[Sat Sep 24 23:55:48 2022 UTC] new advisory (007A) for al092022 detected
[Sat Sep 24 23:55:48 2022 UTC] new best track for al092022 detected
[Sat Sep 24 23:55:49 2022 UTC] new RSS (index.xml) detected
[Sun Sep 25 03:00:31 2022 UTC] new advisory (008) for al092022 detected
[Sun Sep 25 03:00:32 2022 UTC] new best track for al092022 detected
[Sun Sep 25 03:00:32 2022 UTC] new RSS (index.xml) detected
[Sun Sep 25 05:49:32 2022 UTC] new advisory (008A) for al092022 detected
[Sun Sep 25 05:49:32 2022 UTC] new best track for al092022 detected
[Sun Sep 25 05:49:32 2022 UTC] new RSS (index.xml) detected
[Sun Sep 25 08:49:06 2022 UTC] new advisory (009) for al092022 detected
[Sun Sep 25 08:49:06 2022 UTC] new best track for al092022 detected
[Sun Sep 25 08:49:07 2022 UTC] new RSS (index.xml) detected
[Sun Sep 25 12:03:57 2022 UTC] new advisory (009A) for al092022 detected
[Sun Sep 25 12:03:57 2022 UTC] new best track for al092022 detected
[Sun Sep 25 12:03:57 2022 UTC] new RSS (index.xml) detected
[Sun Sep 25 15:03:33 2022 UTC] new advisory (010) for al092022 detected
[Sun Sep 25 15:03:33 2022 UTC] new best track for al092022 detected
[Sun Sep 25 15:03:33 2022 UTC] new RSS (index.xml) detected
[Sun Sep 25 17:56:22 2022 UTC] new advisory (010A) for al092022 detected
[Sun Sep 25 17:56:22 2022 UTC] new best track for al092022 detected
[Sun Sep 25 17:56:23 2022 UTC] new RSS (index.xml) detected
[Sun Sep 25 21:02:07 2022 UTC] new advisory (011) for al092022 detected
[Sun Sep 25 21:02:08 2022 UTC] new best track for al092022 detected
[Sun Sep 25 21:02:08 2022 UTC] new RSS (index.xml) detected
[Mon Sep 26 00:02:46 2022 UTC] new advisory (011A) for al092022 detected
[Mon Sep 26 00:02:46 2022 UTC] new best track for al092022 detected
[Mon Sep 26 00:02:46 2022 UTC] new RSS (index.xml) detected
[Mon Sep 26 02:55:16 2022 UTC] new advisory (012) for al092022 detected
[Mon Sep 26 02:55:17 2022 UTC] new best track for al092022 detected
[Mon Sep 26 02:55:17 2022 UTC] new RSS (index.xml) detected
[Mon Sep 26 05:51:37 2022 UTC] new advisory (012A) for al092022 detected
[Mon Sep 26 05:51:37 2022 UTC] new best track for al092022 detected
[Mon Sep 26 05:51:37 2022 UTC] new RSS (index.xml) detected
[Mon Sep 26 08:59:22 2022 UTC] new advisory (013) for al092022 detected
[Mon Sep 26 08:59:22 2022 UTC] new best track for al092022 detected
[Mon Sep 26 08:59:23 2022 UTC] new RSS (index.xml) detected
[Mon Sep 26 11:57:28 2022 UTC] new advisory (013A) for al092022 detected
[Mon Sep 26 11:57:28 2022 UTC] new best track for al092022 detected
[Mon Sep 26 11:57:29 2022 UTC] new RSS (index.xml) detected
[Mon Sep 26 14:59:43 2022 UTC] new advisory (014) for al092022 detected
[Mon Sep 26 14:59:43 2022 UTC] new best track for al092022 detected
[Mon Sep 26 14:59:44 2022 UTC] new RSS (index.xml) detected
[Mon Sep 26 17:57:30 2022 UTC] new advisory (014A) for al092022 detected
[Mon Sep 26 17:57:30 2022 UTC] new best track for al092022 detected
[Mon Sep 26 17:57:31 2022 UTC] new RSS (index.xml) detected
[Mon Sep 26 20:59:47 2022 UTC] new advisory (015) for al092022 detected
[Mon Sep 26 20:59:47 2022 UTC] new best track for al092022 detected
[Mon Sep 26 20:59:47 2022 UTC] new RSS (index.xml) detected
[Tue Sep 27 00:02:02 2022 UTC] new advisory (015A) for al092022 detected
[Tue Sep 27 00:02:02 2022 UTC] new best track for al092022 detected
[Tue Sep 27 00:02:03 2022 UTC] new RSS (index.xml) detected
[Tue Sep 27 03:00:12 2022 UTC] new advisory (016) for al092022 detected
[Tue Sep 27 03:00:12 2022 UTC] new best track for al092022 detected
[Tue Sep 27 03:00:13 2022 UTC] new RSS (index.xml) detected
[Tue Sep 27 05:52:13 2022 UTC] new advisory (016A) for al092022 detected
[Tue Sep 27 05:52:13 2022 UTC] new best track for al092022 detected
[Tue Sep 27 05:52:14 2022 UTC] new RSS (index.xml) detected
[Tue Sep 27 08:57:32 2022 UTC] new advisory (017) for al092022 detected
[Tue Sep 27 08:57:33 2022 UTC] new best track for al092022 detected
[Tue Sep 27 08:57:33 2022 UTC] new RSS (index.xml) detected
[Tue Sep 27 11:59:57 2022 UTC] new advisory (017A) for al092022 detected
[Tue Sep 27 11:59:57 2022 UTC] new best track for al092022 detected
[Tue Sep 27 11:59:57 2022 UTC] new RSS (index.xml) detected
[Tue Sep 27 15:02:08 2022 UTC] new advisory (018) for al092022 detected
[Tue Sep 27 15:02:08 2022 UTC] new best track for al092022 detected
[Tue Sep 27 15:02:09 2022 UTC] new RSS (index.xml) detected
[Tue Sep 27 17:58:18 2022 UTC] new advisory (018A) for al092022 detected
[Tue Sep 27 17:58:18 2022 UTC] new best track for al092022 detected
[Tue Sep 27 17:58:18 2022 UTC] new RSS (index.xml) detected
[Tue Sep 27 20:59:11 2022 UTC] new advisory (019) for al092022 detected
[Tue Sep 27 20:59:11 2022 UTC] new best track for al092022 detected
[Tue Sep 27 20:59:11 2022 UTC] new RSS (index.xml) detected
[Tue Sep 27 23:56:03 2022 UTC] new advisory (019A) for al092022 detected
[Tue Sep 27 23:56:03 2022 UTC] new best track for al092022 detected
[Tue Sep 27 23:56:04 2022 UTC] new RSS (index.xml) detected
[Wed Sep 28 02:56:09 2022 UTC] new advisory (020) for al092022 detected
[Wed Sep 28 02:56:10 2022 UTC] new best track for al092022 detected
[Wed Sep 28 02:56:10 2022 UTC] new RSS (index.xml) detected
[Wed Sep 28 04:22:06 2022 UTC] new advisory (021) for al092022 detected
[Wed Sep 28 04:22:06 2022 UTC] new best track for al092022 detected
[Wed Sep 28 04:22:06 2022 UTC] new RSS (index.xml) detected
[Wed Sep 28 05:52:54 2022 UTC] new advisory (021A) for al092022 detected
[Wed Sep 28 05:52:54 2022 UTC] new best track for al092022 detected
[Wed Sep 28 05:52:54 2022 UTC] new RSS (index.xml) detected
[Wed Sep 28 08:57:03 2022 UTC] new advisory (022) for al092022 detected
[Wed Sep 28 08:57:04 2022 UTC] new best track for al092022 detected
[Wed Sep 28 08:57:04 2022 UTC] new RSS (index.xml) detected
[Wed Sep 28 10:59:51 2022 UTC] new advisory (023) for al092022 detected
[Wed Sep 28 10:59:51 2022 UTC] new best track for al092022 detected
[Wed Sep 28 10:59:51 2022 UTC] new RSS (index.xml) detected
[Wed Sep 28 12:01:15 2022 UTC] new advisory (023A) for al092022 detected
[Wed Sep 28 12:01:15 2022 UTC] new best track for al092022 detected
[Wed Sep 28 12:01:16 2022 UTC] new RSS (index.xml) detected
[Wed Sep 28 14:59:06 2022 UTC] new advisory (024) for al092022 detected
[Wed Sep 28 14:59:07 2022 UTC] new best track for al092022 detected
[Wed Sep 28 14:59:07 2022 UTC] new RSS (index.xml) detected
[Wed Sep 28 18:00:34 2022 UTC] new advisory (024A) for al092022 detected
[Wed Sep 28 18:00:35 2022 UTC] new best track for al092022 detected
[Wed Sep 28 18:00:35 2022 UTC] new RSS (index.xml) detected
[Wed Sep 28 21:01:21 2022 UTC] new advisory (025) for al092022 detected
[Wed Sep 28 21:01:21 2022 UTC] new best track for al092022 detected
[Wed Sep 28 21:01:22 2022 UTC] new RSS (index.xml) detected
[Wed Sep 28 23:57:02 2022 UTC] new advisory (025A) for al092022 detected
[Wed Sep 28 23:57:02 2022 UTC] new best track for al092022 detected
[Wed Sep 28 23:57:03 2022 UTC] new RSS (index.xml) detected
[Thu Sep 29 03:05:00 2022 UTC] new advisory (026) for al092022 detected
[Thu Sep 29 03:05:00 2022 UTC] new best track for al092022 detected
[Thu Sep 29 03:05:01 2022 UTC] new RSS (index.xml) detected
[Thu Sep 29 06:02:27 2022 UTC] new advisory (026A) for al092022 detected
[Thu Sep 29 06:02:27 2022 UTC] new best track for al092022 detected
[Thu Sep 29 06:02:28 2022 UTC] new RSS (index.xml) detected
[Thu Sep 29 09:03:07 2022 UTC] new advisory (027) for al092022 detected
[Thu Sep 29 09:03:08 2022 UTC] new best track for al092022 detected
[Thu Sep 29 09:03:08 2022 UTC] new RSS (index.xml) detected
[Thu Sep 29 12:03:02 2022 UTC] new advisory (027A) for al092022 detected
[Thu Sep 29 12:03:02 2022 UTC] new best track for al092022 detected
[Thu Sep 29 12:03:02 2022 UTC] new RSS (index.xml) detected
[Thu Sep 29 15:02:39 2022 UTC] new advisory (028) for al092022 detected
[Thu Sep 29 15:02:40 2022 UTC] new best track for al092022 detected
[Thu Sep 29 15:02:40 2022 UTC] new RSS (index.xml) detected
[Thu Sep 29 17:59:13 2022 UTC] new advisory (028A) for al092022 detected
[Thu Sep 29 17:59:13 2022 UTC] new best track for al092022 detected
[Thu Sep 29 17:59:14 2022 UTC] new RSS (index.xml) detected
[Thu Sep 29 20:58:54 2022 UTC] new advisory (029) for al092022 detected
[Thu Sep 29 20:58:54 2022 UTC] new best track for al092022 detected
[Thu Sep 29 20:58:55 2022 UTC] new RSS (index.xml) detected
