[Sat Aug 13 20:41:24 2022 UTC] new advisory (001) for ep102022 detected
[Sat Aug 13 20:41:25 2022 UTC] new best track for ep102022 detected
[Sat Aug 13 20:41:25 2022 UTC] new RSS (index.xml) detected
[Sun Aug 14 02:36:49 2022 UTC] new advisory (002) for ep102022 detected
[Sun Aug 14 02:36:49 2022 UTC] new best track for ep102022 detected
[Sun Aug 14 02:36:50 2022 UTC] new RSS (index.xml) detected
[Sun Aug 14 08:33:12 2022 UTC] new advisory (003) for ep102022 detected
[Sun Aug 14 08:33:13 2022 UTC] new best track for ep102022 detected
[Sun Aug 14 08:33:13 2022 UTC] new RSS (index.xml) detected
[Mon Aug 15 15:40:15 2022 UTC] new advisory (008) for ep102022 detected
[Mon Aug 15 15:40:16 2022 UTC] new best track for ep102022 detected
[Mon Aug 15 15:40:16 2022 UTC] new RSS (index.xml) detected
[Mon Aug 15 20:45:48 2022 UTC] new advisory (009) for ep102022 detected
[Mon Aug 15 20:45:48 2022 UTC] new best track for ep102022 detected
[Mon Aug 15 20:45:48 2022 UTC] new RSS (index.xml) detected
[Tue Aug 16 02:39:16 2022 UTC] new advisory (010) for ep102022 detected
[Tue Aug 16 02:39:16 2022 UTC] new best track for ep102022 detected
[Tue Aug 16 02:39:16 2022 UTC] new RSS (index.xml) detected
[Tue Aug 16 08:39:40 2022 UTC] new advisory (011) for ep102022 detected
[Tue Aug 16 08:39:41 2022 UTC] new best track for ep102022 detected
[Tue Aug 16 08:39:41 2022 UTC] new RSS (index.xml) detected
[Tue Aug 16 14:38:19 2022 UTC] new advisory (012) for ep102022 detected
[Tue Aug 16 14:38:20 2022 UTC] new best track for ep102022 detected
[Tue Aug 16 14:38:20 2022 UTC] new RSS (index.xml) detected
[Tue Aug 16 20:45:03 2022 UTC] new advisory (013) for ep102022 detected
[Tue Aug 16 20:45:04 2022 UTC] new best track for ep102022 detected
[Tue Aug 16 20:45:04 2022 UTC] new RSS (index.xml) detected
