[Sun Oct 30 20:53:02 2022 UTC] new advisory (001) for al152022 detected
[Sun Oct 30 21:01:29 2022 UTC] new best track for al152022 detected
[Sun Oct 30 21:01:30 2022 UTC] new RSS (index.xml) detected
[Sun Oct 30 23:33:12 2022 UTC] new advisory (001A) for al152022 detected
[Sun Oct 30 23:33:13 2022 UTC] new best track for al152022 detected
[Sun Oct 30 23:33:13 2022 UTC] new RSS (index.xml) detected
[Mon Oct 31 02:37:00 2022 UTC] new advisory (002) for al152022 detected
[Mon Oct 31 02:37:00 2022 UTC] new best track for al152022 detected
[Mon Oct 31 02:37:01 2022 UTC] new RSS (index.xml) detected
[Mon Oct 31 05:46:43 2022 UTC] new advisory (002A) for al152022 detected
[Mon Oct 31 05:46:43 2022 UTC] new best track for al152022 detected
[Mon Oct 31 05:46:44 2022 UTC] new RSS (index.xml) detected
[Mon Oct 31 08:43:33 2022 UTC] new advisory (003) for al152022 detected
[Mon Oct 31 08:43:33 2022 UTC] new best track for al152022 detected
[Mon Oct 31 08:43:34 2022 UTC] new RSS (index.xml) detected
[Mon Oct 31 11:53:09 2022 UTC] new advisory (003A) for al152022 detected
[Mon Oct 31 11:53:09 2022 UTC] new best track for al152022 detected
[Mon Oct 31 11:53:10 2022 UTC] new RSS (index.xml) detected
[Mon Oct 31 14:53:34 2022 UTC] new advisory (004) for al152022 detected
[Mon Oct 31 14:53:35 2022 UTC] new best track for al152022 detected
[Mon Oct 31 14:53:36 2022 UTC] new RSS (index.xml) detected
[Mon Oct 31 17:53:52 2022 UTC] new advisory (004A) for al152022 detected
[Mon Oct 31 17:53:53 2022 UTC] new best track for al152022 detected
[Mon Oct 31 17:53:53 2022 UTC] new RSS (index.xml) detected
[Mon Oct 31 20:55:29 2022 UTC] new advisory (005) for al152022 detected
[Mon Oct 31 20:55:29 2022 UTC] new best track for al152022 detected
[Mon Oct 31 20:55:30 2022 UTC] new RSS (index.xml) detected
[Mon Oct 31 23:50:54 2022 UTC] new advisory (005A) for al152022 detected
[Mon Oct 31 23:50:55 2022 UTC] new best track for al152022 detected
[Mon Oct 31 23:50:56 2022 UTC] new RSS (index.xml) detected
[Tue Nov  1 02:56:44 2022 UTC] new advisory (006) for al152022 detected
[Tue Nov  1 02:56:44 2022 UTC] new best track for al152022 detected
[Tue Nov  1 02:56:45 2022 UTC] new RSS (index.xml) detected
[Tue Nov  1 05:47:31 2022 UTC] new advisory (006A) for al152022 detected
[Tue Nov  1 05:47:32 2022 UTC] new best track for al152022 detected
[Tue Nov  1 05:47:32 2022 UTC] new RSS (index.xml) detected
[Tue Nov  1 08:42:27 2022 UTC] new advisory (007) for al152022 detected
[Tue Nov  1 08:42:27 2022 UTC] new best track for al152022 detected
[Tue Nov  1 08:42:28 2022 UTC] new RSS (index.xml) detected
[Tue Nov  1 11:54:32 2022 UTC] new advisory (007A) for al152022 detected
[Tue Nov  1 11:54:32 2022 UTC] new best track for al152022 detected
[Tue Nov  1 11:54:33 2022 UTC] new RSS (index.xml) detected
[Tue Nov  1 14:59:53 2022 UTC] new advisory (008) for al152022 detected
[Tue Nov  1 14:59:53 2022 UTC] new best track for al152022 detected
[Tue Nov  1 14:59:54 2022 UTC] new RSS (index.xml) detected
[Tue Nov  1 17:52:10 2022 UTC] new advisory (008A) for al152022 detected
[Tue Nov  1 17:52:10 2022 UTC] new best track for al152022 detected
[Tue Nov  1 17:52:11 2022 UTC] new RSS (index.xml) detected
[Tue Nov  1 20:52:34 2022 UTC] new advisory (009) for al152022 detected
[Tue Nov  1 20:52:34 2022 UTC] new best track for al152022 detected
[Tue Nov  1 20:52:35 2022 UTC] new RSS (index.xml) detected
[Tue Nov  1 23:52:38 2022 UTC] new advisory (009A) for al152022 detected
[Tue Nov  1 23:52:38 2022 UTC] new best track for al152022 detected
[Tue Nov  1 23:52:39 2022 UTC] new RSS (index.xml) detected
[Wed Nov  2 02:48:25 2022 UTC] new advisory (010) for al152022 detected
[Wed Nov  2 02:48:25 2022 UTC] new best track for al152022 detected
[Wed Nov  2 02:48:26 2022 UTC] new RSS (index.xml) detected
[Wed Nov  2 05:35:15 2022 UTC] new advisory (010A) for al152022 detected
[Wed Nov  2 05:35:16 2022 UTC] new best track for al152022 detected
[Wed Nov  2 05:35:16 2022 UTC] new RSS (index.xml) detected
[Wed Nov  2 08:41:51 2022 UTC] new advisory (011) for al152022 detected
[Wed Nov  2 08:41:51 2022 UTC] new best track for al152022 detected
[Wed Nov  2 08:41:52 2022 UTC] new RSS (index.xml) detected
[Wed Nov  2 11:47:26 2022 UTC] new advisory (011A) for al152022 detected
[Wed Nov  2 11:47:26 2022 UTC] new best track for al152022 detected
[Wed Nov  2 11:47:27 2022 UTC] new RSS (index.xml) detected
[Wed Nov  2 14:56:11 2022 UTC] new advisory (012) for al152022 detected
[Wed Nov  2 14:56:11 2022 UTC] new best track for al152022 detected
[Wed Nov  2 14:56:12 2022 UTC] new RSS (index.xml) detected
[Wed Nov  2 17:41:04 2022 UTC] new advisory (012A) for al152022 detected
[Wed Nov  2 17:41:04 2022 UTC] new best track for al152022 detected
[Wed Nov  2 17:41:05 2022 UTC] new RSS (index.xml) detected
[Wed Nov  2 20:45:42 2022 UTC] new advisory (013) for al152022 detected
[Wed Nov  2 20:45:42 2022 UTC] new best track for al152022 detected
[Wed Nov  2 20:45:43 2022 UTC] new RSS (index.xml) detected
[Wed Nov  2 23:47:49 2022 UTC] new advisory (013A) for al152022 detected
[Wed Nov  2 23:47:49 2022 UTC] new best track for al152022 detected
[Wed Nov  2 23:47:50 2022 UTC] new RSS (index.xml) detected
[Thu Nov  3 02:52:29 2022 UTC] new advisory (014) for al152022 detected
[Thu Nov  3 02:52:30 2022 UTC] new best track for al152022 detected
[Thu Nov  3 02:52:30 2022 UTC] new RSS (index.xml) detected
[Thu Nov  3 05:41:32 2022 UTC] new advisory (014A) for al152022 detected
[Thu Nov  3 05:41:33 2022 UTC] new best track for al152022 detected
[Thu Nov  3 05:41:34 2022 UTC] new RSS (index.xml) detected
[Thu Nov  3 08:42:28 2022 UTC] new advisory (015) for al152022 detected
[Thu Nov  3 08:42:29 2022 UTC] new best track for al152022 detected
[Thu Nov  3 08:42:29 2022 UTC] new RSS (index.xml) detected
[Thu Nov  3 11:40:27 2022 UTC] new advisory (015A) for al152022 detected
[Thu Nov  3 11:40:28 2022 UTC] new best track for al152022 detected
[Thu Nov  3 11:40:28 2022 UTC] new RSS (index.xml) detected
[Thu Nov  3 14:47:05 2022 UTC] new advisory (016) for al152022 detected
[Thu Nov  3 14:47:05 2022 UTC] new best track for al152022 detected
[Thu Nov  3 14:47:06 2022 UTC] new RSS (index.xml) detected
[Thu Nov  3 20:47:24 2022 UTC] new advisory (017) for al152022 detected
[Thu Nov  3 20:47:24 2022 UTC] new best track for al152022 detected
[Thu Nov  3 20:47:25 2022 UTC] new RSS (index.xml) detected
