[Sat Aug 19 20:45:25 2023 UTC] new advisory (001) for al062023 detected
[Sat Aug 19 21:01:19 2023 UTC] new best track for al062023 detected
[Sat Aug 19 21:01:19 2023 UTC] new RSS (index.xml) detected
[Sun Aug 20 02:48:10 2023 UTC] new advisory (002) for al062023 detected
[Sun Aug 20 02:48:11 2023 UTC] new best track for al062023 detected
[Sun Aug 20 02:48:11 2023 UTC] new RSS (index.xml) detected
[Sun Aug 20 08:52:22 2023 UTC] new advisory (003) for al062023 detected
[Sun Aug 20 08:52:23 2023 UTC] new best track for al062023 detected
[Sun Aug 20 08:52:23 2023 UTC] new RSS (index.xml) detected
[Sun Aug 20 14:48:01 2023 UTC] new advisory (004) for al062023 detected
[Sun Aug 20 14:48:02 2023 UTC] new best track for al062023 detected
[Sun Aug 20 14:48:02 2023 UTC] new RSS (index.xml) detected
[Sun Aug 20 20:33:46 2023 UTC] new advisory (005) for al062023 detected
[Sun Aug 20 20:33:46 2023 UTC] new best track for al062023 detected
[Sun Aug 20 20:33:46 2023 UTC] new RSS (index.xml) detected
[Mon Aug 21 02:46:20 2023 UTC] new advisory (006) for al062023 detected
[Mon Aug 21 02:46:20 2023 UTC] new best track for al062023 detected
[Mon Aug 21 02:46:20 2023 UTC] new RSS (index.xml) detected
[Mon Aug 21 04:16:42 2023 UTC] new advisory (007) for al062023 detected
[Mon Aug 21 04:16:42 2023 UTC] new best track for al062023 detected
[Mon Aug 21 04:16:43 2023 UTC] new RSS (index.xml) detected
[Mon Aug 21 08:49:57 2023 UTC] new advisory (008) for al062023 detected
[Mon Aug 21 08:49:58 2023 UTC] new best track for al062023 detected
[Mon Aug 21 08:49:58 2023 UTC] new RSS (index.xml) detected
[Mon Aug 21 14:53:58 2023 UTC] new advisory (009) for al062023 detected
[Mon Aug 21 14:53:59 2023 UTC] new best track for al062023 detected
[Mon Aug 21 14:53:59 2023 UTC] new RSS (index.xml) detected
[Mon Aug 21 20:34:17 2023 UTC] new advisory (010) for al062023 detected
[Mon Aug 21 20:34:17 2023 UTC] new best track for al062023 detected
[Mon Aug 21 20:34:17 2023 UTC] new RSS (index.xml) detected
[Tue Aug 22 02:39:11 2023 UTC] new advisory (011) for al062023 detected
[Tue Aug 22 02:39:12 2023 UTC] new best track for al062023 detected
[Tue Aug 22 02:39:12 2023 UTC] new RSS (index.xml) detected
[Tue Aug 22 08:52:20 2023 UTC] new advisory (012) for al062023 detected
[Tue Aug 22 08:52:20 2023 UTC] new best track for al062023 detected
[Tue Aug 22 08:52:20 2023 UTC] new RSS (index.xml) detected
[Tue Aug 22 14:36:01 2023 UTC] new advisory (013) for al062023 detected
[Tue Aug 22 14:36:02 2023 UTC] new best track for al062023 detected
[Tue Aug 22 14:36:02 2023 UTC] new RSS (index.xml) detected
[Fri Sep  1 09:03:58 2023 UTC] new advisory (014) for al062023 detected
[Fri Sep  1 09:03:58 2023 UTC] new best track for al062023 detected
[Fri Sep  1 09:03:58 2023 UTC] new RSS (index.xml) detected
[Fri Sep  1 14:49:26 2023 UTC] new advisory (015) for al062023 detected
[Fri Sep  1 14:49:26 2023 UTC] new best track for al062023 detected
[Fri Sep  1 14:49:26 2023 UTC] new RSS (index.xml) detected
[Fri Sep  1 20:38:30 2023 UTC] new advisory (016) for al062023 detected
[Fri Sep  1 20:38:31 2023 UTC] new best track for al062023 detected
[Fri Sep  1 20:38:31 2023 UTC] new RSS (index.xml) detected
[Sat Sep  2 02:46:10 2023 UTC] new advisory (017) for al062023 detected
[Sat Sep  2 02:46:11 2023 UTC] new best track for al062023 detected
[Sat Sep  2 02:46:11 2023 UTC] new RSS (index.xml) detected
[Sat Sep  2 08:42:05 2023 UTC] new advisory (018) for al062023 detected
[Sat Sep  2 08:42:05 2023 UTC] new best track for al062023 detected
[Sat Sep  2 08:42:05 2023 UTC] new RSS (index.xml) detected
[Sat Sep  2 14:51:08 2023 UTC] new advisory (019) for al062023 detected
[Sat Sep  2 14:51:09 2023 UTC] new best track for al062023 detected
[Sat Sep  2 14:51:09 2023 UTC] new RSS (index.xml) detected
[Sat Sep  2 20:43:56 2023 UTC] new advisory (020) for al062023 detected
[Sat Sep  2 20:43:57 2023 UTC] new best track for al062023 detected
[Sat Sep  2 20:43:57 2023 UTC] new RSS (index.xml) detected
[Sun Sep  3 02:36:49 2023 UTC] new advisory (021) for al062023 detected
[Sun Sep  3 02:36:50 2023 UTC] new best track for al062023 detected
[Sun Sep  3 02:36:50 2023 UTC] new RSS (index.xml) detected
[Sun Sep  3 08:43:59 2023 UTC] new advisory (022) for al062023 detected
[Sun Sep  3 08:43:59 2023 UTC] new best track for al062023 detected
[Sun Sep  3 08:44:00 2023 UTC] new RSS (index.xml) detected
