[Thu Jul 31 08:50:23 2025 UTC] new advisory (001) for ep072025 detected
[Thu Jul 31 09:01:38 2025 UTC] new best track for ep072025 detected
[Thu Jul 31 09:01:38 2025 UTC] new RSS (index.xml) detected
[Thu Jul 31 14:50:33 2025 UTC] new advisory (002) for ep072025 detected
[Thu Jul 31 14:50:33 2025 UTC] new best track for ep072025 detected
[Thu Jul 31 14:50:33 2025 UTC] new RSS (index.xml) detected
[Thu Jul 31 20:50:51 2025 UTC] new advisory (003) for ep072025 detected
[Thu Jul 31 20:50:51 2025 UTC] new best track for ep072025 detected
[Thu Jul 31 20:50:51 2025 UTC] new RSS (index.xml) detected
[Fri Aug  1 02:51:19 2025 UTC] new advisory (004) for ep072025 detected
[Fri Aug  1 02:51:20 2025 UTC] new best track for ep072025 detected
[Fri Aug  1 02:51:20 2025 UTC] new RSS (index.xml) detected
[Fri Aug  1 08:50:33 2025 UTC] new advisory (005) for ep072025 detected
[Fri Aug  1 08:50:33 2025 UTC] new best track for ep072025 detected
[Fri Aug  1 08:50:33 2025 UTC] new RSS (index.xml) detected
[Fri Aug  1 14:50:44 2025 UTC] new advisory (006) for ep072025 detected
[Fri Aug  1 14:50:44 2025 UTC] new best track for ep072025 detected
[Fri Aug  1 14:50:44 2025 UTC] new RSS (index.xml) detected
[Fri Aug  1 20:51:17 2025 UTC] new advisory (007) for ep072025 detected
[Fri Aug  1 20:51:18 2025 UTC] new best track for ep072025 detected
[Fri Aug  1 20:51:18 2025 UTC] new RSS (index.xml) detected
[Sat Aug  2 02:51:14 2025 UTC] new advisory (008) for ep072025 detected
[Sat Aug  2 02:51:14 2025 UTC] new best track for ep072025 detected
[Sat Aug  2 02:51:14 2025 UTC] new RSS (index.xml) detected
[Sat Aug  2 08:51:02 2025 UTC] new advisory (009) for ep072025 detected
[Sat Aug  2 08:51:02 2025 UTC] new best track for ep072025 detected
[Sat Aug  2 08:51:02 2025 UTC] new RSS (index.xml) detected
[Sat Aug  2 14:50:51 2025 UTC] new advisory (010) for ep072025 detected
[Sat Aug  2 14:50:51 2025 UTC] new best track for ep072025 detected
[Sat Aug  2 14:50:51 2025 UTC] new RSS (index.xml) detected
