[Sun Sep 19 02:35:20 2021 UTC] new advisory (001) for al162021 detected
[Sun Sep 19 03:01:38 2021 UTC] new best track for al162021 detected
[Sun Sep 19 03:01:38 2021 UTC] new RSS (index.xml) detected
[Sun Sep 19 08:36:59 2021 UTC] new advisory (002) for al162021 detected
[Sun Sep 19 08:36:59 2021 UTC] new best track for al162021 detected
[Sun Sep 19 08:36:59 2021 UTC] new RSS (index.xml) detected
[Sun Sep 19 12:50:04 2021 UTC] new advisory (003) for al162021 detected
[Sun Sep 19 12:50:04 2021 UTC] new best track for al162021 detected
[Sun Sep 19 12:50:04 2021 UTC] new RSS (index.xml) detected
[Sun Sep 19 14:59:38 2021 UTC] new advisory (004) for al162021 detected
[Sun Sep 19 14:59:38 2021 UTC] new best track for al162021 detected
[Sun Sep 19 14:59:38 2021 UTC] new RSS (index.xml) detected
[Sun Sep 19 20:42:55 2021 UTC] new advisory (005) for al162021 detected
[Sun Sep 19 20:42:55 2021 UTC] new best track for al162021 detected
[Sun Sep 19 20:42:55 2021 UTC] new RSS (index.xml) detected
[Mon Sep 20 02:54:37 2021 UTC] new advisory (006) for al162021 detected
[Mon Sep 20 02:54:40 2021 UTC] new best track for al162021 detected
[Mon Sep 20 02:54:41 2021 UTC] new RSS (index.xml) detected
[Mon Sep 20 08:47:39 2021 UTC] new advisory (007) for al162021 detected
[Mon Sep 20 08:47:39 2021 UTC] new best track for al162021 detected
[Mon Sep 20 08:47:39 2021 UTC] new RSS (index.xml) detected
[Mon Sep 20 14:46:03 2021 UTC] new advisory (008) for al162021 detected
[Mon Sep 20 14:46:03 2021 UTC] new best track for al162021 detected
[Mon Sep 20 14:46:03 2021 UTC] new RSS (index.xml) detected
[Mon Sep 20 20:38:03 2021 UTC] new advisory (009) for al162021 detected
[Mon Sep 20 20:38:03 2021 UTC] new best track for al162021 detected
[Mon Sep 20 20:38:03 2021 UTC] new RSS (index.xml) detected
[Tue Sep 21 02:53:59 2021 UTC] new advisory (010) for al162021 detected
[Tue Sep 21 02:53:59 2021 UTC] new best track for al162021 detected
[Tue Sep 21 02:53:59 2021 UTC] new RSS (index.xml) detected
[Tue Sep 21 08:40:24 2021 UTC] new advisory (011) for al162021 detected
[Tue Sep 21 08:40:24 2021 UTC] new best track for al162021 detected
[Tue Sep 21 08:40:24 2021 UTC] new RSS (index.xml) detected
[Tue Sep 21 14:56:16 2021 UTC] new advisory (012) for al162021 detected
[Tue Sep 21 14:56:20 2021 UTC] new best track for al162021 detected
[Tue Sep 21 14:56:23 2021 UTC] new RSS (index.xml) detected
[Tue Sep 21 20:51:48 2021 UTC] new advisory (013) for al162021 detected
[Tue Sep 21 20:51:48 2021 UTC] new best track for al162021 detected
[Tue Sep 21 20:51:48 2021 UTC] new RSS (index.xml) detected
[Wed Sep 22 02:45:40 2021 UTC] new advisory (014) for al162021 detected
[Wed Sep 22 02:45:40 2021 UTC] new best track for al162021 detected
[Wed Sep 22 02:45:41 2021 UTC] new RSS (index.xml) detected
[Wed Sep 22 08:41:52 2021 UTC] new advisory (015) for al162021 detected
[Wed Sep 22 08:41:52 2021 UTC] new best track for al162021 detected
[Wed Sep 22 08:41:52 2021 UTC] new RSS (index.xml) detected
[Wed Sep 22 14:51:07 2021 UTC] new advisory (016) for al162021 detected
[Wed Sep 22 14:51:07 2021 UTC] new best track for al162021 detected
[Wed Sep 22 14:51:07 2021 UTC] new RSS (index.xml) detected
[Wed Sep 22 21:00:45 2021 UTC] new advisory (017) for al162021 detected
[Wed Sep 22 21:00:46 2021 UTC] new best track for al162021 detected
[Wed Sep 22 21:00:46 2021 UTC] new RSS (index.xml) detected
[Thu Sep 23 02:41:00 2021 UTC] new advisory (018) for al162021 detected
[Thu Sep 23 02:41:00 2021 UTC] new best track for al162021 detected
[Thu Sep 23 02:41:02 2021 UTC] new RSS (index.xml) detected
