[Sun Aug 20 20:55:03 2023 UTC] new advisory (001) for al082023 detected
[Sun Aug 20 21:01:29 2023 UTC] new best track for al082023 detected
[Sun Aug 20 21:01:29 2023 UTC] new RSS (index.xml) detected
[Mon Aug 21 00:00:49 2023 UTC] new advisory (001A) for al082023 detected
[Mon Aug 21 00:00:49 2023 UTC] new best track for al082023 detected
[Mon Aug 21 00:00:49 2023 UTC] new RSS (index.xml) detected
[Mon Aug 21 02:52:46 2023 UTC] new advisory (002) for al082023 detected
[Mon Aug 21 02:52:46 2023 UTC] new best track for al082023 detected
[Mon Aug 21 02:52:47 2023 UTC] new RSS (index.xml) detected
[Mon Aug 21 05:49:49 2023 UTC] new advisory (002A) for al082023 detected
[Mon Aug 21 05:49:49 2023 UTC] new best track for al082023 detected
[Mon Aug 21 05:49:49 2023 UTC] new RSS (index.xml) detected
[Mon Aug 21 08:41:30 2023 UTC] new advisory (003) for al082023 detected
[Mon Aug 21 08:41:30 2023 UTC] new best track for al082023 detected
[Mon Aug 21 08:41:30 2023 UTC] new RSS (index.xml) detected
[Mon Aug 21 11:49:20 2023 UTC] new advisory (003A) for al082023 detected
[Mon Aug 21 11:49:21 2023 UTC] new best track for al082023 detected
[Mon Aug 21 11:49:21 2023 UTC] new RSS (index.xml) detected
[Mon Aug 21 14:43:11 2023 UTC] new advisory (004) for al082023 detected
[Mon Aug 21 14:43:12 2023 UTC] new best track for al082023 detected
[Mon Aug 21 14:43:12 2023 UTC] new RSS (index.xml) detected
[Mon Aug 21 17:58:37 2023 UTC] new advisory (004A) for al082023 detected
[Mon Aug 21 17:58:37 2023 UTC] new best track for al082023 detected
[Mon Aug 21 17:58:37 2023 UTC] new RSS (index.xml) detected
[Mon Aug 21 20:49:31 2023 UTC] new advisory (005) for al082023 detected
[Mon Aug 21 20:49:32 2023 UTC] new best track for al082023 detected
[Mon Aug 21 20:49:32 2023 UTC] new RSS (index.xml) detected
[Mon Aug 21 23:46:51 2023 UTC] new advisory (005A) for al082023 detected
[Mon Aug 21 23:46:51 2023 UTC] new best track for al082023 detected
[Mon Aug 21 23:46:51 2023 UTC] new RSS (index.xml) detected
[Tue Aug 22 02:54:15 2023 UTC] new advisory (006) for al082023 detected
[Tue Aug 22 02:54:16 2023 UTC] new best track for al082023 detected
[Tue Aug 22 02:54:16 2023 UTC] new RSS (index.xml) detected
[Tue Aug 22 05:45:18 2023 UTC] new advisory (006A) for al082023 detected
[Tue Aug 22 05:45:18 2023 UTC] new best track for al082023 detected
[Tue Aug 22 05:45:18 2023 UTC] new RSS (index.xml) detected
[Tue Aug 22 09:00:56 2023 UTC] new advisory (007) for al082023 detected
[Tue Aug 22 09:00:56 2023 UTC] new best track for al082023 detected
[Tue Aug 22 09:00:56 2023 UTC] new RSS (index.xml) detected
[Tue Aug 22 11:55:55 2023 UTC] new advisory (007A) for al082023 detected
[Tue Aug 22 11:55:55 2023 UTC] new best track for al082023 detected
[Tue Aug 22 11:55:55 2023 UTC] new RSS (index.xml) detected
[Tue Aug 22 14:46:37 2023 UTC] new advisory (008) for al082023 detected
[Tue Aug 22 14:46:37 2023 UTC] new best track for al082023 detected
[Tue Aug 22 14:46:37 2023 UTC] new RSS (index.xml) detected
[Tue Aug 22 17:37:23 2023 UTC] new advisory (008A) for al082023 detected
[Tue Aug 22 17:37:24 2023 UTC] new best track for al082023 detected
[Tue Aug 22 17:37:24 2023 UTC] new RSS (index.xml) detected
[Tue Aug 22 20:47:10 2023 UTC] new advisory (009) for al082023 detected
[Tue Aug 22 20:47:11 2023 UTC] new best track for al082023 detected
[Tue Aug 22 20:47:11 2023 UTC] new RSS (index.xml) detected
[Tue Aug 22 23:49:06 2023 UTC] new advisory (009A) for al082023 detected
[Tue Aug 22 23:49:06 2023 UTC] new best track for al082023 detected
[Tue Aug 22 23:49:06 2023 UTC] new RSS (index.xml) detected
[Wed Aug 23 02:47:39 2023 UTC] new advisory (010) for al082023 detected
[Wed Aug 23 02:47:39 2023 UTC] new best track for al082023 detected
[Wed Aug 23 02:47:39 2023 UTC] new RSS (index.xml) detected
[Wed Aug 23 06:09:04 2023 UTC] new advisory (010A) for al082023 detected
[Wed Aug 23 06:09:04 2023 UTC] new best track for al082023 detected
[Wed Aug 23 06:09:05 2023 UTC] new RSS (index.xml) detected
[Wed Aug 23 08:58:36 2023 UTC] new advisory (011) for al082023 detected
[Wed Aug 23 08:58:36 2023 UTC] new best track for al082023 detected
[Wed Aug 23 08:58:36 2023 UTC] new RSS (index.xml) detected
[Wed Aug 23 11:47:51 2023 UTC] new advisory (011A) for al082023 detected
[Wed Aug 23 11:47:51 2023 UTC] new best track for al082023 detected
[Wed Aug 23 11:47:51 2023 UTC] new RSS (index.xml) detected
[Wed Aug 23 14:48:55 2023 UTC] new advisory (012) for al082023 detected
[Wed Aug 23 14:48:55 2023 UTC] new best track for al082023 detected
[Wed Aug 23 14:48:55 2023 UTC] new RSS (index.xml) detected
[Wed Aug 23 17:58:15 2023 UTC] new advisory (012A) for al082023 detected
[Wed Aug 23 17:58:16 2023 UTC] new best track for al082023 detected
[Wed Aug 23 17:58:16 2023 UTC] new RSS (index.xml) detected
[Wed Aug 23 20:50:40 2023 UTC] new advisory (013) for al082023 detected
[Wed Aug 23 20:50:40 2023 UTC] new best track for al082023 detected
[Wed Aug 23 20:50:40 2023 UTC] new RSS (index.xml) detected
[Wed Aug 23 23:56:25 2023 UTC] new advisory (013A) for al082023 detected
[Wed Aug 23 23:56:26 2023 UTC] new best track for al082023 detected
[Wed Aug 23 23:56:26 2023 UTC] new RSS (index.xml) detected
[Thu Aug 24 02:52:25 2023 UTC] new advisory (014) for al082023 detected
[Thu Aug 24 02:52:25 2023 UTC] new best track for al082023 detected
[Thu Aug 24 02:52:25 2023 UTC] new RSS (index.xml) detected
[Thu Aug 24 05:33:54 2023 UTC] new advisory (014A) for al082023 detected
[Thu Aug 24 05:33:54 2023 UTC] new best track for al082023 detected
[Thu Aug 24 05:33:54 2023 UTC] new RSS (index.xml) detected
[Thu Aug 24 08:33:13 2023 UTC] new advisory (015) for al082023 detected
[Thu Aug 24 08:33:14 2023 UTC] new best track for al082023 detected
[Thu Aug 24 08:33:14 2023 UTC] new RSS (index.xml) detected
[Thu Aug 24 14:49:03 2023 UTC] new advisory (016) for al082023 detected
[Thu Aug 24 14:49:03 2023 UTC] new best track for al082023 detected
[Thu Aug 24 14:49:04 2023 UTC] new RSS (index.xml) detected
[Thu Aug 24 20:48:44 2023 UTC] new advisory (017) for al082023 detected
[Thu Aug 24 20:48:44 2023 UTC] new best track for al082023 detected
[Thu Aug 24 20:48:45 2023 UTC] new RSS (index.xml) detected
[Fri Aug 25 02:33:54 2023 UTC] new advisory (018) for al082023 detected
[Fri Aug 25 02:33:54 2023 UTC] new best track for al082023 detected
[Fri Aug 25 02:33:54 2023 UTC] new RSS (index.xml) detected
[Fri Aug 25 08:42:46 2023 UTC] new advisory (019) for al082023 detected
[Fri Aug 25 08:42:46 2023 UTC] new best track for al082023 detected
[Fri Aug 25 08:42:46 2023 UTC] new RSS (index.xml) detected
[Fri Aug 25 14:55:51 2023 UTC] new advisory (020) for al082023 detected
[Fri Aug 25 14:55:51 2023 UTC] new best track for al082023 detected
[Fri Aug 25 14:55:52 2023 UTC] new RSS (index.xml) detected
[Fri Aug 25 20:39:53 2023 UTC] new advisory (021) for al082023 detected
[Fri Aug 25 20:39:54 2023 UTC] new best track for al082023 detected
[Fri Aug 25 20:39:54 2023 UTC] new RSS (index.xml) detected
[Sat Aug 26 02:50:08 2023 UTC] new advisory (022) for al082023 detected
[Sat Aug 26 02:50:09 2023 UTC] new best track for al082023 detected
[Sat Aug 26 02:50:09 2023 UTC] new RSS (index.xml) detected
[Sat Aug 26 08:51:55 2023 UTC] new advisory (023) for al082023 detected
[Sat Aug 26 08:51:56 2023 UTC] new best track for al082023 detected
[Sat Aug 26 08:51:56 2023 UTC] new RSS (index.xml) detected
[Sat Aug 26 14:46:15 2023 UTC] new advisory (024) for al082023 detected
[Sat Aug 26 14:46:15 2023 UTC] new best track for al082023 detected
[Sat Aug 26 14:46:15 2023 UTC] new RSS (index.xml) detected
[Sat Aug 26 20:45:01 2023 UTC] new advisory (025) for al082023 detected
[Sat Aug 26 20:45:01 2023 UTC] new best track for al082023 detected
[Sat Aug 26 20:45:01 2023 UTC] new RSS (index.xml) detected
[Sun Aug 27 02:46:27 2023 UTC] new advisory (026) for al082023 detected
[Sun Aug 27 02:46:27 2023 UTC] new best track for al082023 detected
[Sun Aug 27 02:46:28 2023 UTC] new RSS (index.xml) detected
[Sun Aug 27 08:56:43 2023 UTC] new advisory (027) for al082023 detected
[Sun Aug 27 08:56:44 2023 UTC] new best track for al082023 detected
[Sun Aug 27 08:56:44 2023 UTC] new RSS (index.xml) detected
[Sun Aug 27 14:44:43 2023 UTC] new advisory (028) for al082023 detected
[Sun Aug 27 14:44:43 2023 UTC] new best track for al082023 detected
[Sun Aug 27 14:44:43 2023 UTC] new RSS (index.xml) detected
[Sun Aug 27 20:48:12 2023 UTC] new advisory (029) for al082023 detected
[Sun Aug 27 20:48:12 2023 UTC] new best track for al082023 detected
[Sun Aug 27 20:48:13 2023 UTC] new RSS (index.xml) detected
[Mon Aug 28 02:51:04 2023 UTC] new advisory (030) for al082023 detected
[Mon Aug 28 02:51:04 2023 UTC] new best track for al082023 detected
[Mon Aug 28 02:51:05 2023 UTC] new RSS (index.xml) detected
