[Thu Oct 20 02:40:46 2022 UTC] new advisory (001) for ep192022 detected
[Thu Oct 20 03:01:51 2022 UTC] new best track for ep192022 detected
[Thu Oct 20 03:01:52 2022 UTC] new RSS (index.xml) detected
[Thu Oct 20 08:42:30 2022 UTC] new advisory (002) for ep192022 detected
[Thu Oct 20 08:42:30 2022 UTC] new best track for ep192022 detected
[Thu Oct 20 08:42:30 2022 UTC] new RSS (index.xml) detected
[Thu Oct 20 14:49:55 2022 UTC] new advisory (003) for ep192022 detected
[Thu Oct 20 14:49:56 2022 UTC] new best track for ep192022 detected
[Thu Oct 20 14:49:57 2022 UTC] new RSS (index.xml) detected
[Thu Oct 20 20:36:12 2022 UTC] new advisory (004) for ep192022 detected
[Thu Oct 20 20:36:12 2022 UTC] new best track for ep192022 detected
[Thu Oct 20 20:36:13 2022 UTC] new RSS (index.xml) detected
[Thu Oct 20 23:43:50 2022 UTC] new advisory (004A) for ep192022 detected
[Thu Oct 20 23:43:50 2022 UTC] new best track for ep192022 detected
[Thu Oct 20 23:43:51 2022 UTC] new RSS (index.xml) detected
[Fri Oct 21 02:45:06 2022 UTC] new advisory (005) for ep192022 detected
[Fri Oct 21 02:45:06 2022 UTC] new best track for ep192022 detected
[Fri Oct 21 02:45:07 2022 UTC] new RSS (index.xml) detected
[Fri Oct 21 05:48:27 2022 UTC] new advisory (005A) for ep192022 detected
[Fri Oct 21 05:48:27 2022 UTC] new best track for ep192022 detected
[Fri Oct 21 05:48:28 2022 UTC] new RSS (index.xml) detected
[Fri Oct 21 08:41:08 2022 UTC] new advisory (006) for ep192022 detected
[Fri Oct 21 08:41:09 2022 UTC] new best track for ep192022 detected
[Fri Oct 21 08:41:09 2022 UTC] new RSS (index.xml) detected
[Fri Oct 21 11:40:12 2022 UTC] new advisory (006A) for ep192022 detected
[Fri Oct 21 11:40:12 2022 UTC] new best track for ep192022 detected
[Fri Oct 21 11:40:13 2022 UTC] new RSS (index.xml) detected
[Fri Oct 21 14:58:21 2022 UTC] new advisory (007) for ep192022 detected
[Fri Oct 21 14:58:21 2022 UTC] new best track for ep192022 detected
[Fri Oct 21 14:58:22 2022 UTC] new RSS (index.xml) detected
[Fri Oct 21 17:46:29 2022 UTC] new advisory (007A) for ep192022 detected
[Fri Oct 21 17:46:29 2022 UTC] new best track for ep192022 detected
[Fri Oct 21 17:46:30 2022 UTC] new RSS (index.xml) detected
[Fri Oct 21 20:44:16 2022 UTC] new advisory (008) for ep192022 detected
[Fri Oct 21 20:44:17 2022 UTC] new best track for ep192022 detected
[Fri Oct 21 20:44:17 2022 UTC] new RSS (index.xml) detected
[Fri Oct 21 23:46:15 2022 UTC] new advisory (008A) for ep192022 detected
[Fri Oct 21 23:46:15 2022 UTC] new best track for ep192022 detected
[Fri Oct 21 23:46:16 2022 UTC] new RSS (index.xml) detected
[Sat Oct 22 02:46:53 2022 UTC] new advisory (009) for ep192022 detected
[Sat Oct 22 02:46:53 2022 UTC] new best track for ep192022 detected
[Sat Oct 22 02:46:54 2022 UTC] new RSS (index.xml) detected
[Sat Oct 22 05:34:33 2022 UTC] new advisory (009A) for ep192022 detected
[Sat Oct 22 05:34:33 2022 UTC] new best track for ep192022 detected
[Sat Oct 22 05:34:34 2022 UTC] new RSS (index.xml) detected
[Sat Oct 22 08:47:25 2022 UTC] new advisory (010) for ep192022 detected
[Sat Oct 22 08:47:25 2022 UTC] new best track for ep192022 detected
[Sat Oct 22 08:47:26 2022 UTC] new RSS (index.xml) detected
[Sat Oct 22 11:42:12 2022 UTC] new advisory (010A) for ep192022 detected
[Sat Oct 22 11:42:12 2022 UTC] new best track for ep192022 detected
[Sat Oct 22 11:42:13 2022 UTC] new RSS (index.xml) detected
[Sat Oct 22 14:40:18 2022 UTC] new advisory (011) for ep192022 detected
[Sat Oct 22 14:40:18 2022 UTC] new best track for ep192022 detected
[Sat Oct 22 14:40:19 2022 UTC] new RSS (index.xml) detected
