[Mon Nov  7 09:01:49 2022 UTC] new advisory (001) for al172022 detected
[Mon Nov  7 09:01:50 2022 UTC] new best track for al172022 detected
[Mon Nov  7 09:01:51 2022 UTC] new RSS (index.xml) detected
[Mon Nov  7 11:54:18 2022 UTC] new advisory (001A) for al172022 detected
[Mon Nov  7 11:54:18 2022 UTC] new best track for al172022 detected
[Mon Nov  7 11:54:19 2022 UTC] new RSS (index.xml) detected
[Mon Nov  7 14:59:33 2022 UTC] new advisory (002) for al172022 detected
[Mon Nov  7 14:59:33 2022 UTC] new best track for al172022 detected
[Mon Nov  7 14:59:34 2022 UTC] new RSS (index.xml) detected
[Mon Nov  7 17:48:48 2022 UTC] new advisory (002A) for al172022 detected
[Mon Nov  7 17:48:48 2022 UTC] new best track for al172022 detected
[Mon Nov  7 17:48:49 2022 UTC] new RSS (index.xml) detected
[Mon Nov  7 20:58:20 2022 UTC] new advisory (003) for al172022 detected
[Mon Nov  7 20:58:20 2022 UTC] new best track for al172022 detected
[Mon Nov  7 20:58:21 2022 UTC] new RSS (index.xml) detected
[Mon Nov  7 23:35:56 2022 UTC] new advisory (003A) for al172022 detected
[Mon Nov  7 23:35:57 2022 UTC] new best track for al172022 detected
[Mon Nov  7 23:35:58 2022 UTC] new RSS (index.xml) detected
[Tue Nov  8 02:56:04 2022 UTC] new advisory (004) for al172022 detected
[Tue Nov  8 02:56:05 2022 UTC] new best track for al172022 detected
[Tue Nov  8 02:56:05 2022 UTC] new RSS (index.xml) detected
[Tue Nov  8 05:55:01 2022 UTC] new advisory (004A) for al172022 detected
[Tue Nov  8 05:55:01 2022 UTC] new best track for al172022 detected
[Tue Nov  8 05:55:02 2022 UTC] new RSS (index.xml) detected
[Tue Nov  8 08:55:55 2022 UTC] new advisory (005) for al172022 detected
[Tue Nov  8 08:55:55 2022 UTC] new best track for al172022 detected
[Tue Nov  8 08:55:56 2022 UTC] new RSS (index.xml) detected
[Tue Nov  8 11:55:00 2022 UTC] new advisory (005A) for al172022 detected
[Tue Nov  8 11:55:00 2022 UTC] new best track for al172022 detected
[Tue Nov  8 11:55:01 2022 UTC] new RSS (index.xml) detected
[Tue Nov  8 14:56:13 2022 UTC] new advisory (006) for al172022 detected
[Tue Nov  8 14:56:13 2022 UTC] new best track for al172022 detected
[Tue Nov  8 14:56:14 2022 UTC] new RSS (index.xml) detected
[Tue Nov  8 17:54:58 2022 UTC] new advisory (006A) for al172022 detected
[Tue Nov  8 17:54:59 2022 UTC] new best track for al172022 detected
[Tue Nov  8 17:55:00 2022 UTC] new RSS (index.xml) detected
[Tue Nov  8 20:49:42 2022 UTC] new advisory (007) for al172022 detected
[Tue Nov  8 20:49:43 2022 UTC] new best track for al172022 detected
[Tue Nov  8 20:49:44 2022 UTC] new RSS (index.xml) detected
[Tue Nov  8 23:55:04 2022 UTC] new advisory (007A) for al172022 detected
[Tue Nov  8 23:55:05 2022 UTC] new best track for al172022 detected
[Tue Nov  8 23:55:05 2022 UTC] new RSS (index.xml) detected
[Wed Nov  9 02:59:23 2022 UTC] new advisory (008) for al172022 detected
[Wed Nov  9 02:59:23 2022 UTC] new best track for al172022 detected
[Wed Nov  9 02:59:24 2022 UTC] new RSS (index.xml) detected
[Wed Nov  9 05:55:55 2022 UTC] new advisory (008A) for al172022 detected
[Wed Nov  9 05:55:55 2022 UTC] new best track for al172022 detected
[Wed Nov  9 05:55:56 2022 UTC] new RSS (index.xml) detected
[Wed Nov  9 09:01:59 2022 UTC] new advisory (009) for al172022 detected
[Wed Nov  9 09:01:59 2022 UTC] new best track for al172022 detected
[Wed Nov  9 09:02:00 2022 UTC] new RSS (index.xml) detected
[Wed Nov  9 11:55:11 2022 UTC] new advisory (009A) for al172022 detected
[Wed Nov  9 11:55:12 2022 UTC] new best track for al172022 detected
[Wed Nov  9 11:55:12 2022 UTC] new RSS (index.xml) detected
[Wed Nov  9 14:51:13 2022 UTC] new advisory (010) for al172022 detected
[Wed Nov  9 14:51:13 2022 UTC] new best track for al172022 detected
[Wed Nov  9 14:51:14 2022 UTC] new RSS (index.xml) detected
[Wed Nov  9 17:49:56 2022 UTC] new advisory (010A) for al172022 detected
[Wed Nov  9 17:49:56 2022 UTC] new best track for al172022 detected
[Wed Nov  9 17:49:57 2022 UTC] new RSS (index.xml) detected
[Wed Nov  9 20:55:09 2022 UTC] new advisory (011) for al172022 detected
[Wed Nov  9 20:55:10 2022 UTC] new best track for al172022 detected
[Wed Nov  9 20:55:11 2022 UTC] new RSS (index.xml) detected
[Wed Nov  9 23:56:17 2022 UTC] new advisory (011A) for al172022 detected
[Wed Nov  9 23:56:17 2022 UTC] new best track for al172022 detected
[Wed Nov  9 23:56:18 2022 UTC] new RSS (index.xml) detected
[Thu Nov 10 02:52:44 2022 UTC] new advisory (012) for al172022 detected
[Thu Nov 10 02:52:45 2022 UTC] new best track for al172022 detected
[Thu Nov 10 02:52:45 2022 UTC] new RSS (index.xml) detected
[Thu Nov 10 05:57:59 2022 UTC] new advisory (012A) for al172022 detected
[Thu Nov 10 05:57:59 2022 UTC] new best track for al172022 detected
[Thu Nov 10 05:58:00 2022 UTC] new RSS (index.xml) detected
[Thu Nov 10 08:58:35 2022 UTC] new advisory (013) for al172022 detected
[Thu Nov 10 08:58:36 2022 UTC] new best track for al172022 detected
[Thu Nov 10 08:58:36 2022 UTC] new RSS (index.xml) detected
[Thu Nov 10 11:49:32 2022 UTC] new advisory (013A) for al172022 detected
[Thu Nov 10 11:49:33 2022 UTC] new best track for al172022 detected
[Thu Nov 10 11:49:33 2022 UTC] new RSS (index.xml) detected
[Thu Nov 10 14:52:54 2022 UTC] new advisory (014) for al172022 detected
[Thu Nov 10 14:52:54 2022 UTC] new best track for al172022 detected
[Thu Nov 10 14:52:55 2022 UTC] new RSS (index.xml) detected
[Thu Nov 10 17:45:23 2022 UTC] new advisory (014A) for al172022 detected
[Thu Nov 10 17:45:24 2022 UTC] new best track for al172022 detected
[Thu Nov 10 17:45:24 2022 UTC] new RSS (index.xml) detected
[Thu Nov 10 20:46:31 2022 UTC] new advisory (015) for al172022 detected
[Thu Nov 10 20:46:32 2022 UTC] new best track for al172022 detected
[Thu Nov 10 20:46:33 2022 UTC] new RSS (index.xml) detected
[Thu Nov 10 23:52:03 2022 UTC] new advisory (015A) for al172022 detected
[Thu Nov 10 23:52:03 2022 UTC] new best track for al172022 detected
[Thu Nov 10 23:52:04 2022 UTC] new RSS (index.xml) detected
[Fri Nov 11 02:46:34 2022 UTC] new advisory (016) for al172022 detected
[Fri Nov 11 02:46:34 2022 UTC] new best track for al172022 detected
[Fri Nov 11 02:46:35 2022 UTC] new RSS (index.xml) detected
[Fri Nov 11 08:42:47 2022 UTC] new advisory (017) for al172022 detected
[Fri Nov 11 08:42:48 2022 UTC] new best track for al172022 detected
[Fri Nov 11 08:42:48 2022 UTC] new RSS (index.xml) detected
[Fri Nov 11 14:44:07 2022 UTC] new advisory (018) for al172022 detected
[Fri Nov 11 14:44:08 2022 UTC] new best track for al172022 detected
[Fri Nov 11 14:44:09 2022 UTC] new RSS (index.xml) detected
