[Sat Oct 19 15:00:45 2024 UTC] new advisory (001) for al162024 detected
[Sat Oct 19 15:01:47 2024 UTC] new best track for al162024 detected
[Sat Oct 19 15:01:47 2024 UTC] new RSS (index.xml) detected
[Sat Oct 19 17:55:56 2024 UTC] new advisory (002) for al162024 detected
[Sat Oct 19 17:55:56 2024 UTC] new best track for al162024 detected
[Sat Oct 19 17:55:56 2024 UTC] new RSS (index.xml) detected
[Sat Oct 19 20:42:54 2024 UTC] new advisory (003) for al162024 detected
[Sat Oct 19 20:42:54 2024 UTC] new best track for al162024 detected
[Sat Oct 19 20:42:54 2024 UTC] new RSS (index.xml) detected
[Sat Oct 19 23:56:33 2024 UTC] new advisory (003A) for al162024 detected
[Sat Oct 19 23:56:33 2024 UTC] new best track for al162024 detected
[Sat Oct 19 23:56:33 2024 UTC] new RSS (index.xml) detected
[Sun Oct 20 02:55:42 2024 UTC] new advisory (004) for al162024 detected
[Sun Oct 20 02:55:43 2024 UTC] new best track for al162024 detected
[Sun Oct 20 02:55:43 2024 UTC] new RSS (index.xml) detected
[Sun Oct 20 05:36:29 2024 UTC] new advisory (004A) for al162024 detected
[Sun Oct 20 05:36:29 2024 UTC] new best track for al162024 detected
[Sun Oct 20 05:36:29 2024 UTC] new RSS (index.xml) detected
[Sun Oct 20 08:44:55 2024 UTC] new advisory (005) for al162024 detected
[Sun Oct 20 08:44:55 2024 UTC] new best track for al162024 detected
[Sun Oct 20 08:44:56 2024 UTC] new RSS (index.xml) detected
[Sun Oct 20 11:57:16 2024 UTC] new advisory (005A) for al162024 detected
[Sun Oct 20 11:57:16 2024 UTC] new best track for al162024 detected
[Sun Oct 20 11:57:16 2024 UTC] new RSS (index.xml) detected
[Sun Oct 20 14:57:22 2024 UTC] new advisory (006) for al162024 detected
[Sun Oct 20 14:57:22 2024 UTC] new best track for al162024 detected
[Sun Oct 20 14:57:22 2024 UTC] new RSS (index.xml) detected
[Sun Oct 20 17:53:06 2024 UTC] new advisory (006A) for al162024 detected
[Sun Oct 20 17:53:06 2024 UTC] new best track for al162024 detected
[Sun Oct 20 17:53:06 2024 UTC] new RSS (index.xml) detected
[Sun Oct 20 20:46:36 2024 UTC] new advisory (007) for al162024 detected
[Sun Oct 20 20:46:36 2024 UTC] new best track for al162024 detected
[Sun Oct 20 20:46:36 2024 UTC] new RSS (index.xml) detected
[Sun Oct 20 23:43:44 2024 UTC] new advisory (000) for al162024 detected
[Sun Oct 20 23:43:44 2024 UTC] new best track for al162024 detected
[Sun Oct 20 23:43:44 2024 UTC] new RSS (index.xml) detected
[Sun Oct 20 23:45:47 2024 UTC] new advisory (007A) for al162024 detected
[Sun Oct 20 23:45:47 2024 UTC] new best track for al162024 detected
[Sun Oct 20 23:45:47 2024 UTC] new RSS (index.xml) detected
[Mon Oct 21 02:46:35 2024 UTC] new advisory (008) for al162024 detected
[Mon Oct 21 02:46:35 2024 UTC] new best track for al162024 detected
[Mon Oct 21 02:46:35 2024 UTC] new RSS (index.xml) detected
[Mon Oct 21 05:52:43 2024 UTC] new advisory (008A) for al162024 detected
[Mon Oct 21 05:52:43 2024 UTC] new best track for al162024 detected
[Mon Oct 21 05:52:43 2024 UTC] new RSS (index.xml) detected
[Mon Oct 21 08:37:03 2024 UTC] new advisory (009) for al162024 detected
[Mon Oct 21 08:37:03 2024 UTC] new best track for al162024 detected
[Mon Oct 21 08:37:03 2024 UTC] new RSS (index.xml) detected
[Mon Oct 21 11:57:15 2024 UTC] new advisory (009A) for al162024 detected
[Mon Oct 21 11:57:15 2024 UTC] new best track for al162024 detected
[Mon Oct 21 11:57:15 2024 UTC] new RSS (index.xml) detected
[Mon Oct 21 14:44:43 2024 UTC] new advisory (010) for al162024 detected
[Mon Oct 21 14:44:43 2024 UTC] new best track for al162024 detected
[Mon Oct 21 14:44:43 2024 UTC] new RSS (index.xml) detected
