[Tue Oct  3 08:48:15 2023 UTC] new advisory (001) for ep152023 detected
[Tue Oct  3 09:01:16 2023 UTC] new best track for ep152023 detected
[Tue Oct  3 09:01:17 2023 UTC] new RSS (index.xml) detected
[Tue Oct  3 14:50:42 2023 UTC] new advisory (002) for ep152023 detected
[Tue Oct  3 14:50:43 2023 UTC] new best track for ep152023 detected
[Tue Oct  3 14:50:43 2023 UTC] new RSS (index.xml) detected
[Tue Oct  3 20:42:46 2023 UTC] new advisory (003) for ep152023 detected
[Tue Oct  3 20:42:46 2023 UTC] new best track for ep152023 detected
[Tue Oct  3 20:42:47 2023 UTC] new RSS (index.xml) detected
[Wed Oct  4 02:46:18 2023 UTC] new advisory (004) for ep152023 detected
[Wed Oct  4 02:46:19 2023 UTC] new best track for ep152023 detected
[Wed Oct  4 02:46:19 2023 UTC] new RSS (index.xml) detected
[Wed Oct  4 08:44:17 2023 UTC] new advisory (005) for ep152023 detected
[Wed Oct  4 08:44:17 2023 UTC] new best track for ep152023 detected
[Wed Oct  4 08:44:18 2023 UTC] new RSS (index.xml) detected
[Wed Oct  4 14:42:40 2023 UTC] new advisory (006) for ep152023 detected
[Wed Oct  4 14:42:41 2023 UTC] new best track for ep152023 detected
[Wed Oct  4 14:42:41 2023 UTC] new RSS (index.xml) detected
[Wed Oct  4 20:38:31 2023 UTC] new advisory (007) for ep152023 detected
[Wed Oct  4 20:38:32 2023 UTC] new best track for ep152023 detected
[Wed Oct  4 20:38:32 2023 UTC] new RSS (index.xml) detected
[Thu Oct  5 02:38:14 2023 UTC] new advisory (008) for ep152023 detected
[Thu Oct  5 02:38:15 2023 UTC] new best track for ep152023 detected
[Thu Oct  5 02:38:15 2023 UTC] new RSS (index.xml) detected
[Thu Oct  5 08:34:30 2023 UTC] new advisory (009) for ep152023 detected
[Thu Oct  5 08:34:30 2023 UTC] new best track for ep152023 detected
[Thu Oct  5 08:34:31 2023 UTC] new RSS (index.xml) detected
[Thu Oct  5 14:54:48 2023 UTC] new advisory (010) for ep152023 detected
[Thu Oct  5 14:54:48 2023 UTC] new best track for ep152023 detected
[Thu Oct  5 14:54:49 2023 UTC] new RSS (index.xml) detected
[Thu Oct  5 20:36:34 2023 UTC] new advisory (011) for ep152023 detected
[Thu Oct  5 20:36:34 2023 UTC] new best track for ep152023 detected
[Thu Oct  5 20:36:35 2023 UTC] new RSS (index.xml) detected
[Fri Oct  6 02:46:06 2023 UTC] new advisory (012) for ep152023 detected
[Fri Oct  6 02:46:06 2023 UTC] new best track for ep152023 detected
[Fri Oct  6 02:46:07 2023 UTC] new RSS (index.xml) detected
[Fri Oct  6 08:55:29 2023 UTC] new advisory (013) for ep152023 detected
[Fri Oct  6 08:55:30 2023 UTC] new best track for ep152023 detected
[Fri Oct  6 08:55:30 2023 UTC] new RSS (index.xml) detected
[Fri Oct  6 14:58:08 2023 UTC] new advisory (014) for ep152023 detected
[Fri Oct  6 14:58:08 2023 UTC] new best track for ep152023 detected
[Fri Oct  6 14:58:09 2023 UTC] new RSS (index.xml) detected
[Fri Oct  6 20:39:03 2023 UTC] new advisory (015) for ep152023 detected
[Fri Oct  6 20:39:04 2023 UTC] new best track for ep152023 detected
[Fri Oct  6 20:39:04 2023 UTC] new RSS (index.xml) detected
[Sat Oct  7 02:54:10 2023 UTC] new advisory (016) for ep152023 detected
[Sat Oct  7 02:54:10 2023 UTC] new best track for ep152023 detected
[Sat Oct  7 02:54:11 2023 UTC] new RSS (index.xml) detected
[Sat Oct  7 08:32:17 2023 UTC] new advisory (017) for ep152023 detected
[Sat Oct  7 08:32:18 2023 UTC] new best track for ep152023 detected
[Sat Oct  7 08:32:18 2023 UTC] new RSS (index.xml) detected
[Sat Oct  7 14:45:45 2023 UTC] new advisory (018) for ep152023 detected
[Sat Oct  7 14:45:45 2023 UTC] new best track for ep152023 detected
[Sat Oct  7 14:45:46 2023 UTC] new RSS (index.xml) detected
[Sat Oct  7 20:47:06 2023 UTC] new advisory (019) for ep152023 detected
[Sat Oct  7 20:47:07 2023 UTC] new best track for ep152023 detected
[Sat Oct  7 20:47:07 2023 UTC] new RSS (index.xml) detected
[Sun Oct  8 02:41:18 2023 UTC] new advisory (020) for ep152023 detected
[Sun Oct  8 02:41:19 2023 UTC] new best track for ep152023 detected
[Sun Oct  8 02:41:20 2023 UTC] new RSS (index.xml) detected
[Sun Oct  8 08:36:00 2023 UTC] new advisory (021) for ep152023 detected
[Sun Oct  8 08:36:01 2023 UTC] new best track for ep152023 detected
[Sun Oct  8 08:36:01 2023 UTC] new RSS (index.xml) detected
[Sun Oct  8 14:34:02 2023 UTC] new advisory (022) for ep152023 detected
[Sun Oct  8 14:34:02 2023 UTC] new best track for ep152023 detected
[Sun Oct  8 14:34:03 2023 UTC] new RSS (index.xml) detected
[Sun Oct  8 20:38:35 2023 UTC] new advisory (023) for ep152023 detected
[Sun Oct  8 20:38:36 2023 UTC] new best track for ep152023 detected
[Sun Oct  8 20:38:36 2023 UTC] new RSS (index.xml) detected
[Sun Oct  8 23:56:13 2023 UTC] new advisory (023A) for ep152023 detected
[Sun Oct  8 23:56:14 2023 UTC] new best track for ep152023 detected
[Sun Oct  8 23:56:14 2023 UTC] new RSS (index.xml) detected
[Mon Oct  9 02:47:37 2023 UTC] new advisory (024) for ep152023 detected
[Mon Oct  9 02:47:37 2023 UTC] new best track for ep152023 detected
[Mon Oct  9 02:47:38 2023 UTC] new RSS (index.xml) detected
[Mon Oct  9 05:52:19 2023 UTC] new advisory (024A) for ep152023 detected
[Mon Oct  9 05:52:19 2023 UTC] new best track for ep152023 detected
[Mon Oct  9 05:52:20 2023 UTC] new RSS (index.xml) detected
[Mon Oct  9 08:46:05 2023 UTC] new advisory (025) for ep152023 detected
[Mon Oct  9 08:46:06 2023 UTC] new best track for ep152023 detected
[Mon Oct  9 08:46:06 2023 UTC] new RSS (index.xml) detected
[Mon Oct  9 11:50:40 2023 UTC] new advisory (025A) for ep152023 detected
[Mon Oct  9 11:50:40 2023 UTC] new best track for ep152023 detected
[Mon Oct  9 11:50:41 2023 UTC] new RSS (index.xml) detected
[Mon Oct  9 14:33:19 2023 UTC] new advisory (026) for ep152023 detected
[Mon Oct  9 14:33:19 2023 UTC] new best track for ep152023 detected
[Mon Oct  9 14:33:20 2023 UTC] new RSS (index.xml) detected
[Mon Oct  9 17:57:46 2023 UTC] new advisory (026A) for ep152023 detected
[Mon Oct  9 17:57:47 2023 UTC] new best track for ep152023 detected
[Mon Oct  9 17:57:47 2023 UTC] new RSS (index.xml) detected
[Mon Oct  9 20:38:11 2023 UTC] new advisory (027) for ep152023 detected
[Mon Oct  9 20:38:12 2023 UTC] new best track for ep152023 detected
[Mon Oct  9 20:38:12 2023 UTC] new RSS (index.xml) detected
[Mon Oct  9 23:56:30 2023 UTC] new advisory (027A) for ep152023 detected
[Mon Oct  9 23:56:30 2023 UTC] new best track for ep152023 detected
[Mon Oct  9 23:56:31 2023 UTC] new RSS (index.xml) detected
[Tue Oct 10 02:45:38 2023 UTC] new advisory (028) for ep152023 detected
[Tue Oct 10 02:45:38 2023 UTC] new best track for ep152023 detected
[Tue Oct 10 02:45:39 2023 UTC] new RSS (index.xml) detected
[Tue Oct 10 05:47:56 2023 UTC] new advisory (028A) for ep152023 detected
[Tue Oct 10 05:47:56 2023 UTC] new best track for ep152023 detected
[Tue Oct 10 05:47:57 2023 UTC] new RSS (index.xml) detected
[Tue Oct 10 08:44:52 2023 UTC] new advisory (029) for ep152023 detected
[Tue Oct 10 08:44:53 2023 UTC] new best track for ep152023 detected
[Tue Oct 10 08:44:54 2023 UTC] new RSS (index.xml) detected
[Tue Oct 10 11:34:05 2023 UTC] new advisory (029A) for ep152023 detected
[Tue Oct 10 11:34:06 2023 UTC] new best track for ep152023 detected
[Tue Oct 10 11:34:06 2023 UTC] new RSS (index.xml) detected
[Tue Oct 10 14:33:44 2023 UTC] new advisory (030) for ep152023 detected
[Tue Oct 10 14:33:44 2023 UTC] new best track for ep152023 detected
[Tue Oct 10 14:33:45 2023 UTC] new RSS (index.xml) detected
[Tue Oct 10 17:59:52 2023 UTC] new advisory (030A) for ep152023 detected
[Tue Oct 10 17:59:53 2023 UTC] new best track for ep152023 detected
[Tue Oct 10 17:59:53 2023 UTC] new RSS (index.xml) detected
[Tue Oct 10 20:12:12 2023 UTC] new advisory (031) for ep152023 detected
[Tue Oct 10 20:12:13 2023 UTC] new best track for ep152023 detected
[Tue Oct 10 20:12:13 2023 UTC] new RSS (index.xml) detected
