[Thu Oct  6 14:55:27 2022 UTC] new advisory (001) for al132022 detected
[Thu Oct  6 15:01:46 2022 UTC] new best track for al132022 detected
[Thu Oct  6 15:01:47 2022 UTC] new RSS (index.xml) detected
[Thu Oct  6 17:47:04 2022 UTC] new advisory (001A) for al132022 detected
[Thu Oct  6 17:47:05 2022 UTC] new best track for al132022 detected
[Thu Oct  6 17:47:05 2022 UTC] new RSS (index.xml) detected
[Thu Oct  6 20:39:28 2022 UTC] new advisory (002) for al132022 detected
[Thu Oct  6 20:39:28 2022 UTC] new best track for al132022 detected
[Thu Oct  6 20:39:29 2022 UTC] new RSS (index.xml) detected
[Thu Oct  6 23:39:32 2022 UTC] new advisory (002A) for al132022 detected
[Thu Oct  6 23:39:32 2022 UTC] new best track for al132022 detected
[Thu Oct  6 23:39:33 2022 UTC] new RSS (index.xml) detected
[Fri Oct  7 02:37:00 2022 UTC] new advisory (003) for al132022 detected
[Fri Oct  7 02:37:00 2022 UTC] new best track for al132022 detected
[Fri Oct  7 02:37:01 2022 UTC] new RSS (index.xml) detected
[Fri Oct  7 05:53:42 2022 UTC] new advisory (003A) for al132022 detected
[Fri Oct  7 05:53:42 2022 UTC] new best track for al132022 detected
[Fri Oct  7 05:53:43 2022 UTC] new RSS (index.xml) detected
[Fri Oct  7 08:54:49 2022 UTC] new advisory (004) for al132022 detected
[Fri Oct  7 08:54:49 2022 UTC] new best track for al132022 detected
[Fri Oct  7 08:54:49 2022 UTC] new RSS (index.xml) detected
[Fri Oct  7 11:49:30 2022 UTC] new advisory (004A) for al132022 detected
[Fri Oct  7 11:49:31 2022 UTC] new best track for al132022 detected
[Fri Oct  7 11:49:31 2022 UTC] new RSS (index.xml) detected
[Fri Oct  7 14:57:03 2022 UTC] new advisory (005) for al132022 detected
[Fri Oct  7 14:57:03 2022 UTC] new best track for al132022 detected
[Fri Oct  7 14:57:04 2022 UTC] new RSS (index.xml) detected
[Fri Oct  7 17:42:47 2022 UTC] new advisory (005A) for al132022 detected
[Fri Oct  7 17:42:47 2022 UTC] new best track for al132022 detected
[Fri Oct  7 17:42:47 2022 UTC] new RSS (index.xml) detected
[Fri Oct  7 20:33:05 2022 UTC] new advisory (006) for al132022 detected
[Fri Oct  7 20:33:05 2022 UTC] new best track for al132022 detected
[Fri Oct  7 20:33:05 2022 UTC] new RSS (index.xml) detected
[Fri Oct  7 23:51:12 2022 UTC] new advisory (006A) for al132022 detected
[Fri Oct  7 23:51:12 2022 UTC] new best track for al132022 detected
[Fri Oct  7 23:51:12 2022 UTC] new RSS (index.xml) detected
[Sat Oct  8 02:41:03 2022 UTC] new advisory (007) for al132022 detected
[Sat Oct  8 02:41:03 2022 UTC] new best track for al132022 detected
[Sat Oct  8 02:41:04 2022 UTC] new RSS (index.xml) detected
[Sat Oct  8 05:53:47 2022 UTC] new advisory (007A) for al132022 detected
[Sat Oct  8 05:53:47 2022 UTC] new best track for al132022 detected
[Sat Oct  8 05:53:47 2022 UTC] new RSS (index.xml) detected
[Sat Oct  8 08:52:59 2022 UTC] new advisory (008) for al132022 detected
[Sat Oct  8 08:52:59 2022 UTC] new best track for al132022 detected
[Sat Oct  8 08:53:00 2022 UTC] new RSS (index.xml) detected
[Sat Oct  8 11:53:15 2022 UTC] new advisory (008A) for al132022 detected
[Sat Oct  8 11:53:15 2022 UTC] new best track for al132022 detected
[Sat Oct  8 11:53:15 2022 UTC] new RSS (index.xml) detected
[Sat Oct  8 14:51:18 2022 UTC] new advisory (009) for al132022 detected
[Sat Oct  8 14:51:18 2022 UTC] new best track for al132022 detected
[Sat Oct  8 14:51:19 2022 UTC] new RSS (index.xml) detected
[Sat Oct  8 17:49:43 2022 UTC] new advisory (009A) for al132022 detected
[Sat Oct  8 17:49:43 2022 UTC] new best track for al132022 detected
[Sat Oct  8 17:49:44 2022 UTC] new RSS (index.xml) detected
[Sat Oct  8 20:40:43 2022 UTC] new advisory (010) for al132022 detected
[Sat Oct  8 20:40:44 2022 UTC] new best track for al132022 detected
[Sat Oct  8 20:40:45 2022 UTC] new RSS (index.xml) detected
[Sat Oct  8 23:52:53 2022 UTC] new advisory (010A) for al132022 detected
[Sat Oct  8 23:52:53 2022 UTC] new best track for al132022 detected
[Sat Oct  8 23:52:54 2022 UTC] new RSS (index.xml) detected
[Sun Oct  9 02:35:25 2022 UTC] new advisory (011) for al132022 detected
[Sun Oct  9 02:35:26 2022 UTC] new best track for al132022 detected
[Sun Oct  9 02:35:26 2022 UTC] new RSS (index.xml) detected
[Sun Oct  9 05:56:24 2022 UTC] new advisory (011A) for al132022 detected
[Sun Oct  9 05:56:24 2022 UTC] new best track for al132022 detected
[Sun Oct  9 05:56:25 2022 UTC] new RSS (index.xml) detected
[Sun Oct  9 08:52:31 2022 UTC] new advisory (012) for al132022 detected
[Sun Oct  9 08:52:32 2022 UTC] new best track for al132022 detected
[Sun Oct  9 08:52:32 2022 UTC] new RSS (index.xml) detected
[Sun Oct  9 11:42:02 2022 UTC] new advisory (012A) for al132022 detected
[Sun Oct  9 11:42:02 2022 UTC] new best track for al132022 detected
[Sun Oct  9 11:42:03 2022 UTC] new RSS (index.xml) detected
