[Tue Jul 14 20:45:55 2026 UTC] new advisory (001) for ep052026 detected
[Tue Jul 14 21:01:12 2026 UTC] new best track for ep052026 detected
[Tue Jul 14 21:01:12 2026 UTC] new RSS (index.xml) detected
[Wed Jul 15 02:34:47 2026 UTC] new advisory (002) for ep052026 detected
[Wed Jul 15 02:34:47 2026 UTC] new best track for ep052026 detected
[Wed Jul 15 02:34:47 2026 UTC] new RSS (index.xml) detected
[Wed Jul 15 08:37:49 2026 UTC] new advisory (003) for ep052026 detected
[Wed Jul 15 08:37:49 2026 UTC] new best track for ep052026 detected
[Wed Jul 15 08:37:49 2026 UTC] new RSS (index.xml) detected
[Wed Jul 15 14:39:49 2026 UTC] new advisory (004) for ep052026 detected
[Wed Jul 15 14:39:49 2026 UTC] new best track for ep052026 detected
[Wed Jul 15 14:39:49 2026 UTC] new RSS (index.xml) detected
[Wed Jul 15 20:41:53 2026 UTC] new advisory (005) for ep052026 detected
[Wed Jul 15 20:41:53 2026 UTC] new best track for ep052026 detected
[Wed Jul 15 20:41:53 2026 UTC] new RSS (index.xml) detected
[Thu Jul 16 02:38:52 2026 UTC] new advisory (006) for ep052026 detected
[Thu Jul 16 02:38:52 2026 UTC] new best track for ep052026 detected
[Thu Jul 16 02:38:52 2026 UTC] new RSS (index.xml) detected
[Thu Jul 16 08:32:46 2026 UTC] new advisory (007) for ep052026 detected
[Thu Jul 16 08:32:46 2026 UTC] new best track for ep052026 detected
[Thu Jul 16 08:32:46 2026 UTC] new RSS (index.xml) detected
[Thu Jul 16 14:37:55 2026 UTC] new advisory (008) for ep052026 detected
[Thu Jul 16 14:37:56 2026 UTC] new best track for ep052026 detected
[Thu Jul 16 14:37:56 2026 UTC] new RSS (index.xml) detected
[Thu Jul 16 20:34:56 2026 UTC] new advisory (009) for ep052026 detected
[Thu Jul 16 20:34:57 2026 UTC] new best track for ep052026 detected
[Thu Jul 16 20:34:57 2026 UTC] new RSS (index.xml) detected
[Fri Jul 17 02:37:56 2026 UTC] new advisory (010) for ep052026 detected
[Fri Jul 17 02:37:56 2026 UTC] new best track for ep052026 detected
[Fri Jul 17 02:37:56 2026 UTC] new RSS (index.xml) detected
[Fri Jul 17 08:37:53 2026 UTC] new advisory (011) for ep052026 detected
[Fri Jul 17 08:37:53 2026 UTC] new best track for ep052026 detected
[Fri Jul 17 08:37:53 2026 UTC] new RSS (index.xml) detected
[Fri Jul 17 14:41:01 2026 UTC] new advisory (012) for ep052026 detected
[Fri Jul 17 14:41:01 2026 UTC] new best track for ep052026 detected
[Fri Jul 17 14:41:01 2026 UTC] new RSS (index.xml) detected
[Fri Jul 17 20:21:44 2026 UTC] new advisory (013) for ep052026 detected
[Fri Jul 17 20:21:44 2026 UTC] new best track for ep052026 detected
[Fri Jul 17 20:21:44 2026 UTC] new RSS (index.xml) detected
[Sat Jul 18 02:35:02 2026 UTC] new advisory (014) for ep052026 detected
[Sat Jul 18 02:35:02 2026 UTC] new best track for ep052026 detected
[Sat Jul 18 02:35:02 2026 UTC] new RSS (index.xml) detected
[Sat Jul 18 08:37:06 2026 UTC] new advisory (015) for ep052026 detected
[Sat Jul 18 08:37:06 2026 UTC] new best track for ep052026 detected
[Sat Jul 18 08:37:06 2026 UTC] new RSS (index.xml) detected
[Sat Jul 18 14:45:22 2026 UTC] new advisory (016) for ep052026 detected
[Sat Jul 18 14:45:23 2026 UTC] new best track for ep052026 detected
[Sat Jul 18 14:45:23 2026 UTC] new RSS (index.xml) detected
[Sat Jul 18 20:37:19 2026 UTC] new advisory (017) for ep052026 detected
[Sat Jul 18 20:37:19 2026 UTC] new best track for ep052026 detected
[Sat Jul 18 20:37:19 2026 UTC] new RSS (index.xml) detected
[Sun Jul 19 02:36:23 2026 UTC] new advisory (018) for ep052026 detected
[Sun Jul 19 02:36:23 2026 UTC] new best track for ep052026 detected
[Sun Jul 19 02:36:23 2026 UTC] new RSS (index.xml) detected
[Sun Jul 19 08:33:45 2026 UTC] new advisory (019) for ep052026 detected
[Sun Jul 19 08:33:45 2026 UTC] new best track for ep052026 detected
[Sun Jul 19 08:33:45 2026 UTC] new RSS (index.xml) detected
[Sun Jul 19 14:41:14 2026 UTC] new advisory (020) for ep052026 detected
[Sun Jul 19 14:41:14 2026 UTC] new best track for ep052026 detected
[Sun Jul 19 14:41:14 2026 UTC] new RSS (index.xml) detected
[Sun Jul 19 20:42:12 2026 UTC] new advisory (021) for ep052026 detected
[Sun Jul 19 20:42:12 2026 UTC] new best track for ep052026 detected
[Sun Jul 19 20:42:12 2026 UTC] new RSS (index.xml) detected
