[Sun Aug 11 20:50:25 2024 UTC] new advisory (001) for al052024 detected
[Sun Aug 11 21:01:08 2024 UTC] new best track for al052024 detected
[Sun Aug 11 21:01:08 2024 UTC] new RSS (index.xml) detected
[Sun Aug 11 23:37:01 2024 UTC] new advisory (001A) for al052024 detected
[Sun Aug 11 23:37:01 2024 UTC] new best track for al052024 detected
[Sun Aug 11 23:37:01 2024 UTC] new RSS (index.xml) detected
[Mon Aug 12 02:43:09 2024 UTC] new advisory (002) for al052024 detected
[Mon Aug 12 02:43:10 2024 UTC] new best track for al052024 detected
[Mon Aug 12 02:43:10 2024 UTC] new RSS (index.xml) detected
[Mon Aug 12 05:33:21 2024 UTC] new advisory (002A) for al052024 detected
[Mon Aug 12 05:33:21 2024 UTC] new best track for al052024 detected
[Mon Aug 12 05:33:21 2024 UTC] new RSS (index.xml) detected
[Mon Aug 12 08:39:44 2024 UTC] new advisory (003) for al052024 detected
[Mon Aug 12 08:39:44 2024 UTC] new best track for al052024 detected
[Mon Aug 12 08:39:44 2024 UTC] new RSS (index.xml) detected
[Mon Aug 12 11:55:18 2024 UTC] new advisory (003A) for al052024 detected
[Mon Aug 12 11:55:18 2024 UTC] new best track for al052024 detected
[Mon Aug 12 11:55:18 2024 UTC] new RSS (index.xml) detected
[Mon Aug 12 14:56:34 2024 UTC] new advisory (004) for al052024 detected
[Mon Aug 12 14:56:35 2024 UTC] new best track for al052024 detected
[Mon Aug 12 14:56:35 2024 UTC] new RSS (index.xml) detected
[Mon Aug 12 17:48:44 2024 UTC] new advisory (004A) for al052024 detected
[Mon Aug 12 17:48:44 2024 UTC] new best track for al052024 detected
[Mon Aug 12 17:48:44 2024 UTC] new RSS (index.xml) detected
[Mon Aug 12 20:47:08 2024 UTC] new advisory (005) for al052024 detected
[Mon Aug 12 20:47:08 2024 UTC] new best track for al052024 detected
[Mon Aug 12 20:47:08 2024 UTC] new RSS (index.xml) detected
[Mon Aug 12 23:56:44 2024 UTC] new advisory (005A) for al052024 detected
[Mon Aug 12 23:56:44 2024 UTC] new best track for al052024 detected
[Mon Aug 12 23:56:44 2024 UTC] new RSS (index.xml) detected
[Tue Aug 13 02:42:46 2024 UTC] new advisory (006) for al052024 detected
[Tue Aug 13 02:42:46 2024 UTC] new best track for al052024 detected
[Tue Aug 13 02:42:46 2024 UTC] new RSS (index.xml) detected
[Tue Aug 13 05:32:44 2024 UTC] new advisory (006A) for al052024 detected
[Tue Aug 13 05:32:44 2024 UTC] new best track for al052024 detected
[Tue Aug 13 05:32:44 2024 UTC] new RSS (index.xml) detected
[Tue Aug 13 08:32:33 2024 UTC] new advisory (007) for al052024 detected
[Tue Aug 13 08:32:33 2024 UTC] new best track for al052024 detected
[Tue Aug 13 08:32:33 2024 UTC] new RSS (index.xml) detected
[Tue Aug 13 11:57:12 2024 UTC] new advisory (007A) for al052024 detected
[Tue Aug 13 11:57:12 2024 UTC] new best track for al052024 detected
[Tue Aug 13 11:57:12 2024 UTC] new RSS (index.xml) detected
[Tue Aug 13 14:58:30 2024 UTC] new advisory (008) for al052024 detected
[Tue Aug 13 14:58:31 2024 UTC] new best track for al052024 detected
[Tue Aug 13 14:58:31 2024 UTC] new RSS (index.xml) detected
[Tue Aug 13 17:52:42 2024 UTC] new advisory (008A) for al052024 detected
[Tue Aug 13 17:52:42 2024 UTC] new best track for al052024 detected
[Tue Aug 13 17:52:42 2024 UTC] new RSS (index.xml) detected
[Tue Aug 13 20:48:54 2024 UTC] new advisory (009) for al052024 detected
[Tue Aug 13 20:48:54 2024 UTC] new best track for al052024 detected
[Tue Aug 13 20:48:54 2024 UTC] new RSS (index.xml) detected
[Tue Aug 13 23:52:49 2024 UTC] new advisory (009A) for al052024 detected
[Tue Aug 13 23:52:49 2024 UTC] new best track for al052024 detected
[Tue Aug 13 23:52:49 2024 UTC] new RSS (index.xml) detected
[Wed Aug 14 02:47:00 2024 UTC] new advisory (010) for al052024 detected
[Wed Aug 14 02:47:00 2024 UTC] new best track for al052024 detected
[Wed Aug 14 02:47:00 2024 UTC] new RSS (index.xml) detected
[Wed Aug 14 05:51:22 2024 UTC] new advisory (010A) for al052024 detected
[Wed Aug 14 05:51:22 2024 UTC] new best track for al052024 detected
[Wed Aug 14 05:51:22 2024 UTC] new RSS (index.xml) detected
[Wed Aug 14 08:53:44 2024 UTC] new advisory (011) for al052024 detected
[Wed Aug 14 08:53:44 2024 UTC] new best track for al052024 detected
[Wed Aug 14 08:53:44 2024 UTC] new RSS (index.xml) detected
[Wed Aug 14 11:55:03 2024 UTC] new advisory (011A) for al052024 detected
[Wed Aug 14 11:55:03 2024 UTC] new best track for al052024 detected
[Wed Aug 14 11:55:03 2024 UTC] new RSS (index.xml) detected
[Wed Aug 14 14:57:21 2024 UTC] new advisory (012) for al052024 detected
[Wed Aug 14 14:57:21 2024 UTC] new best track for al052024 detected
[Wed Aug 14 14:57:21 2024 UTC] new RSS (index.xml) detected
[Wed Aug 14 17:50:36 2024 UTC] new advisory (012A) for al052024 detected
[Wed Aug 14 17:50:36 2024 UTC] new best track for al052024 detected
[Wed Aug 14 17:50:36 2024 UTC] new RSS (index.xml) detected
[Wed Aug 14 20:44:47 2024 UTC] new advisory (013) for al052024 detected
[Wed Aug 14 20:44:47 2024 UTC] new best track for al052024 detected
[Wed Aug 14 20:44:47 2024 UTC] new RSS (index.xml) detected
[Wed Aug 14 23:53:09 2024 UTC] new advisory (013A) for al052024 detected
[Wed Aug 14 23:53:09 2024 UTC] new best track for al052024 detected
[Wed Aug 14 23:53:09 2024 UTC] new RSS (index.xml) detected
[Thu Aug 15 02:43:14 2024 UTC] new advisory (014) for al052024 detected
[Thu Aug 15 02:43:14 2024 UTC] new best track for al052024 detected
[Thu Aug 15 02:43:14 2024 UTC] new RSS (index.xml) detected
[Thu Aug 15 05:48:37 2024 UTC] new advisory (014A) for al052024 detected
[Thu Aug 15 05:48:38 2024 UTC] new best track for al052024 detected
[Thu Aug 15 05:48:38 2024 UTC] new RSS (index.xml) detected
[Thu Aug 15 08:57:04 2024 UTC] new advisory (015) for al052024 detected
[Thu Aug 15 08:57:05 2024 UTC] new best track for al052024 detected
[Thu Aug 15 08:57:05 2024 UTC] new RSS (index.xml) detected
[Thu Aug 15 11:51:10 2024 UTC] new advisory (015A) for al052024 detected
[Thu Aug 15 11:51:10 2024 UTC] new best track for al052024 detected
[Thu Aug 15 11:51:10 2024 UTC] new RSS (index.xml) detected
[Thu Aug 15 14:56:29 2024 UTC] new advisory (016) for al052024 detected
[Thu Aug 15 14:56:29 2024 UTC] new best track for al052024 detected
[Thu Aug 15 14:56:29 2024 UTC] new RSS (index.xml) detected
[Thu Aug 15 17:46:39 2024 UTC] new advisory (016A) for al052024 detected
[Thu Aug 15 17:46:39 2024 UTC] new best track for al052024 detected
[Thu Aug 15 17:46:39 2024 UTC] new RSS (index.xml) detected
[Thu Aug 15 20:46:56 2024 UTC] new advisory (017) for al052024 detected
[Thu Aug 15 20:46:56 2024 UTC] new best track for al052024 detected
[Thu Aug 15 20:46:56 2024 UTC] new RSS (index.xml) detected
[Thu Aug 15 23:33:57 2024 UTC] new advisory (017A) for al052024 detected
[Thu Aug 15 23:33:57 2024 UTC] new best track for al052024 detected
[Thu Aug 15 23:33:57 2024 UTC] new RSS (index.xml) detected
[Fri Aug 16 02:35:18 2024 UTC] new advisory (018) for al052024 detected
[Fri Aug 16 02:35:18 2024 UTC] new best track for al052024 detected
[Fri Aug 16 02:35:18 2024 UTC] new RSS (index.xml) detected
[Fri Aug 16 05:42:42 2024 UTC] new advisory (018A) for al052024 detected
[Fri Aug 16 05:42:42 2024 UTC] new best track for al052024 detected
[Fri Aug 16 05:42:42 2024 UTC] new RSS (index.xml) detected
[Fri Aug 16 08:45:03 2024 UTC] new advisory (019) for al052024 detected
[Fri Aug 16 08:45:04 2024 UTC] new best track for al052024 detected
[Fri Aug 16 08:45:04 2024 UTC] new RSS (index.xml) detected
[Fri Aug 16 11:56:30 2024 UTC] new advisory (019A) for al052024 detected
[Fri Aug 16 11:56:31 2024 UTC] new best track for al052024 detected
[Fri Aug 16 11:56:31 2024 UTC] new RSS (index.xml) detected
[Fri Aug 16 14:43:35 2024 UTC] new advisory (020) for al052024 detected
[Fri Aug 16 14:43:36 2024 UTC] new best track for al052024 detected
[Fri Aug 16 14:43:36 2024 UTC] new RSS (index.xml) detected
[Fri Aug 16 17:47:02 2024 UTC] new advisory (020A) for al052024 detected
[Fri Aug 16 17:47:03 2024 UTC] new best track for al052024 detected
[Fri Aug 16 17:47:03 2024 UTC] new RSS (index.xml) detected
[Fri Aug 16 20:45:25 2024 UTC] new advisory (021) for al052024 detected
[Fri Aug 16 20:45:25 2024 UTC] new best track for al052024 detected
[Fri Aug 16 20:45:25 2024 UTC] new RSS (index.xml) detected
[Fri Aug 16 23:48:48 2024 UTC] new advisory (021A) for al052024 detected
[Fri Aug 16 23:48:48 2024 UTC] new best track for al052024 detected
[Fri Aug 16 23:48:48 2024 UTC] new RSS (index.xml) detected
[Sat Aug 17 02:32:50 2024 UTC] new advisory (022) for al052024 detected
[Sat Aug 17 02:32:51 2024 UTC] new best track for al052024 detected
[Sat Aug 17 02:32:51 2024 UTC] new RSS (index.xml) detected
[Sat Aug 17 05:56:39 2024 UTC] new advisory (022A) for al052024 detected
[Sat Aug 17 05:56:40 2024 UTC] new best track for al052024 detected
[Sat Aug 17 05:56:40 2024 UTC] new RSS (index.xml) detected
[Sat Aug 17 08:56:29 2024 UTC] new advisory (023) for al052024 detected
[Sat Aug 17 08:56:29 2024 UTC] new best track for al052024 detected
[Sat Aug 17 08:56:29 2024 UTC] new RSS (index.xml) detected
[Sat Aug 17 11:59:17 2024 UTC] new advisory (023A) for al052024 detected
[Sat Aug 17 11:59:18 2024 UTC] new best track for al052024 detected
[Sat Aug 17 11:59:18 2024 UTC] new RSS (index.xml) detected
[Sat Aug 17 14:54:39 2024 UTC] new advisory (024) for al052024 detected
[Sat Aug 17 14:54:39 2024 UTC] new best track for al052024 detected
[Sat Aug 17 14:54:39 2024 UTC] new RSS (index.xml) detected
[Sat Aug 17 17:49:12 2024 UTC] new advisory (024A) for al052024 detected
[Sat Aug 17 17:49:13 2024 UTC] new best track for al052024 detected
[Sat Aug 17 17:49:13 2024 UTC] new RSS (index.xml) detected
[Sat Aug 17 20:32:31 2024 UTC] new advisory (025) for al052024 detected
[Sat Aug 17 20:32:31 2024 UTC] new best track for al052024 detected
[Sat Aug 17 20:32:31 2024 UTC] new RSS (index.xml) detected
[Sat Aug 17 23:38:48 2024 UTC] new advisory (025A) for al052024 detected
[Sat Aug 17 23:38:49 2024 UTC] new best track for al052024 detected
[Sat Aug 17 23:38:49 2024 UTC] new RSS (index.xml) detected
[Sun Aug 18 02:39:15 2024 UTC] new advisory (026) for al052024 detected
[Sun Aug 18 02:39:15 2024 UTC] new best track for al052024 detected
[Sun Aug 18 02:39:15 2024 UTC] new RSS (index.xml) detected
[Sun Aug 18 05:48:50 2024 UTC] new advisory (026A) for al052024 detected
[Sun Aug 18 05:48:50 2024 UTC] new best track for al052024 detected
[Sun Aug 18 05:48:50 2024 UTC] new RSS (index.xml) detected
[Sun Aug 18 08:44:23 2024 UTC] new advisory (027) for al052024 detected
[Sun Aug 18 08:44:23 2024 UTC] new best track for al052024 detected
[Sun Aug 18 08:44:23 2024 UTC] new RSS (index.xml) detected
[Sun Aug 18 14:46:33 2024 UTC] new advisory (028) for al052024 detected
[Sun Aug 18 14:46:33 2024 UTC] new best track for al052024 detected
[Sun Aug 18 14:46:33 2024 UTC] new RSS (index.xml) detected
[Sun Aug 18 20:42:57 2024 UTC] new advisory (029) for al052024 detected
[Sun Aug 18 20:42:57 2024 UTC] new best track for al052024 detected
[Sun Aug 18 20:42:57 2024 UTC] new RSS (index.xml) detected
[Mon Aug 19 02:34:52 2024 UTC] new advisory (030) for al052024 detected
[Mon Aug 19 02:34:52 2024 UTC] new best track for al052024 detected
[Mon Aug 19 02:34:52 2024 UTC] new RSS (index.xml) detected
[Mon Aug 19 08:45:07 2024 UTC] new advisory (031) for al052024 detected
[Mon Aug 19 08:45:07 2024 UTC] new best track for al052024 detected
[Mon Aug 19 08:45:07 2024 UTC] new RSS (index.xml) detected
[Mon Aug 19 14:49:18 2024 UTC] new advisory (032) for al052024 detected
[Mon Aug 19 14:49:18 2024 UTC] new best track for al052024 detected
[Mon Aug 19 14:49:18 2024 UTC] new RSS (index.xml) detected
