[Mon Aug  4 02:50:24 2025 UTC] new advisory (001) for al042025 detected
[Mon Aug  4 03:00:35 2025 UTC] new best track for al042025 detected
[Mon Aug  4 03:00:35 2025 UTC] new RSS (index.xml) detected
[Mon Aug  4 08:51:01 2025 UTC] new advisory (002) for al042025 detected
[Mon Aug  4 08:51:01 2025 UTC] new best track for al042025 detected
[Mon Aug  4 08:51:01 2025 UTC] new RSS (index.xml) detected
[Mon Aug  4 14:51:22 2025 UTC] new advisory (003) for al042025 detected
[Mon Aug  4 14:51:22 2025 UTC] new best track for al042025 detected
[Mon Aug  4 14:51:22 2025 UTC] new RSS (index.xml) detected
[Mon Aug  4 20:50:49 2025 UTC] new advisory (004) for al042025 detected
[Mon Aug  4 20:50:50 2025 UTC] new best track for al042025 detected
[Mon Aug  4 20:50:50 2025 UTC] new RSS (index.xml) detected
[Tue Aug  5 02:51:07 2025 UTC] new advisory (005) for al042025 detected
[Tue Aug  5 02:51:08 2025 UTC] new best track for al042025 detected
[Tue Aug  5 02:51:08 2025 UTC] new RSS (index.xml) detected
[Tue Aug  5 09:06:26 2025 UTC] new advisory (006) for al042025 detected
[Tue Aug  5 09:06:26 2025 UTC] new best track for al042025 detected
[Tue Aug  5 09:06:26 2025 UTC] new RSS (index.xml) detected
[Tue Aug  5 15:20:45 2025 UTC] new advisory (007) for al042025 detected
[Tue Aug  5 15:20:45 2025 UTC] new best track for al042025 detected
[Tue Aug  5 15:20:45 2025 UTC] new RSS (index.xml) detected
[Tue Aug  5 21:06:36 2025 UTC] new advisory (008) for al042025 detected
[Tue Aug  5 21:06:37 2025 UTC] new best track for al042025 detected
[Tue Aug  5 21:06:37 2025 UTC] new RSS (index.xml) detected
[Wed Aug  6 02:51:29 2025 UTC] new advisory (009) for al042025 detected
[Wed Aug  6 02:51:30 2025 UTC] new best track for al042025 detected
[Wed Aug  6 02:51:30 2025 UTC] new RSS (index.xml) detected
[Wed Aug  6 09:21:11 2025 UTC] new advisory (010) for al042025 detected
[Wed Aug  6 09:21:11 2025 UTC] new best track for al042025 detected
[Wed Aug  6 09:21:11 2025 UTC] new RSS (index.xml) detected
[Wed Aug  6 14:50:44 2025 UTC] new advisory (011) for al042025 detected
[Wed Aug  6 14:50:44 2025 UTC] new best track for al042025 detected
[Wed Aug  6 14:50:44 2025 UTC] new RSS (index.xml) detected
[Wed Aug  6 20:50:17 2025 UTC] new advisory (012) for al042025 detected
[Wed Aug  6 20:50:17 2025 UTC] new best track for al042025 detected
[Wed Aug  6 20:50:17 2025 UTC] new RSS (index.xml) detected
[Thu Aug  7 02:51:08 2025 UTC] new advisory (013) for al042025 detected
[Thu Aug  7 02:51:08 2025 UTC] new best track for al042025 detected
[Thu Aug  7 02:51:08 2025 UTC] new RSS (index.xml) detected
