[Wed Sep  8 21:02:19 2021 UTC] new advisory (001) for al132021 detected
[Wed Sep  8 21:02:19 2021 UTC] new best track for al132021 detected
[Wed Sep  8 21:02:19 2021 UTC] new RSS (index.xml) detected
[Wed Sep  8 23:47:05 2021 UTC] new advisory (001A) for al132021 detected
[Wed Sep  8 23:47:05 2021 UTC] new best track for al132021 detected
[Wed Sep  8 23:47:05 2021 UTC] new RSS (index.xml) detected
[Thu Sep  9 02:52:04 2021 UTC] new advisory (002) for al132021 detected
[Thu Sep  9 02:52:04 2021 UTC] new best track for al132021 detected
[Thu Sep  9 02:52:04 2021 UTC] new RSS (index.xml) detected
[Thu Sep  9 06:02:43 2021 UTC] new advisory (002A) for al132021 detected
[Thu Sep  9 06:02:43 2021 UTC] new best track for al132021 detected
[Thu Sep  9 06:02:43 2021 UTC] new RSS (index.xml) detected
[Thu Sep  9 08:49:36 2021 UTC] new advisory (003) for al132021 detected
[Thu Sep  9 08:49:36 2021 UTC] new best track for al132021 detected
[Thu Sep  9 08:49:36 2021 UTC] new RSS (index.xml) detected
[Thu Sep  9 14:57:50 2021 UTC] new advisory (004) for al132021 detected
[Thu Sep  9 14:57:50 2021 UTC] new best track for al132021 detected
[Thu Sep  9 14:57:50 2021 UTC] new RSS (index.xml) detected
[Thu Sep  9 20:42:40 2021 UTC] new advisory (005) for al132021 detected
[Thu Sep  9 20:42:41 2021 UTC] new best track for al132021 detected
[Thu Sep  9 20:42:41 2021 UTC] new RSS (index.xml) detected
[Fri Sep 10 02:53:57 2021 UTC] new advisory (006) for al132021 detected
[Fri Sep 10 02:53:57 2021 UTC] new best track for al132021 detected
[Fri Sep 10 02:53:57 2021 UTC] new RSS (index.xml) detected
