[Wed Oct 18 20:45:47 2023 UTC] new advisory (001) for al202023 detected
[Wed Oct 18 21:01:25 2023 UTC] new best track for al202023 detected
[Wed Oct 18 21:01:25 2023 UTC] new RSS (index.xml) detected
[Wed Oct 18 23:45:21 2023 UTC] new advisory (001A) for al202023 detected
[Wed Oct 18 23:45:22 2023 UTC] new best track for al202023 detected
[Wed Oct 18 23:45:22 2023 UTC] new RSS (index.xml) detected
[Thu Oct 19 02:51:10 2023 UTC] new advisory (002) for al202023 detected
[Thu Oct 19 02:51:10 2023 UTC] new best track for al202023 detected
[Thu Oct 19 02:51:10 2023 UTC] new RSS (index.xml) detected
[Thu Oct 19 05:38:08 2023 UTC] new advisory (002A) for al202023 detected
[Thu Oct 19 05:38:09 2023 UTC] new best track for al202023 detected
[Thu Oct 19 05:38:09 2023 UTC] new RSS (index.xml) detected
[Thu Oct 19 08:54:57 2023 UTC] new advisory (003) for al202023 detected
[Thu Oct 19 08:54:58 2023 UTC] new best track for al202023 detected
[Thu Oct 19 08:54:58 2023 UTC] new RSS (index.xml) detected
[Thu Oct 19 12:02:46 2023 UTC] new advisory (004) for al202023 detected
[Thu Oct 19 12:02:46 2023 UTC] new best track for al202023 detected
[Thu Oct 19 12:02:47 2023 UTC] new RSS (index.xml) detected
[Thu Oct 19 14:53:30 2023 UTC] new advisory (005) for al202023 detected
[Thu Oct 19 14:53:31 2023 UTC] new best track for al202023 detected
[Thu Oct 19 14:53:31 2023 UTC] new RSS (index.xml) detected
[Thu Oct 19 17:58:51 2023 UTC] new advisory (005A) for al202023 detected
[Thu Oct 19 17:58:51 2023 UTC] new best track for al202023 detected
[Thu Oct 19 17:58:51 2023 UTC] new RSS (index.xml) detected
[Thu Oct 19 20:57:46 2023 UTC] new advisory (006) for al202023 detected
[Thu Oct 19 20:57:46 2023 UTC] new best track for al202023 detected
[Thu Oct 19 20:57:46 2023 UTC] new RSS (index.xml) detected
[Fri Oct 20 00:00:55 2023 UTC] new advisory (006A) for al202023 detected
[Fri Oct 20 00:00:55 2023 UTC] new best track for al202023 detected
[Fri Oct 20 00:00:55 2023 UTC] new RSS (index.xml) detected
[Fri Oct 20 02:44:32 2023 UTC] new advisory (007) for al202023 detected
[Fri Oct 20 02:44:32 2023 UTC] new best track for al202023 detected
[Fri Oct 20 02:44:32 2023 UTC] new RSS (index.xml) detected
[Fri Oct 20 05:58:26 2023 UTC] new advisory (007A) for al202023 detected
[Fri Oct 20 05:58:26 2023 UTC] new best track for al202023 detected
[Fri Oct 20 05:58:26 2023 UTC] new RSS (index.xml) detected
[Fri Oct 20 08:58:21 2023 UTC] new advisory (008) for al202023 detected
[Fri Oct 20 08:58:21 2023 UTC] new best track for al202023 detected
[Fri Oct 20 08:58:21 2023 UTC] new RSS (index.xml) detected
[Fri Oct 20 11:59:54 2023 UTC] new advisory (008A) for al202023 detected
[Fri Oct 20 11:59:55 2023 UTC] new best track for al202023 detected
[Fri Oct 20 11:59:55 2023 UTC] new RSS (index.xml) detected
[Fri Oct 20 14:59:58 2023 UTC] new advisory (009) for al202023 detected
[Fri Oct 20 14:59:58 2023 UTC] new best track for al202023 detected
[Fri Oct 20 15:00:09 2023 UTC] new RSS (index.xml) detected
[Fri Oct 20 17:54:24 2023 UTC] new advisory (009A) for al202023 detected
[Fri Oct 20 17:54:24 2023 UTC] new best track for al202023 detected
[Fri Oct 20 17:54:24 2023 UTC] new RSS (index.xml) detected
[Fri Oct 20 20:51:42 2023 UTC] new advisory (010) for al202023 detected
[Fri Oct 20 20:51:42 2023 UTC] new best track for al202023 detected
[Fri Oct 20 20:51:42 2023 UTC] new RSS (index.xml) detected
[Fri Oct 20 23:55:14 2023 UTC] new advisory (010A) for al202023 detected
[Fri Oct 20 23:55:14 2023 UTC] new best track for al202023 detected
[Fri Oct 20 23:55:14 2023 UTC] new RSS (index.xml) detected
[Sat Oct 21 02:58:34 2023 UTC] new advisory (011) for al202023 detected
[Sat Oct 21 02:58:34 2023 UTC] new best track for al202023 detected
[Sat Oct 21 02:58:34 2023 UTC] new RSS (index.xml) detected
[Sat Oct 21 05:51:50 2023 UTC] new advisory (011A) for al202023 detected
[Sat Oct 21 05:51:50 2023 UTC] new best track for al202023 detected
[Sat Oct 21 05:51:50 2023 UTC] new RSS (index.xml) detected
[Sat Oct 21 08:42:52 2023 UTC] new advisory (012) for al202023 detected
[Sat Oct 21 08:42:52 2023 UTC] new best track for al202023 detected
[Sat Oct 21 08:42:52 2023 UTC] new RSS (index.xml) detected
[Sat Oct 21 11:53:05 2023 UTC] new advisory (012A) for al202023 detected
[Sat Oct 21 11:53:06 2023 UTC] new best track for al202023 detected
[Sat Oct 21 11:53:06 2023 UTC] new RSS (index.xml) detected
[Sat Oct 21 14:52:21 2023 UTC] new advisory (013) for al202023 detected
[Sat Oct 21 14:52:22 2023 UTC] new best track for al202023 detected
[Sat Oct 21 14:52:22 2023 UTC] new RSS (index.xml) detected
[Sat Oct 21 17:52:35 2023 UTC] new advisory (013A) for al202023 detected
[Sat Oct 21 17:52:35 2023 UTC] new best track for al202023 detected
[Sat Oct 21 17:52:35 2023 UTC] new RSS (index.xml) detected
[Sat Oct 21 20:47:40 2023 UTC] new advisory (014) for al202023 detected
[Sat Oct 21 20:47:40 2023 UTC] new best track for al202023 detected
[Sat Oct 21 20:47:40 2023 UTC] new RSS (index.xml) detected
[Sun Oct 22 00:01:31 2023 UTC] new advisory (014A) for al202023 detected
[Sun Oct 22 00:01:31 2023 UTC] new best track for al202023 detected
[Sun Oct 22 00:01:31 2023 UTC] new RSS (index.xml) detected
[Sun Oct 22 02:59:15 2023 UTC] new advisory (015) for al202023 detected
[Sun Oct 22 02:59:16 2023 UTC] new best track for al202023 detected
[Sun Oct 22 02:59:16 2023 UTC] new RSS (index.xml) detected
[Sun Oct 22 05:59:22 2023 UTC] new advisory (015A) for al202023 detected
[Sun Oct 22 05:59:22 2023 UTC] new best track for al202023 detected
[Sun Oct 22 05:59:22 2023 UTC] new RSS (index.xml) detected
[Sun Oct 22 08:52:54 2023 UTC] new advisory (016) for al202023 detected
[Sun Oct 22 08:52:55 2023 UTC] new best track for al202023 detected
[Sun Oct 22 08:52:55 2023 UTC] new RSS (index.xml) detected
[Sun Oct 22 11:47:01 2023 UTC] new advisory (016A) for al202023 detected
[Sun Oct 22 11:47:01 2023 UTC] new best track for al202023 detected
[Sun Oct 22 11:47:01 2023 UTC] new RSS (index.xml) detected
[Sun Oct 22 14:38:29 2023 UTC] new advisory (017) for al202023 detected
[Sun Oct 22 14:38:30 2023 UTC] new best track for al202023 detected
[Sun Oct 22 14:38:31 2023 UTC] new RSS (index.xml) detected
[Sun Oct 22 20:38:32 2023 UTC] new advisory (018) for al202023 detected
[Sun Oct 22 20:38:32 2023 UTC] new best track for al202023 detected
[Sun Oct 22 20:38:33 2023 UTC] new RSS (index.xml) detected
[Mon Oct 23 02:36:50 2023 UTC] new advisory (019) for al202023 detected
[Mon Oct 23 02:36:51 2023 UTC] new best track for al202023 detected
[Mon Oct 23 02:36:51 2023 UTC] new RSS (index.xml) detected
[Mon Oct 23 08:48:14 2023 UTC] new advisory (020) for al202023 detected
[Mon Oct 23 08:48:14 2023 UTC] new best track for al202023 detected
[Mon Oct 23 08:48:14 2023 UTC] new RSS (index.xml) detected
[Mon Oct 23 14:46:57 2023 UTC] new advisory (021) for al202023 detected
[Mon Oct 23 14:46:58 2023 UTC] new best track for al202023 detected
[Mon Oct 23 14:46:58 2023 UTC] new RSS (index.xml) detected
